[0.091s] Invoking command in '/home/johan/sllidar_ws/build/sllidar_ros2': CMAKE_PREFIX_PATH=${CMAKE_PREFIX_PATH}:/opt/ros/foxy /usr/bin/cmake --build /home/johan/sllidar_ws/build/sllidar_ros2 -- -j16 -l16
[0.131s] [ 10%] Built target sllidar_client
[0.135s] [100%] Built target sllidar_node
[0.143s] Invoked command in '/home/johan/sllidar_ws/build/sllidar_ros2' returned '0': CMAKE_PREFIX_PATH=${CMAKE_PREFIX_PATH}:/opt/ros/foxy /usr/bin/cmake --build /home/johan/sllidar_ws/build/sllidar_ros2 -- -j16 -l16
[0.178s] Invoking command in '/home/johan/sllidar_ws/build/sllidar_ros2': CMAKE_PREFIX_PATH=${CMAKE_PREFIX_PATH}:/opt/ros/foxy /usr/bin/cmake --install /home/johan/sllidar_ws/build/sllidar_ros2
[0.184s] -- Install configuration: ""
[0.184s] -- Up-to-date: /home/johan/sllidar_ws/install/sllidar_ros2/share/sllidar_ros2/launch
[0.185s] -- Up-to-date: /home/johan/sllidar_ws/install/sllidar_ros2/share/sllidar_ros2/launch/sllidar_s2_launch.py
[0.185s] -- Up-to-date: /home/johan/sllidar_ws/install/sllidar_ros2/share/sllidar_ros2/launch/view_sllidar_s2_launch.py
[0.186s] -- Up-to-date: /home/johan/sllidar_ws/install/sllidar_ros2/share/sllidar_ros2/rviz
[0.186s] -- Up-to-date: /home/johan/sllidar_ws/install/sllidar_ros2/share/sllidar_ros2/rviz/sllidar_ros2.rviz
[0.187s] -- Up-to-date: /home/johan/sllidar_ws/install/sllidar_ros2/lib/sllidar_ros2/sllidar_node
[0.187s] -- Up-to-date: /home/johan/sllidar_ws/install/sllidar_ros2/lib/sllidar_ros2/sllidar_client
[0.188s] -- Up-to-date: /home/johan/sllidar_ws/install/sllidar_ros2/share/ament_index/resource_index/package_run_dependencies/sllidar_ros2
[0.188s] -- Up-to-date: /home/johan/sllidar_ws/install/sllidar_ros2/share/ament_index/resource_index/parent_prefix_path/sllidar_ros2
[0.188s] -- Up-to-date: /home/johan/sllidar_ws/install/sllidar_ros2/share/sllidar_ros2/environment/ament_prefix_path.sh
[0.189s] -- Up-to-date: /home/johan/sllidar_ws/install/sllidar_ros2/share/sllidar_ros2/environment/ament_prefix_path.dsv
[0.189s] -- Up-to-date: /home/johan/sllidar_ws/install/sllidar_ros2/share/sllidar_ros2/environment/path.sh
[0.189s] -- Up-to-date: /home/johan/sllidar_ws/install/sllidar_ros2/share/sllidar_ros2/environment/path.dsv
[0.190s] -- Up-to-date: /home/johan/sllidar_ws/install/sllidar_ros2/share/sllidar_ros2/local_setup.bash
[0.190s] -- Up-to-date: /home/johan/sllidar_ws/install/sllidar_ros2/share/sllidar_ros2/local_setup.sh
[0.191s] -- Up-to-date: /home/johan/sllidar_ws/install/sllidar_ros2/share/sllidar_ros2/local_setup.zsh
[0.191s] -- Up-to-date: /home/johan/sllidar_ws/install/sllidar_ros2/share/sllidar_ros2/local_setup.dsv
[0.191s] -- Installing: /home/johan/sllidar_ws/install/sllidar_ros2/share/sllidar_ros2/package.dsv
[0.192s] -- Up-to-date: /home/johan/sllidar_ws/install/sllidar_ros2/share/ament_index/resource_index/packages/sllidar_ros2
[0.192s] -- Up-to-date: /home/johan/sllidar_ws/install/sllidar_ros2/share/sllidar_ros2/cmake/ament_cmake_export_dependencies-extras.cmake
[0.192s] -- Up-to-date: /home/johan/sllidar_ws/install/sllidar_ros2/share/sllidar_ros2/cmake/ament_cmake_export_include_directories-extras.cmake
[0.192s] -- Up-to-date: /home/johan/sllidar_ws/install/sllidar_ros2/share/sllidar_ros2/cmake/sllidar_ros2Config.cmake
[0.193s] -- Up-to-date: /home/johan/sllidar_ws/install/sllidar_ros2/share/sllidar_ros2/cmake/sllidar_ros2Config-version.cmake
[0.193s] -- Up-to-date: /home/johan/sllidar_ws/install/sllidar_ros2/share/sllidar_ros2/package.xml
[0.253s] Invoked command in '/home/johan/sllidar_ws/build/sllidar_ros2' returned '0': CMAKE_PREFIX_PATH=${CMAKE_PREFIX_PATH}:/opt/ros/foxy /usr/bin/cmake --install /home/johan/sllidar_ws/build/sllidar_ros2
