[0.726s] Invoking command in '/home/johan/sllidar_ws/src/robot_template': PYTHONPATH=/home/johan/sllidar_ws/build/robot_template/prefix_override:/home/johan/sllidar_ws/install/robot_template/lib/python3.8/site-packages:${PYTHONPATH} /usr/bin/python3 setup.py egg_info --egg-base ../../build/robot_template build --build-base /home/johan/sllidar_ws/build/robot_template/build install --record /home/johan/sllidar_ws/build/robot_template/install.log --install-scripts $base/lib/robot_template --single-version-externally-managed
[0.914s] running egg_info
[0.914s] writing ../../build/robot_template/robot_template.egg-info/PKG-INFO
[0.914s] writing dependency_links to ../../build/robot_template/robot_template.egg-info/dependency_links.txt
[0.914s] writing entry points to ../../build/robot_template/robot_template.egg-info/entry_points.txt
[0.914s] writing requirements to ../../build/robot_template/robot_template.egg-info/requires.txt
[0.914s] writing top-level names to ../../build/robot_template/robot_template.egg-info/top_level.txt
[0.915s] reading manifest file '../../build/robot_template/robot_template.egg-info/SOURCES.txt'
[0.915s] writing manifest file '../../build/robot_template/robot_template.egg-info/SOURCES.txt'
[0.916s] running build
[0.917s] running build_py
[0.917s] running install
[0.917s] running install_lib
[0.917s] running install_data
[0.917s] running install_egg_info
[0.917s] removing '/home/johan/sllidar_ws/install/robot_template/lib/python3.8/site-packages/robot_template-0.0.0-py3.8.egg-info' (and everything under it)
[0.917s] Copying ../../build/robot_template/robot_template.egg-info to /home/johan/sllidar_ws/install/robot_template/lib/python3.8/site-packages/robot_template-0.0.0-py3.8.egg-info
[0.917s] running install_scripts
[0.917s] writing list of installed files to '/home/johan/sllidar_ws/build/robot_template/install.log'
[1.082s] Invoked command in '/home/johan/sllidar_ws/src/robot_template' returned '0': PYTHONPATH=/home/johan/sllidar_ws/build/robot_template/prefix_override:/home/johan/sllidar_ws/install/robot_template/lib/python3.8/site-packages:${PYTHONPATH} /usr/bin/python3 setup.py egg_info --egg-base ../../build/robot_template build --build-base /home/johan/sllidar_ws/build/robot_template/build install --record /home/johan/sllidar_ws/build/robot_template/install.log --install-scripts $base/lib/robot_template --single-version-externally-managed
