[1.164s] DEBUG:colcon:Command line arguments: ['/usr/bin/colcon', 'build']
[1.164s] DEBUG:colcon:Parsed command line arguments: Namespace(allow_overriding=[], ament_cmake_args=None, base_paths=['.'], build_base='build', catkin_cmake_args=None, catkin_skip_building_tests=False, cmake_args=None, cmake_clean_cache=False, cmake_clean_first=False, cmake_force_configure=False, cmake_target=None, cmake_target_skip_unavailable=False, continue_on_error=False, event_handlers=None, executor='parallel', ignore_user_meta=False, install_base='install', log_base=None, log_level=None, main=<bound method BuildVerb.main of <colcon_core.verb.build.BuildVerb object at 0x7f4125a86e80>>, merge_install=False, metas=['./colcon.meta'], packages_above=None, packages_above_and_dependencies=None, packages_above_depth=None, packages_end=None, packages_ignore=None, packages_ignore_regex=None, packages_select=None, packages_select_build_failed=False, packages_select_by_dep=None, packages_select_regex=None, packages_select_test_failures=False, packages_skip=None, packages_skip_build_finished=False, packages_skip_by_dep=None, packages_skip_regex=None, packages_skip_test_passed=False, packages_skip_up_to=None, packages_start=None, packages_up_to=None, packages_up_to_regex=None, parallel_workers=16, paths=None, symlink_install=False, test_result_base=None, verb_extension=<colcon_core.verb.build.BuildVerb object at 0x7f4125a86e80>, verb_name='build', verb_parser=<colcon_defaults.argument_parser.defaults.DefaultArgumentsDecorator object at 0x7f4125a860d0>)
[1.216s] Level 1:colcon.colcon_core.package_discovery:discover_packages(colcon_meta) check parameters
[1.216s] Level 1:colcon.colcon_core.package_discovery:discover_packages(recursive) check parameters
[1.216s] Level 1:colcon.colcon_core.package_discovery:discover_packages(ignore) check parameters
[1.216s] Level 1:colcon.colcon_core.package_discovery:discover_packages(path) check parameters
[1.216s] Level 1:colcon.colcon_core.package_discovery:discover_packages(colcon_meta) discover
[1.217s] Level 1:colcon.colcon_core.package_discovery:discover_packages(recursive) discover
[1.217s] INFO:colcon.colcon_core.package_discovery:Crawling recursively for packages in '/home/johan/sllidar_ws'
[1.217s] Level 1:colcon.colcon_core.package_identification:_identify(.) by extensions ['ignore', 'ignore_ament_install']
[1.217s] Level 1:colcon.colcon_core.package_identification:_identify(.) by extension 'ignore'
[1.217s] Level 1:colcon.colcon_core.package_identification:_identify(.) by extension 'ignore_ament_install'
[1.217s] Level 1:colcon.colcon_core.package_identification:_identify(.) by extensions ['colcon_pkg']
[1.217s] Level 1:colcon.colcon_core.package_identification:_identify(.) by extension 'colcon_pkg'
[1.217s] Level 1:colcon.colcon_core.package_identification:_identify(.) by extensions ['colcon_meta']
[1.217s] Level 1:colcon.colcon_core.package_identification:_identify(.) by extension 'colcon_meta'
[1.217s] Level 1:colcon.colcon_core.package_identification:_identify(.) by extensions ['ros']
[1.217s] Level 1:colcon.colcon_core.package_identification:_identify(.) by extension 'ros'
[1.224s] Level 1:colcon.colcon_core.package_identification:_identify(.) by extensions ['cmake', 'python']
[1.224s] Level 1:colcon.colcon_core.package_identification:_identify(.) by extension 'cmake'
[1.224s] Level 1:colcon.colcon_core.package_identification:_identify(.) by extension 'python'
[1.224s] Level 1:colcon.colcon_core.package_identification:_identify(.) by extensions ['python_setup_py']
[1.224s] Level 1:colcon.colcon_core.package_identification:_identify(.) by extension 'python_setup_py'
[1.224s] Level 1:colcon.colcon_core.package_identification:_identify(build) by extensions ['ignore', 'ignore_ament_install']
[1.224s] Level 1:colcon.colcon_core.package_identification:_identify(build) by extension 'ignore'
[1.224s] Level 1:colcon.colcon_core.package_identification:_identify(build) ignored
[1.224s] Level 1:colcon.colcon_core.package_identification:_identify(install) by extensions ['ignore', 'ignore_ament_install']
[1.224s] Level 1:colcon.colcon_core.package_identification:_identify(install) by extension 'ignore'
[1.224s] Level 1:colcon.colcon_core.package_identification:_identify(install) ignored
[1.224s] Level 1:colcon.colcon_core.package_identification:_identify(log) by extensions ['ignore', 'ignore_ament_install']
[1.224s] Level 1:colcon.colcon_core.package_identification:_identify(log) by extension 'ignore'
[1.224s] Level 1:colcon.colcon_core.package_identification:_identify(log) ignored
[1.225s] Level 1:colcon.colcon_core.package_identification:_identify(src) by extensions ['ignore', 'ignore_ament_install']
[1.225s] Level 1:colcon.colcon_core.package_identification:_identify(src) by extension 'ignore'
[1.225s] Level 1:colcon.colcon_core.package_identification:_identify(src) by extension 'ignore_ament_install'
[1.225s] Level 1:colcon.colcon_core.package_identification:_identify(src) by extensions ['colcon_pkg']
[1.225s] Level 1:colcon.colcon_core.package_identification:_identify(src) by extension 'colcon_pkg'
[1.225s] Level 1:colcon.colcon_core.package_identification:_identify(src) by extensions ['colcon_meta']
[1.225s] Level 1:colcon.colcon_core.package_identification:_identify(src) by extension 'colcon_meta'
[1.225s] Level 1:colcon.colcon_core.package_identification:_identify(src) by extensions ['ros']
[1.225s] Level 1:colcon.colcon_core.package_identification:_identify(src) by extension 'ros'
[1.225s] Level 1:colcon.colcon_core.package_identification:_identify(src) by extensions ['cmake', 'python']
[1.225s] Level 1:colcon.colcon_core.package_identification:_identify(src) by extension 'cmake'
[1.225s] Level 1:colcon.colcon_core.package_identification:_identify(src) by extension 'python'
[1.225s] Level 1:colcon.colcon_core.package_identification:_identify(src) by extensions ['python_setup_py']
[1.225s] Level 1:colcon.colcon_core.package_identification:_identify(src) by extension 'python_setup_py'
[1.225s] Level 1:colcon.colcon_core.package_identification:_identify(src/fdilink_ahrs_ROS2) by extensions ['ignore', 'ignore_ament_install']
[1.225s] Level 1:colcon.colcon_core.package_identification:_identify(src/fdilink_ahrs_ROS2) by extension 'ignore'
[1.225s] Level 1:colcon.colcon_core.package_identification:_identify(src/fdilink_ahrs_ROS2) by extension 'ignore_ament_install'
[1.225s] Level 1:colcon.colcon_core.package_identification:_identify(src/fdilink_ahrs_ROS2) by extensions ['colcon_pkg']
[1.225s] Level 1:colcon.colcon_core.package_identification:_identify(src/fdilink_ahrs_ROS2) by extension 'colcon_pkg'
[1.225s] Level 1:colcon.colcon_core.package_identification:_identify(src/fdilink_ahrs_ROS2) by extensions ['colcon_meta']
[1.225s] Level 1:colcon.colcon_core.package_identification:_identify(src/fdilink_ahrs_ROS2) by extension 'colcon_meta'
[1.225s] Level 1:colcon.colcon_core.package_identification:_identify(src/fdilink_ahrs_ROS2) by extensions ['ros']
[1.225s] Level 1:colcon.colcon_core.package_identification:_identify(src/fdilink_ahrs_ROS2) by extension 'ros'
[1.227s] DEBUG:colcon.colcon_core.package_identification:Package 'src/fdilink_ahrs_ROS2' with type 'ros.ament_cmake' and name 'fdilink_ahrs'
[1.227s] Level 1:colcon.colcon_core.package_identification:_identify(src/nav2) by extensions ['ignore', 'ignore_ament_install']
[1.227s] Level 1:colcon.colcon_core.package_identification:_identify(src/nav2) by extension 'ignore'
[1.227s] Level 1:colcon.colcon_core.package_identification:_identify(src/nav2) by extension 'ignore_ament_install'
[1.227s] Level 1:colcon.colcon_core.package_identification:_identify(src/nav2) by extensions ['colcon_pkg']
[1.227s] Level 1:colcon.colcon_core.package_identification:_identify(src/nav2) by extension 'colcon_pkg'
[1.227s] Level 1:colcon.colcon_core.package_identification:_identify(src/nav2) by extensions ['colcon_meta']
[1.227s] Level 1:colcon.colcon_core.package_identification:_identify(src/nav2) by extension 'colcon_meta'
[1.227s] Level 1:colcon.colcon_core.package_identification:_identify(src/nav2) by extensions ['ros']
[1.227s] Level 1:colcon.colcon_core.package_identification:_identify(src/nav2) by extension 'ros'
[1.227s] Level 1:colcon.colcon_core.package_identification:_identify(src/nav2) by extensions ['cmake', 'python']
[1.227s] Level 1:colcon.colcon_core.package_identification:_identify(src/nav2) by extension 'cmake'
[1.227s] Level 1:colcon.colcon_core.package_identification:_identify(src/nav2) by extension 'python'
[1.227s] Level 1:colcon.colcon_core.package_identification:_identify(src/nav2) by extensions ['python_setup_py']
[1.227s] Level 1:colcon.colcon_core.package_identification:_identify(src/nav2) by extension 'python_setup_py'
[1.227s] Level 1:colcon.colcon_core.package_identification:_identify(src/robot_template) by extensions ['ignore', 'ignore_ament_install']
[1.228s] Level 1:colcon.colcon_core.package_identification:_identify(src/robot_template) by extension 'ignore'
[1.228s] Level 1:colcon.colcon_core.package_identification:_identify(src/robot_template) by extension 'ignore_ament_install'
[1.228s] Level 1:colcon.colcon_core.package_identification:_identify(src/robot_template) by extensions ['colcon_pkg']
[1.228s] Level 1:colcon.colcon_core.package_identification:_identify(src/robot_template) by extension 'colcon_pkg'
[1.228s] Level 1:colcon.colcon_core.package_identification:_identify(src/robot_template) by extensions ['colcon_meta']
[1.228s] Level 1:colcon.colcon_core.package_identification:_identify(src/robot_template) by extension 'colcon_meta'
[1.228s] Level 1:colcon.colcon_core.package_identification:_identify(src/robot_template) by extensions ['ros']
[1.228s] Level 1:colcon.colcon_core.package_identification:_identify(src/robot_template) by extension 'ros'
[1.228s] DEBUG:colcon.colcon_core.package_identification:Package 'src/robot_template' with type 'ros.ament_python' and name 'robot_template'
[1.228s] Level 1:colcon.colcon_core.package_identification:_identify(src/sam_bot_description) by extensions ['ignore', 'ignore_ament_install']
[1.228s] Level 1:colcon.colcon_core.package_identification:_identify(src/sam_bot_description) by extension 'ignore'
[1.228s] Level 1:colcon.colcon_core.package_identification:_identify(src/sam_bot_description) by extension 'ignore_ament_install'
[1.228s] Level 1:colcon.colcon_core.package_identification:_identify(src/sam_bot_description) by extensions ['colcon_pkg']
[1.228s] Level 1:colcon.colcon_core.package_identification:_identify(src/sam_bot_description) by extension 'colcon_pkg'
[1.228s] Level 1:colcon.colcon_core.package_identification:_identify(src/sam_bot_description) by extensions ['colcon_meta']
[1.228s] Level 1:colcon.colcon_core.package_identification:_identify(src/sam_bot_description) by extension 'colcon_meta'
[1.228s] Level 1:colcon.colcon_core.package_identification:_identify(src/sam_bot_description) by extensions ['ros']
[1.228s] Level 1:colcon.colcon_core.package_identification:_identify(src/sam_bot_description) by extension 'ros'
[1.229s] DEBUG:colcon.colcon_core.package_identification:Package 'src/sam_bot_description' with type 'ros.ament_cmake' and name 'sam_bot_description'
[1.229s] Level 1:colcon.colcon_core.package_identification:_identify(src/sllidar_ros2) by extensions ['ignore', 'ignore_ament_install']
[1.229s] Level 1:colcon.colcon_core.package_identification:_identify(src/sllidar_ros2) by extension 'ignore'
[1.229s] Level 1:colcon.colcon_core.package_identification:_identify(src/sllidar_ros2) by extension 'ignore_ament_install'
[1.229s] Level 1:colcon.colcon_core.package_identification:_identify(src/sllidar_ros2) by extensions ['colcon_pkg']
[1.229s] Level 1:colcon.colcon_core.package_identification:_identify(src/sllidar_ros2) by extension 'colcon_pkg'
[1.229s] Level 1:colcon.colcon_core.package_identification:_identify(src/sllidar_ros2) by extensions ['colcon_meta']
[1.229s] Level 1:colcon.colcon_core.package_identification:_identify(src/sllidar_ros2) by extension 'colcon_meta'
[1.229s] Level 1:colcon.colcon_core.package_identification:_identify(src/sllidar_ros2) by extensions ['ros']
[1.229s] Level 1:colcon.colcon_core.package_identification:_identify(src/sllidar_ros2) by extension 'ros'
[1.229s] DEBUG:colcon.colcon_core.package_identification:Package 'src/sllidar_ros2' with type 'ros.ament_cmake' and name 'sllidar_ros2'
[1.229s] Level 1:colcon.colcon_core.package_discovery:discover_packages(recursive) using defaults
[1.229s] Level 1:colcon.colcon_core.package_discovery:discover_packages(ignore) discover
[1.229s] Level 1:colcon.colcon_core.package_discovery:discover_packages(ignore) using defaults
[1.229s] Level 1:colcon.colcon_core.package_discovery:discover_packages(path) discover
[1.229s] Level 1:colcon.colcon_core.package_discovery:discover_packages(path) using defaults
[1.337s] Level 1:colcon.colcon_core.package_discovery:discover_packages(prefix_path) check parameters
[1.337s] Level 1:colcon.colcon_core.package_discovery:discover_packages(prefix_path) discover
[1.376s] DEBUG:colcon.colcon_installed_package_information.package_discovery:Found 4 installed packages in /home/johan/sllidar_ws/install
[1.403s] DEBUG:colcon.colcon_installed_package_information.package_discovery:Found 383 installed packages in /opt/ros/foxy
[1.405s] Level 1:colcon.colcon_core.package_discovery:discover_packages(prefix_path) using defaults
[1.491s] Level 5:colcon.colcon_core.verb:set package 'fdilink_ahrs' build argument 'cmake_args' from command line to 'None'
[1.491s] Level 5:colcon.colcon_core.verb:set package 'fdilink_ahrs' build argument 'cmake_target' from command line to 'None'
[1.491s] Level 5:colcon.colcon_core.verb:set package 'fdilink_ahrs' build argument 'cmake_target_skip_unavailable' from command line to 'False'
[1.491s] Level 5:colcon.colcon_core.verb:set package 'fdilink_ahrs' build argument 'cmake_clean_cache' from command line to 'False'
[1.491s] Level 5:colcon.colcon_core.verb:set package 'fdilink_ahrs' build argument 'cmake_clean_first' from command line to 'False'
[1.491s] Level 5:colcon.colcon_core.verb:set package 'fdilink_ahrs' build argument 'cmake_force_configure' from command line to 'False'
[1.491s] Level 5:colcon.colcon_core.verb:set package 'fdilink_ahrs' build argument 'ament_cmake_args' from command line to 'None'
[1.491s] Level 5:colcon.colcon_core.verb:set package 'fdilink_ahrs' build argument 'catkin_cmake_args' from command line to 'None'
[1.491s] Level 5:colcon.colcon_core.verb:set package 'fdilink_ahrs' build argument 'catkin_skip_building_tests' from command line to 'False'
[1.491s] DEBUG:colcon.colcon_core.verb:Building package 'fdilink_ahrs' with the following arguments: {'ament_cmake_args': None, 'build_base': '/home/johan/sllidar_ws/build/fdilink_ahrs', 'catkin_cmake_args': None, 'catkin_skip_building_tests': False, 'cmake_args': None, 'cmake_clean_cache': False, 'cmake_clean_first': False, 'cmake_force_configure': False, 'cmake_target': None, 'cmake_target_skip_unavailable': False, 'install_base': '/home/johan/sllidar_ws/install/fdilink_ahrs', 'merge_install': False, 'path': '/home/johan/sllidar_ws/src/fdilink_ahrs_ROS2', 'symlink_install': False, 'test_result_base': None}
[1.511s] Level 5:colcon.colcon_core.verb:set package 'robot_template' build argument 'cmake_args' from command line to 'None'
[1.511s] Level 5:colcon.colcon_core.verb:set package 'robot_template' build argument 'cmake_target' from command line to 'None'
[1.511s] Level 5:colcon.colcon_core.verb:set package 'robot_template' build argument 'cmake_target_skip_unavailable' from command line to 'False'
[1.511s] Level 5:colcon.colcon_core.verb:set package 'robot_template' build argument 'cmake_clean_cache' from command line to 'False'
[1.511s] Level 5:colcon.colcon_core.verb:set package 'robot_template' build argument 'cmake_clean_first' from command line to 'False'
[1.511s] Level 5:colcon.colcon_core.verb:set package 'robot_template' build argument 'cmake_force_configure' from command line to 'False'
[1.511s] Level 5:colcon.colcon_core.verb:set package 'robot_template' build argument 'ament_cmake_args' from command line to 'None'
[1.511s] Level 5:colcon.colcon_core.verb:set package 'robot_template' build argument 'catkin_cmake_args' from command line to 'None'
[1.511s] Level 5:colcon.colcon_core.verb:set package 'robot_template' build argument 'catkin_skip_building_tests' from command line to 'False'
[1.511s] DEBUG:colcon.colcon_core.verb:Building package 'robot_template' with the following arguments: {'ament_cmake_args': None, 'build_base': '/home/johan/sllidar_ws/build/robot_template', 'catkin_cmake_args': None, 'catkin_skip_building_tests': False, 'cmake_args': None, 'cmake_clean_cache': False, 'cmake_clean_first': False, 'cmake_force_configure': False, 'cmake_target': None, 'cmake_target_skip_unavailable': False, 'install_base': '/home/johan/sllidar_ws/install/robot_template', 'merge_install': False, 'path': '/home/johan/sllidar_ws/src/robot_template', 'symlink_install': False, 'test_result_base': None}
[1.530s] Level 5:colcon.colcon_core.verb:set package 'sam_bot_description' build argument 'cmake_args' from command line to 'None'
[1.530s] Level 5:colcon.colcon_core.verb:set package 'sam_bot_description' build argument 'cmake_target' from command line to 'None'
[1.530s] Level 5:colcon.colcon_core.verb:set package 'sam_bot_description' build argument 'cmake_target_skip_unavailable' from command line to 'False'
[1.530s] Level 5:colcon.colcon_core.verb:set package 'sam_bot_description' build argument 'cmake_clean_cache' from command line to 'False'
[1.530s] Level 5:colcon.colcon_core.verb:set package 'sam_bot_description' build argument 'cmake_clean_first' from command line to 'False'
[1.530s] Level 5:colcon.colcon_core.verb:set package 'sam_bot_description' build argument 'cmake_force_configure' from command line to 'False'
[1.530s] Level 5:colcon.colcon_core.verb:set package 'sam_bot_description' build argument 'ament_cmake_args' from command line to 'None'
[1.530s] Level 5:colcon.colcon_core.verb:set package 'sam_bot_description' build argument 'catkin_cmake_args' from command line to 'None'
[1.530s] Level 5:colcon.colcon_core.verb:set package 'sam_bot_description' build argument 'catkin_skip_building_tests' from command line to 'False'
[1.530s] DEBUG:colcon.colcon_core.verb:Building package 'sam_bot_description' with the following arguments: {'ament_cmake_args': None, 'build_base': '/home/johan/sllidar_ws/build/sam_bot_description', 'catkin_cmake_args': None, 'catkin_skip_building_tests': False, 'cmake_args': None, 'cmake_clean_cache': False, 'cmake_clean_first': False, 'cmake_force_configure': False, 'cmake_target': None, 'cmake_target_skip_unavailable': False, 'install_base': '/home/johan/sllidar_ws/install/sam_bot_description', 'merge_install': False, 'path': '/home/johan/sllidar_ws/src/sam_bot_description', 'symlink_install': False, 'test_result_base': None}
[1.550s] Level 5:colcon.colcon_core.verb:set package 'sllidar_ros2' build argument 'cmake_args' from command line to 'None'
[1.550s] Level 5:colcon.colcon_core.verb:set package 'sllidar_ros2' build argument 'cmake_target' from command line to 'None'
[1.550s] Level 5:colcon.colcon_core.verb:set package 'sllidar_ros2' build argument 'cmake_target_skip_unavailable' from command line to 'False'
[1.550s] Level 5:colcon.colcon_core.verb:set package 'sllidar_ros2' build argument 'cmake_clean_cache' from command line to 'False'
[1.550s] Level 5:colcon.colcon_core.verb:set package 'sllidar_ros2' build argument 'cmake_clean_first' from command line to 'False'
[1.550s] Level 5:colcon.colcon_core.verb:set package 'sllidar_ros2' build argument 'cmake_force_configure' from command line to 'False'
[1.550s] Level 5:colcon.colcon_core.verb:set package 'sllidar_ros2' build argument 'ament_cmake_args' from command line to 'None'
[1.550s] Level 5:colcon.colcon_core.verb:set package 'sllidar_ros2' build argument 'catkin_cmake_args' from command line to 'None'
[1.550s] Level 5:colcon.colcon_core.verb:set package 'sllidar_ros2' build argument 'catkin_skip_building_tests' from command line to 'False'
[1.550s] DEBUG:colcon.colcon_core.verb:Building package 'sllidar_ros2' with the following arguments: {'ament_cmake_args': None, 'build_base': '/home/johan/sllidar_ws/build/sllidar_ros2', 'catkin_cmake_args': None, 'catkin_skip_building_tests': False, 'cmake_args': None, 'cmake_clean_cache': False, 'cmake_clean_first': False, 'cmake_force_configure': False, 'cmake_target': None, 'cmake_target_skip_unavailable': False, 'install_base': '/home/johan/sllidar_ws/install/sllidar_ros2', 'merge_install': False, 'path': '/home/johan/sllidar_ws/src/sllidar_ros2', 'symlink_install': False, 'test_result_base': None}
[1.569s] INFO:colcon.colcon_core.executor:Executing jobs using 'parallel' executor
[1.589s] DEBUG:colcon.colcon_parallel_executor.executor.parallel:run_until_complete
[1.589s] INFO:colcon.colcon_ros.task.ament_cmake.build:Building ROS package in '/home/johan/sllidar_ws/src/fdilink_ahrs_ROS2' with build type 'ament_cmake'
[1.589s] INFO:colcon.colcon_cmake.task.cmake.build:Building CMake package in '/home/johan/sllidar_ws/src/fdilink_ahrs_ROS2'
[1.610s] INFO:colcon.colcon_core.plugin_system:Skipping extension 'colcon_core.shell.bat': Not used on non-Windows systems
[1.610s] INFO:colcon.colcon_core.shell:Skip shell extension 'powershell' for command environment: Not usable outside of PowerShell
[1.610s] DEBUG:colcon.colcon_core.shell:Skip shell extension 'dsv' for command environment
[1.679s] INFO:colcon.colcon_ros.task.ament_python.build:Building ROS package in '/home/johan/sllidar_ws/src/robot_template' with build type 'ament_python'
[1.680s] Level 1:colcon.colcon_core.shell:create_environment_hook('robot_template', 'ament_prefix_path')
[1.701s] INFO:colcon.colcon_core.shell:Creating environment hook '/home/johan/sllidar_ws/install/robot_template/share/robot_template/hook/ament_prefix_path.ps1'
[1.701s] INFO:colcon.colcon_core.shell:Creating environment descriptor '/home/johan/sllidar_ws/install/robot_template/share/robot_template/hook/ament_prefix_path.dsv'
[1.701s] INFO:colcon.colcon_core.shell:Creating environment hook '/home/johan/sllidar_ws/install/robot_template/share/robot_template/hook/ament_prefix_path.sh'
[1.722s] INFO:colcon.colcon_core.shell:Skip shell extension 'powershell' for command environment: Not usable outside of PowerShell
[1.722s] DEBUG:colcon.colcon_core.shell:Skip shell extension 'dsv' for command environment
[1.786s] INFO:colcon.colcon_ros.task.ament_cmake.build:Building ROS package in '/home/johan/sllidar_ws/src/sam_bot_description' with build type 'ament_cmake'
[1.786s] INFO:colcon.colcon_cmake.task.cmake.build:Building CMake package in '/home/johan/sllidar_ws/src/sam_bot_description'
[1.808s] INFO:colcon.colcon_core.shell:Skip shell extension 'powershell' for command environment: Not usable outside of PowerShell
[1.808s] DEBUG:colcon.colcon_core.shell:Skip shell extension 'dsv' for command environment
[1.871s] INFO:colcon.colcon_ros.task.ament_cmake.build:Building ROS package in '/home/johan/sllidar_ws/src/sllidar_ros2' with build type 'ament_cmake'
[1.872s] INFO:colcon.colcon_cmake.task.cmake.build:Building CMake package in '/home/johan/sllidar_ws/src/sllidar_ros2'
[1.893s] INFO:colcon.colcon_core.shell:Skip shell extension 'powershell' for command environment: Not usable outside of PowerShell
[1.893s] DEBUG:colcon.colcon_core.shell:Skip shell extension 'dsv' for command environment
[1.962s] DEBUG:colcon.colcon_core.event_handler.log_command:Invoking command in '/home/johan/sllidar_ws/build/fdilink_ahrs': CMAKE_PREFIX_PATH=${CMAKE_PREFIX_PATH}:/home/johan/sllidar_ws/install/robot_template:/opt/ros/foxy /usr/bin/cmake --build /home/johan/sllidar_ws/build/fdilink_ahrs -- -j16 -l16
[2.098s] INFO:colcon.colcon_core.task.python.build:Building Python package in '/home/johan/sllidar_ws/src/robot_template'
[2.121s] INFO:colcon.colcon_core.shell:Skip shell extension 'powershell' for command environment: Not usable outside of PowerShell
[2.121s] DEBUG:colcon.colcon_core.shell:Skip shell extension 'dsv' for command environment
[2.188s] DEBUG:colcon.colcon_core.event_handler.log_command:Invoking command in '/home/johan/sllidar_ws/build/sam_bot_description': CMAKE_PREFIX_PATH=${CMAKE_PREFIX_PATH}:/home/johan/sllidar_ws/install/robot_template:/opt/ros/foxy /usr/bin/cmake --build /home/johan/sllidar_ws/build/sam_bot_description -- -j16 -l16
[2.193s] DEBUG:colcon.colcon_core.event_handler.log_command:Invoked command in '/home/johan/sllidar_ws/build/fdilink_ahrs' returned '0': CMAKE_PREFIX_PATH=${CMAKE_PREFIX_PATH}:/home/johan/sllidar_ws/install/robot_template:/opt/ros/foxy /usr/bin/cmake --build /home/johan/sllidar_ws/build/fdilink_ahrs -- -j16 -l16
[2.201s] DEBUG:colcon.colcon_core.event_handler.log_command:Invoking command in '/home/johan/sllidar_ws/build/sllidar_ros2': CMAKE_PREFIX_PATH=${CMAKE_PREFIX_PATH}:/home/johan/sllidar_ws/install/robot_template:/opt/ros/foxy /usr/bin/cmake --build /home/johan/sllidar_ws/build/sllidar_ros2 -- -j16 -l16
[2.222s] DEBUG:colcon.colcon_core.event_handler.log_command:Invoking command in '/home/johan/sllidar_ws/build/fdilink_ahrs': CMAKE_PREFIX_PATH=${CMAKE_PREFIX_PATH}:/home/johan/sllidar_ws/install/robot_template:/opt/ros/foxy /usr/bin/cmake --install /home/johan/sllidar_ws/build/fdilink_ahrs
[2.224s] DEBUG:colcon.colcon_core.event_handler.log_command:Invoked command in '/home/johan/sllidar_ws/build/sam_bot_description' returned '0': CMAKE_PREFIX_PATH=${CMAKE_PREFIX_PATH}:/home/johan/sllidar_ws/install/robot_template:/opt/ros/foxy /usr/bin/cmake --build /home/johan/sllidar_ws/build/sam_bot_description -- -j16 -l16
[2.229s] Level 1:colcon.colcon_core.environment:create_environment_scripts_only(fdilink_ahrs)
[2.231s] DEBUG:colcon.colcon_core.event_handler.log_command:Invoked command in '/home/johan/sllidar_ws/build/fdilink_ahrs' returned '0': CMAKE_PREFIX_PATH=${CMAKE_PREFIX_PATH}:/home/johan/sllidar_ws/install/robot_template:/opt/ros/foxy /usr/bin/cmake --install /home/johan/sllidar_ws/build/fdilink_ahrs
[2.259s] Level 1:colcon.colcon_core.environment:checking '/home/johan/sllidar_ws/install/fdilink_ahrs' for CMake module files
[2.259s] Level 1:colcon.colcon_core.environment:checking '/home/johan/sllidar_ws/install/fdilink_ahrs' for CMake config files
[2.259s] Level 1:colcon.colcon_core.shell:create_environment_hook('fdilink_ahrs', 'cmake_prefix_path')
[2.280s] INFO:colcon.colcon_core.shell:Creating environment hook '/home/johan/sllidar_ws/install/fdilink_ahrs/share/fdilink_ahrs/hook/cmake_prefix_path.ps1'
[2.280s] INFO:colcon.colcon_core.shell:Creating environment descriptor '/home/johan/sllidar_ws/install/fdilink_ahrs/share/fdilink_ahrs/hook/cmake_prefix_path.dsv'
[2.280s] INFO:colcon.colcon_core.shell:Creating environment hook '/home/johan/sllidar_ws/install/fdilink_ahrs/share/fdilink_ahrs/hook/cmake_prefix_path.sh'
[2.281s] Level 1:colcon.colcon_core.environment:checking '/home/johan/sllidar_ws/install/fdilink_ahrs/lib'
[2.281s] Level 1:colcon.colcon_core.environment:checking '/home/johan/sllidar_ws/install/fdilink_ahrs/bin'
[2.281s] Level 1:colcon.colcon_core.environment:checking '/home/johan/sllidar_ws/install/fdilink_ahrs/lib/pkgconfig/fdilink_ahrs.pc'
[2.281s] Level 1:colcon.colcon_core.environment:checking '/home/johan/sllidar_ws/install/fdilink_ahrs/lib/python3.8/site-packages'
[2.281s] Level 1:colcon.colcon_core.environment:checking '/home/johan/sllidar_ws/install/fdilink_ahrs/bin'
[2.302s] INFO:colcon.colcon_core.shell:Creating package script '/home/johan/sllidar_ws/install/fdilink_ahrs/share/fdilink_ahrs/package.ps1'
[2.302s] INFO:colcon.colcon_core.shell:Creating package descriptor '/home/johan/sllidar_ws/install/fdilink_ahrs/share/fdilink_ahrs/package.dsv'
[2.302s] INFO:colcon.colcon_core.shell:Creating package script '/home/johan/sllidar_ws/install/fdilink_ahrs/share/fdilink_ahrs/package.sh'
[2.303s] INFO:colcon.colcon_core.shell:Creating package script '/home/johan/sllidar_ws/install/fdilink_ahrs/share/fdilink_ahrs/package.bash'
[2.303s] INFO:colcon.colcon_core.shell:Creating package script '/home/johan/sllidar_ws/install/fdilink_ahrs/share/fdilink_ahrs/package.zsh'
[2.303s] Level 1:colcon.colcon_core.environment:create_file_with_runtime_dependencies(/home/johan/sllidar_ws/install/fdilink_ahrs/share/colcon-core/packages/fdilink_ahrs)
[2.310s] DEBUG:colcon.colcon_core.event_handler.log_command:Invoking command in '/home/johan/sllidar_ws/build/sam_bot_description': CMAKE_PREFIX_PATH=${CMAKE_PREFIX_PATH}:/home/johan/sllidar_ws/install/robot_template:/opt/ros/foxy /usr/bin/cmake --install /home/johan/sllidar_ws/build/sam_bot_description
[2.310s] DEBUG:colcon.colcon_core.event_handler.log_command:Invoked command in '/home/johan/sllidar_ws/build/sllidar_ros2' returned '0': CMAKE_PREFIX_PATH=${CMAKE_PREFIX_PATH}:/home/johan/sllidar_ws/install/robot_template:/opt/ros/foxy /usr/bin/cmake --build /home/johan/sllidar_ws/build/sllidar_ros2 -- -j16 -l16
[2.315s] Level 1:colcon.colcon_core.environment:create_environment_scripts_only(sam_bot_description)
[2.318s] DEBUG:colcon.colcon_core.event_handler.log_command:Invoked command in '/home/johan/sllidar_ws/build/sam_bot_description' returned '0': CMAKE_PREFIX_PATH=${CMAKE_PREFIX_PATH}:/home/johan/sllidar_ws/install/robot_template:/opt/ros/foxy /usr/bin/cmake --install /home/johan/sllidar_ws/build/sam_bot_description
[2.343s] Level 1:colcon.colcon_core.environment:checking '/home/johan/sllidar_ws/install/sam_bot_description' for CMake module files
[2.343s] Level 1:colcon.colcon_core.environment:checking '/home/johan/sllidar_ws/install/sam_bot_description' for CMake config files
[2.343s] Level 1:colcon.colcon_core.shell:create_environment_hook('sam_bot_description', 'cmake_prefix_path')
[2.363s] INFO:colcon.colcon_core.shell:Creating environment hook '/home/johan/sllidar_ws/install/sam_bot_description/share/sam_bot_description/hook/cmake_prefix_path.ps1'
[2.364s] INFO:colcon.colcon_core.shell:Creating environment descriptor '/home/johan/sllidar_ws/install/sam_bot_description/share/sam_bot_description/hook/cmake_prefix_path.dsv'
[2.364s] INFO:colcon.colcon_core.shell:Creating environment hook '/home/johan/sllidar_ws/install/sam_bot_description/share/sam_bot_description/hook/cmake_prefix_path.sh'
[2.364s] Level 1:colcon.colcon_core.environment:checking '/home/johan/sllidar_ws/install/sam_bot_description/bin'
[2.364s] Level 1:colcon.colcon_core.environment:checking '/home/johan/sllidar_ws/install/sam_bot_description/lib/pkgconfig/sam_bot_description.pc'
[2.364s] Level 1:colcon.colcon_core.environment:checking '/home/johan/sllidar_ws/install/sam_bot_description/lib/python3.8/site-packages'
[2.365s] Level 1:colcon.colcon_core.environment:checking '/home/johan/sllidar_ws/install/sam_bot_description/bin'
[2.385s] INFO:colcon.colcon_core.shell:Creating package script '/home/johan/sllidar_ws/install/sam_bot_description/share/sam_bot_description/package.ps1'
[2.385s] INFO:colcon.colcon_core.shell:Creating package descriptor '/home/johan/sllidar_ws/install/sam_bot_description/share/sam_bot_description/package.dsv'
[2.386s] INFO:colcon.colcon_core.shell:Creating package script '/home/johan/sllidar_ws/install/sam_bot_description/share/sam_bot_description/package.sh'
[2.386s] INFO:colcon.colcon_core.shell:Creating package script '/home/johan/sllidar_ws/install/sam_bot_description/share/sam_bot_description/package.bash'
[2.386s] INFO:colcon.colcon_core.shell:Creating package script '/home/johan/sllidar_ws/install/sam_bot_description/share/sam_bot_description/package.zsh'
[2.386s] Level 1:colcon.colcon_core.environment:create_file_with_runtime_dependencies(/home/johan/sllidar_ws/install/sam_bot_description/share/colcon-core/packages/sam_bot_description)
[2.418s] Level 1:colcon.colcon_core.environment:create_environment_scripts_only(fdilink_ahrs)
[2.439s] Level 1:colcon.colcon_core.environment:checking '/home/johan/sllidar_ws/install/fdilink_ahrs' for CMake module files
[2.439s] Level 1:colcon.colcon_core.environment:checking '/home/johan/sllidar_ws/install/fdilink_ahrs' for CMake config files
[2.439s] Level 1:colcon.colcon_core.shell:create_environment_hook('fdilink_ahrs', 'cmake_prefix_path')
[2.459s] INFO:colcon.colcon_core.shell:Creating environment hook '/home/johan/sllidar_ws/install/fdilink_ahrs/share/fdilink_ahrs/hook/cmake_prefix_path.ps1'
[2.460s] INFO:colcon.colcon_core.shell:Creating environment descriptor '/home/johan/sllidar_ws/install/fdilink_ahrs/share/fdilink_ahrs/hook/cmake_prefix_path.dsv'
[2.460s] INFO:colcon.colcon_core.shell:Creating environment hook '/home/johan/sllidar_ws/install/fdilink_ahrs/share/fdilink_ahrs/hook/cmake_prefix_path.sh'
[2.460s] Level 1:colcon.colcon_core.environment:checking '/home/johan/sllidar_ws/install/fdilink_ahrs/lib'
[2.460s] Level 1:colcon.colcon_core.environment:checking '/home/johan/sllidar_ws/install/fdilink_ahrs/bin'
[2.460s] Level 1:colcon.colcon_core.environment:checking '/home/johan/sllidar_ws/install/fdilink_ahrs/lib/pkgconfig/fdilink_ahrs.pc'
[2.460s] Level 1:colcon.colcon_core.environment:checking '/home/johan/sllidar_ws/install/fdilink_ahrs/lib/python3.8/site-packages'
[2.460s] Level 1:colcon.colcon_core.environment:checking '/home/johan/sllidar_ws/install/fdilink_ahrs/bin'
[2.480s] INFO:colcon.colcon_core.shell:Creating package script '/home/johan/sllidar_ws/install/fdilink_ahrs/share/fdilink_ahrs/package.ps1'
[2.481s] INFO:colcon.colcon_core.shell:Creating package descriptor '/home/johan/sllidar_ws/install/fdilink_ahrs/share/fdilink_ahrs/package.dsv'
[2.481s] INFO:colcon.colcon_core.shell:Creating package script '/home/johan/sllidar_ws/install/fdilink_ahrs/share/fdilink_ahrs/package.sh'
[2.481s] INFO:colcon.colcon_core.shell:Creating package script '/home/johan/sllidar_ws/install/fdilink_ahrs/share/fdilink_ahrs/package.bash'
[2.481s] INFO:colcon.colcon_core.shell:Creating package script '/home/johan/sllidar_ws/install/fdilink_ahrs/share/fdilink_ahrs/package.zsh'
[2.481s] Level 1:colcon.colcon_core.environment:create_file_with_runtime_dependencies(/home/johan/sllidar_ws/install/fdilink_ahrs/share/colcon-core/packages/fdilink_ahrs)
[2.485s] DEBUG:colcon.colcon_core.event_handler.log_command:Invoking command in '/home/johan/sllidar_ws/build/sllidar_ros2': CMAKE_PREFIX_PATH=${CMAKE_PREFIX_PATH}:/home/johan/sllidar_ws/install/robot_template:/opt/ros/foxy /usr/bin/cmake --install /home/johan/sllidar_ws/build/sllidar_ros2
[2.509s] Level 1:colcon.colcon_core.environment:create_environment_scripts_only(sam_bot_description)
[2.530s] Level 1:colcon.colcon_core.environment:checking '/home/johan/sllidar_ws/install/sam_bot_description' for CMake module files
[2.530s] Level 1:colcon.colcon_core.environment:checking '/home/johan/sllidar_ws/install/sam_bot_description' for CMake config files
[2.530s] Level 1:colcon.colcon_core.shell:create_environment_hook('sam_bot_description', 'cmake_prefix_path')
[2.550s] INFO:colcon.colcon_core.shell:Creating environment hook '/home/johan/sllidar_ws/install/sam_bot_description/share/sam_bot_description/hook/cmake_prefix_path.ps1'
[2.551s] INFO:colcon.colcon_core.shell:Creating environment descriptor '/home/johan/sllidar_ws/install/sam_bot_description/share/sam_bot_description/hook/cmake_prefix_path.dsv'
[2.551s] INFO:colcon.colcon_core.shell:Creating environment hook '/home/johan/sllidar_ws/install/sam_bot_description/share/sam_bot_description/hook/cmake_prefix_path.sh'
[2.551s] Level 1:colcon.colcon_core.environment:checking '/home/johan/sllidar_ws/install/sam_bot_description/bin'
[2.551s] Level 1:colcon.colcon_core.environment:checking '/home/johan/sllidar_ws/install/sam_bot_description/lib/pkgconfig/sam_bot_description.pc'
[2.551s] Level 1:colcon.colcon_core.environment:checking '/home/johan/sllidar_ws/install/sam_bot_description/lib/python3.8/site-packages'
[2.551s] Level 1:colcon.colcon_core.environment:checking '/home/johan/sllidar_ws/install/sam_bot_description/bin'
[2.571s] INFO:colcon.colcon_core.shell:Creating package script '/home/johan/sllidar_ws/install/sam_bot_description/share/sam_bot_description/package.ps1'
[2.572s] INFO:colcon.colcon_core.shell:Creating package descriptor '/home/johan/sllidar_ws/install/sam_bot_description/share/sam_bot_description/package.dsv'
[2.572s] INFO:colcon.colcon_core.shell:Creating package script '/home/johan/sllidar_ws/install/sam_bot_description/share/sam_bot_description/package.sh'
[2.572s] INFO:colcon.colcon_core.shell:Creating package script '/home/johan/sllidar_ws/install/sam_bot_description/share/sam_bot_description/package.bash'
[2.572s] INFO:colcon.colcon_core.shell:Creating package script '/home/johan/sllidar_ws/install/sam_bot_description/share/sam_bot_description/package.zsh'
[2.572s] Level 1:colcon.colcon_core.environment:create_file_with_runtime_dependencies(/home/johan/sllidar_ws/install/sam_bot_description/share/colcon-core/packages/sam_bot_description)
[2.575s] DEBUG:colcon.colcon_core.event_handler.log_command:Invoking command in '/home/johan/sllidar_ws/src/robot_template': PYTHONPATH=/home/johan/sllidar_ws/build/robot_template/prefix_override:/home/johan/sllidar_ws/install/robot_template/lib/python3.8/site-packages:${PYTHONPATH} /usr/bin/python3 setup.py egg_info --egg-base ../../build/robot_template build --build-base /home/johan/sllidar_ws/build/robot_template/build install --record /home/johan/sllidar_ws/build/robot_template/install.log --install-scripts $base/lib/robot_template --single-version-externally-managed
[2.576s] Level 1:colcon.colcon_core.environment:create_environment_scripts_only(sllidar_ros2)
[2.577s] DEBUG:colcon.colcon_core.event_handler.log_command:Invoked command in '/home/johan/sllidar_ws/build/sllidar_ros2' returned '0': CMAKE_PREFIX_PATH=${CMAKE_PREFIX_PATH}:/home/johan/sllidar_ws/install/robot_template:/opt/ros/foxy /usr/bin/cmake --install /home/johan/sllidar_ws/build/sllidar_ros2
[2.597s] Level 1:colcon.colcon_core.environment:checking '/home/johan/sllidar_ws/install/sllidar_ros2' for CMake module files
[2.597s] Level 1:colcon.colcon_core.environment:checking '/home/johan/sllidar_ws/install/sllidar_ros2' for CMake config files
[2.597s] Level 1:colcon.colcon_core.shell:create_environment_hook('sllidar_ros2', 'cmake_prefix_path')
[2.618s] INFO:colcon.colcon_core.shell:Creating environment hook '/home/johan/sllidar_ws/install/sllidar_ros2/share/sllidar_ros2/hook/cmake_prefix_path.ps1'
[2.618s] INFO:colcon.colcon_core.shell:Creating environment descriptor '/home/johan/sllidar_ws/install/sllidar_ros2/share/sllidar_ros2/hook/cmake_prefix_path.dsv'
[2.618s] INFO:colcon.colcon_core.shell:Creating environment hook '/home/johan/sllidar_ws/install/sllidar_ros2/share/sllidar_ros2/hook/cmake_prefix_path.sh'
[2.619s] Level 1:colcon.colcon_core.environment:checking '/home/johan/sllidar_ws/install/sllidar_ros2/lib'
[2.619s] Level 1:colcon.colcon_core.environment:checking '/home/johan/sllidar_ws/install/sllidar_ros2/bin'
[2.619s] Level 1:colcon.colcon_core.environment:checking '/home/johan/sllidar_ws/install/sllidar_ros2/lib/pkgconfig/sllidar_ros2.pc'
[2.619s] Level 1:colcon.colcon_core.environment:checking '/home/johan/sllidar_ws/install/sllidar_ros2/lib/python3.8/site-packages'
[2.619s] Level 1:colcon.colcon_core.environment:checking '/home/johan/sllidar_ws/install/sllidar_ros2/bin'
[2.639s] INFO:colcon.colcon_core.shell:Creating package script '/home/johan/sllidar_ws/install/sllidar_ros2/share/sllidar_ros2/package.ps1'
[2.639s] INFO:colcon.colcon_core.shell:Creating package descriptor '/home/johan/sllidar_ws/install/sllidar_ros2/share/sllidar_ros2/package.dsv'
[2.640s] INFO:colcon.colcon_core.shell:Creating package script '/home/johan/sllidar_ws/install/sllidar_ros2/share/sllidar_ros2/package.sh'
[2.640s] INFO:colcon.colcon_core.shell:Creating package script '/home/johan/sllidar_ws/install/sllidar_ros2/share/sllidar_ros2/package.bash'
[2.640s] INFO:colcon.colcon_core.shell:Creating package script '/home/johan/sllidar_ws/install/sllidar_ros2/share/sllidar_ros2/package.zsh'
[2.640s] Level 1:colcon.colcon_core.environment:create_file_with_runtime_dependencies(/home/johan/sllidar_ws/install/sllidar_ros2/share/colcon-core/packages/sllidar_ros2)
[2.695s] Level 1:colcon.colcon_core.environment:create_environment_scripts_only(sllidar_ros2)
[2.715s] Level 1:colcon.colcon_core.environment:checking '/home/johan/sllidar_ws/install/sllidar_ros2' for CMake module files
[2.716s] Level 1:colcon.colcon_core.environment:checking '/home/johan/sllidar_ws/install/sllidar_ros2' for CMake config files
[2.717s] Level 1:colcon.colcon_core.shell:create_environment_hook('sllidar_ros2', 'cmake_prefix_path')
[2.738s] INFO:colcon.colcon_core.shell:Creating environment hook '/home/johan/sllidar_ws/install/sllidar_ros2/share/sllidar_ros2/hook/cmake_prefix_path.ps1'
[2.739s] INFO:colcon.colcon_core.shell:Creating environment descriptor '/home/johan/sllidar_ws/install/sllidar_ros2/share/sllidar_ros2/hook/cmake_prefix_path.dsv'
[2.739s] INFO:colcon.colcon_core.shell:Creating environment hook '/home/johan/sllidar_ws/install/sllidar_ros2/share/sllidar_ros2/hook/cmake_prefix_path.sh'
[2.739s] Level 1:colcon.colcon_core.environment:checking '/home/johan/sllidar_ws/install/sllidar_ros2/lib'
[2.739s] Level 1:colcon.colcon_core.environment:checking '/home/johan/sllidar_ws/install/sllidar_ros2/bin'
[2.740s] Level 1:colcon.colcon_core.environment:checking '/home/johan/sllidar_ws/install/sllidar_ros2/lib/pkgconfig/sllidar_ros2.pc'
[2.740s] Level 1:colcon.colcon_core.environment:checking '/home/johan/sllidar_ws/install/sllidar_ros2/lib/python3.8/site-packages'
[2.740s] Level 1:colcon.colcon_core.environment:checking '/home/johan/sllidar_ws/install/sllidar_ros2/bin'
[2.760s] INFO:colcon.colcon_core.shell:Creating package script '/home/johan/sllidar_ws/install/sllidar_ros2/share/sllidar_ros2/package.ps1'
[2.761s] INFO:colcon.colcon_core.shell:Creating package descriptor '/home/johan/sllidar_ws/install/sllidar_ros2/share/sllidar_ros2/package.dsv'
[2.761s] INFO:colcon.colcon_core.shell:Creating package script '/home/johan/sllidar_ws/install/sllidar_ros2/share/sllidar_ros2/package.sh'
[2.761s] INFO:colcon.colcon_core.shell:Creating package script '/home/johan/sllidar_ws/install/sllidar_ros2/share/sllidar_ros2/package.bash'
[2.761s] INFO:colcon.colcon_core.shell:Creating package script '/home/johan/sllidar_ws/install/sllidar_ros2/share/sllidar_ros2/package.zsh'
[2.762s] Level 1:colcon.colcon_core.environment:create_file_with_runtime_dependencies(/home/johan/sllidar_ws/install/sllidar_ros2/share/colcon-core/packages/sllidar_ros2)
[2.763s] DEBUG:colcon.colcon_core.event_handler.log_command:Invoked command in '/home/johan/sllidar_ws/src/robot_template' returned '0': PYTHONPATH=/home/johan/sllidar_ws/build/robot_template/prefix_override:/home/johan/sllidar_ws/install/robot_template/lib/python3.8/site-packages:${PYTHONPATH} /usr/bin/python3 setup.py egg_info --egg-base ../../build/robot_template build --build-base /home/johan/sllidar_ws/build/robot_template/build install --record /home/johan/sllidar_ws/build/robot_template/install.log --install-scripts $base/lib/robot_template --single-version-externally-managed
[2.784s] Level 1:colcon.colcon_core.environment:checking '/home/johan/sllidar_ws/install/robot_template' for CMake module files
[2.785s] Level 1:colcon.colcon_core.environment:checking '/home/johan/sllidar_ws/install/robot_template' for CMake config files
[2.785s] Level 1:colcon.colcon_core.environment:checking '/home/johan/sllidar_ws/install/robot_template/lib'
[2.785s] Level 1:colcon.colcon_core.environment:checking '/home/johan/sllidar_ws/install/robot_template/bin'
[2.785s] Level 1:colcon.colcon_core.environment:checking '/home/johan/sllidar_ws/install/robot_template/lib/pkgconfig/robot_template.pc'
[2.785s] Level 1:colcon.colcon_core.environment:checking '/home/johan/sllidar_ws/install/robot_template/lib/python3.8/site-packages'
[2.785s] Level 1:colcon.colcon_core.shell:create_environment_hook('robot_template', 'pythonpath')
[2.806s] INFO:colcon.colcon_core.shell:Creating environment hook '/home/johan/sllidar_ws/install/robot_template/share/robot_template/hook/pythonpath.ps1'
[2.806s] INFO:colcon.colcon_core.shell:Creating environment descriptor '/home/johan/sllidar_ws/install/robot_template/share/robot_template/hook/pythonpath.dsv'
[2.806s] INFO:colcon.colcon_core.shell:Creating environment hook '/home/johan/sllidar_ws/install/robot_template/share/robot_template/hook/pythonpath.sh'
[2.806s] Level 1:colcon.colcon_core.environment:checking '/home/johan/sllidar_ws/install/robot_template/bin'
[2.807s] Level 1:colcon.colcon_core.environment:create_environment_scripts_only(robot_template)
[2.827s] INFO:colcon.colcon_core.shell:Creating package script '/home/johan/sllidar_ws/install/robot_template/share/robot_template/package.ps1'
[2.827s] INFO:colcon.colcon_core.shell:Creating package descriptor '/home/johan/sllidar_ws/install/robot_template/share/robot_template/package.dsv'
[2.827s] INFO:colcon.colcon_core.shell:Creating package script '/home/johan/sllidar_ws/install/robot_template/share/robot_template/package.sh'
[2.827s] INFO:colcon.colcon_core.shell:Creating package script '/home/johan/sllidar_ws/install/robot_template/share/robot_template/package.bash'
[2.828s] INFO:colcon.colcon_core.shell:Creating package script '/home/johan/sllidar_ws/install/robot_template/share/robot_template/package.zsh'
[2.828s] Level 1:colcon.colcon_core.environment:create_file_with_runtime_dependencies(/home/johan/sllidar_ws/install/robot_template/share/colcon-core/packages/robot_template)
[2.828s] DEBUG:colcon.colcon_parallel_executor.executor.parallel:closing loop
[2.828s] DEBUG:colcon.colcon_parallel_executor.executor.parallel:loop closed
[2.828s] DEBUG:colcon.colcon_parallel_executor.executor.parallel:run_until_complete finished with '0'
[2.828s] DEBUG:colcon.colcon_core.event_reactor:joining thread
[2.851s] INFO:colcon.colcon_core.plugin_system:Skipping extension 'colcon_notification.desktop_notification.terminal_notifier': Not used on non-Darwin systems
[2.851s] INFO:colcon.colcon_core.plugin_system:Skipping extension 'colcon_notification.desktop_notification.win32': Not used on non-Windows systems
[2.851s] INFO:colcon.colcon_notification.desktop_notification:Sending desktop notification using 'notify2'
[2.864s] DEBUG:colcon.colcon_core.event_reactor:joined thread
[2.890s] INFO:colcon.colcon_core.shell:Creating prefix script '/home/johan/sllidar_ws/install/local_setup.ps1'
[2.891s] INFO:colcon.colcon_core.shell:Creating prefix util module '/home/johan/sllidar_ws/install/_local_setup_util_ps1.py'
[2.892s] INFO:colcon.colcon_core.shell:Creating prefix chain script '/home/johan/sllidar_ws/install/setup.ps1'
[2.912s] INFO:colcon.colcon_core.shell:Creating prefix script '/home/johan/sllidar_ws/install/local_setup.sh'
[2.913s] INFO:colcon.colcon_core.shell:Creating prefix util module '/home/johan/sllidar_ws/install/_local_setup_util_sh.py'
[2.913s] INFO:colcon.colcon_core.shell:Creating prefix chain script '/home/johan/sllidar_ws/install/setup.sh'
[2.934s] INFO:colcon.colcon_core.shell:Creating prefix script '/home/johan/sllidar_ws/install/local_setup.bash'
[2.934s] INFO:colcon.colcon_core.shell:Creating prefix chain script '/home/johan/sllidar_ws/install/setup.bash'
[2.954s] INFO:colcon.colcon_core.shell:Creating prefix script '/home/johan/sllidar_ws/install/local_setup.zsh'
[2.955s] INFO:colcon.colcon_core.shell:Creating prefix chain script '/home/johan/sllidar_ws/install/setup.zsh'
