[0.393s] Invoking command in '/home/johan/sllidar_ws/build/sam_bot_description': CMAKE_PREFIX_PATH=/opt/ros/foxy /usr/bin/cmake --build /home/johan/sllidar_ws/build/sam_bot_description -- -j16 -l16
[0.420s] Invoked command in '/home/johan/sllidar_ws/build/sam_bot_description' returned '0': CMAKE_PREFIX_PATH=/opt/ros/foxy /usr/bin/cmake --build /home/johan/sllidar_ws/build/sam_bot_description -- -j16 -l16
[0.450s] Invoking command in '/home/johan/sllidar_ws/build/sam_bot_description': CMAKE_PREFIX_PATH=/opt/ros/foxy /usr/bin/cmake --install /home/johan/sllidar_ws/build/sam_bot_description
[0.455s] -- Install configuration: ""
[0.456s] -- Up-to-date: /home/johan/sllidar_ws/install/sam_bot_description/share/sam_bot_description/src
[0.456s] -- Up-to-date: /home/johan/sllidar_ws/install/sam_bot_description/share/sam_bot_description/src/description
[0.456s] -- Up-to-date: /home/johan/sllidar_ws/install/sam_bot_description/share/sam_bot_description/src/description/robot.urdf
[0.456s] -- Up-to-date: /home/johan/sllidar_ws/install/sam_bot_description/share/sam_bot_description/src/description/sam_bot_description.urdf
[0.456s] -- Up-to-date: /home/johan/sllidar_ws/install/sam_bot_description/share/sam_bot_description/launch
[0.456s] -- Up-to-date: /home/johan/sllidar_ws/install/sam_bot_description/share/sam_bot_description/launch/display.launch.py
[0.456s] -- Up-to-date: /home/johan/sllidar_ws/install/sam_bot_description/share/sam_bot_description/launch/display_rviz2.launch.py
[0.456s] -- Up-to-date: /home/johan/sllidar_ws/install/sam_bot_description/share/sam_bot_description/rviz
[0.456s] -- Up-to-date: /home/johan/sllidar_ws/install/sam_bot_description/share/sam_bot_description/rviz/urdf_config.rviz
[0.457s] -- Up-to-date: /home/johan/sllidar_ws/install/sam_bot_description/share/sam_bot_description/config
[0.458s] -- Up-to-date: /home/johan/sllidar_ws/install/sam_bot_description/share/sam_bot_description/config/static_tf.yaml
[0.458s] -- Up-to-date: /home/johan/sllidar_ws/install/sam_bot_description/share/sam_bot_description/config/ekf.yaml
[0.458s] -- Up-to-date: /home/johan/sllidar_ws/install/sam_bot_description/share/sam_bot_description/world
[0.458s] -- Up-to-date: /home/johan/sllidar_ws/install/sam_bot_description/share/sam_bot_description/world/my_world.sdf
[0.458s] -- Up-to-date: /home/johan/sllidar_ws/install/sam_bot_description/share/ament_index/resource_index/package_run_dependencies/sam_bot_description
[0.458s] -- Up-to-date: /home/johan/sllidar_ws/install/sam_bot_description/share/ament_index/resource_index/parent_prefix_path/sam_bot_description
[0.458s] -- Up-to-date: /home/johan/sllidar_ws/install/sam_bot_description/share/sam_bot_description/environment/ament_prefix_path.sh
[0.458s] -- Up-to-date: /home/johan/sllidar_ws/install/sam_bot_description/share/sam_bot_description/environment/ament_prefix_path.dsv
[0.459s] -- Up-to-date: /home/johan/sllidar_ws/install/sam_bot_description/share/sam_bot_description/environment/path.sh
[0.459s] -- Up-to-date: /home/johan/sllidar_ws/install/sam_bot_description/share/sam_bot_description/environment/path.dsv
[0.459s] -- Up-to-date: /home/johan/sllidar_ws/install/sam_bot_description/share/sam_bot_description/local_setup.bash
[0.459s] -- Up-to-date: /home/johan/sllidar_ws/install/sam_bot_description/share/sam_bot_description/local_setup.sh
[0.459s] -- Up-to-date: /home/johan/sllidar_ws/install/sam_bot_description/share/sam_bot_description/local_setup.zsh
[0.459s] -- Up-to-date: /home/johan/sllidar_ws/install/sam_bot_description/share/sam_bot_description/local_setup.dsv
[0.459s] -- Installing: /home/johan/sllidar_ws/install/sam_bot_description/share/sam_bot_description/package.dsv
[0.459s] -- Up-to-date: /home/johan/sllidar_ws/install/sam_bot_description/share/ament_index/resource_index/packages/sam_bot_description
[0.460s] -- Up-to-date: /home/johan/sllidar_ws/install/sam_bot_description/share/sam_bot_description/cmake/sam_bot_descriptionConfig.cmake
[0.460s] -- Up-to-date: /home/johan/sllidar_ws/install/sam_bot_description/share/sam_bot_description/cmake/sam_bot_descriptionConfig-version.cmake
[0.460s] -- Up-to-date: /home/johan/sllidar_ws/install/sam_bot_description/share/sam_bot_description/package.xml
[0.462s] Invoked command in '/home/johan/sllidar_ws/build/sam_bot_description' returned '0': CMAKE_PREFIX_PATH=/opt/ros/foxy /usr/bin/cmake --install /home/johan/sllidar_ws/build/sam_bot_description
