[01m[K/home/johan/sllidar_ws/src/fdilink_ahrs_ROS2/src/ahrs_driver.cpp:[m[K In member function ‘[01m[Kvoid FDILink::ahrsBringup::processLoop()[m[K’:
[01m[K/home/johan/sllidar_ws/src/fdilink_ahrs_ROS2/src/ahrs_driver.cpp:175:14:[m[K [01;35m[Kwarning: [m[Kunused variable ‘[01m[Kground_sn_s[m[K’ [[01;35m[K-Wunused-variable[m[K]
  175 |       size_t [01;35m[Kground_sn_s[m[K = serial_.read(ground_sn, 1);
      |              [01;35m[K^~~~~~~~~~~[m[K
[01m[K/home/johan/sllidar_ws/src/fdilink_ahrs_ROS2/src/ahrs_driver.cpp:200:14:[m[K [01;35m[Kwarning: [m[Kunused variable ‘[01m[Kground_ignore_s[m[K’ [[01;35m[K-Wunused-variable[m[K]
  200 |       size_t [01;35m[Kground_ignore_s[m[K = serial_.read(ground_ignore, (check_len[0] + 4));
      |              [01;35m[K^~~~~~~~~~~~~~~[m[K
[01m[K/home/johan/sllidar_ws/src/fdilink_ahrs_ROS2/src/ahrs_driver.cpp:318:14:[m[K [01;35m[Kwarning: [m[Kunused variable ‘[01m[Kdata_s[m[K’ [[01;35m[K-Wunused-variable[m[K]
  318 |       size_t [01;35m[Kdata_s[m[K = serial_.read(imu_frame_.read_buf.read_msg, (IMU_LEN + 1));  // 48+1
      |              [01;35m[K^~~~~~[m[K
[01m[K/home/johan/sllidar_ws/src/fdilink_ahrs_ROS2/src/ahrs_driver.cpp:353:14:[m[K [01;35m[Kwarning: [m[Kunused variable ‘[01m[Kdata_s[m[K’ [[01;35m[K-Wunused-variable[m[K]
  353 |       size_t [01;35m[Kdata_s[m[K = serial_.read(ahrs_frame_.read_buf.read_msg, (AHRS_LEN + 1));  // 48+1
      |              [01;35m[K^~~~~~[m[K
[01m[K/home/johan/sllidar_ws/src/fdilink_ahrs_ROS2/src/ahrs_driver.cpp:388:14:[m[K [01;35m[Kwarning: [m[Kunused variable ‘[01m[Kdata_s[m[K’ [[01;35m[K-Wunused-variable[m[K]
  388 |       size_t [01;35m[Kdata_s[m[K = serial_.read(insgps_frame_.read_buf.read_msg, (INSGPS_LEN + 1));  // 48+1
      |              [01;35m[K^~~~~~[m[K
[01m[K/home/johan/sllidar_ws/src/fdilink_ahrs_ROS2/src/ahrs_driver.cpp:423:14:[m[K [01;35m[Kwarning: [m[Kunused variable ‘[01m[Kdata_s[m[K’ [[01;35m[K-Wunused-variable[m[K]
  423 |       size_t [01;35m[Kdata_s[m[K = serial_.read(Geodetic_Position_frame_.read_buf.read_msg, (GEODETIC_POS_LEN + 1));  // 24+1
      |              [01;35m[K^~~~~~[m[K
[01m[K/home/johan/sllidar_ws/src/fdilink_ahrs_ROS2/src/ahrs_driver.cpp:470:26:[m[K [01;35m[Kwarning: [m[Kvariable ‘[01m[Kq_xiao_rr[m[K’ set but not used [[01;35m[K-Wunused-but-set-variable[m[K]
  470 |       Eigen::Quaterniond [01;35m[Kq_xiao_rr[m[K = Eigen::AngleAxisd(PI / 2, Eigen::Vector3d::UnitZ()) *
      |                          [01;35m[K^~~~~~~~~[m[K
[01m[K/home/johan/sllidar_ws/src/fdilink_ahrs_ROS2/src/ahrs_driver.cpp:133:12:[m[K [01;35m[Kwarning: [m[Kunused variable ‘[01m[Ktype_s[m[K’ [[01;35m[K-Wunused-variable[m[K]
  133 |     size_t [01;35m[Ktype_s[m[K = serial_.read(head_type, 1);
      |            [01;35m[K^~~~~~[m[K
[01m[K/home/johan/sllidar_ws/src/fdilink_ahrs_ROS2/src/ahrs_driver.cpp:147:12:[m[K [01;35m[Kwarning: [m[Kunused variable ‘[01m[Klen_s[m[K’ [[01;35m[K-Wunused-variable[m[K]
  147 |     size_t [01;35m[Klen_s[m[K = serial_.read(check_len, 1);
      |            [01;35m[K^~~~~[m[K
[01m[K/home/johan/sllidar_ws/src/fdilink_ahrs_ROS2/src/ahrs_driver.cpp:205:12:[m[K [01;35m[Kwarning: [m[Kunused variable ‘[01m[Ksn_s[m[K’ [[01;35m[K-Wunused-variable[m[K]
  205 |     size_t [01;35m[Ksn_s[m[K = serial_.read(check_sn, 1);
      |            [01;35m[K^~~~[m[K
[01m[K/home/johan/sllidar_ws/src/fdilink_ahrs_ROS2/src/ahrs_driver.cpp:207:12:[m[K [01;35m[Kwarning: [m[Kunused variable ‘[01m[Kcrc8_s[m[K’ [[01;35m[K-Wunused-variable[m[K]
  207 |     size_t [01;35m[Kcrc8_s[m[K = serial_.read(head_crc8, 1);
      |            [01;35m[K^~~~~~[m[K
[01m[K/home/johan/sllidar_ws/src/fdilink_ahrs_ROS2/src/ahrs_driver.cpp:210:12:[m[K [01;35m[Kwarning: [m[Kunused variable ‘[01m[Kcrc16_H_s[m[K’ [[01;35m[K-Wunused-variable[m[K]
  210 |     size_t [01;35m[Kcrc16_H_s[m[K = serial_.read(head_crc16_H, 1);
      |            [01;35m[K^~~~~~~~~[m[K
[01m[K/home/johan/sllidar_ws/src/fdilink_ahrs_ROS2/src/ahrs_driver.cpp:211:12:[m[K [01;35m[Kwarning: [m[Kunused variable ‘[01m[Kcrc16_L_s[m[K’ [[01;35m[K-Wunused-variable[m[K]
  211 |     size_t [01;35m[Kcrc16_L_s[m[K = serial_.read(head_crc16_L, 1);
      |            [01;35m[K^~~~~~~~~[m[K
