[0.183s] Invoking command in '/home/johan/sllidar_ws/build/fdilink_ahrs': CMAKE_PREFIX_PATH=${CMAKE_PREFIX_PATH}:/opt/ros/foxy /usr/bin/cmake /home/johan/sllidar_ws/src/fdilink_ahrs_ROS2 -DCMAKE_INSTALL_PREFIX=/home/johan/sllidar_ws/install/fdilink_ahrs
[0.219s] -- The C compiler identification is GNU 9.4.0
[0.255s] -- The CXX compiler identification is GNU 9.4.0
[0.260s] -- Check for working C compiler: /usr/bin/cc
[0.303s] -- Check for working C compiler: /usr/bin/cc -- works
[0.305s] -- Detecting C compiler ABI info
[0.352s] -- Detecting C compiler ABI info - done
[0.360s] -- Detecting C compile features
[0.360s] -- Detecting C compile features - done
[0.361s] -- Check for working CXX compiler: /usr/bin/c++
[0.412s] -- Check for working CXX compiler: /usr/bin/c++ -- works
[0.413s] -- Detecting CXX compiler ABI info
[0.466s] -- Detecting CXX compiler ABI info - done
[0.473s] -- Detecting CXX compile features
[0.474s] -- Detecting CXX compile features - done
[0.476s] -- Found ament_cmake: 0.9.12 (/opt/ros/foxy/share/ament_cmake/cmake)
[0.492s] -- Found PythonInterp: /usr/bin/python3 (found suitable version "3.8.10", minimum required is "3") 
[0.492s] -- Using PYTHON_EXECUTABLE: /usr/bin/python3
[0.605s] -- Found rclcpp: 2.4.3 (/opt/ros/foxy/share/rclcpp/cmake)
[0.636s] -- Using all available rosidl_typesupport_c: rosidl_typesupport_fastrtps_c;rosidl_typesupport_introspection_c
[0.640s] -- Found rosidl_adapter: 1.3.1 (/opt/ros/foxy/share/rosidl_adapter/cmake)
[0.699s] -- Found OpenSSL: /usr/lib/x86_64-linux-gnu/libcrypto.so (found version "1.1.1f")  
[0.720s] -- Found FastRTPS: /opt/ros/foxy/include  
[0.773s] -- Using all available rosidl_typesupport_cpp: rosidl_typesupport_fastrtps_cpp;rosidl_typesupport_introspection_cpp
[0.809s] -- Found rmw_implementation_cmake: 1.0.4 (/opt/ros/foxy/share/rmw_implementation_cmake/cmake)
[0.810s] -- Using RMW implementation 'rmw_fastrtps_cpp' as default
[0.811s] -- Looking for pthread.h
[0.857s] -- Looking for pthread.h - found
[0.857s] -- Performing Test CMAKE_HAVE_LIBC_PTHREAD
[0.906s] -- Performing Test CMAKE_HAVE_LIBC_PTHREAD - Failed
[0.906s] -- Looking for pthread_create in pthreads
[0.946s] -- Looking for pthread_create in pthreads - not found
[0.946s] -- Looking for pthread_create in pthread
[0.992s] -- Looking for pthread_create in pthread - found
[0.993s] -- Found Threads: TRUE  
[1.101s] -- Found rclpy: 1.0.13 (/opt/ros/foxy/share/rclpy/cmake)
[1.102s] -- Found sensor_msgs: 2.0.5 (/opt/ros/foxy/share/sensor_msgs/cmake)
[1.179s] -- Found tf2: 0.13.14 (/opt/ros/foxy/share/tf2/cmake)
[1.186s] -- Found tf2_ros: 0.13.14 (/opt/ros/foxy/share/tf2_ros/cmake)
[1.481s] -- Found nav_msgs: 2.0.5 (/opt/ros/foxy/share/nav_msgs/cmake)
[1.562s] -- Found tf2_geometry_msgs: 0.13.14 (/opt/ros/foxy/share/tf2_geometry_msgs/cmake)
[1.571s] -- Found eigen3_cmake_module: 0.1.1 (/opt/ros/foxy/share/eigen3_cmake_module/cmake)
[1.573s] -- Found Eigen3: TRUE (found version "3.3.7") 
[1.602s] -- Found ament_lint_auto: 0.9.8 (/opt/ros/foxy/share/ament_lint_auto/cmake)
[1.698s] -- Added test 'copyright' to check source files copyright and LICENSE
[1.700s] -- Added test 'cppcheck' to perform static code analysis on C / C++ code
[1.700s] -- Configured cppcheck include dirs: /home/johan/sllidar_ws/src/fdilink_ahrs_ROS2/include;/home/johan/sllidar_ws/src/fdilink_ahrs_ROS2/src
[1.700s] -- Configured cppcheck exclude dirs and/or files: 
[1.703s] -- Added test 'cpplint' to check C / C++ code against the Google style
[1.703s] -- Configured cpplint exclude dirs and/or files: 
[1.703s] -- Added test 'flake8' to check Python code syntax and style conventions
[1.704s] -- Added test 'lint_cmake' to check CMake code style
[1.705s] -- Added test 'pep257' to check Python code against some of the style conventions in PEP 257
[1.707s] -- Added test 'uncrustify' to check C / C++ code style
[1.707s] -- Configured uncrustify additional arguments: 
[1.708s] -- Added test 'xmllint' to check XML markup files
[1.711s] -- Configuring done
[1.734s] -- Generating done
[1.736s] -- Build files have been written to: /home/johan/sllidar_ws/build/fdilink_ahrs
[1.747s] Invoked command in '/home/johan/sllidar_ws/build/fdilink_ahrs' returned '0': CMAKE_PREFIX_PATH=${CMAKE_PREFIX_PATH}:/opt/ros/foxy /usr/bin/cmake /home/johan/sllidar_ws/src/fdilink_ahrs_ROS2 -DCMAKE_INSTALL_PREFIX=/home/johan/sllidar_ws/install/fdilink_ahrs
[1.750s] Invoking command in '/home/johan/sllidar_ws/build/fdilink_ahrs': CMAKE_PREFIX_PATH=${CMAKE_PREFIX_PATH}:/opt/ros/foxy /usr/bin/cmake --build /home/johan/sllidar_ws/build/fdilink_ahrs -- -j16 -l16
[1.793s] [35m[1mScanning dependencies of target imu_tf_node[0m
[1.798s] [35m[1mScanning dependencies of target ahrs_driver_node[0m
[1.821s] [ 20%] [32mBuilding CXX object CMakeFiles/imu_tf_node.dir/src/imu_tf.cpp.o[0m
[1.853s] [ 40%] [32mBuilding CXX object CMakeFiles/ahrs_driver_node.dir/src/ahrs_driver.cpp.o[0m
[1.854s] [ 60%] [32mBuilding CXX object CMakeFiles/ahrs_driver_node.dir/src/crc_table.cpp.o[0m
[3.153s] [01m[K/home/johan/sllidar_ws/src/fdilink_ahrs_ROS2/src/ahrs_driver.cpp:[m[K In member function ‘[01m[Kvoid FDILink::ahrsBringup::processLoop()[m[K’:
[3.153s] [01m[K/home/johan/sllidar_ws/src/fdilink_ahrs_ROS2/src/ahrs_driver.cpp:175:14:[m[K [01;35m[Kwarning: [m[Kunused variable ‘[01m[Kground_sn_s[m[K’ [[01;35m[K-Wunused-variable[m[K]
[3.153s]   175 |       size_t [01;35m[Kground_sn_s[m[K = serial_.read(ground_sn, 1);
[3.153s]       |              [01;35m[K^~~~~~~~~~~[m[K
[3.153s] [01m[K/home/johan/sllidar_ws/src/fdilink_ahrs_ROS2/src/ahrs_driver.cpp:200:14:[m[K [01;35m[Kwarning: [m[Kunused variable ‘[01m[Kground_ignore_s[m[K’ [[01;35m[K-Wunused-variable[m[K]
[3.153s]   200 |       size_t [01;35m[Kground_ignore_s[m[K = serial_.read(ground_ignore, (check_len[0] + 4));
[3.153s]       |              [01;35m[K^~~~~~~~~~~~~~~[m[K
[3.156s] [01m[K/home/johan/sllidar_ws/src/fdilink_ahrs_ROS2/src/ahrs_driver.cpp:318:14:[m[K [01;35m[Kwarning: [m[Kunused variable ‘[01m[Kdata_s[m[K’ [[01;35m[K-Wunused-variable[m[K]
[3.156s]   318 |       size_t [01;35m[Kdata_s[m[K = serial_.read(imu_frame_.read_buf.read_msg, (IMU_LEN + 1));  // 48+1
[3.156s]       |              [01;35m[K^~~~~~[m[K
[3.157s] [01m[K/home/johan/sllidar_ws/src/fdilink_ahrs_ROS2/src/ahrs_driver.cpp:353:14:[m[K [01;35m[Kwarning: [m[Kunused variable ‘[01m[Kdata_s[m[K’ [[01;35m[K-Wunused-variable[m[K]
[3.157s]   353 |       size_t [01;35m[Kdata_s[m[K = serial_.read(ahrs_frame_.read_buf.read_msg, (AHRS_LEN + 1));  // 48+1
[3.157s]       |              [01;35m[K^~~~~~[m[K
[3.158s] [01m[K/home/johan/sllidar_ws/src/fdilink_ahrs_ROS2/src/ahrs_driver.cpp:388:14:[m[K [01;35m[Kwarning: [m[Kunused variable ‘[01m[Kdata_s[m[K’ [[01;35m[K-Wunused-variable[m[K]
[3.158s]   388 |       size_t [01;35m[Kdata_s[m[K = serial_.read(insgps_frame_.read_buf.read_msg, (INSGPS_LEN + 1));  // 48+1
[3.158s]       |              [01;35m[K^~~~~~[m[K
[3.159s] [01m[K/home/johan/sllidar_ws/src/fdilink_ahrs_ROS2/src/ahrs_driver.cpp:423:14:[m[K [01;35m[Kwarning: [m[Kunused variable ‘[01m[Kdata_s[m[K’ [[01;35m[K-Wunused-variable[m[K]
[3.160s]   423 |       size_t [01;35m[Kdata_s[m[K = serial_.read(Geodetic_Position_frame_.read_buf.read_msg, (GEODETIC_POS_LEN + 1));  // 24+1
[3.160s]       |              [01;35m[K^~~~~~[m[K
[3.184s] [01m[K/home/johan/sllidar_ws/src/fdilink_ahrs_ROS2/src/ahrs_driver.cpp:470:26:[m[K [01;35m[Kwarning: [m[Kvariable ‘[01m[Kq_xiao_rr[m[K’ set but not used [[01;35m[K-Wunused-but-set-variable[m[K]
[3.185s]   470 |       Eigen::Quaterniond [01;35m[Kq_xiao_rr[m[K = Eigen::AngleAxisd(PI / 2, Eigen::Vector3d::UnitZ()) *
[3.185s]       |                          [01;35m[K^~~~~~~~~[m[K
[3.204s] [01m[K/home/johan/sllidar_ws/src/fdilink_ahrs_ROS2/src/ahrs_driver.cpp:133:12:[m[K [01;35m[Kwarning: [m[Kunused variable ‘[01m[Ktype_s[m[K’ [[01;35m[K-Wunused-variable[m[K]
[3.204s]   133 |     size_t [01;35m[Ktype_s[m[K = serial_.read(head_type, 1);
[3.204s]       |            [01;35m[K^~~~~~[m[K
[3.204s] [01m[K/home/johan/sllidar_ws/src/fdilink_ahrs_ROS2/src/ahrs_driver.cpp:147:12:[m[K [01;35m[Kwarning: [m[Kunused variable ‘[01m[Klen_s[m[K’ [[01;35m[K-Wunused-variable[m[K]
[3.204s]   147 |     size_t [01;35m[Klen_s[m[K = serial_.read(check_len, 1);
[3.205s]       |            [01;35m[K^~~~~[m[K
[3.205s] [01m[K/home/johan/sllidar_ws/src/fdilink_ahrs_ROS2/src/ahrs_driver.cpp:205:12:[m[K [01;35m[Kwarning: [m[Kunused variable ‘[01m[Ksn_s[m[K’ [[01;35m[K-Wunused-variable[m[K]
[3.205s]   205 |     size_t [01;35m[Ksn_s[m[K = serial_.read(check_sn, 1);
[3.205s]       |            [01;35m[K^~~~[m[K
[3.205s] [01m[K/home/johan/sllidar_ws/src/fdilink_ahrs_ROS2/src/ahrs_driver.cpp:207:12:[m[K [01;35m[Kwarning: [m[Kunused variable ‘[01m[Kcrc8_s[m[K’ [[01;35m[K-Wunused-variable[m[K]
[3.205s]   207 |     size_t [01;35m[Kcrc8_s[m[K = serial_.read(head_crc8, 1);
[3.205s]       |            [01;35m[K^~~~~~[m[K
[3.205s] [01m[K/home/johan/sllidar_ws/src/fdilink_ahrs_ROS2/src/ahrs_driver.cpp:210:12:[m[K [01;35m[Kwarning: [m[Kunused variable ‘[01m[Kcrc16_H_s[m[K’ [[01;35m[K-Wunused-variable[m[K]
[3.205s]   210 |     size_t [01;35m[Kcrc16_H_s[m[K = serial_.read(head_crc16_H, 1);
[3.205s]       |            [01;35m[K^~~~~~~~~[m[K
[3.205s] [01m[K/home/johan/sllidar_ws/src/fdilink_ahrs_ROS2/src/ahrs_driver.cpp:211:12:[m[K [01;35m[Kwarning: [m[Kunused variable ‘[01m[Kcrc16_L_s[m[K’ [[01;35m[K-Wunused-variable[m[K]
[3.205s]   211 |     size_t [01;35m[Kcrc16_L_s[m[K = serial_.read(head_crc16_L, 1);
[3.206s]       |            [01;35m[K^~~~~~~~~[m[K
[5.108s] [ 80%] [32m[1mLinking CXX executable imu_tf_node[0m
[5.280s] [ 80%] Built target imu_tf_node
[5.502s] [100%] [32m[1mLinking CXX executable ahrs_driver_node[0m
[5.658s] [100%] Built target ahrs_driver_node
[5.668s] Invoked command in '/home/johan/sllidar_ws/build/fdilink_ahrs' returned '0': CMAKE_PREFIX_PATH=${CMAKE_PREFIX_PATH}:/opt/ros/foxy /usr/bin/cmake --build /home/johan/sllidar_ws/build/fdilink_ahrs -- -j16 -l16
[5.689s] Invoking command in '/home/johan/sllidar_ws/build/fdilink_ahrs': CMAKE_PREFIX_PATH=${CMAKE_PREFIX_PATH}:/opt/ros/foxy /usr/bin/cmake --install /home/johan/sllidar_ws/build/fdilink_ahrs
[5.694s] -- Install configuration: ""
[5.694s] -- Installing: /home/johan/sllidar_ws/install/fdilink_ahrs/lib/fdilink_ahrs/ahrs_driver_node
[5.696s] -- Set runtime path of "/home/johan/sllidar_ws/install/fdilink_ahrs/lib/fdilink_ahrs/ahrs_driver_node" to ""
[5.696s] -- Installing: /home/johan/sllidar_ws/install/fdilink_ahrs/lib/fdilink_ahrs/imu_tf_node
[5.697s] -- Set runtime path of "/home/johan/sllidar_ws/install/fdilink_ahrs/lib/fdilink_ahrs/imu_tf_node" to ""
[5.697s] -- Installing: /home/johan/sllidar_ws/install/fdilink_ahrs/share/fdilink_ahrs/launch
[5.697s] -- Installing: /home/johan/sllidar_ws/install/fdilink_ahrs/share/fdilink_ahrs/launch/ahrs_driver.launch.py
[5.698s] -- Installing: /home/johan/sllidar_ws/install/fdilink_ahrs/share/fdilink_ahrs/launch/imu_tf.launch.py
[5.698s] -- Installing: /home/johan/sllidar_ws/install/fdilink_ahrs/share/ament_index/resource_index/package_run_dependencies/fdilink_ahrs
[5.698s] -- Installing: /home/johan/sllidar_ws/install/fdilink_ahrs/share/ament_index/resource_index/parent_prefix_path/fdilink_ahrs
[5.698s] -- Installing: /home/johan/sllidar_ws/install/fdilink_ahrs/share/fdilink_ahrs/environment/ament_prefix_path.sh
[5.698s] -- Installing: /home/johan/sllidar_ws/install/fdilink_ahrs/share/fdilink_ahrs/environment/ament_prefix_path.dsv
[5.698s] -- Installing: /home/johan/sllidar_ws/install/fdilink_ahrs/share/fdilink_ahrs/environment/path.sh
[5.698s] -- Installing: /home/johan/sllidar_ws/install/fdilink_ahrs/share/fdilink_ahrs/environment/path.dsv
[5.698s] -- Installing: /home/johan/sllidar_ws/install/fdilink_ahrs/share/fdilink_ahrs/local_setup.bash
[5.698s] -- Installing: /home/johan/sllidar_ws/install/fdilink_ahrs/share/fdilink_ahrs/local_setup.sh
[5.698s] -- Installing: /home/johan/sllidar_ws/install/fdilink_ahrs/share/fdilink_ahrs/local_setup.zsh
[5.698s] -- Installing: /home/johan/sllidar_ws/install/fdilink_ahrs/share/fdilink_ahrs/local_setup.dsv
[5.698s] -- Installing: /home/johan/sllidar_ws/install/fdilink_ahrs/share/fdilink_ahrs/package.dsv
[5.698s] -- Installing: /home/johan/sllidar_ws/install/fdilink_ahrs/share/ament_index/resource_index/packages/fdilink_ahrs
[5.698s] -- Installing: /home/johan/sllidar_ws/install/fdilink_ahrs/share/fdilink_ahrs/cmake/fdilink_ahrsConfig.cmake
[5.698s] -- Installing: /home/johan/sllidar_ws/install/fdilink_ahrs/share/fdilink_ahrs/cmake/fdilink_ahrsConfig-version.cmake
[5.698s] -- Installing: /home/johan/sllidar_ws/install/fdilink_ahrs/share/fdilink_ahrs/package.xml
[5.700s] Invoked command in '/home/johan/sllidar_ws/build/fdilink_ahrs' returned '0': CMAKE_PREFIX_PATH=${CMAKE_PREFIX_PATH}:/opt/ros/foxy /usr/bin/cmake --install /home/johan/sllidar_ws/build/fdilink_ahrs
