[0.407s] Invoking command in '/home/johan/sllidar_ws/build/robot_bringup': CMAKE_PREFIX_PATH=/opt/ros/foxy /usr/bin/cmake --build /home/johan/sllidar_ws/build/robot_bringup -- -j16 -l16
[0.607s] -- Found ament_cmake: 0.9.12 (/opt/ros/foxy/share/ament_cmake/cmake)
[0.607s] -- Using PYTHON_EXECUTABLE: /usr/bin/python3
[0.609s] -- Found rclcpp: 2.4.3 (/opt/ros/foxy/share/rclcpp/cmake)
[0.609s] -- Using all available rosidl_typesupport_c: rosidl_typesupport_fastrtps_c;rosidl_typesupport_introspection_c
[0.610s] -- Found rosidl_adapter: 1.3.1 (/opt/ros/foxy/share/rosidl_adapter/cmake)
[0.684s] -- Using all available rosidl_typesupport_cpp: rosidl_typesupport_fastrtps_cpp;rosidl_typesupport_introspection_cpp
[0.710s] -- Found rmw_implementation_cmake: 1.0.4 (/opt/ros/foxy/share/rmw_implementation_cmake/cmake)
[0.711s] -- Using RMW implementation 'rmw_fastrtps_cpp' as default
[0.806s] -- Found geometry_msgs: 2.0.5 (/opt/ros/foxy/share/geometry_msgs/cmake)
[0.828s] -- Found nav_msgs: 2.0.5 (/opt/ros/foxy/share/nav_msgs/cmake)
[0.877s] -- Found tf2: 0.13.14 (/opt/ros/foxy/share/tf2/cmake)
[0.883s] -- Found tf2_ros: 0.13.14 (/opt/ros/foxy/share/tf2_ros/cmake)
[1.098s] -- Found ament_lint_auto: 0.9.8 (/opt/ros/foxy/share/ament_lint_auto/cmake)
[1.145s] -- Added test 'copyright' to check source files copyright and LICENSE
[1.146s] -- Added test 'cppcheck' to perform static code analysis on C / C++ code
[1.147s] -- Configured cppcheck include dirs: $<BUILD_INTERFACE:/home/johan/sllidar_ws/src/robot_bringup/include>
[1.148s] -- Configured cppcheck exclude dirs and/or files: 
[1.148s] -- Added test 'cpplint' to check C / C++ code against the Google style
[1.150s] -- Configured cpplint exclude dirs and/or files: 
[1.151s] -- Added test 'lint_cmake' to check CMake code style
[1.151s] -- Added test 'uncrustify' to check C / C++ code style
[1.152s] -- Configured uncrustify additional arguments: 
[1.153s] -- Added test 'xmllint' to check XML markup files
[1.155s] -- Configuring done
[1.156s] CMake Error at CMakeLists.txt:37 (add_executable):
[1.157s]   Cannot find source file:
[1.158s] 
[1.159s]     src/robot_bringup.cpp
[1.159s] 
[1.159s]   Tried extensions .c .C .c++ .cc .cpp .cxx .cu .m .M .mm .h .hh .h++ .hm
[1.159s]   .hpp .hxx .in .txx
[1.159s] 
[1.160s] 
[1.160s] CMake Error at CMakeLists.txt:37 (add_executable):
[1.160s]   No SOURCES given to target: robot_bringup
[1.160s] 
[1.160s] 
[1.161s] CMake Generate step failed.  Build files cannot be regenerated correctly.
[1.162s] make: *** [Makefile:222：cmake_check_build_system] 错误 1
[1.344s] Invoked command in '/home/johan/sllidar_ws/build/robot_bringup' returned '2': CMAKE_PREFIX_PATH=/opt/ros/foxy /usr/bin/cmake --build /home/johan/sllidar_ws/build/robot_bringup -- -j16 -l16
