[1.219s] DEBUG:colcon:Command line arguments: ['/usr/bin/colcon', 'build']
[1.219s] DEBUG:colcon:Parsed command line arguments: Namespace(allow_overriding=[], ament_cmake_args=None, base_paths=['.'], build_base='build', catkin_cmake_args=None, catkin_skip_building_tests=False, cmake_args=None, cmake_clean_cache=False, cmake_clean_first=False, cmake_force_configure=False, cmake_target=None, cmake_target_skip_unavailable=False, continue_on_error=False, event_handlers=None, executor='parallel', ignore_user_meta=False, install_base='install', log_base=None, log_level=None, main=<bound method BuildVerb.main of <colcon_core.verb.build.BuildVerb object at 0x7f824d697c10>>, merge_install=False, metas=['./colcon.meta'], packages_above=None, packages_above_and_dependencies=None, packages_above_depth=None, packages_end=None, packages_ignore=None, packages_ignore_regex=None, packages_select=None, packages_select_build_failed=False, packages_select_by_dep=None, packages_select_regex=None, packages_select_test_failures=False, packages_skip=None, packages_skip_build_finished=False, packages_skip_by_dep=None, packages_skip_regex=None, packages_skip_test_passed=False, packages_skip_up_to=None, packages_start=None, packages_up_to=None, packages_up_to_regex=None, parallel_workers=16, paths=None, symlink_install=False, test_result_base=None, verb_extension=<colcon_core.verb.build.BuildVerb object at 0x7f824d697c10>, verb_name='build', verb_parser=<colcon_defaults.argument_parser.defaults.DefaultArgumentsDecorator object at 0x7f824d697a00>)
[1.272s] Level 1:colcon.colcon_core.package_discovery:discover_packages(colcon_meta) check parameters
[1.272s] Level 1:colcon.colcon_core.package_discovery:discover_packages(recursive) check parameters
[1.272s] Level 1:colcon.colcon_core.package_discovery:discover_packages(ignore) check parameters
[1.272s] Level 1:colcon.colcon_core.package_discovery:discover_packages(path) check parameters
[1.272s] Level 1:colcon.colcon_core.package_discovery:discover_packages(colcon_meta) discover
[1.272s] Level 1:colcon.colcon_core.package_discovery:discover_packages(recursive) discover
[1.272s] INFO:colcon.colcon_core.package_discovery:Crawling recursively for packages in '/home/johan/sllidar_ws'
[1.272s] Level 1:colcon.colcon_core.package_identification:_identify(.) by extensions ['ignore', 'ignore_ament_install']
[1.272s] Level 1:colcon.colcon_core.package_identification:_identify(.) by extension 'ignore'
[1.272s] Level 1:colcon.colcon_core.package_identification:_identify(.) by extension 'ignore_ament_install'
[1.272s] Level 1:colcon.colcon_core.package_identification:_identify(.) by extensions ['colcon_pkg']
[1.272s] Level 1:colcon.colcon_core.package_identification:_identify(.) by extension 'colcon_pkg'
[1.272s] Level 1:colcon.colcon_core.package_identification:_identify(.) by extensions ['colcon_meta']
[1.272s] Level 1:colcon.colcon_core.package_identification:_identify(.) by extension 'colcon_meta'
[1.272s] Level 1:colcon.colcon_core.package_identification:_identify(.) by extensions ['ros']
[1.273s] Level 1:colcon.colcon_core.package_identification:_identify(.) by extension 'ros'
[1.280s] Level 1:colcon.colcon_core.package_identification:_identify(.) by extensions ['cmake', 'python']
[1.280s] Level 1:colcon.colcon_core.package_identification:_identify(.) by extension 'cmake'
[1.280s] Level 1:colcon.colcon_core.package_identification:_identify(.) by extension 'python'
[1.280s] Level 1:colcon.colcon_core.package_identification:_identify(.) by extensions ['python_setup_py']
[1.280s] Level 1:colcon.colcon_core.package_identification:_identify(.) by extension 'python_setup_py'
[1.280s] Level 1:colcon.colcon_core.package_identification:_identify(build) by extensions ['ignore', 'ignore_ament_install']
[1.280s] Level 1:colcon.colcon_core.package_identification:_identify(build) by extension 'ignore'
[1.280s] Level 1:colcon.colcon_core.package_identification:_identify(build) ignored
[1.280s] Level 1:colcon.colcon_core.package_identification:_identify(install) by extensions ['ignore', 'ignore_ament_install']
[1.280s] Level 1:colcon.colcon_core.package_identification:_identify(install) by extension 'ignore'
[1.280s] Level 1:colcon.colcon_core.package_identification:_identify(install) ignored
[1.280s] Level 1:colcon.colcon_core.package_identification:_identify(log) by extensions ['ignore', 'ignore_ament_install']
[1.280s] Level 1:colcon.colcon_core.package_identification:_identify(log) by extension 'ignore'
[1.280s] Level 1:colcon.colcon_core.package_identification:_identify(log) ignored
[1.281s] Level 1:colcon.colcon_core.package_identification:_identify(src) by extensions ['ignore', 'ignore_ament_install']
[1.281s] Level 1:colcon.colcon_core.package_identification:_identify(src) by extension 'ignore'
[1.281s] Level 1:colcon.colcon_core.package_identification:_identify(src) by extension 'ignore_ament_install'
[1.281s] Level 1:colcon.colcon_core.package_identification:_identify(src) by extensions ['colcon_pkg']
[1.281s] Level 1:colcon.colcon_core.package_identification:_identify(src) by extension 'colcon_pkg'
[1.281s] Level 1:colcon.colcon_core.package_identification:_identify(src) by extensions ['colcon_meta']
[1.281s] Level 1:colcon.colcon_core.package_identification:_identify(src) by extension 'colcon_meta'
[1.281s] Level 1:colcon.colcon_core.package_identification:_identify(src) by extensions ['ros']
[1.281s] Level 1:colcon.colcon_core.package_identification:_identify(src) by extension 'ros'
[1.281s] Level 1:colcon.colcon_core.package_identification:_identify(src) by extensions ['cmake', 'python']
[1.281s] Level 1:colcon.colcon_core.package_identification:_identify(src) by extension 'cmake'
[1.281s] Level 1:colcon.colcon_core.package_identification:_identify(src) by extension 'python'
[1.281s] Level 1:colcon.colcon_core.package_identification:_identify(src) by extensions ['python_setup_py']
[1.281s] Level 1:colcon.colcon_core.package_identification:_identify(src) by extension 'python_setup_py'
[1.281s] Level 1:colcon.colcon_core.package_identification:_identify(src/fdilink_ahrs_ROS2) by extensions ['ignore', 'ignore_ament_install']
[1.281s] Level 1:colcon.colcon_core.package_identification:_identify(src/fdilink_ahrs_ROS2) by extension 'ignore'
[1.281s] Level 1:colcon.colcon_core.package_identification:_identify(src/fdilink_ahrs_ROS2) by extension 'ignore_ament_install'
[1.281s] Level 1:colcon.colcon_core.package_identification:_identify(src/fdilink_ahrs_ROS2) by extensions ['colcon_pkg']
[1.281s] Level 1:colcon.colcon_core.package_identification:_identify(src/fdilink_ahrs_ROS2) by extension 'colcon_pkg'
[1.281s] Level 1:colcon.colcon_core.package_identification:_identify(src/fdilink_ahrs_ROS2) by extensions ['colcon_meta']
[1.281s] Level 1:colcon.colcon_core.package_identification:_identify(src/fdilink_ahrs_ROS2) by extension 'colcon_meta'
[1.281s] Level 1:colcon.colcon_core.package_identification:_identify(src/fdilink_ahrs_ROS2) by extensions ['ros']
[1.282s] Level 1:colcon.colcon_core.package_identification:_identify(src/fdilink_ahrs_ROS2) by extension 'ros'
[1.283s] DEBUG:colcon.colcon_core.package_identification:Package 'src/fdilink_ahrs_ROS2' with type 'ros.ament_cmake' and name 'fdilink_ahrs'
[1.283s] Level 1:colcon.colcon_core.package_identification:_identify(src/robot_bringup) by extensions ['ignore', 'ignore_ament_install']
[1.283s] Level 1:colcon.colcon_core.package_identification:_identify(src/robot_bringup) by extension 'ignore'
[1.283s] Level 1:colcon.colcon_core.package_identification:_identify(src/robot_bringup) by extension 'ignore_ament_install'
[1.284s] Level 1:colcon.colcon_core.package_identification:_identify(src/robot_bringup) by extensions ['colcon_pkg']
[1.284s] Level 1:colcon.colcon_core.package_identification:_identify(src/robot_bringup) by extension 'colcon_pkg'
[1.284s] Level 1:colcon.colcon_core.package_identification:_identify(src/robot_bringup) by extensions ['colcon_meta']
[1.284s] Level 1:colcon.colcon_core.package_identification:_identify(src/robot_bringup) by extension 'colcon_meta'
[1.284s] Level 1:colcon.colcon_core.package_identification:_identify(src/robot_bringup) by extensions ['ros']
[1.284s] Level 1:colcon.colcon_core.package_identification:_identify(src/robot_bringup) by extension 'ros'
[1.284s] DEBUG:colcon.colcon_core.package_identification:Package 'src/robot_bringup' with type 'ros.ament_cmake' and name 'robot_bringup'
[1.284s] Level 1:colcon.colcon_core.package_identification:_identify(src/robot_cartographer) by extensions ['ignore', 'ignore_ament_install']
[1.284s] Level 1:colcon.colcon_core.package_identification:_identify(src/robot_cartographer) by extension 'ignore'
[1.284s] Level 1:colcon.colcon_core.package_identification:_identify(src/robot_cartographer) by extension 'ignore_ament_install'
[1.284s] Level 1:colcon.colcon_core.package_identification:_identify(src/robot_cartographer) by extensions ['colcon_pkg']
[1.284s] Level 1:colcon.colcon_core.package_identification:_identify(src/robot_cartographer) by extension 'colcon_pkg'
[1.284s] Level 1:colcon.colcon_core.package_identification:_identify(src/robot_cartographer) by extensions ['colcon_meta']
[1.284s] Level 1:colcon.colcon_core.package_identification:_identify(src/robot_cartographer) by extension 'colcon_meta'
[1.284s] Level 1:colcon.colcon_core.package_identification:_identify(src/robot_cartographer) by extensions ['ros']
[1.284s] Level 1:colcon.colcon_core.package_identification:_identify(src/robot_cartographer) by extension 'ros'
[1.284s] DEBUG:colcon.colcon_core.package_identification:Package 'src/robot_cartographer' with type 'ros.ament_cmake' and name 'robot_cartographer'
[1.285s] Level 1:colcon.colcon_core.package_identification:_identify(src/robot_navigation2) by extensions ['ignore', 'ignore_ament_install']
[1.285s] Level 1:colcon.colcon_core.package_identification:_identify(src/robot_navigation2) by extension 'ignore'
[1.285s] Level 1:colcon.colcon_core.package_identification:_identify(src/robot_navigation2) by extension 'ignore_ament_install'
[1.285s] Level 1:colcon.colcon_core.package_identification:_identify(src/robot_navigation2) by extensions ['colcon_pkg']
[1.285s] Level 1:colcon.colcon_core.package_identification:_identify(src/robot_navigation2) by extension 'colcon_pkg'
[1.285s] Level 1:colcon.colcon_core.package_identification:_identify(src/robot_navigation2) by extensions ['colcon_meta']
[1.285s] Level 1:colcon.colcon_core.package_identification:_identify(src/robot_navigation2) by extension 'colcon_meta'
[1.285s] Level 1:colcon.colcon_core.package_identification:_identify(src/robot_navigation2) by extensions ['ros']
[1.285s] Level 1:colcon.colcon_core.package_identification:_identify(src/robot_navigation2) by extension 'ros'
[1.285s] DEBUG:colcon.colcon_core.package_identification:Package 'src/robot_navigation2' with type 'ros.ament_cmake' and name 'robot_navigation2'
[1.285s] Level 1:colcon.colcon_core.package_identification:_identify(src/robot_template) by extensions ['ignore', 'ignore_ament_install']
[1.285s] Level 1:colcon.colcon_core.package_identification:_identify(src/robot_template) by extension 'ignore'
[1.285s] Level 1:colcon.colcon_core.package_identification:_identify(src/robot_template) by extension 'ignore_ament_install'
[1.285s] Level 1:colcon.colcon_core.package_identification:_identify(src/robot_template) by extensions ['colcon_pkg']
[1.285s] Level 1:colcon.colcon_core.package_identification:_identify(src/robot_template) by extension 'colcon_pkg'
[1.285s] Level 1:colcon.colcon_core.package_identification:_identify(src/robot_template) by extensions ['colcon_meta']
[1.285s] Level 1:colcon.colcon_core.package_identification:_identify(src/robot_template) by extension 'colcon_meta'
[1.285s] Level 1:colcon.colcon_core.package_identification:_identify(src/robot_template) by extensions ['ros']
[1.285s] Level 1:colcon.colcon_core.package_identification:_identify(src/robot_template) by extension 'ros'
[1.286s] DEBUG:colcon.colcon_core.package_identification:Package 'src/robot_template' with type 'ros.ament_python' and name 'robot_template'
[1.286s] Level 1:colcon.colcon_core.package_identification:_identify(src/sam_bot_description) by extensions ['ignore', 'ignore_ament_install']
[1.286s] Level 1:colcon.colcon_core.package_identification:_identify(src/sam_bot_description) by extension 'ignore'
[1.286s] Level 1:colcon.colcon_core.package_identification:_identify(src/sam_bot_description) by extension 'ignore_ament_install'
[1.286s] Level 1:colcon.colcon_core.package_identification:_identify(src/sam_bot_description) by extensions ['colcon_pkg']
[1.286s] Level 1:colcon.colcon_core.package_identification:_identify(src/sam_bot_description) by extension 'colcon_pkg'
[1.286s] Level 1:colcon.colcon_core.package_identification:_identify(src/sam_bot_description) by extensions ['colcon_meta']
[1.286s] Level 1:colcon.colcon_core.package_identification:_identify(src/sam_bot_description) by extension 'colcon_meta'
[1.286s] Level 1:colcon.colcon_core.package_identification:_identify(src/sam_bot_description) by extensions ['ros']
[1.286s] Level 1:colcon.colcon_core.package_identification:_identify(src/sam_bot_description) by extension 'ros'
[1.286s] DEBUG:colcon.colcon_core.package_identification:Package 'src/sam_bot_description' with type 'ros.ament_cmake' and name 'sam_bot_description'
[1.287s] Level 1:colcon.colcon_core.package_identification:_identify(src/sllidar_ros2) by extensions ['ignore', 'ignore_ament_install']
[1.287s] Level 1:colcon.colcon_core.package_identification:_identify(src/sllidar_ros2) by extension 'ignore'
[1.287s] Level 1:colcon.colcon_core.package_identification:_identify(src/sllidar_ros2) by extension 'ignore_ament_install'
[1.287s] Level 1:colcon.colcon_core.package_identification:_identify(src/sllidar_ros2) by extensions ['colcon_pkg']
[1.287s] Level 1:colcon.colcon_core.package_identification:_identify(src/sllidar_ros2) by extension 'colcon_pkg'
[1.287s] Level 1:colcon.colcon_core.package_identification:_identify(src/sllidar_ros2) by extensions ['colcon_meta']
[1.287s] Level 1:colcon.colcon_core.package_identification:_identify(src/sllidar_ros2) by extension 'colcon_meta'
[1.287s] Level 1:colcon.colcon_core.package_identification:_identify(src/sllidar_ros2) by extensions ['ros']
[1.287s] Level 1:colcon.colcon_core.package_identification:_identify(src/sllidar_ros2) by extension 'ros'
[1.287s] DEBUG:colcon.colcon_core.package_identification:Package 'src/sllidar_ros2' with type 'ros.ament_cmake' and name 'sllidar_ros2'
[1.287s] Level 1:colcon.colcon_core.package_discovery:discover_packages(recursive) using defaults
[1.287s] Level 1:colcon.colcon_core.package_discovery:discover_packages(ignore) discover
[1.287s] Level 1:colcon.colcon_core.package_discovery:discover_packages(ignore) using defaults
[1.287s] Level 1:colcon.colcon_core.package_discovery:discover_packages(path) discover
[1.287s] Level 1:colcon.colcon_core.package_discovery:discover_packages(path) using defaults
[1.397s] Level 1:colcon.colcon_core.package_discovery:discover_packages(prefix_path) check parameters
[1.397s] Level 1:colcon.colcon_core.package_discovery:discover_packages(prefix_path) discover
[1.447s] DEBUG:colcon.colcon_installed_package_information.package_discovery:Found 383 installed packages in /opt/ros/foxy
[1.448s] Level 1:colcon.colcon_core.package_discovery:discover_packages(prefix_path) using defaults
[1.538s] Level 5:colcon.colcon_core.verb:set package 'fdilink_ahrs' build argument 'cmake_args' from command line to 'None'
[1.538s] Level 5:colcon.colcon_core.verb:set package 'fdilink_ahrs' build argument 'cmake_target' from command line to 'None'
[1.538s] Level 5:colcon.colcon_core.verb:set package 'fdilink_ahrs' build argument 'cmake_target_skip_unavailable' from command line to 'False'
[1.538s] Level 5:colcon.colcon_core.verb:set package 'fdilink_ahrs' build argument 'cmake_clean_cache' from command line to 'False'
[1.538s] Level 5:colcon.colcon_core.verb:set package 'fdilink_ahrs' build argument 'cmake_clean_first' from command line to 'False'
[1.538s] Level 5:colcon.colcon_core.verb:set package 'fdilink_ahrs' build argument 'cmake_force_configure' from command line to 'False'
[1.538s] Level 5:colcon.colcon_core.verb:set package 'fdilink_ahrs' build argument 'ament_cmake_args' from command line to 'None'
[1.538s] Level 5:colcon.colcon_core.verb:set package 'fdilink_ahrs' build argument 'catkin_cmake_args' from command line to 'None'
[1.538s] Level 5:colcon.colcon_core.verb:set package 'fdilink_ahrs' build argument 'catkin_skip_building_tests' from command line to 'False'
[1.538s] DEBUG:colcon.colcon_core.verb:Building package 'fdilink_ahrs' with the following arguments: {'ament_cmake_args': None, 'build_base': '/home/johan/sllidar_ws/build/fdilink_ahrs', 'catkin_cmake_args': None, 'catkin_skip_building_tests': False, 'cmake_args': None, 'cmake_clean_cache': False, 'cmake_clean_first': False, 'cmake_force_configure': False, 'cmake_target': None, 'cmake_target_skip_unavailable': False, 'install_base': '/home/johan/sllidar_ws/install/fdilink_ahrs', 'merge_install': False, 'path': '/home/johan/sllidar_ws/src/fdilink_ahrs_ROS2', 'symlink_install': False, 'test_result_base': None}
[1.557s] Level 5:colcon.colcon_core.verb:set package 'robot_bringup' build argument 'cmake_args' from command line to 'None'
[1.557s] Level 5:colcon.colcon_core.verb:set package 'robot_bringup' build argument 'cmake_target' from command line to 'None'
[1.557s] Level 5:colcon.colcon_core.verb:set package 'robot_bringup' build argument 'cmake_target_skip_unavailable' from command line to 'False'
[1.557s] Level 5:colcon.colcon_core.verb:set package 'robot_bringup' build argument 'cmake_clean_cache' from command line to 'False'
[1.557s] Level 5:colcon.colcon_core.verb:set package 'robot_bringup' build argument 'cmake_clean_first' from command line to 'False'
[1.557s] Level 5:colcon.colcon_core.verb:set package 'robot_bringup' build argument 'cmake_force_configure' from command line to 'False'
[1.557s] Level 5:colcon.colcon_core.verb:set package 'robot_bringup' build argument 'ament_cmake_args' from command line to 'None'
[1.557s] Level 5:colcon.colcon_core.verb:set package 'robot_bringup' build argument 'catkin_cmake_args' from command line to 'None'
[1.557s] Level 5:colcon.colcon_core.verb:set package 'robot_bringup' build argument 'catkin_skip_building_tests' from command line to 'False'
[1.557s] DEBUG:colcon.colcon_core.verb:Building package 'robot_bringup' with the following arguments: {'ament_cmake_args': None, 'build_base': '/home/johan/sllidar_ws/build/robot_bringup', 'catkin_cmake_args': None, 'catkin_skip_building_tests': False, 'cmake_args': None, 'cmake_clean_cache': False, 'cmake_clean_first': False, 'cmake_force_configure': False, 'cmake_target': None, 'cmake_target_skip_unavailable': False, 'install_base': '/home/johan/sllidar_ws/install/robot_bringup', 'merge_install': False, 'path': '/home/johan/sllidar_ws/src/robot_bringup', 'symlink_install': False, 'test_result_base': None}
[1.576s] Level 5:colcon.colcon_core.verb:set package 'robot_cartographer' build argument 'cmake_args' from command line to 'None'
[1.576s] Level 5:colcon.colcon_core.verb:set package 'robot_cartographer' build argument 'cmake_target' from command line to 'None'
[1.576s] Level 5:colcon.colcon_core.verb:set package 'robot_cartographer' build argument 'cmake_target_skip_unavailable' from command line to 'False'
[1.576s] Level 5:colcon.colcon_core.verb:set package 'robot_cartographer' build argument 'cmake_clean_cache' from command line to 'False'
[1.576s] Level 5:colcon.colcon_core.verb:set package 'robot_cartographer' build argument 'cmake_clean_first' from command line to 'False'
[1.576s] Level 5:colcon.colcon_core.verb:set package 'robot_cartographer' build argument 'cmake_force_configure' from command line to 'False'
[1.576s] Level 5:colcon.colcon_core.verb:set package 'robot_cartographer' build argument 'ament_cmake_args' from command line to 'None'
[1.576s] Level 5:colcon.colcon_core.verb:set package 'robot_cartographer' build argument 'catkin_cmake_args' from command line to 'None'
[1.576s] Level 5:colcon.colcon_core.verb:set package 'robot_cartographer' build argument 'catkin_skip_building_tests' from command line to 'False'
[1.576s] DEBUG:colcon.colcon_core.verb:Building package 'robot_cartographer' with the following arguments: {'ament_cmake_args': None, 'build_base': '/home/johan/sllidar_ws/build/robot_cartographer', 'catkin_cmake_args': None, 'catkin_skip_building_tests': False, 'cmake_args': None, 'cmake_clean_cache': False, 'cmake_clean_first': False, 'cmake_force_configure': False, 'cmake_target': None, 'cmake_target_skip_unavailable': False, 'install_base': '/home/johan/sllidar_ws/install/robot_cartographer', 'merge_install': False, 'path': '/home/johan/sllidar_ws/src/robot_cartographer', 'symlink_install': False, 'test_result_base': None}
[1.595s] Level 5:colcon.colcon_core.verb:set package 'robot_navigation2' build argument 'cmake_args' from command line to 'None'
[1.595s] Level 5:colcon.colcon_core.verb:set package 'robot_navigation2' build argument 'cmake_target' from command line to 'None'
[1.595s] Level 5:colcon.colcon_core.verb:set package 'robot_navigation2' build argument 'cmake_target_skip_unavailable' from command line to 'False'
[1.595s] Level 5:colcon.colcon_core.verb:set package 'robot_navigation2' build argument 'cmake_clean_cache' from command line to 'False'
[1.595s] Level 5:colcon.colcon_core.verb:set package 'robot_navigation2' build argument 'cmake_clean_first' from command line to 'False'
[1.595s] Level 5:colcon.colcon_core.verb:set package 'robot_navigation2' build argument 'cmake_force_configure' from command line to 'False'
[1.595s] Level 5:colcon.colcon_core.verb:set package 'robot_navigation2' build argument 'ament_cmake_args' from command line to 'None'
[1.595s] Level 5:colcon.colcon_core.verb:set package 'robot_navigation2' build argument 'catkin_cmake_args' from command line to 'None'
[1.595s] Level 5:colcon.colcon_core.verb:set package 'robot_navigation2' build argument 'catkin_skip_building_tests' from command line to 'False'
[1.595s] DEBUG:colcon.colcon_core.verb:Building package 'robot_navigation2' with the following arguments: {'ament_cmake_args': None, 'build_base': '/home/johan/sllidar_ws/build/robot_navigation2', 'catkin_cmake_args': None, 'catkin_skip_building_tests': False, 'cmake_args': None, 'cmake_clean_cache': False, 'cmake_clean_first': False, 'cmake_force_configure': False, 'cmake_target': None, 'cmake_target_skip_unavailable': False, 'install_base': '/home/johan/sllidar_ws/install/robot_navigation2', 'merge_install': False, 'path': '/home/johan/sllidar_ws/src/robot_navigation2', 'symlink_install': False, 'test_result_base': None}
[1.614s] Level 5:colcon.colcon_core.verb:set package 'robot_template' build argument 'cmake_args' from command line to 'None'
[1.614s] Level 5:colcon.colcon_core.verb:set package 'robot_template' build argument 'cmake_target' from command line to 'None'
[1.614s] Level 5:colcon.colcon_core.verb:set package 'robot_template' build argument 'cmake_target_skip_unavailable' from command line to 'False'
[1.614s] Level 5:colcon.colcon_core.verb:set package 'robot_template' build argument 'cmake_clean_cache' from command line to 'False'
[1.614s] Level 5:colcon.colcon_core.verb:set package 'robot_template' build argument 'cmake_clean_first' from command line to 'False'
[1.614s] Level 5:colcon.colcon_core.verb:set package 'robot_template' build argument 'cmake_force_configure' from command line to 'False'
[1.614s] Level 5:colcon.colcon_core.verb:set package 'robot_template' build argument 'ament_cmake_args' from command line to 'None'
[1.614s] Level 5:colcon.colcon_core.verb:set package 'robot_template' build argument 'catkin_cmake_args' from command line to 'None'
[1.614s] Level 5:colcon.colcon_core.verb:set package 'robot_template' build argument 'catkin_skip_building_tests' from command line to 'False'
[1.614s] DEBUG:colcon.colcon_core.verb:Building package 'robot_template' with the following arguments: {'ament_cmake_args': None, 'build_base': '/home/johan/sllidar_ws/build/robot_template', 'catkin_cmake_args': None, 'catkin_skip_building_tests': False, 'cmake_args': None, 'cmake_clean_cache': False, 'cmake_clean_first': False, 'cmake_force_configure': False, 'cmake_target': None, 'cmake_target_skip_unavailable': False, 'install_base': '/home/johan/sllidar_ws/install/robot_template', 'merge_install': False, 'path': '/home/johan/sllidar_ws/src/robot_template', 'symlink_install': False, 'test_result_base': None}
[1.633s] Level 5:colcon.colcon_core.verb:set package 'sam_bot_description' build argument 'cmake_args' from command line to 'None'
[1.633s] Level 5:colcon.colcon_core.verb:set package 'sam_bot_description' build argument 'cmake_target' from command line to 'None'
[1.633s] Level 5:colcon.colcon_core.verb:set package 'sam_bot_description' build argument 'cmake_target_skip_unavailable' from command line to 'False'
[1.633s] Level 5:colcon.colcon_core.verb:set package 'sam_bot_description' build argument 'cmake_clean_cache' from command line to 'False'
[1.633s] Level 5:colcon.colcon_core.verb:set package 'sam_bot_description' build argument 'cmake_clean_first' from command line to 'False'
[1.633s] Level 5:colcon.colcon_core.verb:set package 'sam_bot_description' build argument 'cmake_force_configure' from command line to 'False'
[1.633s] Level 5:colcon.colcon_core.verb:set package 'sam_bot_description' build argument 'ament_cmake_args' from command line to 'None'
[1.633s] Level 5:colcon.colcon_core.verb:set package 'sam_bot_description' build argument 'catkin_cmake_args' from command line to 'None'
[1.633s] Level 5:colcon.colcon_core.verb:set package 'sam_bot_description' build argument 'catkin_skip_building_tests' from command line to 'False'
[1.633s] DEBUG:colcon.colcon_core.verb:Building package 'sam_bot_description' with the following arguments: {'ament_cmake_args': None, 'build_base': '/home/johan/sllidar_ws/build/sam_bot_description', 'catkin_cmake_args': None, 'catkin_skip_building_tests': False, 'cmake_args': None, 'cmake_clean_cache': False, 'cmake_clean_first': False, 'cmake_force_configure': False, 'cmake_target': None, 'cmake_target_skip_unavailable': False, 'install_base': '/home/johan/sllidar_ws/install/sam_bot_description', 'merge_install': False, 'path': '/home/johan/sllidar_ws/src/sam_bot_description', 'symlink_install': False, 'test_result_base': None}
[1.651s] Level 5:colcon.colcon_core.verb:set package 'sllidar_ros2' build argument 'cmake_args' from command line to 'None'
[1.651s] Level 5:colcon.colcon_core.verb:set package 'sllidar_ros2' build argument 'cmake_target' from command line to 'None'
[1.651s] Level 5:colcon.colcon_core.verb:set package 'sllidar_ros2' build argument 'cmake_target_skip_unavailable' from command line to 'False'
[1.651s] Level 5:colcon.colcon_core.verb:set package 'sllidar_ros2' build argument 'cmake_clean_cache' from command line to 'False'
[1.651s] Level 5:colcon.colcon_core.verb:set package 'sllidar_ros2' build argument 'cmake_clean_first' from command line to 'False'
[1.651s] Level 5:colcon.colcon_core.verb:set package 'sllidar_ros2' build argument 'cmake_force_configure' from command line to 'False'
[1.651s] Level 5:colcon.colcon_core.verb:set package 'sllidar_ros2' build argument 'ament_cmake_args' from command line to 'None'
[1.651s] Level 5:colcon.colcon_core.verb:set package 'sllidar_ros2' build argument 'catkin_cmake_args' from command line to 'None'
[1.651s] Level 5:colcon.colcon_core.verb:set package 'sllidar_ros2' build argument 'catkin_skip_building_tests' from command line to 'False'
[1.651s] DEBUG:colcon.colcon_core.verb:Building package 'sllidar_ros2' with the following arguments: {'ament_cmake_args': None, 'build_base': '/home/johan/sllidar_ws/build/sllidar_ros2', 'catkin_cmake_args': None, 'catkin_skip_building_tests': False, 'cmake_args': None, 'cmake_clean_cache': False, 'cmake_clean_first': False, 'cmake_force_configure': False, 'cmake_target': None, 'cmake_target_skip_unavailable': False, 'install_base': '/home/johan/sllidar_ws/install/sllidar_ros2', 'merge_install': False, 'path': '/home/johan/sllidar_ws/src/sllidar_ros2', 'symlink_install': False, 'test_result_base': None}
[1.677s] INFO:colcon.colcon_core.executor:Executing jobs using 'parallel' executor
[1.696s] DEBUG:colcon.colcon_parallel_executor.executor.parallel:run_until_complete
[1.696s] INFO:colcon.colcon_ros.task.ament_cmake.build:Building ROS package in '/home/johan/sllidar_ws/src/fdilink_ahrs_ROS2' with build type 'ament_cmake'
[1.697s] INFO:colcon.colcon_cmake.task.cmake.build:Building CMake package in '/home/johan/sllidar_ws/src/fdilink_ahrs_ROS2'
[1.720s] INFO:colcon.colcon_core.plugin_system:Skipping extension 'colcon_core.shell.bat': Not used on non-Windows systems
[1.720s] INFO:colcon.colcon_core.shell:Skip shell extension 'powershell' for command environment: Not usable outside of PowerShell
[1.720s] DEBUG:colcon.colcon_core.shell:Skip shell extension 'dsv' for command environment
[1.762s] INFO:colcon.colcon_ros.task.ament_cmake.build:Building ROS package in '/home/johan/sllidar_ws/src/robot_bringup' with build type 'ament_cmake'
[1.762s] INFO:colcon.colcon_cmake.task.cmake.build:Building CMake package in '/home/johan/sllidar_ws/src/robot_bringup'
[1.783s] INFO:colcon.colcon_core.shell:Skip shell extension 'powershell' for command environment: Not usable outside of PowerShell
[1.783s] DEBUG:colcon.colcon_core.shell:Skip shell extension 'dsv' for command environment
[1.827s] INFO:colcon.colcon_ros.task.ament_cmake.build:Building ROS package in '/home/johan/sllidar_ws/src/robot_cartographer' with build type 'ament_cmake'
[1.827s] INFO:colcon.colcon_cmake.task.cmake.build:Building CMake package in '/home/johan/sllidar_ws/src/robot_cartographer'
[1.847s] INFO:colcon.colcon_core.shell:Skip shell extension 'powershell' for command environment: Not usable outside of PowerShell
[1.848s] DEBUG:colcon.colcon_core.shell:Skip shell extension 'dsv' for command environment
[1.889s] INFO:colcon.colcon_ros.task.ament_cmake.build:Building ROS package in '/home/johan/sllidar_ws/src/robot_navigation2' with build type 'ament_cmake'
[1.889s] INFO:colcon.colcon_cmake.task.cmake.build:Building CMake package in '/home/johan/sllidar_ws/src/robot_navigation2'
[1.910s] INFO:colcon.colcon_core.shell:Skip shell extension 'powershell' for command environment: Not usable outside of PowerShell
[1.910s] DEBUG:colcon.colcon_core.shell:Skip shell extension 'dsv' for command environment
[1.952s] INFO:colcon.colcon_ros.task.ament_python.build:Building ROS package in '/home/johan/sllidar_ws/src/robot_template' with build type 'ament_python'
[1.952s] Level 1:colcon.colcon_core.shell:create_environment_hook('robot_template', 'ament_prefix_path')
[1.972s] INFO:colcon.colcon_core.shell:Creating environment hook '/home/johan/sllidar_ws/install/robot_template/share/robot_template/hook/ament_prefix_path.ps1'
[1.973s] INFO:colcon.colcon_core.shell:Creating environment descriptor '/home/johan/sllidar_ws/install/robot_template/share/robot_template/hook/ament_prefix_path.dsv'
[1.973s] INFO:colcon.colcon_core.shell:Creating environment hook '/home/johan/sllidar_ws/install/robot_template/share/robot_template/hook/ament_prefix_path.sh'
[1.993s] INFO:colcon.colcon_core.shell:Skip shell extension 'powershell' for command environment: Not usable outside of PowerShell
[1.993s] DEBUG:colcon.colcon_core.shell:Skip shell extension 'dsv' for command environment
[2.035s] INFO:colcon.colcon_ros.task.ament_cmake.build:Building ROS package in '/home/johan/sllidar_ws/src/sam_bot_description' with build type 'ament_cmake'
[2.036s] INFO:colcon.colcon_cmake.task.cmake.build:Building CMake package in '/home/johan/sllidar_ws/src/sam_bot_description'
[2.056s] INFO:colcon.colcon_core.shell:Skip shell extension 'powershell' for command environment: Not usable outside of PowerShell
[2.056s] DEBUG:colcon.colcon_core.shell:Skip shell extension 'dsv' for command environment
[2.097s] INFO:colcon.colcon_ros.task.ament_cmake.build:Building ROS package in '/home/johan/sllidar_ws/src/sllidar_ros2' with build type 'ament_cmake'
[2.098s] INFO:colcon.colcon_cmake.task.cmake.build:Building CMake package in '/home/johan/sllidar_ws/src/sllidar_ros2'
[2.118s] INFO:colcon.colcon_core.shell:Skip shell extension 'powershell' for command environment: Not usable outside of PowerShell
[2.118s] DEBUG:colcon.colcon_core.shell:Skip shell extension 'dsv' for command environment
[2.164s] DEBUG:colcon.colcon_core.event_handler.log_command:Invoking command in '/home/johan/sllidar_ws/build/fdilink_ahrs': CMAKE_PREFIX_PATH=/opt/ros/foxy /usr/bin/cmake --build /home/johan/sllidar_ws/build/fdilink_ahrs -- -j16 -l16
[2.168s] DEBUG:colcon.colcon_core.event_handler.log_command:Invoking command in '/home/johan/sllidar_ws/build/robot_bringup': CMAKE_PREFIX_PATH=/opt/ros/foxy /usr/bin/cmake --build /home/johan/sllidar_ws/build/robot_bringup -- -j16 -l16
[2.175s] DEBUG:colcon.colcon_core.event_handler.log_command:Invoking command in '/home/johan/sllidar_ws/build/robot_cartographer': CMAKE_PREFIX_PATH=/opt/ros/foxy /usr/bin/cmake --build /home/johan/sllidar_ws/build/robot_cartographer -- -j16 -l16
[2.176s] DEBUG:colcon.colcon_core.event_handler.log_command:Invoking command in '/home/johan/sllidar_ws/build/robot_navigation2': CMAKE_PREFIX_PATH=/opt/ros/foxy /usr/bin/cmake --build /home/johan/sllidar_ws/build/robot_navigation2 -- -j16 -l16
[2.300s] INFO:colcon.colcon_core.task.python.build:Building Python package in '/home/johan/sllidar_ws/src/robot_template'
[2.321s] INFO:colcon.colcon_core.shell:Skip shell extension 'powershell' for command environment: Not usable outside of PowerShell
[2.321s] DEBUG:colcon.colcon_core.shell:Skip shell extension 'dsv' for command environment
[2.368s] DEBUG:colcon.colcon_core.event_handler.log_command:Invoking command in '/home/johan/sllidar_ws/build/sam_bot_description': CMAKE_PREFIX_PATH=/opt/ros/foxy /usr/bin/cmake --build /home/johan/sllidar_ws/build/sam_bot_description -- -j16 -l16
[2.372s] DEBUG:colcon.colcon_core.event_handler.log_command:Invoking command in '/home/johan/sllidar_ws/build/sllidar_ros2': CMAKE_PREFIX_PATH=/opt/ros/foxy /usr/bin/cmake --build /home/johan/sllidar_ws/build/sllidar_ros2 -- -j16 -l16
[2.375s] DEBUG:colcon.colcon_core.event_handler.log_command:Invoked command in '/home/johan/sllidar_ws/build/fdilink_ahrs' returned '0': CMAKE_PREFIX_PATH=/opt/ros/foxy /usr/bin/cmake --build /home/johan/sllidar_ws/build/fdilink_ahrs -- -j16 -l16
[2.378s] DEBUG:colcon.colcon_core.event_handler.log_command:Invoked command in '/home/johan/sllidar_ws/build/robot_bringup' returned '0': CMAKE_PREFIX_PATH=/opt/ros/foxy /usr/bin/cmake --build /home/johan/sllidar_ws/build/robot_bringup -- -j16 -l16
[2.381s] DEBUG:colcon.colcon_core.event_handler.log_command:Invoked command in '/home/johan/sllidar_ws/build/robot_cartographer' returned '0': CMAKE_PREFIX_PATH=/opt/ros/foxy /usr/bin/cmake --build /home/johan/sllidar_ws/build/robot_cartographer -- -j16 -l16
[2.385s] DEBUG:colcon.colcon_core.event_handler.log_command:Invoked command in '/home/johan/sllidar_ws/build/robot_navigation2' returned '0': CMAKE_PREFIX_PATH=/opt/ros/foxy /usr/bin/cmake --build /home/johan/sllidar_ws/build/robot_navigation2 -- -j16 -l16
[2.396s] DEBUG:colcon.colcon_core.event_handler.log_command:Invoked command in '/home/johan/sllidar_ws/build/sam_bot_description' returned '0': CMAKE_PREFIX_PATH=/opt/ros/foxy /usr/bin/cmake --build /home/johan/sllidar_ws/build/sam_bot_description -- -j16 -l16
[2.412s] DEBUG:colcon.colcon_core.event_handler.log_command:Invoking command in '/home/johan/sllidar_ws/build/fdilink_ahrs': CMAKE_PREFIX_PATH=/opt/ros/foxy /usr/bin/cmake --install /home/johan/sllidar_ws/build/fdilink_ahrs
[2.416s] DEBUG:colcon.colcon_core.event_handler.log_command:Invoking command in '/home/johan/sllidar_ws/build/robot_bringup': CMAKE_PREFIX_PATH=/opt/ros/foxy /usr/bin/cmake --install /home/johan/sllidar_ws/build/robot_bringup
[2.419s] DEBUG:colcon.colcon_core.event_handler.log_command:Invoking command in '/home/johan/sllidar_ws/build/robot_cartographer': CMAKE_PREFIX_PATH=/opt/ros/foxy /usr/bin/cmake --install /home/johan/sllidar_ws/build/robot_cartographer
[2.424s] DEBUG:colcon.colcon_core.event_handler.log_command:Invoking command in '/home/johan/sllidar_ws/build/robot_navigation2': CMAKE_PREFIX_PATH=/opt/ros/foxy /usr/bin/cmake --install /home/johan/sllidar_ws/build/robot_navigation2
[2.429s] DEBUG:colcon.colcon_core.event_handler.log_command:Invoking command in '/home/johan/sllidar_ws/build/sam_bot_description': CMAKE_PREFIX_PATH=/opt/ros/foxy /usr/bin/cmake --install /home/johan/sllidar_ws/build/sam_bot_description
[2.432s] Level 1:colcon.colcon_core.environment:create_environment_scripts_only(fdilink_ahrs)
[2.435s] DEBUG:colcon.colcon_core.event_handler.log_command:Invoked command in '/home/johan/sllidar_ws/build/fdilink_ahrs' returned '0': CMAKE_PREFIX_PATH=/opt/ros/foxy /usr/bin/cmake --install /home/johan/sllidar_ws/build/fdilink_ahrs
[2.474s] Level 1:colcon.colcon_core.environment:checking '/home/johan/sllidar_ws/install/fdilink_ahrs' for CMake module files
[2.474s] Level 1:colcon.colcon_core.environment:checking '/home/johan/sllidar_ws/install/fdilink_ahrs' for CMake config files
[2.475s] Level 1:colcon.colcon_core.shell:create_environment_hook('fdilink_ahrs', 'cmake_prefix_path')
[2.495s] INFO:colcon.colcon_core.shell:Creating environment hook '/home/johan/sllidar_ws/install/fdilink_ahrs/share/fdilink_ahrs/hook/cmake_prefix_path.ps1'
[2.495s] INFO:colcon.colcon_core.shell:Creating environment descriptor '/home/johan/sllidar_ws/install/fdilink_ahrs/share/fdilink_ahrs/hook/cmake_prefix_path.dsv'
[2.495s] INFO:colcon.colcon_core.shell:Creating environment hook '/home/johan/sllidar_ws/install/fdilink_ahrs/share/fdilink_ahrs/hook/cmake_prefix_path.sh'
[2.495s] Level 1:colcon.colcon_core.environment:checking '/home/johan/sllidar_ws/install/fdilink_ahrs/lib'
[2.496s] Level 1:colcon.colcon_core.environment:checking '/home/johan/sllidar_ws/install/fdilink_ahrs/bin'
[2.496s] Level 1:colcon.colcon_core.environment:checking '/home/johan/sllidar_ws/install/fdilink_ahrs/lib/pkgconfig/fdilink_ahrs.pc'
[2.496s] Level 1:colcon.colcon_core.environment:checking '/home/johan/sllidar_ws/install/fdilink_ahrs/lib/python3.8/site-packages'
[2.496s] Level 1:colcon.colcon_core.environment:checking '/home/johan/sllidar_ws/install/fdilink_ahrs/bin'
[2.516s] INFO:colcon.colcon_core.shell:Creating package script '/home/johan/sllidar_ws/install/fdilink_ahrs/share/fdilink_ahrs/package.ps1'
[2.516s] INFO:colcon.colcon_core.shell:Creating package descriptor '/home/johan/sllidar_ws/install/fdilink_ahrs/share/fdilink_ahrs/package.dsv'
[2.516s] INFO:colcon.colcon_core.shell:Creating package script '/home/johan/sllidar_ws/install/fdilink_ahrs/share/fdilink_ahrs/package.sh'
[2.517s] INFO:colcon.colcon_core.shell:Creating package script '/home/johan/sllidar_ws/install/fdilink_ahrs/share/fdilink_ahrs/package.bash'
[2.517s] INFO:colcon.colcon_core.shell:Creating package script '/home/johan/sllidar_ws/install/fdilink_ahrs/share/fdilink_ahrs/package.zsh'
[2.517s] Level 1:colcon.colcon_core.environment:create_file_with_runtime_dependencies(/home/johan/sllidar_ws/install/fdilink_ahrs/share/colcon-core/packages/fdilink_ahrs)
[2.520s] Level 1:colcon.colcon_core.environment:create_environment_scripts_only(robot_bringup)
[2.520s] DEBUG:colcon.colcon_core.event_handler.log_command:Invoked command in '/home/johan/sllidar_ws/build/robot_bringup' returned '0': CMAKE_PREFIX_PATH=/opt/ros/foxy /usr/bin/cmake --install /home/johan/sllidar_ws/build/robot_bringup
[2.540s] Level 1:colcon.colcon_core.environment:checking '/home/johan/sllidar_ws/install/robot_bringup' for CMake module files
[2.541s] Level 1:colcon.colcon_core.environment:checking '/home/johan/sllidar_ws/install/robot_bringup' for CMake config files
[2.541s] Level 1:colcon.colcon_core.shell:create_environment_hook('robot_bringup', 'cmake_prefix_path')
[2.560s] INFO:colcon.colcon_core.shell:Creating environment hook '/home/johan/sllidar_ws/install/robot_bringup/share/robot_bringup/hook/cmake_prefix_path.ps1'
[2.561s] INFO:colcon.colcon_core.shell:Creating environment descriptor '/home/johan/sllidar_ws/install/robot_bringup/share/robot_bringup/hook/cmake_prefix_path.dsv'
[2.561s] INFO:colcon.colcon_core.shell:Creating environment hook '/home/johan/sllidar_ws/install/robot_bringup/share/robot_bringup/hook/cmake_prefix_path.sh'
[2.561s] Level 1:colcon.colcon_core.environment:checking '/home/johan/sllidar_ws/install/robot_bringup/lib'
[2.561s] Level 1:colcon.colcon_core.environment:checking '/home/johan/sllidar_ws/install/robot_bringup/bin'
[2.561s] Level 1:colcon.colcon_core.environment:checking '/home/johan/sllidar_ws/install/robot_bringup/lib/pkgconfig/robot_bringup.pc'
[2.562s] Level 1:colcon.colcon_core.environment:checking '/home/johan/sllidar_ws/install/robot_bringup/lib/python3.8/site-packages'
[2.562s] Level 1:colcon.colcon_core.environment:checking '/home/johan/sllidar_ws/install/robot_bringup/bin'
[2.581s] INFO:colcon.colcon_core.shell:Creating package script '/home/johan/sllidar_ws/install/robot_bringup/share/robot_bringup/package.ps1'
[2.582s] INFO:colcon.colcon_core.shell:Creating package descriptor '/home/johan/sllidar_ws/install/robot_bringup/share/robot_bringup/package.dsv'
[2.582s] INFO:colcon.colcon_core.shell:Creating package script '/home/johan/sllidar_ws/install/robot_bringup/share/robot_bringup/package.sh'
[2.582s] INFO:colcon.colcon_core.shell:Creating package script '/home/johan/sllidar_ws/install/robot_bringup/share/robot_bringup/package.bash'
[2.582s] INFO:colcon.colcon_core.shell:Creating package script '/home/johan/sllidar_ws/install/robot_bringup/share/robot_bringup/package.zsh'
[2.582s] Level 1:colcon.colcon_core.environment:create_file_with_runtime_dependencies(/home/johan/sllidar_ws/install/robot_bringup/share/colcon-core/packages/robot_bringup)
[2.585s] Level 1:colcon.colcon_core.environment:create_environment_scripts_only(robot_cartographer)
[2.586s] DEBUG:colcon.colcon_core.event_handler.log_command:Invoked command in '/home/johan/sllidar_ws/build/robot_cartographer' returned '0': CMAKE_PREFIX_PATH=/opt/ros/foxy /usr/bin/cmake --install /home/johan/sllidar_ws/build/robot_cartographer
[2.607s] Level 1:colcon.colcon_core.environment:checking '/home/johan/sllidar_ws/install/robot_cartographer' for CMake module files
[2.608s] Level 1:colcon.colcon_core.environment:checking '/home/johan/sllidar_ws/install/robot_cartographer' for CMake config files
[2.608s] Level 1:colcon.colcon_core.shell:create_environment_hook('robot_cartographer', 'cmake_prefix_path')
[2.628s] INFO:colcon.colcon_core.shell:Creating environment hook '/home/johan/sllidar_ws/install/robot_cartographer/share/robot_cartographer/hook/cmake_prefix_path.ps1'
[2.628s] INFO:colcon.colcon_core.shell:Creating environment descriptor '/home/johan/sllidar_ws/install/robot_cartographer/share/robot_cartographer/hook/cmake_prefix_path.dsv'
[2.628s] INFO:colcon.colcon_core.shell:Creating environment hook '/home/johan/sllidar_ws/install/robot_cartographer/share/robot_cartographer/hook/cmake_prefix_path.sh'
[2.629s] Level 1:colcon.colcon_core.environment:checking '/home/johan/sllidar_ws/install/robot_cartographer/bin'
[2.629s] Level 1:colcon.colcon_core.environment:checking '/home/johan/sllidar_ws/install/robot_cartographer/lib/pkgconfig/robot_cartographer.pc'
[2.629s] Level 1:colcon.colcon_core.environment:checking '/home/johan/sllidar_ws/install/robot_cartographer/lib/python3.8/site-packages'
[2.629s] Level 1:colcon.colcon_core.environment:checking '/home/johan/sllidar_ws/install/robot_cartographer/bin'
[2.649s] INFO:colcon.colcon_core.shell:Creating package script '/home/johan/sllidar_ws/install/robot_cartographer/share/robot_cartographer/package.ps1'
[2.649s] INFO:colcon.colcon_core.shell:Creating package descriptor '/home/johan/sllidar_ws/install/robot_cartographer/share/robot_cartographer/package.dsv'
[2.650s] INFO:colcon.colcon_core.shell:Creating package script '/home/johan/sllidar_ws/install/robot_cartographer/share/robot_cartographer/package.sh'
[2.650s] INFO:colcon.colcon_core.shell:Creating package script '/home/johan/sllidar_ws/install/robot_cartographer/share/robot_cartographer/package.bash'
[2.650s] INFO:colcon.colcon_core.shell:Creating package script '/home/johan/sllidar_ws/install/robot_cartographer/share/robot_cartographer/package.zsh'
[2.650s] Level 1:colcon.colcon_core.environment:create_file_with_runtime_dependencies(/home/johan/sllidar_ws/install/robot_cartographer/share/colcon-core/packages/robot_cartographer)
[2.654s] DEBUG:colcon.colcon_core.event_handler.log_command:Invoked command in '/home/johan/sllidar_ws/build/sllidar_ros2' returned '0': CMAKE_PREFIX_PATH=/opt/ros/foxy /usr/bin/cmake --build /home/johan/sllidar_ws/build/sllidar_ros2 -- -j16 -l16
[2.656s] Level 1:colcon.colcon_core.environment:create_environment_scripts_only(robot_navigation2)
[2.656s] DEBUG:colcon.colcon_core.event_handler.log_command:Invoked command in '/home/johan/sllidar_ws/build/robot_navigation2' returned '0': CMAKE_PREFIX_PATH=/opt/ros/foxy /usr/bin/cmake --install /home/johan/sllidar_ws/build/robot_navigation2
[2.681s] Level 1:colcon.colcon_core.environment:checking '/home/johan/sllidar_ws/install/robot_navigation2' for CMake module files
[2.681s] Level 1:colcon.colcon_core.environment:checking '/home/johan/sllidar_ws/install/robot_navigation2' for CMake config files
[2.681s] Level 1:colcon.colcon_core.shell:create_environment_hook('robot_navigation2', 'cmake_prefix_path')
[2.701s] INFO:colcon.colcon_core.shell:Creating environment hook '/home/johan/sllidar_ws/install/robot_navigation2/share/robot_navigation2/hook/cmake_prefix_path.ps1'
[2.702s] INFO:colcon.colcon_core.shell:Creating environment descriptor '/home/johan/sllidar_ws/install/robot_navigation2/share/robot_navigation2/hook/cmake_prefix_path.dsv'
[2.702s] INFO:colcon.colcon_core.shell:Creating environment hook '/home/johan/sllidar_ws/install/robot_navigation2/share/robot_navigation2/hook/cmake_prefix_path.sh'
[2.703s] Level 1:colcon.colcon_core.environment:checking '/home/johan/sllidar_ws/install/robot_navigation2/bin'
[2.703s] Level 1:colcon.colcon_core.environment:checking '/home/johan/sllidar_ws/install/robot_navigation2/lib/pkgconfig/robot_navigation2.pc'
[2.703s] Level 1:colcon.colcon_core.environment:checking '/home/johan/sllidar_ws/install/robot_navigation2/lib/python3.8/site-packages'
[2.703s] Level 1:colcon.colcon_core.environment:checking '/home/johan/sllidar_ws/install/robot_navigation2/bin'
[2.723s] INFO:colcon.colcon_core.shell:Creating package script '/home/johan/sllidar_ws/install/robot_navigation2/share/robot_navigation2/package.ps1'
[2.723s] INFO:colcon.colcon_core.shell:Creating package descriptor '/home/johan/sllidar_ws/install/robot_navigation2/share/robot_navigation2/package.dsv'
[2.723s] INFO:colcon.colcon_core.shell:Creating package script '/home/johan/sllidar_ws/install/robot_navigation2/share/robot_navigation2/package.sh'
[2.723s] INFO:colcon.colcon_core.shell:Creating package script '/home/johan/sllidar_ws/install/robot_navigation2/share/robot_navigation2/package.bash'
[2.723s] INFO:colcon.colcon_core.shell:Creating package script '/home/johan/sllidar_ws/install/robot_navigation2/share/robot_navigation2/package.zsh'
[2.724s] Level 1:colcon.colcon_core.environment:create_file_with_runtime_dependencies(/home/johan/sllidar_ws/install/robot_navigation2/share/colcon-core/packages/robot_navigation2)
[2.726s] Level 1:colcon.colcon_core.environment:create_environment_scripts_only(sam_bot_description)
[2.727s] DEBUG:colcon.colcon_core.event_handler.log_command:Invoked command in '/home/johan/sllidar_ws/build/sam_bot_description' returned '0': CMAKE_PREFIX_PATH=/opt/ros/foxy /usr/bin/cmake --install /home/johan/sllidar_ws/build/sam_bot_description
[2.747s] Level 1:colcon.colcon_core.environment:checking '/home/johan/sllidar_ws/install/sam_bot_description' for CMake module files
[2.747s] Level 1:colcon.colcon_core.environment:checking '/home/johan/sllidar_ws/install/sam_bot_description' for CMake config files
[2.747s] Level 1:colcon.colcon_core.shell:create_environment_hook('sam_bot_description', 'cmake_prefix_path')
[2.767s] INFO:colcon.colcon_core.shell:Creating environment hook '/home/johan/sllidar_ws/install/sam_bot_description/share/sam_bot_description/hook/cmake_prefix_path.ps1'
[2.767s] INFO:colcon.colcon_core.shell:Creating environment descriptor '/home/johan/sllidar_ws/install/sam_bot_description/share/sam_bot_description/hook/cmake_prefix_path.dsv'
[2.767s] INFO:colcon.colcon_core.shell:Creating environment hook '/home/johan/sllidar_ws/install/sam_bot_description/share/sam_bot_description/hook/cmake_prefix_path.sh'
[2.768s] Level 1:colcon.colcon_core.environment:checking '/home/johan/sllidar_ws/install/sam_bot_description/bin'
[2.768s] Level 1:colcon.colcon_core.environment:checking '/home/johan/sllidar_ws/install/sam_bot_description/lib/pkgconfig/sam_bot_description.pc'
[2.768s] Level 1:colcon.colcon_core.environment:checking '/home/johan/sllidar_ws/install/sam_bot_description/lib/python3.8/site-packages'
[2.768s] Level 1:colcon.colcon_core.environment:checking '/home/johan/sllidar_ws/install/sam_bot_description/bin'
[2.788s] INFO:colcon.colcon_core.shell:Creating package script '/home/johan/sllidar_ws/install/sam_bot_description/share/sam_bot_description/package.ps1'
[2.788s] INFO:colcon.colcon_core.shell:Creating package descriptor '/home/johan/sllidar_ws/install/sam_bot_description/share/sam_bot_description/package.dsv'
[2.788s] INFO:colcon.colcon_core.shell:Creating package script '/home/johan/sllidar_ws/install/sam_bot_description/share/sam_bot_description/package.sh'
[2.789s] INFO:colcon.colcon_core.shell:Creating package script '/home/johan/sllidar_ws/install/sam_bot_description/share/sam_bot_description/package.bash'
[2.789s] INFO:colcon.colcon_core.shell:Creating package script '/home/johan/sllidar_ws/install/sam_bot_description/share/sam_bot_description/package.zsh'
[2.789s] Level 1:colcon.colcon_core.environment:create_file_with_runtime_dependencies(/home/johan/sllidar_ws/install/sam_bot_description/share/colcon-core/packages/sam_bot_description)
[2.813s] Level 1:colcon.colcon_core.environment:create_environment_scripts_only(fdilink_ahrs)
[2.832s] Level 1:colcon.colcon_core.environment:checking '/home/johan/sllidar_ws/install/fdilink_ahrs' for CMake module files
[2.833s] Level 1:colcon.colcon_core.environment:checking '/home/johan/sllidar_ws/install/fdilink_ahrs' for CMake config files
[2.833s] Level 1:colcon.colcon_core.shell:create_environment_hook('fdilink_ahrs', 'cmake_prefix_path')
[2.852s] INFO:colcon.colcon_core.shell:Creating environment hook '/home/johan/sllidar_ws/install/fdilink_ahrs/share/fdilink_ahrs/hook/cmake_prefix_path.ps1'
[2.853s] INFO:colcon.colcon_core.shell:Creating environment descriptor '/home/johan/sllidar_ws/install/fdilink_ahrs/share/fdilink_ahrs/hook/cmake_prefix_path.dsv'
[2.853s] INFO:colcon.colcon_core.shell:Creating environment hook '/home/johan/sllidar_ws/install/fdilink_ahrs/share/fdilink_ahrs/hook/cmake_prefix_path.sh'
[2.853s] Level 1:colcon.colcon_core.environment:checking '/home/johan/sllidar_ws/install/fdilink_ahrs/lib'
[2.853s] Level 1:colcon.colcon_core.environment:checking '/home/johan/sllidar_ws/install/fdilink_ahrs/bin'
[2.853s] Level 1:colcon.colcon_core.environment:checking '/home/johan/sllidar_ws/install/fdilink_ahrs/lib/pkgconfig/fdilink_ahrs.pc'
[2.853s] Level 1:colcon.colcon_core.environment:checking '/home/johan/sllidar_ws/install/fdilink_ahrs/lib/python3.8/site-packages'
[2.854s] Level 1:colcon.colcon_core.environment:checking '/home/johan/sllidar_ws/install/fdilink_ahrs/bin'
[2.873s] INFO:colcon.colcon_core.shell:Creating package script '/home/johan/sllidar_ws/install/fdilink_ahrs/share/fdilink_ahrs/package.ps1'
[2.873s] INFO:colcon.colcon_core.shell:Creating package descriptor '/home/johan/sllidar_ws/install/fdilink_ahrs/share/fdilink_ahrs/package.dsv'
[2.873s] INFO:colcon.colcon_core.shell:Creating package script '/home/johan/sllidar_ws/install/fdilink_ahrs/share/fdilink_ahrs/package.sh'
[2.874s] INFO:colcon.colcon_core.shell:Creating package script '/home/johan/sllidar_ws/install/fdilink_ahrs/share/fdilink_ahrs/package.bash'
[2.874s] INFO:colcon.colcon_core.shell:Creating package script '/home/johan/sllidar_ws/install/fdilink_ahrs/share/fdilink_ahrs/package.zsh'
[2.874s] Level 1:colcon.colcon_core.environment:create_file_with_runtime_dependencies(/home/johan/sllidar_ws/install/fdilink_ahrs/share/colcon-core/packages/fdilink_ahrs)
[2.894s] Level 1:colcon.colcon_core.environment:create_environment_scripts_only(robot_bringup)
[2.914s] Level 1:colcon.colcon_core.environment:checking '/home/johan/sllidar_ws/install/robot_bringup' for CMake module files
[2.914s] Level 1:colcon.colcon_core.environment:checking '/home/johan/sllidar_ws/install/robot_bringup' for CMake config files
[2.914s] Level 1:colcon.colcon_core.shell:create_environment_hook('robot_bringup', 'cmake_prefix_path')
[2.933s] INFO:colcon.colcon_core.shell:Creating environment hook '/home/johan/sllidar_ws/install/robot_bringup/share/robot_bringup/hook/cmake_prefix_path.ps1'
[2.934s] INFO:colcon.colcon_core.shell:Creating environment descriptor '/home/johan/sllidar_ws/install/robot_bringup/share/robot_bringup/hook/cmake_prefix_path.dsv'
[2.934s] INFO:colcon.colcon_core.shell:Creating environment hook '/home/johan/sllidar_ws/install/robot_bringup/share/robot_bringup/hook/cmake_prefix_path.sh'
[2.934s] Level 1:colcon.colcon_core.environment:checking '/home/johan/sllidar_ws/install/robot_bringup/lib'
[2.934s] Level 1:colcon.colcon_core.environment:checking '/home/johan/sllidar_ws/install/robot_bringup/bin'
[2.934s] Level 1:colcon.colcon_core.environment:checking '/home/johan/sllidar_ws/install/robot_bringup/lib/pkgconfig/robot_bringup.pc'
[2.934s] Level 1:colcon.colcon_core.environment:checking '/home/johan/sllidar_ws/install/robot_bringup/lib/python3.8/site-packages'
[2.934s] Level 1:colcon.colcon_core.environment:checking '/home/johan/sllidar_ws/install/robot_bringup/bin'
[2.954s] INFO:colcon.colcon_core.shell:Creating package script '/home/johan/sllidar_ws/install/robot_bringup/share/robot_bringup/package.ps1'
[2.954s] INFO:colcon.colcon_core.shell:Creating package descriptor '/home/johan/sllidar_ws/install/robot_bringup/share/robot_bringup/package.dsv'
[2.954s] INFO:colcon.colcon_core.shell:Creating package script '/home/johan/sllidar_ws/install/robot_bringup/share/robot_bringup/package.sh'
[2.954s] INFO:colcon.colcon_core.shell:Creating package script '/home/johan/sllidar_ws/install/robot_bringup/share/robot_bringup/package.bash'
[2.955s] INFO:colcon.colcon_core.shell:Creating package script '/home/johan/sllidar_ws/install/robot_bringup/share/robot_bringup/package.zsh'
[2.955s] Level 1:colcon.colcon_core.environment:create_file_with_runtime_dependencies(/home/johan/sllidar_ws/install/robot_bringup/share/colcon-core/packages/robot_bringup)
[2.958s] DEBUG:colcon.colcon_core.event_handler.log_command:Invoking command in '/home/johan/sllidar_ws/src/robot_template': PYTHONPATH=/home/johan/sllidar_ws/build/robot_template/prefix_override:/home/johan/sllidar_ws/install/robot_template/lib/python3.8/site-packages:${PYTHONPATH} /usr/bin/python3 setup.py egg_info --egg-base ../../build/robot_template build --build-base /home/johan/sllidar_ws/build/robot_template/build install --record /home/johan/sllidar_ws/build/robot_template/install.log --install-scripts $base/lib/robot_template --single-version-externally-managed
[2.979s] Level 1:colcon.colcon_core.environment:create_environment_scripts_only(robot_cartographer)
[3.007s] Level 1:colcon.colcon_core.environment:checking '/home/johan/sllidar_ws/install/robot_cartographer' for CMake module files
[3.007s] Level 1:colcon.colcon_core.environment:checking '/home/johan/sllidar_ws/install/robot_cartographer' for CMake config files
[3.007s] Level 1:colcon.colcon_core.shell:create_environment_hook('robot_cartographer', 'cmake_prefix_path')
[3.026s] INFO:colcon.colcon_core.shell:Creating environment hook '/home/johan/sllidar_ws/install/robot_cartographer/share/robot_cartographer/hook/cmake_prefix_path.ps1'
[3.027s] INFO:colcon.colcon_core.shell:Creating environment descriptor '/home/johan/sllidar_ws/install/robot_cartographer/share/robot_cartographer/hook/cmake_prefix_path.dsv'
[3.027s] INFO:colcon.colcon_core.shell:Creating environment hook '/home/johan/sllidar_ws/install/robot_cartographer/share/robot_cartographer/hook/cmake_prefix_path.sh'
[3.027s] Level 1:colcon.colcon_core.environment:checking '/home/johan/sllidar_ws/install/robot_cartographer/bin'
[3.027s] Level 1:colcon.colcon_core.environment:checking '/home/johan/sllidar_ws/install/robot_cartographer/lib/pkgconfig/robot_cartographer.pc'
[3.027s] Level 1:colcon.colcon_core.environment:checking '/home/johan/sllidar_ws/install/robot_cartographer/lib/python3.8/site-packages'
[3.027s] Level 1:colcon.colcon_core.environment:checking '/home/johan/sllidar_ws/install/robot_cartographer/bin'
[3.047s] INFO:colcon.colcon_core.shell:Creating package script '/home/johan/sllidar_ws/install/robot_cartographer/share/robot_cartographer/package.ps1'
[3.047s] INFO:colcon.colcon_core.shell:Creating package descriptor '/home/johan/sllidar_ws/install/robot_cartographer/share/robot_cartographer/package.dsv'
[3.047s] INFO:colcon.colcon_core.shell:Creating package script '/home/johan/sllidar_ws/install/robot_cartographer/share/robot_cartographer/package.sh'
[3.048s] INFO:colcon.colcon_core.shell:Creating package script '/home/johan/sllidar_ws/install/robot_cartographer/share/robot_cartographer/package.bash'
[3.048s] INFO:colcon.colcon_core.shell:Creating package script '/home/johan/sllidar_ws/install/robot_cartographer/share/robot_cartographer/package.zsh'
[3.048s] Level 1:colcon.colcon_core.environment:create_file_with_runtime_dependencies(/home/johan/sllidar_ws/install/robot_cartographer/share/colcon-core/packages/robot_cartographer)
[3.050s] DEBUG:colcon.colcon_core.event_handler.log_command:Invoking command in '/home/johan/sllidar_ws/build/sllidar_ros2': CMAKE_PREFIX_PATH=/opt/ros/foxy /usr/bin/cmake --install /home/johan/sllidar_ws/build/sllidar_ros2
[3.071s] Level 1:colcon.colcon_core.environment:create_environment_scripts_only(robot_navigation2)
[3.091s] Level 1:colcon.colcon_core.environment:checking '/home/johan/sllidar_ws/install/robot_navigation2' for CMake module files
[3.091s] Level 1:colcon.colcon_core.environment:checking '/home/johan/sllidar_ws/install/robot_navigation2' for CMake config files
[3.091s] Level 1:colcon.colcon_core.shell:create_environment_hook('robot_navigation2', 'cmake_prefix_path')
[3.112s] INFO:colcon.colcon_core.shell:Creating environment hook '/home/johan/sllidar_ws/install/robot_navigation2/share/robot_navigation2/hook/cmake_prefix_path.ps1'
[3.112s] INFO:colcon.colcon_core.shell:Creating environment descriptor '/home/johan/sllidar_ws/install/robot_navigation2/share/robot_navigation2/hook/cmake_prefix_path.dsv'
[3.112s] INFO:colcon.colcon_core.shell:Creating environment hook '/home/johan/sllidar_ws/install/robot_navigation2/share/robot_navigation2/hook/cmake_prefix_path.sh'
[3.113s] Level 1:colcon.colcon_core.environment:checking '/home/johan/sllidar_ws/install/robot_navigation2/bin'
[3.113s] Level 1:colcon.colcon_core.environment:checking '/home/johan/sllidar_ws/install/robot_navigation2/lib/pkgconfig/robot_navigation2.pc'
[3.113s] Level 1:colcon.colcon_core.environment:checking '/home/johan/sllidar_ws/install/robot_navigation2/lib/python3.8/site-packages'
[3.113s] Level 1:colcon.colcon_core.environment:checking '/home/johan/sllidar_ws/install/robot_navigation2/bin'
[3.133s] INFO:colcon.colcon_core.shell:Creating package script '/home/johan/sllidar_ws/install/robot_navigation2/share/robot_navigation2/package.ps1'
[3.133s] INFO:colcon.colcon_core.shell:Creating package descriptor '/home/johan/sllidar_ws/install/robot_navigation2/share/robot_navigation2/package.dsv'
[3.134s] INFO:colcon.colcon_core.shell:Creating package script '/home/johan/sllidar_ws/install/robot_navigation2/share/robot_navigation2/package.sh'
[3.134s] INFO:colcon.colcon_core.shell:Creating package script '/home/johan/sllidar_ws/install/robot_navigation2/share/robot_navigation2/package.bash'
[3.134s] INFO:colcon.colcon_core.shell:Creating package script '/home/johan/sllidar_ws/install/robot_navigation2/share/robot_navigation2/package.zsh'
[3.134s] Level 1:colcon.colcon_core.environment:create_file_with_runtime_dependencies(/home/johan/sllidar_ws/install/robot_navigation2/share/colcon-core/packages/robot_navigation2)
[3.154s] Level 1:colcon.colcon_core.environment:create_environment_scripts_only(sam_bot_description)
[3.173s] Level 1:colcon.colcon_core.environment:checking '/home/johan/sllidar_ws/install/sam_bot_description' for CMake module files
[3.174s] Level 1:colcon.colcon_core.environment:checking '/home/johan/sllidar_ws/install/sam_bot_description' for CMake config files
[3.174s] Level 1:colcon.colcon_core.shell:create_environment_hook('sam_bot_description', 'cmake_prefix_path')
[3.193s] INFO:colcon.colcon_core.shell:Creating environment hook '/home/johan/sllidar_ws/install/sam_bot_description/share/sam_bot_description/hook/cmake_prefix_path.ps1'
[3.193s] INFO:colcon.colcon_core.shell:Creating environment descriptor '/home/johan/sllidar_ws/install/sam_bot_description/share/sam_bot_description/hook/cmake_prefix_path.dsv'
[3.193s] INFO:colcon.colcon_core.shell:Creating environment hook '/home/johan/sllidar_ws/install/sam_bot_description/share/sam_bot_description/hook/cmake_prefix_path.sh'
[3.194s] Level 1:colcon.colcon_core.environment:checking '/home/johan/sllidar_ws/install/sam_bot_description/bin'
[3.194s] Level 1:colcon.colcon_core.environment:checking '/home/johan/sllidar_ws/install/sam_bot_description/lib/pkgconfig/sam_bot_description.pc'
[3.194s] Level 1:colcon.colcon_core.environment:checking '/home/johan/sllidar_ws/install/sam_bot_description/lib/python3.8/site-packages'
[3.194s] Level 1:colcon.colcon_core.environment:checking '/home/johan/sllidar_ws/install/sam_bot_description/bin'
[3.213s] INFO:colcon.colcon_core.shell:Creating package script '/home/johan/sllidar_ws/install/sam_bot_description/share/sam_bot_description/package.ps1'
[3.214s] INFO:colcon.colcon_core.shell:Creating package descriptor '/home/johan/sllidar_ws/install/sam_bot_description/share/sam_bot_description/package.dsv'
[3.214s] INFO:colcon.colcon_core.shell:Creating package script '/home/johan/sllidar_ws/install/sam_bot_description/share/sam_bot_description/package.sh'
[3.214s] INFO:colcon.colcon_core.shell:Creating package script '/home/johan/sllidar_ws/install/sam_bot_description/share/sam_bot_description/package.bash'
[3.214s] INFO:colcon.colcon_core.shell:Creating package script '/home/johan/sllidar_ws/install/sam_bot_description/share/sam_bot_description/package.zsh'
[3.214s] Level 1:colcon.colcon_core.environment:create_file_with_runtime_dependencies(/home/johan/sllidar_ws/install/sam_bot_description/share/colcon-core/packages/sam_bot_description)
[3.217s] DEBUG:colcon.colcon_core.event_handler.log_command:Invoked command in '/home/johan/sllidar_ws/src/robot_template' returned '0': PYTHONPATH=/home/johan/sllidar_ws/build/robot_template/prefix_override:/home/johan/sllidar_ws/install/robot_template/lib/python3.8/site-packages:${PYTHONPATH} /usr/bin/python3 setup.py egg_info --egg-base ../../build/robot_template build --build-base /home/johan/sllidar_ws/build/robot_template/build install --record /home/johan/sllidar_ws/build/robot_template/install.log --install-scripts $base/lib/robot_template --single-version-externally-managed
[3.237s] Level 1:colcon.colcon_core.environment:checking '/home/johan/sllidar_ws/install/robot_template' for CMake module files
[3.237s] Level 1:colcon.colcon_core.environment:checking '/home/johan/sllidar_ws/install/robot_template' for CMake config files
[3.237s] Level 1:colcon.colcon_core.environment:checking '/home/johan/sllidar_ws/install/robot_template/lib'
[3.237s] Level 1:colcon.colcon_core.environment:checking '/home/johan/sllidar_ws/install/robot_template/bin'
[3.237s] Level 1:colcon.colcon_core.environment:checking '/home/johan/sllidar_ws/install/robot_template/lib/pkgconfig/robot_template.pc'
[3.237s] Level 1:colcon.colcon_core.environment:checking '/home/johan/sllidar_ws/install/robot_template/lib/python3.8/site-packages'
[3.238s] Level 1:colcon.colcon_core.shell:create_environment_hook('robot_template', 'pythonpath')
[3.257s] INFO:colcon.colcon_core.shell:Creating environment hook '/home/johan/sllidar_ws/install/robot_template/share/robot_template/hook/pythonpath.ps1'
[3.257s] INFO:colcon.colcon_core.shell:Creating environment descriptor '/home/johan/sllidar_ws/install/robot_template/share/robot_template/hook/pythonpath.dsv'
[3.257s] INFO:colcon.colcon_core.shell:Creating environment hook '/home/johan/sllidar_ws/install/robot_template/share/robot_template/hook/pythonpath.sh'
[3.257s] Level 1:colcon.colcon_core.environment:checking '/home/johan/sllidar_ws/install/robot_template/bin'
[3.257s] Level 1:colcon.colcon_core.environment:create_environment_scripts_only(robot_template)
[3.277s] INFO:colcon.colcon_core.shell:Creating package script '/home/johan/sllidar_ws/install/robot_template/share/robot_template/package.ps1'
[3.277s] INFO:colcon.colcon_core.shell:Creating package descriptor '/home/johan/sllidar_ws/install/robot_template/share/robot_template/package.dsv'
[3.277s] INFO:colcon.colcon_core.shell:Creating package script '/home/johan/sllidar_ws/install/robot_template/share/robot_template/package.sh'
[3.278s] INFO:colcon.colcon_core.shell:Creating package script '/home/johan/sllidar_ws/install/robot_template/share/robot_template/package.bash'
[3.278s] INFO:colcon.colcon_core.shell:Creating package script '/home/johan/sllidar_ws/install/robot_template/share/robot_template/package.zsh'
[3.278s] Level 1:colcon.colcon_core.environment:create_file_with_runtime_dependencies(/home/johan/sllidar_ws/install/robot_template/share/colcon-core/packages/robot_template)
[3.278s] Level 1:colcon.colcon_core.environment:create_environment_scripts_only(sllidar_ros2)
[3.279s] DEBUG:colcon.colcon_core.event_handler.log_command:Invoked command in '/home/johan/sllidar_ws/build/sllidar_ros2' returned '0': CMAKE_PREFIX_PATH=/opt/ros/foxy /usr/bin/cmake --install /home/johan/sllidar_ws/build/sllidar_ros2
[3.298s] Level 1:colcon.colcon_core.environment:checking '/home/johan/sllidar_ws/install/sllidar_ros2' for CMake module files
[3.303s] Level 1:colcon.colcon_core.environment:checking '/home/johan/sllidar_ws/install/sllidar_ros2' for CMake config files
[3.304s] Level 1:colcon.colcon_core.shell:create_environment_hook('sllidar_ros2', 'cmake_prefix_path')
[3.323s] INFO:colcon.colcon_core.shell:Creating environment hook '/home/johan/sllidar_ws/install/sllidar_ros2/share/sllidar_ros2/hook/cmake_prefix_path.ps1'
[3.324s] INFO:colcon.colcon_core.shell:Creating environment descriptor '/home/johan/sllidar_ws/install/sllidar_ros2/share/sllidar_ros2/hook/cmake_prefix_path.dsv'
[3.324s] INFO:colcon.colcon_core.shell:Creating environment hook '/home/johan/sllidar_ws/install/sllidar_ros2/share/sllidar_ros2/hook/cmake_prefix_path.sh'
[3.324s] Level 1:colcon.colcon_core.environment:checking '/home/johan/sllidar_ws/install/sllidar_ros2/lib'
[3.324s] Level 1:colcon.colcon_core.environment:checking '/home/johan/sllidar_ws/install/sllidar_ros2/bin'
[3.324s] Level 1:colcon.colcon_core.environment:checking '/home/johan/sllidar_ws/install/sllidar_ros2/lib/pkgconfig/sllidar_ros2.pc'
[3.324s] Level 1:colcon.colcon_core.environment:checking '/home/johan/sllidar_ws/install/sllidar_ros2/lib/python3.8/site-packages'
[3.324s] Level 1:colcon.colcon_core.environment:checking '/home/johan/sllidar_ws/install/sllidar_ros2/bin'
[3.344s] INFO:colcon.colcon_core.shell:Creating package script '/home/johan/sllidar_ws/install/sllidar_ros2/share/sllidar_ros2/package.ps1'
[3.344s] INFO:colcon.colcon_core.shell:Creating package descriptor '/home/johan/sllidar_ws/install/sllidar_ros2/share/sllidar_ros2/package.dsv'
[3.344s] INFO:colcon.colcon_core.shell:Creating package script '/home/johan/sllidar_ws/install/sllidar_ros2/share/sllidar_ros2/package.sh'
[3.344s] INFO:colcon.colcon_core.shell:Creating package script '/home/johan/sllidar_ws/install/sllidar_ros2/share/sllidar_ros2/package.bash'
[3.344s] INFO:colcon.colcon_core.shell:Creating package script '/home/johan/sllidar_ws/install/sllidar_ros2/share/sllidar_ros2/package.zsh'
[3.345s] Level 1:colcon.colcon_core.environment:create_file_with_runtime_dependencies(/home/johan/sllidar_ws/install/sllidar_ros2/share/colcon-core/packages/sllidar_ros2)
[3.401s] Level 1:colcon.colcon_core.environment:create_environment_scripts_only(sllidar_ros2)
[3.421s] Level 1:colcon.colcon_core.environment:checking '/home/johan/sllidar_ws/install/sllidar_ros2' for CMake module files
[3.421s] Level 1:colcon.colcon_core.environment:checking '/home/johan/sllidar_ws/install/sllidar_ros2' for CMake config files
[3.422s] Level 1:colcon.colcon_core.shell:create_environment_hook('sllidar_ros2', 'cmake_prefix_path')
[3.441s] INFO:colcon.colcon_core.shell:Creating environment hook '/home/johan/sllidar_ws/install/sllidar_ros2/share/sllidar_ros2/hook/cmake_prefix_path.ps1'
[3.441s] INFO:colcon.colcon_core.shell:Creating environment descriptor '/home/johan/sllidar_ws/install/sllidar_ros2/share/sllidar_ros2/hook/cmake_prefix_path.dsv'
[3.442s] INFO:colcon.colcon_core.shell:Creating environment hook '/home/johan/sllidar_ws/install/sllidar_ros2/share/sllidar_ros2/hook/cmake_prefix_path.sh'
[3.442s] Level 1:colcon.colcon_core.environment:checking '/home/johan/sllidar_ws/install/sllidar_ros2/lib'
[3.442s] Level 1:colcon.colcon_core.environment:checking '/home/johan/sllidar_ws/install/sllidar_ros2/bin'
[3.442s] Level 1:colcon.colcon_core.environment:checking '/home/johan/sllidar_ws/install/sllidar_ros2/lib/pkgconfig/sllidar_ros2.pc'
[3.442s] Level 1:colcon.colcon_core.environment:checking '/home/johan/sllidar_ws/install/sllidar_ros2/lib/python3.8/site-packages'
[3.442s] Level 1:colcon.colcon_core.environment:checking '/home/johan/sllidar_ws/install/sllidar_ros2/bin'
[3.462s] INFO:colcon.colcon_core.shell:Creating package script '/home/johan/sllidar_ws/install/sllidar_ros2/share/sllidar_ros2/package.ps1'
[3.462s] INFO:colcon.colcon_core.shell:Creating package descriptor '/home/johan/sllidar_ws/install/sllidar_ros2/share/sllidar_ros2/package.dsv'
[3.462s] INFO:colcon.colcon_core.shell:Creating package script '/home/johan/sllidar_ws/install/sllidar_ros2/share/sllidar_ros2/package.sh'
[3.462s] INFO:colcon.colcon_core.shell:Creating package script '/home/johan/sllidar_ws/install/sllidar_ros2/share/sllidar_ros2/package.bash'
[3.463s] INFO:colcon.colcon_core.shell:Creating package script '/home/johan/sllidar_ws/install/sllidar_ros2/share/sllidar_ros2/package.zsh'
[3.463s] Level 1:colcon.colcon_core.environment:create_file_with_runtime_dependencies(/home/johan/sllidar_ws/install/sllidar_ros2/share/colcon-core/packages/sllidar_ros2)
[3.463s] DEBUG:colcon.colcon_parallel_executor.executor.parallel:closing loop
[3.463s] DEBUG:colcon.colcon_parallel_executor.executor.parallel:loop closed
[3.463s] DEBUG:colcon.colcon_parallel_executor.executor.parallel:run_until_complete finished with '0'
[3.463s] DEBUG:colcon.colcon_core.event_reactor:joining thread
[3.487s] INFO:colcon.colcon_core.plugin_system:Skipping extension 'colcon_notification.desktop_notification.terminal_notifier': Not used on non-Darwin systems
[3.487s] INFO:colcon.colcon_core.plugin_system:Skipping extension 'colcon_notification.desktop_notification.win32': Not used on non-Windows systems
[3.487s] INFO:colcon.colcon_notification.desktop_notification:Sending desktop notification using 'notify2'
[3.500s] DEBUG:colcon.colcon_core.event_reactor:joined thread
[3.527s] INFO:colcon.colcon_core.shell:Creating prefix script '/home/johan/sllidar_ws/install/local_setup.ps1'
[3.527s] INFO:colcon.colcon_core.shell:Creating prefix util module '/home/johan/sllidar_ws/install/_local_setup_util_ps1.py'
[3.528s] INFO:colcon.colcon_core.shell:Creating prefix chain script '/home/johan/sllidar_ws/install/setup.ps1'
[3.548s] INFO:colcon.colcon_core.shell:Creating prefix script '/home/johan/sllidar_ws/install/local_setup.sh'
[3.548s] INFO:colcon.colcon_core.shell:Creating prefix util module '/home/johan/sllidar_ws/install/_local_setup_util_sh.py'
[3.548s] INFO:colcon.colcon_core.shell:Creating prefix chain script '/home/johan/sllidar_ws/install/setup.sh'
[3.568s] INFO:colcon.colcon_core.shell:Creating prefix script '/home/johan/sllidar_ws/install/local_setup.bash'
[3.568s] INFO:colcon.colcon_core.shell:Creating prefix chain script '/home/johan/sllidar_ws/install/setup.bash'
[3.588s] INFO:colcon.colcon_core.shell:Creating prefix script '/home/johan/sllidar_ws/install/local_setup.zsh'
[3.588s] INFO:colcon.colcon_core.shell:Creating prefix chain script '/home/johan/sllidar_ws/install/setup.zsh'
