[0.348s] Invoking command in '/home/johan/sllidar_ws/build/cartographer_ros_msgs': CMAKE_PREFIX_PATH=/opt/ros/foxy /usr/bin/cmake /home/johan/sllidar_ws/src/cartographer_ros/cartographer_ros_msgs -DCMAKE_INSTALL_PREFIX=/home/johan/sllidar_ws/install/cartographer_ros_msgs
[0.556s] -- The C compiler identification is GNU 9.4.0
[0.558s] -- The CXX compiler identification is GNU 9.4.0
[0.558s] -- Check for working C compiler: /usr/bin/cc
[0.559s] -- Check for working C compiler: /usr/bin/cc -- works
[0.559s] -- Detecting C compiler ABI info
[0.560s] -- Detecting C compiler ABI info - done
[0.561s] -- Detecting C compile features
[0.561s] -- Detecting C compile features - done
[0.562s] -- Check for working CXX compiler: /usr/bin/c++
[0.603s] -- Check for working CXX compiler: /usr/bin/c++ -- works
[0.604s] -- Detecting CXX compiler ABI info
[0.669s] -- Detecting CXX compiler ABI info - done
[0.677s] -- Detecting CXX compile features
[0.677s] -- Detecting CXX compile features - done
[0.677s] -- Found ament_cmake: 0.9.12 (/opt/ros/foxy/share/ament_cmake/cmake)
[0.694s] -- Found PythonInterp: /usr/bin/python3 (found suitable version "3.8.10", minimum required is "3") 
[0.694s] -- Using PYTHON_EXECUTABLE: /usr/bin/python3
[0.814s] -- Found rosidl_default_generators: 1.0.1 (/opt/ros/foxy/share/rosidl_default_generators/cmake)
[0.817s] -- Using all available rosidl_typesupport_c: rosidl_typesupport_fastrtps_c;rosidl_typesupport_introspection_c
[0.822s] -- Found rosidl_adapter: 1.3.1 (/opt/ros/foxy/share/rosidl_adapter/cmake)
[0.900s] -- Found OpenSSL: /usr/lib/x86_64-linux-gnu/libcrypto.so (found version "1.1.1f")  
[0.924s] -- Found FastRTPS: /opt/ros/foxy/include  
[0.985s] -- Using all available rosidl_typesupport_cpp: rosidl_typesupport_fastrtps_cpp;rosidl_typesupport_introspection_cpp
[1.004s] -- Found builtin_interfaces: 1.0.0 (/opt/ros/foxy/share/builtin_interfaces/cmake)
[1.013s] -- Found geometry_msgs: 2.0.5 (/opt/ros/foxy/share/geometry_msgs/cmake)
[1.066s] -- Found PythonInterp: /usr/bin/python3 (found version "3.8.10") 
[1.306s] -- Found ament_cmake_cppcheck: 0.9.8 (/opt/ros/foxy/share/ament_cmake_cppcheck/cmake)
[1.307s] -- Found ament_cmake_cpplint: 0.9.8 (/opt/ros/foxy/share/ament_cmake_cpplint/cmake)
[1.309s] -- Found ament_cmake_uncrustify: 0.9.8 (/opt/ros/foxy/share/ament_cmake_uncrustify/cmake)
[1.310s] -- Found ament_cmake_ros: 0.9.2 (/opt/ros/foxy/share/ament_cmake_ros/cmake)
[1.494s] -- Using all available rosidl_typesupport_c: rosidl_typesupport_fastrtps_c;rosidl_typesupport_introspection_c
[1.568s] -- Using all available rosidl_typesupport_cpp: rosidl_typesupport_fastrtps_cpp;rosidl_typesupport_introspection_cpp
[1.587s] -- Found PythonInterp: /usr/bin/python3 (found suitable version "3.8.10", minimum required is "3.5") 
[1.588s] -- Found python_cmake_module: 0.8.1 (/opt/ros/foxy/share/python_cmake_module/cmake)
[1.611s] -- Found PythonLibs: /usr/lib/x86_64-linux-gnu/libpython3.8.so (found suitable version "3.8.10", minimum required is "3.5") 
[1.611s] -- Using PYTHON_EXECUTABLE: /usr/bin/python3
[1.611s] -- Using PYTHON_INCLUDE_DIRS: /usr/include/python3.8
[1.612s] -- Using PYTHON_LIBRARIES: /usr/lib/x86_64-linux-gnu/libpython3.8.so
[1.626s] -- Found PythonExtra: .so  
[1.678s] -- Found ament_cmake_flake8: 0.9.8 (/opt/ros/foxy/share/ament_cmake_flake8/cmake)
[1.679s] -- Found ament_cmake_pep257: 0.9.8 (/opt/ros/foxy/share/ament_cmake_pep257/cmake)
[1.686s] -- Configuring done
[1.743s] -- Generating done
[1.745s] -- Build files have been written to: /home/johan/sllidar_ws/build/cartographer_ros_msgs
