[1.147s] DEBUG:colcon:Command line arguments: ['/usr/bin/colcon', 'build']
[1.147s] DEBUG:colcon:Parsed command line arguments: Namespace(allow_overriding=[], ament_cmake_args=None, base_paths=['.'], build_base='build', catkin_cmake_args=None, catkin_skip_building_tests=False, cmake_args=None, cmake_clean_cache=False, cmake_clean_first=False, cmake_force_configure=False, cmake_target=None, cmake_target_skip_unavailable=False, continue_on_error=False, event_handlers=None, executor='parallel', ignore_user_meta=False, install_base='install', log_base=None, log_level=None, main=<bound method BuildVerb.main of <colcon_core.verb.build.BuildVerb object at 0x7f6b4342b8e0>>, merge_install=False, metas=['./colcon.meta'], packages_above=None, packages_above_and_dependencies=None, packages_above_depth=None, packages_end=None, packages_ignore=None, packages_ignore_regex=None, packages_select=None, packages_select_build_failed=False, packages_select_by_dep=None, packages_select_regex=None, packages_select_test_failures=False, packages_skip=None, packages_skip_build_finished=False, packages_skip_by_dep=None, packages_skip_regex=None, packages_skip_test_passed=False, packages_skip_up_to=None, packages_start=None, packages_up_to=None, packages_up_to_regex=None, parallel_workers=16, paths=None, symlink_install=False, test_result_base=None, verb_extension=<colcon_core.verb.build.BuildVerb object at 0x7f6b4342b8e0>, verb_name='build', verb_parser=<colcon_defaults.argument_parser.defaults.DefaultArgumentsDecorator object at 0x7f6b433cbfd0>)
[1.198s] Level 1:colcon.colcon_core.package_discovery:discover_packages(colcon_meta) check parameters
[1.198s] Level 1:colcon.colcon_core.package_discovery:discover_packages(recursive) check parameters
[1.198s] Level 1:colcon.colcon_core.package_discovery:discover_packages(ignore) check parameters
[1.198s] Level 1:colcon.colcon_core.package_discovery:discover_packages(path) check parameters
[1.198s] Level 1:colcon.colcon_core.package_discovery:discover_packages(colcon_meta) discover
[1.198s] Level 1:colcon.colcon_core.package_discovery:discover_packages(recursive) discover
[1.198s] INFO:colcon.colcon_core.package_discovery:Crawling recursively for packages in '/home/johan/sllidar_ws'
[1.198s] Level 1:colcon.colcon_core.package_identification:_identify(.) by extensions ['ignore', 'ignore_ament_install']
[1.198s] Level 1:colcon.colcon_core.package_identification:_identify(.) by extension 'ignore'
[1.198s] Level 1:colcon.colcon_core.package_identification:_identify(.) by extension 'ignore_ament_install'
[1.198s] Level 1:colcon.colcon_core.package_identification:_identify(.) by extensions ['colcon_pkg']
[1.198s] Level 1:colcon.colcon_core.package_identification:_identify(.) by extension 'colcon_pkg'
[1.198s] Level 1:colcon.colcon_core.package_identification:_identify(.) by extensions ['colcon_meta']
[1.198s] Level 1:colcon.colcon_core.package_identification:_identify(.) by extension 'colcon_meta'
[1.198s] Level 1:colcon.colcon_core.package_identification:_identify(.) by extensions ['ros']
[1.198s] Level 1:colcon.colcon_core.package_identification:_identify(.) by extension 'ros'
[1.205s] Level 1:colcon.colcon_core.package_identification:_identify(.) by extensions ['cmake', 'python']
[1.205s] Level 1:colcon.colcon_core.package_identification:_identify(.) by extension 'cmake'
[1.205s] Level 1:colcon.colcon_core.package_identification:_identify(.) by extension 'python'
[1.205s] Level 1:colcon.colcon_core.package_identification:_identify(.) by extensions ['python_setup_py']
[1.205s] Level 1:colcon.colcon_core.package_identification:_identify(.) by extension 'python_setup_py'
[1.206s] Level 1:colcon.colcon_core.package_identification:_identify(build) by extensions ['ignore', 'ignore_ament_install']
[1.206s] Level 1:colcon.colcon_core.package_identification:_identify(build) by extension 'ignore'
[1.206s] Level 1:colcon.colcon_core.package_identification:_identify(build) ignored
[1.206s] Level 1:colcon.colcon_core.package_identification:_identify(install) by extensions ['ignore', 'ignore_ament_install']
[1.206s] Level 1:colcon.colcon_core.package_identification:_identify(install) by extension 'ignore'
[1.206s] Level 1:colcon.colcon_core.package_identification:_identify(install) ignored
[1.206s] Level 1:colcon.colcon_core.package_identification:_identify(log) by extensions ['ignore', 'ignore_ament_install']
[1.206s] Level 1:colcon.colcon_core.package_identification:_identify(log) by extension 'ignore'
[1.206s] Level 1:colcon.colcon_core.package_identification:_identify(log) ignored
[1.206s] Level 1:colcon.colcon_core.package_identification:_identify(src) by extensions ['ignore', 'ignore_ament_install']
[1.206s] Level 1:colcon.colcon_core.package_identification:_identify(src) by extension 'ignore'
[1.206s] Level 1:colcon.colcon_core.package_identification:_identify(src) by extension 'ignore_ament_install'
[1.206s] Level 1:colcon.colcon_core.package_identification:_identify(src) by extensions ['colcon_pkg']
[1.206s] Level 1:colcon.colcon_core.package_identification:_identify(src) by extension 'colcon_pkg'
[1.206s] Level 1:colcon.colcon_core.package_identification:_identify(src) by extensions ['colcon_meta']
[1.206s] Level 1:colcon.colcon_core.package_identification:_identify(src) by extension 'colcon_meta'
[1.206s] Level 1:colcon.colcon_core.package_identification:_identify(src) by extensions ['ros']
[1.206s] Level 1:colcon.colcon_core.package_identification:_identify(src) by extension 'ros'
[1.206s] Level 1:colcon.colcon_core.package_identification:_identify(src) by extensions ['cmake', 'python']
[1.206s] Level 1:colcon.colcon_core.package_identification:_identify(src) by extension 'cmake'
[1.206s] Level 1:colcon.colcon_core.package_identification:_identify(src) by extension 'python'
[1.206s] Level 1:colcon.colcon_core.package_identification:_identify(src) by extensions ['python_setup_py']
[1.206s] Level 1:colcon.colcon_core.package_identification:_identify(src) by extension 'python_setup_py'
[1.206s] Level 1:colcon.colcon_core.package_identification:_identify(src/fdilink_ahrs_ROS2) by extensions ['ignore', 'ignore_ament_install']
[1.206s] Level 1:colcon.colcon_core.package_identification:_identify(src/fdilink_ahrs_ROS2) by extension 'ignore'
[1.206s] Level 1:colcon.colcon_core.package_identification:_identify(src/fdilink_ahrs_ROS2) by extension 'ignore_ament_install'
[1.206s] Level 1:colcon.colcon_core.package_identification:_identify(src/fdilink_ahrs_ROS2) by extensions ['colcon_pkg']
[1.206s] Level 1:colcon.colcon_core.package_identification:_identify(src/fdilink_ahrs_ROS2) by extension 'colcon_pkg'
[1.207s] Level 1:colcon.colcon_core.package_identification:_identify(src/fdilink_ahrs_ROS2) by extensions ['colcon_meta']
[1.207s] Level 1:colcon.colcon_core.package_identification:_identify(src/fdilink_ahrs_ROS2) by extension 'colcon_meta'
[1.207s] Level 1:colcon.colcon_core.package_identification:_identify(src/fdilink_ahrs_ROS2) by extensions ['ros']
[1.207s] Level 1:colcon.colcon_core.package_identification:_identify(src/fdilink_ahrs_ROS2) by extension 'ros'
[1.208s] DEBUG:colcon.colcon_core.package_identification:Package 'src/fdilink_ahrs_ROS2' with type 'ros.ament_cmake' and name 'fdilink_ahrs'
[1.208s] Level 1:colcon.colcon_core.package_identification:_identify(src/robot_bringup) by extensions ['ignore', 'ignore_ament_install']
[1.209s] Level 1:colcon.colcon_core.package_identification:_identify(src/robot_bringup) by extension 'ignore'
[1.209s] Level 1:colcon.colcon_core.package_identification:_identify(src/robot_bringup) by extension 'ignore_ament_install'
[1.209s] Level 1:colcon.colcon_core.package_identification:_identify(src/robot_bringup) by extensions ['colcon_pkg']
[1.209s] Level 1:colcon.colcon_core.package_identification:_identify(src/robot_bringup) by extension 'colcon_pkg'
[1.209s] Level 1:colcon.colcon_core.package_identification:_identify(src/robot_bringup) by extensions ['colcon_meta']
[1.209s] Level 1:colcon.colcon_core.package_identification:_identify(src/robot_bringup) by extension 'colcon_meta'
[1.209s] Level 1:colcon.colcon_core.package_identification:_identify(src/robot_bringup) by extensions ['ros']
[1.209s] Level 1:colcon.colcon_core.package_identification:_identify(src/robot_bringup) by extension 'ros'
[1.209s] DEBUG:colcon.colcon_core.package_identification:Package 'src/robot_bringup' with type 'ros.ament_cmake' and name 'robot_bringup'
[1.209s] Level 1:colcon.colcon_core.package_identification:_identify(src/robot_cartographer) by extensions ['ignore', 'ignore_ament_install']
[1.209s] Level 1:colcon.colcon_core.package_identification:_identify(src/robot_cartographer) by extension 'ignore'
[1.209s] Level 1:colcon.colcon_core.package_identification:_identify(src/robot_cartographer) by extension 'ignore_ament_install'
[1.209s] Level 1:colcon.colcon_core.package_identification:_identify(src/robot_cartographer) by extensions ['colcon_pkg']
[1.209s] Level 1:colcon.colcon_core.package_identification:_identify(src/robot_cartographer) by extension 'colcon_pkg'
[1.209s] Level 1:colcon.colcon_core.package_identification:_identify(src/robot_cartographer) by extensions ['colcon_meta']
[1.209s] Level 1:colcon.colcon_core.package_identification:_identify(src/robot_cartographer) by extension 'colcon_meta'
[1.209s] Level 1:colcon.colcon_core.package_identification:_identify(src/robot_cartographer) by extensions ['ros']
[1.209s] Level 1:colcon.colcon_core.package_identification:_identify(src/robot_cartographer) by extension 'ros'
[1.210s] DEBUG:colcon.colcon_core.package_identification:Package 'src/robot_cartographer' with type 'ros.ament_cmake' and name 'robot_cartographer'
[1.210s] Level 1:colcon.colcon_core.package_identification:_identify(src/robot_navigation2) by extensions ['ignore', 'ignore_ament_install']
[1.210s] Level 1:colcon.colcon_core.package_identification:_identify(src/robot_navigation2) by extension 'ignore'
[1.210s] Level 1:colcon.colcon_core.package_identification:_identify(src/robot_navigation2) by extension 'ignore_ament_install'
[1.210s] Level 1:colcon.colcon_core.package_identification:_identify(src/robot_navigation2) by extensions ['colcon_pkg']
[1.210s] Level 1:colcon.colcon_core.package_identification:_identify(src/robot_navigation2) by extension 'colcon_pkg'
[1.210s] Level 1:colcon.colcon_core.package_identification:_identify(src/robot_navigation2) by extensions ['colcon_meta']
[1.210s] Level 1:colcon.colcon_core.package_identification:_identify(src/robot_navigation2) by extension 'colcon_meta'
[1.210s] Level 1:colcon.colcon_core.package_identification:_identify(src/robot_navigation2) by extensions ['ros']
[1.210s] Level 1:colcon.colcon_core.package_identification:_identify(src/robot_navigation2) by extension 'ros'
[1.210s] DEBUG:colcon.colcon_core.package_identification:Package 'src/robot_navigation2' with type 'ros.ament_cmake' and name 'robot_navigation2'
[1.210s] Level 1:colcon.colcon_core.package_identification:_identify(src/robot_template) by extensions ['ignore', 'ignore_ament_install']
[1.210s] Level 1:colcon.colcon_core.package_identification:_identify(src/robot_template) by extension 'ignore'
[1.210s] Level 1:colcon.colcon_core.package_identification:_identify(src/robot_template) by extension 'ignore_ament_install'
[1.210s] Level 1:colcon.colcon_core.package_identification:_identify(src/robot_template) by extensions ['colcon_pkg']
[1.210s] Level 1:colcon.colcon_core.package_identification:_identify(src/robot_template) by extension 'colcon_pkg'
[1.210s] Level 1:colcon.colcon_core.package_identification:_identify(src/robot_template) by extensions ['colcon_meta']
[1.210s] Level 1:colcon.colcon_core.package_identification:_identify(src/robot_template) by extension 'colcon_meta'
[1.210s] Level 1:colcon.colcon_core.package_identification:_identify(src/robot_template) by extensions ['ros']
[1.210s] Level 1:colcon.colcon_core.package_identification:_identify(src/robot_template) by extension 'ros'
[1.211s] DEBUG:colcon.colcon_core.package_identification:Package 'src/robot_template' with type 'ros.ament_python' and name 'robot_template'
[1.211s] Level 1:colcon.colcon_core.package_identification:_identify(src/sam_bot_description) by extensions ['ignore', 'ignore_ament_install']
[1.211s] Level 1:colcon.colcon_core.package_identification:_identify(src/sam_bot_description) by extension 'ignore'
[1.211s] Level 1:colcon.colcon_core.package_identification:_identify(src/sam_bot_description) by extension 'ignore_ament_install'
[1.211s] Level 1:colcon.colcon_core.package_identification:_identify(src/sam_bot_description) by extensions ['colcon_pkg']
[1.211s] Level 1:colcon.colcon_core.package_identification:_identify(src/sam_bot_description) by extension 'colcon_pkg'
[1.211s] Level 1:colcon.colcon_core.package_identification:_identify(src/sam_bot_description) by extensions ['colcon_meta']
[1.211s] Level 1:colcon.colcon_core.package_identification:_identify(src/sam_bot_description) by extension 'colcon_meta'
[1.211s] Level 1:colcon.colcon_core.package_identification:_identify(src/sam_bot_description) by extensions ['ros']
[1.211s] Level 1:colcon.colcon_core.package_identification:_identify(src/sam_bot_description) by extension 'ros'
[1.211s] DEBUG:colcon.colcon_core.package_identification:Package 'src/sam_bot_description' with type 'ros.ament_cmake' and name 'sam_bot_description'
[1.211s] Level 1:colcon.colcon_core.package_identification:_identify(src/sllidar_ros2) by extensions ['ignore', 'ignore_ament_install']
[1.211s] Level 1:colcon.colcon_core.package_identification:_identify(src/sllidar_ros2) by extension 'ignore'
[1.211s] Level 1:colcon.colcon_core.package_identification:_identify(src/sllidar_ros2) by extension 'ignore_ament_install'
[1.211s] Level 1:colcon.colcon_core.package_identification:_identify(src/sllidar_ros2) by extensions ['colcon_pkg']
[1.211s] Level 1:colcon.colcon_core.package_identification:_identify(src/sllidar_ros2) by extension 'colcon_pkg'
[1.211s] Level 1:colcon.colcon_core.package_identification:_identify(src/sllidar_ros2) by extensions ['colcon_meta']
[1.211s] Level 1:colcon.colcon_core.package_identification:_identify(src/sllidar_ros2) by extension 'colcon_meta'
[1.211s] Level 1:colcon.colcon_core.package_identification:_identify(src/sllidar_ros2) by extensions ['ros']
[1.211s] Level 1:colcon.colcon_core.package_identification:_identify(src/sllidar_ros2) by extension 'ros'
[1.212s] DEBUG:colcon.colcon_core.package_identification:Package 'src/sllidar_ros2' with type 'ros.ament_cmake' and name 'sllidar_ros2'
[1.212s] Level 1:colcon.colcon_core.package_discovery:discover_packages(recursive) using defaults
[1.212s] Level 1:colcon.colcon_core.package_discovery:discover_packages(ignore) discover
[1.212s] Level 1:colcon.colcon_core.package_discovery:discover_packages(ignore) using defaults
[1.212s] Level 1:colcon.colcon_core.package_discovery:discover_packages(path) discover
[1.212s] Level 1:colcon.colcon_core.package_discovery:discover_packages(path) using defaults
[1.318s] Level 1:colcon.colcon_core.package_discovery:discover_packages(prefix_path) check parameters
[1.318s] Level 1:colcon.colcon_core.package_discovery:discover_packages(prefix_path) discover
[1.363s] DEBUG:colcon.colcon_installed_package_information.package_discovery:Found 8 installed packages in /home/johan/sllidar_ws/install
[1.383s] DEBUG:colcon.colcon_installed_package_information.package_discovery:Found 383 installed packages in /opt/ros/foxy
[1.385s] Level 1:colcon.colcon_core.package_discovery:discover_packages(prefix_path) using defaults
[1.471s] Level 5:colcon.colcon_core.verb:set package 'fdilink_ahrs' build argument 'cmake_args' from command line to 'None'
[1.471s] Level 5:colcon.colcon_core.verb:set package 'fdilink_ahrs' build argument 'cmake_target' from command line to 'None'
[1.471s] Level 5:colcon.colcon_core.verb:set package 'fdilink_ahrs' build argument 'cmake_target_skip_unavailable' from command line to 'False'
[1.471s] Level 5:colcon.colcon_core.verb:set package 'fdilink_ahrs' build argument 'cmake_clean_cache' from command line to 'False'
[1.471s] Level 5:colcon.colcon_core.verb:set package 'fdilink_ahrs' build argument 'cmake_clean_first' from command line to 'False'
[1.471s] Level 5:colcon.colcon_core.verb:set package 'fdilink_ahrs' build argument 'cmake_force_configure' from command line to 'False'
[1.471s] Level 5:colcon.colcon_core.verb:set package 'fdilink_ahrs' build argument 'ament_cmake_args' from command line to 'None'
[1.471s] Level 5:colcon.colcon_core.verb:set package 'fdilink_ahrs' build argument 'catkin_cmake_args' from command line to 'None'
[1.471s] Level 5:colcon.colcon_core.verb:set package 'fdilink_ahrs' build argument 'catkin_skip_building_tests' from command line to 'False'
[1.471s] DEBUG:colcon.colcon_core.verb:Building package 'fdilink_ahrs' with the following arguments: {'ament_cmake_args': None, 'build_base': '/home/johan/sllidar_ws/build/fdilink_ahrs', 'catkin_cmake_args': None, 'catkin_skip_building_tests': False, 'cmake_args': None, 'cmake_clean_cache': False, 'cmake_clean_first': False, 'cmake_force_configure': False, 'cmake_target': None, 'cmake_target_skip_unavailable': False, 'install_base': '/home/johan/sllidar_ws/install/fdilink_ahrs', 'merge_install': False, 'path': '/home/johan/sllidar_ws/src/fdilink_ahrs_ROS2', 'symlink_install': False, 'test_result_base': None}
[1.490s] Level 5:colcon.colcon_core.verb:set package 'robot_bringup' build argument 'cmake_args' from command line to 'None'
[1.490s] Level 5:colcon.colcon_core.verb:set package 'robot_bringup' build argument 'cmake_target' from command line to 'None'
[1.490s] Level 5:colcon.colcon_core.verb:set package 'robot_bringup' build argument 'cmake_target_skip_unavailable' from command line to 'False'
[1.490s] Level 5:colcon.colcon_core.verb:set package 'robot_bringup' build argument 'cmake_clean_cache' from command line to 'False'
[1.490s] Level 5:colcon.colcon_core.verb:set package 'robot_bringup' build argument 'cmake_clean_first' from command line to 'False'
[1.490s] Level 5:colcon.colcon_core.verb:set package 'robot_bringup' build argument 'cmake_force_configure' from command line to 'False'
[1.490s] Level 5:colcon.colcon_core.verb:set package 'robot_bringup' build argument 'ament_cmake_args' from command line to 'None'
[1.490s] Level 5:colcon.colcon_core.verb:set package 'robot_bringup' build argument 'catkin_cmake_args' from command line to 'None'
[1.490s] Level 5:colcon.colcon_core.verb:set package 'robot_bringup' build argument 'catkin_skip_building_tests' from command line to 'False'
[1.490s] DEBUG:colcon.colcon_core.verb:Building package 'robot_bringup' with the following arguments: {'ament_cmake_args': None, 'build_base': '/home/johan/sllidar_ws/build/robot_bringup', 'catkin_cmake_args': None, 'catkin_skip_building_tests': False, 'cmake_args': None, 'cmake_clean_cache': False, 'cmake_clean_first': False, 'cmake_force_configure': False, 'cmake_target': None, 'cmake_target_skip_unavailable': False, 'install_base': '/home/johan/sllidar_ws/install/robot_bringup', 'merge_install': False, 'path': '/home/johan/sllidar_ws/src/robot_bringup', 'symlink_install': False, 'test_result_base': None}
[1.509s] Level 5:colcon.colcon_core.verb:set package 'robot_cartographer' build argument 'cmake_args' from command line to 'None'
[1.509s] Level 5:colcon.colcon_core.verb:set package 'robot_cartographer' build argument 'cmake_target' from command line to 'None'
[1.509s] Level 5:colcon.colcon_core.verb:set package 'robot_cartographer' build argument 'cmake_target_skip_unavailable' from command line to 'False'
[1.509s] Level 5:colcon.colcon_core.verb:set package 'robot_cartographer' build argument 'cmake_clean_cache' from command line to 'False'
[1.509s] Level 5:colcon.colcon_core.verb:set package 'robot_cartographer' build argument 'cmake_clean_first' from command line to 'False'
[1.509s] Level 5:colcon.colcon_core.verb:set package 'robot_cartographer' build argument 'cmake_force_configure' from command line to 'False'
[1.509s] Level 5:colcon.colcon_core.verb:set package 'robot_cartographer' build argument 'ament_cmake_args' from command line to 'None'
[1.509s] Level 5:colcon.colcon_core.verb:set package 'robot_cartographer' build argument 'catkin_cmake_args' from command line to 'None'
[1.509s] Level 5:colcon.colcon_core.verb:set package 'robot_cartographer' build argument 'catkin_skip_building_tests' from command line to 'False'
[1.509s] DEBUG:colcon.colcon_core.verb:Building package 'robot_cartographer' with the following arguments: {'ament_cmake_args': None, 'build_base': '/home/johan/sllidar_ws/build/robot_cartographer', 'catkin_cmake_args': None, 'catkin_skip_building_tests': False, 'cmake_args': None, 'cmake_clean_cache': False, 'cmake_clean_first': False, 'cmake_force_configure': False, 'cmake_target': None, 'cmake_target_skip_unavailable': False, 'install_base': '/home/johan/sllidar_ws/install/robot_cartographer', 'merge_install': False, 'path': '/home/johan/sllidar_ws/src/robot_cartographer', 'symlink_install': False, 'test_result_base': None}
[1.528s] Level 5:colcon.colcon_core.verb:set package 'robot_navigation2' build argument 'cmake_args' from command line to 'None'
[1.529s] Level 5:colcon.colcon_core.verb:set package 'robot_navigation2' build argument 'cmake_target' from command line to 'None'
[1.529s] Level 5:colcon.colcon_core.verb:set package 'robot_navigation2' build argument 'cmake_target_skip_unavailable' from command line to 'False'
[1.529s] Level 5:colcon.colcon_core.verb:set package 'robot_navigation2' build argument 'cmake_clean_cache' from command line to 'False'
[1.529s] Level 5:colcon.colcon_core.verb:set package 'robot_navigation2' build argument 'cmake_clean_first' from command line to 'False'
[1.529s] Level 5:colcon.colcon_core.verb:set package 'robot_navigation2' build argument 'cmake_force_configure' from command line to 'False'
[1.529s] Level 5:colcon.colcon_core.verb:set package 'robot_navigation2' build argument 'ament_cmake_args' from command line to 'None'
[1.529s] Level 5:colcon.colcon_core.verb:set package 'robot_navigation2' build argument 'catkin_cmake_args' from command line to 'None'
[1.529s] Level 5:colcon.colcon_core.verb:set package 'robot_navigation2' build argument 'catkin_skip_building_tests' from command line to 'False'
[1.529s] DEBUG:colcon.colcon_core.verb:Building package 'robot_navigation2' with the following arguments: {'ament_cmake_args': None, 'build_base': '/home/johan/sllidar_ws/build/robot_navigation2', 'catkin_cmake_args': None, 'catkin_skip_building_tests': False, 'cmake_args': None, 'cmake_clean_cache': False, 'cmake_clean_first': False, 'cmake_force_configure': False, 'cmake_target': None, 'cmake_target_skip_unavailable': False, 'install_base': '/home/johan/sllidar_ws/install/robot_navigation2', 'merge_install': False, 'path': '/home/johan/sllidar_ws/src/robot_navigation2', 'symlink_install': False, 'test_result_base': None}
[1.547s] Level 5:colcon.colcon_core.verb:set package 'robot_template' build argument 'cmake_args' from command line to 'None'
[1.548s] Level 5:colcon.colcon_core.verb:set package 'robot_template' build argument 'cmake_target' from command line to 'None'
[1.548s] Level 5:colcon.colcon_core.verb:set package 'robot_template' build argument 'cmake_target_skip_unavailable' from command line to 'False'
[1.548s] Level 5:colcon.colcon_core.verb:set package 'robot_template' build argument 'cmake_clean_cache' from command line to 'False'
[1.548s] Level 5:colcon.colcon_core.verb:set package 'robot_template' build argument 'cmake_clean_first' from command line to 'False'
[1.548s] Level 5:colcon.colcon_core.verb:set package 'robot_template' build argument 'cmake_force_configure' from command line to 'False'
[1.548s] Level 5:colcon.colcon_core.verb:set package 'robot_template' build argument 'ament_cmake_args' from command line to 'None'
[1.548s] Level 5:colcon.colcon_core.verb:set package 'robot_template' build argument 'catkin_cmake_args' from command line to 'None'
[1.548s] Level 5:colcon.colcon_core.verb:set package 'robot_template' build argument 'catkin_skip_building_tests' from command line to 'False'
[1.548s] DEBUG:colcon.colcon_core.verb:Building package 'robot_template' with the following arguments: {'ament_cmake_args': None, 'build_base': '/home/johan/sllidar_ws/build/robot_template', 'catkin_cmake_args': None, 'catkin_skip_building_tests': False, 'cmake_args': None, 'cmake_clean_cache': False, 'cmake_clean_first': False, 'cmake_force_configure': False, 'cmake_target': None, 'cmake_target_skip_unavailable': False, 'install_base': '/home/johan/sllidar_ws/install/robot_template', 'merge_install': False, 'path': '/home/johan/sllidar_ws/src/robot_template', 'symlink_install': False, 'test_result_base': None}
[1.566s] Level 5:colcon.colcon_core.verb:set package 'sam_bot_description' build argument 'cmake_args' from command line to 'None'
[1.567s] Level 5:colcon.colcon_core.verb:set package 'sam_bot_description' build argument 'cmake_target' from command line to 'None'
[1.567s] Level 5:colcon.colcon_core.verb:set package 'sam_bot_description' build argument 'cmake_target_skip_unavailable' from command line to 'False'
[1.567s] Level 5:colcon.colcon_core.verb:set package 'sam_bot_description' build argument 'cmake_clean_cache' from command line to 'False'
[1.567s] Level 5:colcon.colcon_core.verb:set package 'sam_bot_description' build argument 'cmake_clean_first' from command line to 'False'
[1.567s] Level 5:colcon.colcon_core.verb:set package 'sam_bot_description' build argument 'cmake_force_configure' from command line to 'False'
[1.567s] Level 5:colcon.colcon_core.verb:set package 'sam_bot_description' build argument 'ament_cmake_args' from command line to 'None'
[1.567s] Level 5:colcon.colcon_core.verb:set package 'sam_bot_description' build argument 'catkin_cmake_args' from command line to 'None'
[1.567s] Level 5:colcon.colcon_core.verb:set package 'sam_bot_description' build argument 'catkin_skip_building_tests' from command line to 'False'
[1.567s] DEBUG:colcon.colcon_core.verb:Building package 'sam_bot_description' with the following arguments: {'ament_cmake_args': None, 'build_base': '/home/johan/sllidar_ws/build/sam_bot_description', 'catkin_cmake_args': None, 'catkin_skip_building_tests': False, 'cmake_args': None, 'cmake_clean_cache': False, 'cmake_clean_first': False, 'cmake_force_configure': False, 'cmake_target': None, 'cmake_target_skip_unavailable': False, 'install_base': '/home/johan/sllidar_ws/install/sam_bot_description', 'merge_install': False, 'path': '/home/johan/sllidar_ws/src/sam_bot_description', 'symlink_install': False, 'test_result_base': None}
[1.585s] Level 5:colcon.colcon_core.verb:set package 'sllidar_ros2' build argument 'cmake_args' from command line to 'None'
[1.586s] Level 5:colcon.colcon_core.verb:set package 'sllidar_ros2' build argument 'cmake_target' from command line to 'None'
[1.586s] Level 5:colcon.colcon_core.verb:set package 'sllidar_ros2' build argument 'cmake_target_skip_unavailable' from command line to 'False'
[1.586s] Level 5:colcon.colcon_core.verb:set package 'sllidar_ros2' build argument 'cmake_clean_cache' from command line to 'False'
[1.586s] Level 5:colcon.colcon_core.verb:set package 'sllidar_ros2' build argument 'cmake_clean_first' from command line to 'False'
[1.586s] Level 5:colcon.colcon_core.verb:set package 'sllidar_ros2' build argument 'cmake_force_configure' from command line to 'False'
[1.586s] Level 5:colcon.colcon_core.verb:set package 'sllidar_ros2' build argument 'ament_cmake_args' from command line to 'None'
[1.586s] Level 5:colcon.colcon_core.verb:set package 'sllidar_ros2' build argument 'catkin_cmake_args' from command line to 'None'
[1.586s] Level 5:colcon.colcon_core.verb:set package 'sllidar_ros2' build argument 'catkin_skip_building_tests' from command line to 'False'
[1.586s] DEBUG:colcon.colcon_core.verb:Building package 'sllidar_ros2' with the following arguments: {'ament_cmake_args': None, 'build_base': '/home/johan/sllidar_ws/build/sllidar_ros2', 'catkin_cmake_args': None, 'catkin_skip_building_tests': False, 'cmake_args': None, 'cmake_clean_cache': False, 'cmake_clean_first': False, 'cmake_force_configure': False, 'cmake_target': None, 'cmake_target_skip_unavailable': False, 'install_base': '/home/johan/sllidar_ws/install/sllidar_ros2', 'merge_install': False, 'path': '/home/johan/sllidar_ws/src/sllidar_ros2', 'symlink_install': False, 'test_result_base': None}
[1.611s] INFO:colcon.colcon_core.executor:Executing jobs using 'parallel' executor
[1.631s] DEBUG:colcon.colcon_parallel_executor.executor.parallel:run_until_complete
[1.631s] INFO:colcon.colcon_ros.task.ament_cmake.build:Building ROS package in '/home/johan/sllidar_ws/src/fdilink_ahrs_ROS2' with build type 'ament_cmake'
[1.631s] INFO:colcon.colcon_cmake.task.cmake.build:Building CMake package in '/home/johan/sllidar_ws/src/fdilink_ahrs_ROS2'
[1.651s] INFO:colcon.colcon_core.plugin_system:Skipping extension 'colcon_core.shell.bat': Not used on non-Windows systems
[1.651s] INFO:colcon.colcon_core.shell:Skip shell extension 'powershell' for command environment: Not usable outside of PowerShell
[1.651s] DEBUG:colcon.colcon_core.shell:Skip shell extension 'dsv' for command environment
[1.713s] INFO:colcon.colcon_ros.task.ament_cmake.build:Building ROS package in '/home/johan/sllidar_ws/src/robot_bringup' with build type 'ament_cmake'
[1.713s] INFO:colcon.colcon_cmake.task.cmake.build:Building CMake package in '/home/johan/sllidar_ws/src/robot_bringup'
[1.733s] INFO:colcon.colcon_core.shell:Skip shell extension 'powershell' for command environment: Not usable outside of PowerShell
[1.733s] DEBUG:colcon.colcon_core.shell:Skip shell extension 'dsv' for command environment
[1.794s] INFO:colcon.colcon_ros.task.ament_cmake.build:Building ROS package in '/home/johan/sllidar_ws/src/robot_cartographer' with build type 'ament_cmake'
[1.794s] INFO:colcon.colcon_cmake.task.cmake.build:Building CMake package in '/home/johan/sllidar_ws/src/robot_cartographer'
[1.814s] INFO:colcon.colcon_core.shell:Skip shell extension 'powershell' for command environment: Not usable outside of PowerShell
[1.814s] DEBUG:colcon.colcon_core.shell:Skip shell extension 'dsv' for command environment
[1.874s] INFO:colcon.colcon_ros.task.ament_cmake.build:Building ROS package in '/home/johan/sllidar_ws/src/robot_navigation2' with build type 'ament_cmake'
[1.874s] INFO:colcon.colcon_cmake.task.cmake.build:Building CMake package in '/home/johan/sllidar_ws/src/robot_navigation2'
[1.894s] INFO:colcon.colcon_core.shell:Skip shell extension 'powershell' for command environment: Not usable outside of PowerShell
[1.894s] DEBUG:colcon.colcon_core.shell:Skip shell extension 'dsv' for command environment
[1.954s] INFO:colcon.colcon_ros.task.ament_python.build:Building ROS package in '/home/johan/sllidar_ws/src/robot_template' with build type 'ament_python'
[1.954s] Level 1:colcon.colcon_core.shell:create_environment_hook('robot_template', 'ament_prefix_path')
[1.974s] INFO:colcon.colcon_core.shell:Creating environment hook '/home/johan/sllidar_ws/install/robot_template/share/robot_template/hook/ament_prefix_path.ps1'
[1.975s] INFO:colcon.colcon_core.shell:Creating environment descriptor '/home/johan/sllidar_ws/install/robot_template/share/robot_template/hook/ament_prefix_path.dsv'
[1.975s] INFO:colcon.colcon_core.shell:Creating environment hook '/home/johan/sllidar_ws/install/robot_template/share/robot_template/hook/ament_prefix_path.sh'
[1.994s] INFO:colcon.colcon_core.shell:Skip shell extension 'powershell' for command environment: Not usable outside of PowerShell
[1.994s] DEBUG:colcon.colcon_core.shell:Skip shell extension 'dsv' for command environment
[2.054s] INFO:colcon.colcon_ros.task.ament_cmake.build:Building ROS package in '/home/johan/sllidar_ws/src/sam_bot_description' with build type 'ament_cmake'
[2.054s] INFO:colcon.colcon_cmake.task.cmake.build:Building CMake package in '/home/johan/sllidar_ws/src/sam_bot_description'
[2.074s] INFO:colcon.colcon_core.shell:Skip shell extension 'powershell' for command environment: Not usable outside of PowerShell
[2.074s] DEBUG:colcon.colcon_core.shell:Skip shell extension 'dsv' for command environment
[2.135s] INFO:colcon.colcon_ros.task.ament_cmake.build:Building ROS package in '/home/johan/sllidar_ws/src/sllidar_ros2' with build type 'ament_cmake'
[2.135s] INFO:colcon.colcon_cmake.task.cmake.build:Building CMake package in '/home/johan/sllidar_ws/src/sllidar_ros2'
[2.155s] INFO:colcon.colcon_core.shell:Skip shell extension 'powershell' for command environment: Not usable outside of PowerShell
[2.155s] DEBUG:colcon.colcon_core.shell:Skip shell extension 'dsv' for command environment
[2.221s] DEBUG:colcon.colcon_core.event_handler.log_command:Invoking command in '/home/johan/sllidar_ws/build/fdilink_ahrs': CMAKE_PREFIX_PATH=${CMAKE_PREFIX_PATH}:/home/johan/sllidar_ws/install/robot_template:/opt/ros/foxy /usr/bin/cmake --build /home/johan/sllidar_ws/build/fdilink_ahrs -- -j16 -l16
[2.224s] DEBUG:colcon.colcon_core.event_handler.log_command:Invoking command in '/home/johan/sllidar_ws/build/robot_bringup': CMAKE_PREFIX_PATH=${CMAKE_PREFIX_PATH}:/home/johan/sllidar_ws/install/robot_template:/opt/ros/foxy /usr/bin/cmake --build /home/johan/sllidar_ws/build/robot_bringup -- -j16 -l16
[2.228s] DEBUG:colcon.colcon_core.event_handler.log_command:Invoking command in '/home/johan/sllidar_ws/build/robot_cartographer': CMAKE_PREFIX_PATH=${CMAKE_PREFIX_PATH}:/home/johan/sllidar_ws/install/robot_template:/opt/ros/foxy /usr/bin/cmake --build /home/johan/sllidar_ws/build/robot_cartographer -- -j16 -l16
[2.231s] DEBUG:colcon.colcon_core.event_handler.log_command:Invoking command in '/home/johan/sllidar_ws/build/robot_navigation2': CMAKE_PREFIX_PATH=${CMAKE_PREFIX_PATH}:/home/johan/sllidar_ws/install/robot_template:/opt/ros/foxy /usr/bin/cmake --build /home/johan/sllidar_ws/build/robot_navigation2 -- -j16 -l16
[2.366s] INFO:colcon.colcon_core.task.python.build:Building Python package in '/home/johan/sllidar_ws/src/robot_template'
[2.386s] INFO:colcon.colcon_core.shell:Skip shell extension 'powershell' for command environment: Not usable outside of PowerShell
[2.386s] DEBUG:colcon.colcon_core.shell:Skip shell extension 'dsv' for command environment
[2.451s] DEBUG:colcon.colcon_core.event_handler.log_command:Invoking command in '/home/johan/sllidar_ws/build/sam_bot_description': CMAKE_PREFIX_PATH=${CMAKE_PREFIX_PATH}:/home/johan/sllidar_ws/install/robot_template:/opt/ros/foxy /usr/bin/cmake --build /home/johan/sllidar_ws/build/sam_bot_description -- -j16 -l16
[2.455s] DEBUG:colcon.colcon_core.event_handler.log_command:Invoking command in '/home/johan/sllidar_ws/build/sllidar_ros2': CMAKE_PREFIX_PATH=${CMAKE_PREFIX_PATH}:/home/johan/sllidar_ws/install/robot_template:/opt/ros/foxy /usr/bin/cmake --build /home/johan/sllidar_ws/build/sllidar_ros2 -- -j16 -l16
[2.460s] DEBUG:colcon.colcon_core.event_handler.log_command:Invoked command in '/home/johan/sllidar_ws/build/fdilink_ahrs' returned '0': CMAKE_PREFIX_PATH=${CMAKE_PREFIX_PATH}:/home/johan/sllidar_ws/install/robot_template:/opt/ros/foxy /usr/bin/cmake --build /home/johan/sllidar_ws/build/fdilink_ahrs -- -j16 -l16
[2.462s] DEBUG:colcon.colcon_core.event_handler.log_command:Invoked command in '/home/johan/sllidar_ws/build/robot_bringup' returned '0': CMAKE_PREFIX_PATH=${CMAKE_PREFIX_PATH}:/home/johan/sllidar_ws/install/robot_template:/opt/ros/foxy /usr/bin/cmake --build /home/johan/sllidar_ws/build/robot_bringup -- -j16 -l16
[2.466s] DEBUG:colcon.colcon_core.event_handler.log_command:Invoked command in '/home/johan/sllidar_ws/build/robot_cartographer' returned '0': CMAKE_PREFIX_PATH=${CMAKE_PREFIX_PATH}:/home/johan/sllidar_ws/install/robot_template:/opt/ros/foxy /usr/bin/cmake --build /home/johan/sllidar_ws/build/robot_cartographer -- -j16 -l16
[2.470s] DEBUG:colcon.colcon_core.event_handler.log_command:Invoked command in '/home/johan/sllidar_ws/build/robot_navigation2' returned '0': CMAKE_PREFIX_PATH=${CMAKE_PREFIX_PATH}:/home/johan/sllidar_ws/install/robot_template:/opt/ros/foxy /usr/bin/cmake --build /home/johan/sllidar_ws/build/robot_navigation2 -- -j16 -l16
[2.480s] DEBUG:colcon.colcon_core.event_handler.log_command:Invoked command in '/home/johan/sllidar_ws/build/sam_bot_description' returned '0': CMAKE_PREFIX_PATH=${CMAKE_PREFIX_PATH}:/home/johan/sllidar_ws/install/robot_template:/opt/ros/foxy /usr/bin/cmake --build /home/johan/sllidar_ws/build/sam_bot_description -- -j16 -l16
[2.493s] DEBUG:colcon.colcon_core.event_handler.log_command:Invoking command in '/home/johan/sllidar_ws/build/robot_bringup': CMAKE_PREFIX_PATH=${CMAKE_PREFIX_PATH}:/home/johan/sllidar_ws/install/robot_template:/opt/ros/foxy /usr/bin/cmake --install /home/johan/sllidar_ws/build/robot_bringup
[2.498s] DEBUG:colcon.colcon_core.event_handler.log_command:Invoking command in '/home/johan/sllidar_ws/build/fdilink_ahrs': CMAKE_PREFIX_PATH=${CMAKE_PREFIX_PATH}:/home/johan/sllidar_ws/install/robot_template:/opt/ros/foxy /usr/bin/cmake --install /home/johan/sllidar_ws/build/fdilink_ahrs
[2.502s] DEBUG:colcon.colcon_core.event_handler.log_command:Invoking command in '/home/johan/sllidar_ws/build/robot_cartographer': CMAKE_PREFIX_PATH=${CMAKE_PREFIX_PATH}:/home/johan/sllidar_ws/install/robot_template:/opt/ros/foxy /usr/bin/cmake --install /home/johan/sllidar_ws/build/robot_cartographer
[2.510s] DEBUG:colcon.colcon_core.event_handler.log_command:Invoking command in '/home/johan/sllidar_ws/build/robot_navigation2': CMAKE_PREFIX_PATH=${CMAKE_PREFIX_PATH}:/home/johan/sllidar_ws/install/robot_template:/opt/ros/foxy /usr/bin/cmake --install /home/johan/sllidar_ws/build/robot_navigation2
[2.511s] DEBUG:colcon.colcon_core.event_handler.log_command:Invoking command in '/home/johan/sllidar_ws/build/sam_bot_description': CMAKE_PREFIX_PATH=${CMAKE_PREFIX_PATH}:/home/johan/sllidar_ws/install/robot_template:/opt/ros/foxy /usr/bin/cmake --install /home/johan/sllidar_ws/build/sam_bot_description
[2.516s] Level 1:colcon.colcon_core.environment:create_environment_scripts_only(fdilink_ahrs)
[2.518s] DEBUG:colcon.colcon_core.event_handler.log_command:Invoked command in '/home/johan/sllidar_ws/build/fdilink_ahrs' returned '0': CMAKE_PREFIX_PATH=${CMAKE_PREFIX_PATH}:/home/johan/sllidar_ws/install/robot_template:/opt/ros/foxy /usr/bin/cmake --install /home/johan/sllidar_ws/build/fdilink_ahrs
[2.547s] Level 1:colcon.colcon_core.environment:checking '/home/johan/sllidar_ws/install/fdilink_ahrs' for CMake module files
[2.547s] Level 1:colcon.colcon_core.environment:checking '/home/johan/sllidar_ws/install/fdilink_ahrs' for CMake config files
[2.547s] Level 1:colcon.colcon_core.shell:create_environment_hook('fdilink_ahrs', 'cmake_prefix_path')
[2.567s] INFO:colcon.colcon_core.shell:Creating environment hook '/home/johan/sllidar_ws/install/fdilink_ahrs/share/fdilink_ahrs/hook/cmake_prefix_path.ps1'
[2.567s] INFO:colcon.colcon_core.shell:Creating environment descriptor '/home/johan/sllidar_ws/install/fdilink_ahrs/share/fdilink_ahrs/hook/cmake_prefix_path.dsv'
[2.567s] INFO:colcon.colcon_core.shell:Creating environment hook '/home/johan/sllidar_ws/install/fdilink_ahrs/share/fdilink_ahrs/hook/cmake_prefix_path.sh'
[2.568s] Level 1:colcon.colcon_core.environment:checking '/home/johan/sllidar_ws/install/fdilink_ahrs/lib'
[2.568s] Level 1:colcon.colcon_core.environment:checking '/home/johan/sllidar_ws/install/fdilink_ahrs/bin'
[2.568s] Level 1:colcon.colcon_core.environment:checking '/home/johan/sllidar_ws/install/fdilink_ahrs/lib/pkgconfig/fdilink_ahrs.pc'
[2.568s] Level 1:colcon.colcon_core.environment:checking '/home/johan/sllidar_ws/install/fdilink_ahrs/lib/python3.8/site-packages'
[2.568s] Level 1:colcon.colcon_core.environment:checking '/home/johan/sllidar_ws/install/fdilink_ahrs/bin'
[2.588s] INFO:colcon.colcon_core.shell:Creating package script '/home/johan/sllidar_ws/install/fdilink_ahrs/share/fdilink_ahrs/package.ps1'
[2.588s] INFO:colcon.colcon_core.shell:Creating package descriptor '/home/johan/sllidar_ws/install/fdilink_ahrs/share/fdilink_ahrs/package.dsv'
[2.588s] INFO:colcon.colcon_core.shell:Creating package script '/home/johan/sllidar_ws/install/fdilink_ahrs/share/fdilink_ahrs/package.sh'
[2.589s] INFO:colcon.colcon_core.shell:Creating package script '/home/johan/sllidar_ws/install/fdilink_ahrs/share/fdilink_ahrs/package.bash'
[2.589s] INFO:colcon.colcon_core.shell:Creating package script '/home/johan/sllidar_ws/install/fdilink_ahrs/share/fdilink_ahrs/package.zsh'
[2.589s] Level 1:colcon.colcon_core.environment:create_file_with_runtime_dependencies(/home/johan/sllidar_ws/install/fdilink_ahrs/share/colcon-core/packages/fdilink_ahrs)
[2.592s] Level 1:colcon.colcon_core.environment:create_environment_scripts_only(robot_bringup)
[2.592s] DEBUG:colcon.colcon_core.event_handler.log_command:Invoked command in '/home/johan/sllidar_ws/build/robot_bringup' returned '0': CMAKE_PREFIX_PATH=${CMAKE_PREFIX_PATH}:/home/johan/sllidar_ws/install/robot_template:/opt/ros/foxy /usr/bin/cmake --install /home/johan/sllidar_ws/build/robot_bringup
[2.612s] Level 1:colcon.colcon_core.environment:checking '/home/johan/sllidar_ws/install/robot_bringup' for CMake module files
[2.612s] Level 1:colcon.colcon_core.environment:checking '/home/johan/sllidar_ws/install/robot_bringup' for CMake config files
[2.612s] Level 1:colcon.colcon_core.shell:create_environment_hook('robot_bringup', 'cmake_prefix_path')
[2.633s] INFO:colcon.colcon_core.shell:Creating environment hook '/home/johan/sllidar_ws/install/robot_bringup/share/robot_bringup/hook/cmake_prefix_path.ps1'
[2.633s] INFO:colcon.colcon_core.shell:Creating environment descriptor '/home/johan/sllidar_ws/install/robot_bringup/share/robot_bringup/hook/cmake_prefix_path.dsv'
[2.633s] INFO:colcon.colcon_core.shell:Creating environment hook '/home/johan/sllidar_ws/install/robot_bringup/share/robot_bringup/hook/cmake_prefix_path.sh'
[2.633s] Level 1:colcon.colcon_core.environment:checking '/home/johan/sllidar_ws/install/robot_bringup/lib'
[2.634s] Level 1:colcon.colcon_core.environment:checking '/home/johan/sllidar_ws/install/robot_bringup/bin'
[2.634s] Level 1:colcon.colcon_core.environment:checking '/home/johan/sllidar_ws/install/robot_bringup/lib/pkgconfig/robot_bringup.pc'
[2.634s] Level 1:colcon.colcon_core.environment:checking '/home/johan/sllidar_ws/install/robot_bringup/lib/python3.8/site-packages'
[2.634s] Level 1:colcon.colcon_core.environment:checking '/home/johan/sllidar_ws/install/robot_bringup/bin'
[2.654s] INFO:colcon.colcon_core.shell:Creating package script '/home/johan/sllidar_ws/install/robot_bringup/share/robot_bringup/package.ps1'
[2.654s] INFO:colcon.colcon_core.shell:Creating package descriptor '/home/johan/sllidar_ws/install/robot_bringup/share/robot_bringup/package.dsv'
[2.654s] INFO:colcon.colcon_core.shell:Creating package script '/home/johan/sllidar_ws/install/robot_bringup/share/robot_bringup/package.sh'
[2.654s] INFO:colcon.colcon_core.shell:Creating package script '/home/johan/sllidar_ws/install/robot_bringup/share/robot_bringup/package.bash'
[2.654s] INFO:colcon.colcon_core.shell:Creating package script '/home/johan/sllidar_ws/install/robot_bringup/share/robot_bringup/package.zsh'
[2.655s] Level 1:colcon.colcon_core.environment:create_file_with_runtime_dependencies(/home/johan/sllidar_ws/install/robot_bringup/share/colcon-core/packages/robot_bringup)
[2.657s] Level 1:colcon.colcon_core.environment:create_environment_scripts_only(robot_cartographer)
[2.658s] DEBUG:colcon.colcon_core.event_handler.log_command:Invoked command in '/home/johan/sllidar_ws/build/robot_cartographer' returned '0': CMAKE_PREFIX_PATH=${CMAKE_PREFIX_PATH}:/home/johan/sllidar_ws/install/robot_template:/opt/ros/foxy /usr/bin/cmake --install /home/johan/sllidar_ws/build/robot_cartographer
[2.678s] Level 1:colcon.colcon_core.environment:checking '/home/johan/sllidar_ws/install/robot_cartographer' for CMake module files
[2.678s] Level 1:colcon.colcon_core.environment:checking '/home/johan/sllidar_ws/install/robot_cartographer' for CMake config files
[2.678s] Level 1:colcon.colcon_core.shell:create_environment_hook('robot_cartographer', 'cmake_prefix_path')
[2.698s] INFO:colcon.colcon_core.shell:Creating environment hook '/home/johan/sllidar_ws/install/robot_cartographer/share/robot_cartographer/hook/cmake_prefix_path.ps1'
[2.699s] INFO:colcon.colcon_core.shell:Creating environment descriptor '/home/johan/sllidar_ws/install/robot_cartographer/share/robot_cartographer/hook/cmake_prefix_path.dsv'
[2.699s] INFO:colcon.colcon_core.shell:Creating environment hook '/home/johan/sllidar_ws/install/robot_cartographer/share/robot_cartographer/hook/cmake_prefix_path.sh'
[2.699s] Level 1:colcon.colcon_core.environment:checking '/home/johan/sllidar_ws/install/robot_cartographer/bin'
[2.699s] Level 1:colcon.colcon_core.environment:checking '/home/johan/sllidar_ws/install/robot_cartographer/lib/pkgconfig/robot_cartographer.pc'
[2.699s] Level 1:colcon.colcon_core.environment:checking '/home/johan/sllidar_ws/install/robot_cartographer/lib/python3.8/site-packages'
[2.699s] Level 1:colcon.colcon_core.environment:checking '/home/johan/sllidar_ws/install/robot_cartographer/bin'
[2.720s] INFO:colcon.colcon_core.shell:Creating package script '/home/johan/sllidar_ws/install/robot_cartographer/share/robot_cartographer/package.ps1'
[2.720s] INFO:colcon.colcon_core.shell:Creating package descriptor '/home/johan/sllidar_ws/install/robot_cartographer/share/robot_cartographer/package.dsv'
[2.720s] INFO:colcon.colcon_core.shell:Creating package script '/home/johan/sllidar_ws/install/robot_cartographer/share/robot_cartographer/package.sh'
[2.720s] INFO:colcon.colcon_core.shell:Creating package script '/home/johan/sllidar_ws/install/robot_cartographer/share/robot_cartographer/package.bash'
[2.720s] INFO:colcon.colcon_core.shell:Creating package script '/home/johan/sllidar_ws/install/robot_cartographer/share/robot_cartographer/package.zsh'
[2.721s] Level 1:colcon.colcon_core.environment:create_file_with_runtime_dependencies(/home/johan/sllidar_ws/install/robot_cartographer/share/colcon-core/packages/robot_cartographer)
[2.724s] DEBUG:colcon.colcon_core.event_handler.log_command:Invoked command in '/home/johan/sllidar_ws/build/sllidar_ros2' returned '0': CMAKE_PREFIX_PATH=${CMAKE_PREFIX_PATH}:/home/johan/sllidar_ws/install/robot_template:/opt/ros/foxy /usr/bin/cmake --build /home/johan/sllidar_ws/build/sllidar_ros2 -- -j16 -l16
[2.725s] Level 1:colcon.colcon_core.environment:create_environment_scripts_only(robot_navigation2)
[2.726s] DEBUG:colcon.colcon_core.event_handler.log_command:Invoked command in '/home/johan/sllidar_ws/build/robot_navigation2' returned '0': CMAKE_PREFIX_PATH=${CMAKE_PREFIX_PATH}:/home/johan/sllidar_ws/install/robot_template:/opt/ros/foxy /usr/bin/cmake --install /home/johan/sllidar_ws/build/robot_navigation2
[2.753s] Level 1:colcon.colcon_core.environment:checking '/home/johan/sllidar_ws/install/robot_navigation2' for CMake module files
[2.753s] Level 1:colcon.colcon_core.environment:checking '/home/johan/sllidar_ws/install/robot_navigation2' for CMake config files
[2.753s] Level 1:colcon.colcon_core.shell:create_environment_hook('robot_navigation2', 'cmake_prefix_path')
[2.773s] INFO:colcon.colcon_core.shell:Creating environment hook '/home/johan/sllidar_ws/install/robot_navigation2/share/robot_navigation2/hook/cmake_prefix_path.ps1'
[2.773s] INFO:colcon.colcon_core.shell:Creating environment descriptor '/home/johan/sllidar_ws/install/robot_navigation2/share/robot_navigation2/hook/cmake_prefix_path.dsv'
[2.774s] INFO:colcon.colcon_core.shell:Creating environment hook '/home/johan/sllidar_ws/install/robot_navigation2/share/robot_navigation2/hook/cmake_prefix_path.sh'
[2.774s] Level 1:colcon.colcon_core.environment:checking '/home/johan/sllidar_ws/install/robot_navigation2/bin'
[2.774s] Level 1:colcon.colcon_core.environment:checking '/home/johan/sllidar_ws/install/robot_navigation2/lib/pkgconfig/robot_navigation2.pc'
[2.774s] Level 1:colcon.colcon_core.environment:checking '/home/johan/sllidar_ws/install/robot_navigation2/lib/python3.8/site-packages'
[2.774s] Level 1:colcon.colcon_core.environment:checking '/home/johan/sllidar_ws/install/robot_navigation2/bin'
[2.794s] INFO:colcon.colcon_core.shell:Creating package script '/home/johan/sllidar_ws/install/robot_navigation2/share/robot_navigation2/package.ps1'
[2.794s] INFO:colcon.colcon_core.shell:Creating package descriptor '/home/johan/sllidar_ws/install/robot_navigation2/share/robot_navigation2/package.dsv'
[2.794s] INFO:colcon.colcon_core.shell:Creating package script '/home/johan/sllidar_ws/install/robot_navigation2/share/robot_navigation2/package.sh'
[2.795s] INFO:colcon.colcon_core.shell:Creating package script '/home/johan/sllidar_ws/install/robot_navigation2/share/robot_navigation2/package.bash'
[2.795s] INFO:colcon.colcon_core.shell:Creating package script '/home/johan/sllidar_ws/install/robot_navigation2/share/robot_navigation2/package.zsh'
[2.795s] Level 1:colcon.colcon_core.environment:create_file_with_runtime_dependencies(/home/johan/sllidar_ws/install/robot_navigation2/share/colcon-core/packages/robot_navigation2)
[2.798s] Level 1:colcon.colcon_core.environment:create_environment_scripts_only(sam_bot_description)
[2.798s] DEBUG:colcon.colcon_core.event_handler.log_command:Invoked command in '/home/johan/sllidar_ws/build/sam_bot_description' returned '0': CMAKE_PREFIX_PATH=${CMAKE_PREFIX_PATH}:/home/johan/sllidar_ws/install/robot_template:/opt/ros/foxy /usr/bin/cmake --install /home/johan/sllidar_ws/build/sam_bot_description
[2.819s] Level 1:colcon.colcon_core.environment:checking '/home/johan/sllidar_ws/install/sam_bot_description' for CMake module files
[2.819s] Level 1:colcon.colcon_core.environment:checking '/home/johan/sllidar_ws/install/sam_bot_description' for CMake config files
[2.819s] Level 1:colcon.colcon_core.shell:create_environment_hook('sam_bot_description', 'cmake_prefix_path')
[2.839s] INFO:colcon.colcon_core.shell:Creating environment hook '/home/johan/sllidar_ws/install/sam_bot_description/share/sam_bot_description/hook/cmake_prefix_path.ps1'
[2.840s] INFO:colcon.colcon_core.shell:Creating environment descriptor '/home/johan/sllidar_ws/install/sam_bot_description/share/sam_bot_description/hook/cmake_prefix_path.dsv'
[2.840s] INFO:colcon.colcon_core.shell:Creating environment hook '/home/johan/sllidar_ws/install/sam_bot_description/share/sam_bot_description/hook/cmake_prefix_path.sh'
[2.840s] Level 1:colcon.colcon_core.environment:checking '/home/johan/sllidar_ws/install/sam_bot_description/bin'
[2.840s] Level 1:colcon.colcon_core.environment:checking '/home/johan/sllidar_ws/install/sam_bot_description/lib/pkgconfig/sam_bot_description.pc'
[2.840s] Level 1:colcon.colcon_core.environment:checking '/home/johan/sllidar_ws/install/sam_bot_description/lib/python3.8/site-packages'
[2.840s] Level 1:colcon.colcon_core.environment:checking '/home/johan/sllidar_ws/install/sam_bot_description/bin'
[2.860s] INFO:colcon.colcon_core.shell:Creating package script '/home/johan/sllidar_ws/install/sam_bot_description/share/sam_bot_description/package.ps1'
[2.860s] INFO:colcon.colcon_core.shell:Creating package descriptor '/home/johan/sllidar_ws/install/sam_bot_description/share/sam_bot_description/package.dsv'
[2.860s] INFO:colcon.colcon_core.shell:Creating package script '/home/johan/sllidar_ws/install/sam_bot_description/share/sam_bot_description/package.sh'
[2.860s] INFO:colcon.colcon_core.shell:Creating package script '/home/johan/sllidar_ws/install/sam_bot_description/share/sam_bot_description/package.bash'
[2.861s] INFO:colcon.colcon_core.shell:Creating package script '/home/johan/sllidar_ws/install/sam_bot_description/share/sam_bot_description/package.zsh'
[2.861s] Level 1:colcon.colcon_core.environment:create_file_with_runtime_dependencies(/home/johan/sllidar_ws/install/sam_bot_description/share/colcon-core/packages/sam_bot_description)
[2.867s] DEBUG:colcon.colcon_core.event_handler.log_command:Invoking command in '/home/johan/sllidar_ws/src/robot_template': PYTHONPATH=/home/johan/sllidar_ws/build/robot_template/prefix_override:/home/johan/sllidar_ws/install/robot_template/lib/python3.8/site-packages:${PYTHONPATH} /usr/bin/python3 setup.py egg_info --egg-base ../../build/robot_template build --build-base /home/johan/sllidar_ws/build/robot_template/build install --record /home/johan/sllidar_ws/build/robot_template/install.log --install-scripts $base/lib/robot_template --single-version-externally-managed
[2.888s] Level 1:colcon.colcon_core.environment:create_environment_scripts_only(fdilink_ahrs)
[2.908s] Level 1:colcon.colcon_core.environment:checking '/home/johan/sllidar_ws/install/fdilink_ahrs' for CMake module files
[2.908s] Level 1:colcon.colcon_core.environment:checking '/home/johan/sllidar_ws/install/fdilink_ahrs' for CMake config files
[2.908s] Level 1:colcon.colcon_core.shell:create_environment_hook('fdilink_ahrs', 'cmake_prefix_path')
[2.928s] INFO:colcon.colcon_core.shell:Creating environment hook '/home/johan/sllidar_ws/install/fdilink_ahrs/share/fdilink_ahrs/hook/cmake_prefix_path.ps1'
[2.928s] INFO:colcon.colcon_core.shell:Creating environment descriptor '/home/johan/sllidar_ws/install/fdilink_ahrs/share/fdilink_ahrs/hook/cmake_prefix_path.dsv'
[2.928s] INFO:colcon.colcon_core.shell:Creating environment hook '/home/johan/sllidar_ws/install/fdilink_ahrs/share/fdilink_ahrs/hook/cmake_prefix_path.sh'
[2.928s] Level 1:colcon.colcon_core.environment:checking '/home/johan/sllidar_ws/install/fdilink_ahrs/lib'
[2.928s] Level 1:colcon.colcon_core.environment:checking '/home/johan/sllidar_ws/install/fdilink_ahrs/bin'
[2.928s] Level 1:colcon.colcon_core.environment:checking '/home/johan/sllidar_ws/install/fdilink_ahrs/lib/pkgconfig/fdilink_ahrs.pc'
[2.929s] Level 1:colcon.colcon_core.environment:checking '/home/johan/sllidar_ws/install/fdilink_ahrs/lib/python3.8/site-packages'
[2.929s] Level 1:colcon.colcon_core.environment:checking '/home/johan/sllidar_ws/install/fdilink_ahrs/bin'
[2.949s] INFO:colcon.colcon_core.shell:Creating package script '/home/johan/sllidar_ws/install/fdilink_ahrs/share/fdilink_ahrs/package.ps1'
[2.949s] INFO:colcon.colcon_core.shell:Creating package descriptor '/home/johan/sllidar_ws/install/fdilink_ahrs/share/fdilink_ahrs/package.dsv'
[2.949s] INFO:colcon.colcon_core.shell:Creating package script '/home/johan/sllidar_ws/install/fdilink_ahrs/share/fdilink_ahrs/package.sh'
[2.949s] INFO:colcon.colcon_core.shell:Creating package script '/home/johan/sllidar_ws/install/fdilink_ahrs/share/fdilink_ahrs/package.bash'
[2.950s] INFO:colcon.colcon_core.shell:Creating package script '/home/johan/sllidar_ws/install/fdilink_ahrs/share/fdilink_ahrs/package.zsh'
[2.950s] Level 1:colcon.colcon_core.environment:create_file_with_runtime_dependencies(/home/johan/sllidar_ws/install/fdilink_ahrs/share/colcon-core/packages/fdilink_ahrs)
[2.970s] Level 1:colcon.colcon_core.environment:create_environment_scripts_only(robot_bringup)
[2.989s] Level 1:colcon.colcon_core.environment:checking '/home/johan/sllidar_ws/install/robot_bringup' for CMake module files
[2.989s] Level 1:colcon.colcon_core.environment:checking '/home/johan/sllidar_ws/install/robot_bringup' for CMake config files
[2.990s] Level 1:colcon.colcon_core.shell:create_environment_hook('robot_bringup', 'cmake_prefix_path')
[3.009s] INFO:colcon.colcon_core.shell:Creating environment hook '/home/johan/sllidar_ws/install/robot_bringup/share/robot_bringup/hook/cmake_prefix_path.ps1'
[3.009s] INFO:colcon.colcon_core.shell:Creating environment descriptor '/home/johan/sllidar_ws/install/robot_bringup/share/robot_bringup/hook/cmake_prefix_path.dsv'
[3.009s] INFO:colcon.colcon_core.shell:Creating environment hook '/home/johan/sllidar_ws/install/robot_bringup/share/robot_bringup/hook/cmake_prefix_path.sh'
[3.010s] Level 1:colcon.colcon_core.environment:checking '/home/johan/sllidar_ws/install/robot_bringup/lib'
[3.010s] Level 1:colcon.colcon_core.environment:checking '/home/johan/sllidar_ws/install/robot_bringup/bin'
[3.010s] Level 1:colcon.colcon_core.environment:checking '/home/johan/sllidar_ws/install/robot_bringup/lib/pkgconfig/robot_bringup.pc'
[3.010s] Level 1:colcon.colcon_core.environment:checking '/home/johan/sllidar_ws/install/robot_bringup/lib/python3.8/site-packages'
[3.010s] Level 1:colcon.colcon_core.environment:checking '/home/johan/sllidar_ws/install/robot_bringup/bin'
[3.030s] INFO:colcon.colcon_core.shell:Creating package script '/home/johan/sllidar_ws/install/robot_bringup/share/robot_bringup/package.ps1'
[3.030s] INFO:colcon.colcon_core.shell:Creating package descriptor '/home/johan/sllidar_ws/install/robot_bringup/share/robot_bringup/package.dsv'
[3.031s] INFO:colcon.colcon_core.shell:Creating package script '/home/johan/sllidar_ws/install/robot_bringup/share/robot_bringup/package.sh'
[3.031s] INFO:colcon.colcon_core.shell:Creating package script '/home/johan/sllidar_ws/install/robot_bringup/share/robot_bringup/package.bash'
[3.031s] INFO:colcon.colcon_core.shell:Creating package script '/home/johan/sllidar_ws/install/robot_bringup/share/robot_bringup/package.zsh'
[3.031s] Level 1:colcon.colcon_core.environment:create_file_with_runtime_dependencies(/home/johan/sllidar_ws/install/robot_bringup/share/colcon-core/packages/robot_bringup)
[3.052s] Level 1:colcon.colcon_core.environment:create_environment_scripts_only(robot_cartographer)
[3.071s] Level 1:colcon.colcon_core.environment:checking '/home/johan/sllidar_ws/install/robot_cartographer' for CMake module files
[3.072s] Level 1:colcon.colcon_core.environment:checking '/home/johan/sllidar_ws/install/robot_cartographer' for CMake config files
[3.072s] Level 1:colcon.colcon_core.shell:create_environment_hook('robot_cartographer', 'cmake_prefix_path')
[3.091s] INFO:colcon.colcon_core.shell:Creating environment hook '/home/johan/sllidar_ws/install/robot_cartographer/share/robot_cartographer/hook/cmake_prefix_path.ps1'
[3.092s] INFO:colcon.colcon_core.shell:Creating environment descriptor '/home/johan/sllidar_ws/install/robot_cartographer/share/robot_cartographer/hook/cmake_prefix_path.dsv'
[3.092s] INFO:colcon.colcon_core.shell:Creating environment hook '/home/johan/sllidar_ws/install/robot_cartographer/share/robot_cartographer/hook/cmake_prefix_path.sh'
[3.092s] Level 1:colcon.colcon_core.environment:checking '/home/johan/sllidar_ws/install/robot_cartographer/bin'
[3.092s] Level 1:colcon.colcon_core.environment:checking '/home/johan/sllidar_ws/install/robot_cartographer/lib/pkgconfig/robot_cartographer.pc'
[3.092s] Level 1:colcon.colcon_core.environment:checking '/home/johan/sllidar_ws/install/robot_cartographer/lib/python3.8/site-packages'
[3.092s] Level 1:colcon.colcon_core.environment:checking '/home/johan/sllidar_ws/install/robot_cartographer/bin'
[3.112s] INFO:colcon.colcon_core.shell:Creating package script '/home/johan/sllidar_ws/install/robot_cartographer/share/robot_cartographer/package.ps1'
[3.112s] INFO:colcon.colcon_core.shell:Creating package descriptor '/home/johan/sllidar_ws/install/robot_cartographer/share/robot_cartographer/package.dsv'
[3.113s] INFO:colcon.colcon_core.shell:Creating package script '/home/johan/sllidar_ws/install/robot_cartographer/share/robot_cartographer/package.sh'
[3.113s] INFO:colcon.colcon_core.shell:Creating package script '/home/johan/sllidar_ws/install/robot_cartographer/share/robot_cartographer/package.bash'
[3.113s] INFO:colcon.colcon_core.shell:Creating package script '/home/johan/sllidar_ws/install/robot_cartographer/share/robot_cartographer/package.zsh'
[3.113s] Level 1:colcon.colcon_core.environment:create_file_with_runtime_dependencies(/home/johan/sllidar_ws/install/robot_cartographer/share/colcon-core/packages/robot_cartographer)
[3.117s] DEBUG:colcon.colcon_core.event_handler.log_command:Invoking command in '/home/johan/sllidar_ws/build/sllidar_ros2': CMAKE_PREFIX_PATH=${CMAKE_PREFIX_PATH}:/home/johan/sllidar_ws/install/robot_template:/opt/ros/foxy /usr/bin/cmake --install /home/johan/sllidar_ws/build/sllidar_ros2
[3.139s] Level 1:colcon.colcon_core.environment:create_environment_scripts_only(robot_navigation2)
[3.166s] Level 1:colcon.colcon_core.environment:checking '/home/johan/sllidar_ws/install/robot_navigation2' for CMake module files
[3.167s] Level 1:colcon.colcon_core.environment:checking '/home/johan/sllidar_ws/install/robot_navigation2' for CMake config files
[3.167s] Level 1:colcon.colcon_core.shell:create_environment_hook('robot_navigation2', 'cmake_prefix_path')
[3.186s] INFO:colcon.colcon_core.shell:Creating environment hook '/home/johan/sllidar_ws/install/robot_navigation2/share/robot_navigation2/hook/cmake_prefix_path.ps1'
[3.187s] INFO:colcon.colcon_core.shell:Creating environment descriptor '/home/johan/sllidar_ws/install/robot_navigation2/share/robot_navigation2/hook/cmake_prefix_path.dsv'
[3.187s] INFO:colcon.colcon_core.shell:Creating environment hook '/home/johan/sllidar_ws/install/robot_navigation2/share/robot_navigation2/hook/cmake_prefix_path.sh'
[3.187s] Level 1:colcon.colcon_core.environment:checking '/home/johan/sllidar_ws/install/robot_navigation2/bin'
[3.187s] Level 1:colcon.colcon_core.environment:checking '/home/johan/sllidar_ws/install/robot_navigation2/lib/pkgconfig/robot_navigation2.pc'
[3.187s] Level 1:colcon.colcon_core.environment:checking '/home/johan/sllidar_ws/install/robot_navigation2/lib/python3.8/site-packages'
[3.187s] Level 1:colcon.colcon_core.environment:checking '/home/johan/sllidar_ws/install/robot_navigation2/bin'
[3.207s] INFO:colcon.colcon_core.shell:Creating package script '/home/johan/sllidar_ws/install/robot_navigation2/share/robot_navigation2/package.ps1'
[3.207s] INFO:colcon.colcon_core.shell:Creating package descriptor '/home/johan/sllidar_ws/install/robot_navigation2/share/robot_navigation2/package.dsv'
[3.207s] INFO:colcon.colcon_core.shell:Creating package script '/home/johan/sllidar_ws/install/robot_navigation2/share/robot_navigation2/package.sh'
[3.207s] INFO:colcon.colcon_core.shell:Creating package script '/home/johan/sllidar_ws/install/robot_navigation2/share/robot_navigation2/package.bash'
[3.208s] INFO:colcon.colcon_core.shell:Creating package script '/home/johan/sllidar_ws/install/robot_navigation2/share/robot_navigation2/package.zsh'
[3.208s] Level 1:colcon.colcon_core.environment:create_file_with_runtime_dependencies(/home/johan/sllidar_ws/install/robot_navigation2/share/colcon-core/packages/robot_navigation2)
[3.209s] DEBUG:colcon.colcon_core.event_handler.log_command:Invoked command in '/home/johan/sllidar_ws/src/robot_template' returned '0': PYTHONPATH=/home/johan/sllidar_ws/build/robot_template/prefix_override:/home/johan/sllidar_ws/install/robot_template/lib/python3.8/site-packages:${PYTHONPATH} /usr/bin/python3 setup.py egg_info --egg-base ../../build/robot_template build --build-base /home/johan/sllidar_ws/build/robot_template/build install --record /home/johan/sllidar_ws/build/robot_template/install.log --install-scripts $base/lib/robot_template --single-version-externally-managed
[3.230s] Level 1:colcon.colcon_core.environment:checking '/home/johan/sllidar_ws/install/robot_template' for CMake module files
[3.230s] Level 1:colcon.colcon_core.environment:checking '/home/johan/sllidar_ws/install/robot_template' for CMake config files
[3.230s] Level 1:colcon.colcon_core.environment:checking '/home/johan/sllidar_ws/install/robot_template/lib'
[3.230s] Level 1:colcon.colcon_core.environment:checking '/home/johan/sllidar_ws/install/robot_template/bin'
[3.231s] Level 1:colcon.colcon_core.environment:checking '/home/johan/sllidar_ws/install/robot_template/lib/pkgconfig/robot_template.pc'
[3.231s] Level 1:colcon.colcon_core.environment:checking '/home/johan/sllidar_ws/install/robot_template/lib/python3.8/site-packages'
[3.231s] Level 1:colcon.colcon_core.shell:create_environment_hook('robot_template', 'pythonpath')
[3.250s] INFO:colcon.colcon_core.shell:Creating environment hook '/home/johan/sllidar_ws/install/robot_template/share/robot_template/hook/pythonpath.ps1'
[3.251s] INFO:colcon.colcon_core.shell:Creating environment descriptor '/home/johan/sllidar_ws/install/robot_template/share/robot_template/hook/pythonpath.dsv'
[3.251s] INFO:colcon.colcon_core.shell:Creating environment hook '/home/johan/sllidar_ws/install/robot_template/share/robot_template/hook/pythonpath.sh'
[3.251s] Level 1:colcon.colcon_core.environment:checking '/home/johan/sllidar_ws/install/robot_template/bin'
[3.251s] Level 1:colcon.colcon_core.environment:create_environment_scripts_only(robot_template)
[3.271s] INFO:colcon.colcon_core.shell:Creating package script '/home/johan/sllidar_ws/install/robot_template/share/robot_template/package.ps1'
[3.271s] INFO:colcon.colcon_core.shell:Creating package descriptor '/home/johan/sllidar_ws/install/robot_template/share/robot_template/package.dsv'
[3.271s] INFO:colcon.colcon_core.shell:Creating package script '/home/johan/sllidar_ws/install/robot_template/share/robot_template/package.sh'
[3.271s] INFO:colcon.colcon_core.shell:Creating package script '/home/johan/sllidar_ws/install/robot_template/share/robot_template/package.bash'
[3.272s] INFO:colcon.colcon_core.shell:Creating package script '/home/johan/sllidar_ws/install/robot_template/share/robot_template/package.zsh'
[3.272s] Level 1:colcon.colcon_core.environment:create_file_with_runtime_dependencies(/home/johan/sllidar_ws/install/robot_template/share/colcon-core/packages/robot_template)
[3.292s] Level 1:colcon.colcon_core.environment:create_environment_scripts_only(sam_bot_description)
[3.311s] Level 1:colcon.colcon_core.environment:checking '/home/johan/sllidar_ws/install/sam_bot_description' for CMake module files
[3.311s] Level 1:colcon.colcon_core.environment:checking '/home/johan/sllidar_ws/install/sam_bot_description' for CMake config files
[3.311s] Level 1:colcon.colcon_core.shell:create_environment_hook('sam_bot_description', 'cmake_prefix_path')
[3.331s] INFO:colcon.colcon_core.shell:Creating environment hook '/home/johan/sllidar_ws/install/sam_bot_description/share/sam_bot_description/hook/cmake_prefix_path.ps1'
[3.331s] INFO:colcon.colcon_core.shell:Creating environment descriptor '/home/johan/sllidar_ws/install/sam_bot_description/share/sam_bot_description/hook/cmake_prefix_path.dsv'
[3.331s] INFO:colcon.colcon_core.shell:Creating environment hook '/home/johan/sllidar_ws/install/sam_bot_description/share/sam_bot_description/hook/cmake_prefix_path.sh'
[3.331s] Level 1:colcon.colcon_core.environment:checking '/home/johan/sllidar_ws/install/sam_bot_description/bin'
[3.331s] Level 1:colcon.colcon_core.environment:checking '/home/johan/sllidar_ws/install/sam_bot_description/lib/pkgconfig/sam_bot_description.pc'
[3.332s] Level 1:colcon.colcon_core.environment:checking '/home/johan/sllidar_ws/install/sam_bot_description/lib/python3.8/site-packages'
[3.332s] Level 1:colcon.colcon_core.environment:checking '/home/johan/sllidar_ws/install/sam_bot_description/bin'
[3.351s] INFO:colcon.colcon_core.shell:Creating package script '/home/johan/sllidar_ws/install/sam_bot_description/share/sam_bot_description/package.ps1'
[3.351s] INFO:colcon.colcon_core.shell:Creating package descriptor '/home/johan/sllidar_ws/install/sam_bot_description/share/sam_bot_description/package.dsv'
[3.352s] INFO:colcon.colcon_core.shell:Creating package script '/home/johan/sllidar_ws/install/sam_bot_description/share/sam_bot_description/package.sh'
[3.352s] INFO:colcon.colcon_core.shell:Creating package script '/home/johan/sllidar_ws/install/sam_bot_description/share/sam_bot_description/package.bash'
[3.352s] INFO:colcon.colcon_core.shell:Creating package script '/home/johan/sllidar_ws/install/sam_bot_description/share/sam_bot_description/package.zsh'
[3.352s] Level 1:colcon.colcon_core.environment:create_file_with_runtime_dependencies(/home/johan/sllidar_ws/install/sam_bot_description/share/colcon-core/packages/sam_bot_description)
[3.352s] Level 1:colcon.colcon_core.environment:create_environment_scripts_only(sllidar_ros2)
[3.353s] DEBUG:colcon.colcon_core.event_handler.log_command:Invoked command in '/home/johan/sllidar_ws/build/sllidar_ros2' returned '0': CMAKE_PREFIX_PATH=${CMAKE_PREFIX_PATH}:/home/johan/sllidar_ws/install/robot_template:/opt/ros/foxy /usr/bin/cmake --install /home/johan/sllidar_ws/build/sllidar_ros2
[3.372s] Level 1:colcon.colcon_core.environment:checking '/home/johan/sllidar_ws/install/sllidar_ros2' for CMake module files
[3.372s] Level 1:colcon.colcon_core.environment:checking '/home/johan/sllidar_ws/install/sllidar_ros2' for CMake config files
[3.372s] Level 1:colcon.colcon_core.shell:create_environment_hook('sllidar_ros2', 'cmake_prefix_path')
[3.391s] INFO:colcon.colcon_core.shell:Creating environment hook '/home/johan/sllidar_ws/install/sllidar_ros2/share/sllidar_ros2/hook/cmake_prefix_path.ps1'
[3.392s] INFO:colcon.colcon_core.shell:Creating environment descriptor '/home/johan/sllidar_ws/install/sllidar_ros2/share/sllidar_ros2/hook/cmake_prefix_path.dsv'
[3.392s] INFO:colcon.colcon_core.shell:Creating environment hook '/home/johan/sllidar_ws/install/sllidar_ros2/share/sllidar_ros2/hook/cmake_prefix_path.sh'
[3.392s] Level 1:colcon.colcon_core.environment:checking '/home/johan/sllidar_ws/install/sllidar_ros2/lib'
[3.392s] Level 1:colcon.colcon_core.environment:checking '/home/johan/sllidar_ws/install/sllidar_ros2/bin'
[3.392s] Level 1:colcon.colcon_core.environment:checking '/home/johan/sllidar_ws/install/sllidar_ros2/lib/pkgconfig/sllidar_ros2.pc'
[3.392s] Level 1:colcon.colcon_core.environment:checking '/home/johan/sllidar_ws/install/sllidar_ros2/lib/python3.8/site-packages'
[3.392s] Level 1:colcon.colcon_core.environment:checking '/home/johan/sllidar_ws/install/sllidar_ros2/bin'
[3.411s] INFO:colcon.colcon_core.shell:Creating package script '/home/johan/sllidar_ws/install/sllidar_ros2/share/sllidar_ros2/package.ps1'
[3.412s] INFO:colcon.colcon_core.shell:Creating package descriptor '/home/johan/sllidar_ws/install/sllidar_ros2/share/sllidar_ros2/package.dsv'
[3.412s] INFO:colcon.colcon_core.shell:Creating package script '/home/johan/sllidar_ws/install/sllidar_ros2/share/sllidar_ros2/package.sh'
[3.412s] INFO:colcon.colcon_core.shell:Creating package script '/home/johan/sllidar_ws/install/sllidar_ros2/share/sllidar_ros2/package.bash'
[3.412s] INFO:colcon.colcon_core.shell:Creating package script '/home/johan/sllidar_ws/install/sllidar_ros2/share/sllidar_ros2/package.zsh'
[3.412s] Level 1:colcon.colcon_core.environment:create_file_with_runtime_dependencies(/home/johan/sllidar_ws/install/sllidar_ros2/share/colcon-core/packages/sllidar_ros2)
[3.473s] Level 1:colcon.colcon_core.environment:create_environment_scripts_only(sllidar_ros2)
[3.493s] Level 1:colcon.colcon_core.environment:checking '/home/johan/sllidar_ws/install/sllidar_ros2' for CMake module files
[3.493s] Level 1:colcon.colcon_core.environment:checking '/home/johan/sllidar_ws/install/sllidar_ros2' for CMake config files
[3.493s] Level 1:colcon.colcon_core.shell:create_environment_hook('sllidar_ros2', 'cmake_prefix_path')
[3.512s] INFO:colcon.colcon_core.shell:Creating environment hook '/home/johan/sllidar_ws/install/sllidar_ros2/share/sllidar_ros2/hook/cmake_prefix_path.ps1'
[3.513s] INFO:colcon.colcon_core.shell:Creating environment descriptor '/home/johan/sllidar_ws/install/sllidar_ros2/share/sllidar_ros2/hook/cmake_prefix_path.dsv'
[3.513s] INFO:colcon.colcon_core.shell:Creating environment hook '/home/johan/sllidar_ws/install/sllidar_ros2/share/sllidar_ros2/hook/cmake_prefix_path.sh'
[3.513s] Level 1:colcon.colcon_core.environment:checking '/home/johan/sllidar_ws/install/sllidar_ros2/lib'
[3.513s] Level 1:colcon.colcon_core.environment:checking '/home/johan/sllidar_ws/install/sllidar_ros2/bin'
[3.513s] Level 1:colcon.colcon_core.environment:checking '/home/johan/sllidar_ws/install/sllidar_ros2/lib/pkgconfig/sllidar_ros2.pc'
[3.513s] Level 1:colcon.colcon_core.environment:checking '/home/johan/sllidar_ws/install/sllidar_ros2/lib/python3.8/site-packages'
[3.513s] Level 1:colcon.colcon_core.environment:checking '/home/johan/sllidar_ws/install/sllidar_ros2/bin'
[3.533s] INFO:colcon.colcon_core.shell:Creating package script '/home/johan/sllidar_ws/install/sllidar_ros2/share/sllidar_ros2/package.ps1'
[3.533s] INFO:colcon.colcon_core.shell:Creating package descriptor '/home/johan/sllidar_ws/install/sllidar_ros2/share/sllidar_ros2/package.dsv'
[3.533s] INFO:colcon.colcon_core.shell:Creating package script '/home/johan/sllidar_ws/install/sllidar_ros2/share/sllidar_ros2/package.sh'
[3.533s] INFO:colcon.colcon_core.shell:Creating package script '/home/johan/sllidar_ws/install/sllidar_ros2/share/sllidar_ros2/package.bash'
[3.534s] INFO:colcon.colcon_core.shell:Creating package script '/home/johan/sllidar_ws/install/sllidar_ros2/share/sllidar_ros2/package.zsh'
[3.534s] Level 1:colcon.colcon_core.environment:create_file_with_runtime_dependencies(/home/johan/sllidar_ws/install/sllidar_ros2/share/colcon-core/packages/sllidar_ros2)
[3.534s] DEBUG:colcon.colcon_parallel_executor.executor.parallel:closing loop
[3.534s] DEBUG:colcon.colcon_parallel_executor.executor.parallel:loop closed
[3.534s] DEBUG:colcon.colcon_parallel_executor.executor.parallel:run_until_complete finished with '0'
[3.534s] DEBUG:colcon.colcon_core.event_reactor:joining thread
[3.557s] INFO:colcon.colcon_core.plugin_system:Skipping extension 'colcon_notification.desktop_notification.terminal_notifier': Not used on non-Darwin systems
[3.557s] INFO:colcon.colcon_core.plugin_system:Skipping extension 'colcon_notification.desktop_notification.win32': Not used on non-Windows systems
[3.557s] INFO:colcon.colcon_notification.desktop_notification:Sending desktop notification using 'notify2'
[3.569s] DEBUG:colcon.colcon_core.event_reactor:joined thread
[3.588s] INFO:colcon.colcon_core.shell:Creating prefix script '/home/johan/sllidar_ws/install/local_setup.ps1'
[3.589s] INFO:colcon.colcon_core.shell:Creating prefix util module '/home/johan/sllidar_ws/install/_local_setup_util_ps1.py'
[3.590s] INFO:colcon.colcon_core.shell:Creating prefix chain script '/home/johan/sllidar_ws/install/setup.ps1'
[3.609s] INFO:colcon.colcon_core.shell:Creating prefix script '/home/johan/sllidar_ws/install/local_setup.sh'
[3.610s] INFO:colcon.colcon_core.shell:Creating prefix util module '/home/johan/sllidar_ws/install/_local_setup_util_sh.py'
[3.610s] INFO:colcon.colcon_core.shell:Creating prefix chain script '/home/johan/sllidar_ws/install/setup.sh'
[3.630s] INFO:colcon.colcon_core.shell:Creating prefix script '/home/johan/sllidar_ws/install/local_setup.bash'
[3.630s] INFO:colcon.colcon_core.shell:Creating prefix chain script '/home/johan/sllidar_ws/install/setup.bash'
[3.650s] INFO:colcon.colcon_core.shell:Creating prefix script '/home/johan/sllidar_ws/install/local_setup.zsh'
[3.650s] INFO:colcon.colcon_core.shell:Creating prefix chain script '/home/johan/sllidar_ws/install/setup.zsh'
