[1.146s] DEBUG:colcon:Command line arguments: ['/usr/bin/colcon', 'build']
[1.146s] DEBUG:colcon:Parsed command line arguments: Namespace(allow_overriding=[], ament_cmake_args=None, base_paths=['.'], build_base='build', catkin_cmake_args=None, catkin_skip_building_tests=False, cmake_args=None, cmake_clean_cache=False, cmake_clean_first=False, cmake_force_configure=False, cmake_target=None, cmake_target_skip_unavailable=False, continue_on_error=False, event_handlers=None, executor='parallel', ignore_user_meta=False, install_base='install', log_base=None, log_level=None, main=<bound method BuildVerb.main of <colcon_core.verb.build.BuildVerb object at 0x7f96733b5610>>, merge_install=False, metas=['./colcon.meta'], packages_above=None, packages_above_and_dependencies=None, packages_above_depth=None, packages_end=None, packages_ignore=None, packages_ignore_regex=None, packages_select=None, packages_select_build_failed=False, packages_select_by_dep=None, packages_select_regex=None, packages_select_test_failures=False, packages_skip=None, packages_skip_build_finished=False, packages_skip_by_dep=None, packages_skip_regex=None, packages_skip_test_passed=False, packages_skip_up_to=None, packages_start=None, packages_up_to=None, packages_up_to_regex=None, parallel_workers=16, paths=None, symlink_install=False, test_result_base=None, verb_extension=<colcon_core.verb.build.BuildVerb object at 0x7f96733b5610>, verb_name='build', verb_parser=<colcon_defaults.argument_parser.defaults.DefaultArgumentsDecorator object at 0x7f96733b59a0>)
[1.197s] Level 1:colcon.colcon_core.package_discovery:discover_packages(colcon_meta) check parameters
[1.197s] Level 1:colcon.colcon_core.package_discovery:discover_packages(recursive) check parameters
[1.197s] Level 1:colcon.colcon_core.package_discovery:discover_packages(ignore) check parameters
[1.197s] Level 1:colcon.colcon_core.package_discovery:discover_packages(path) check parameters
[1.197s] Level 1:colcon.colcon_core.package_discovery:discover_packages(colcon_meta) discover
[1.197s] Level 1:colcon.colcon_core.package_discovery:discover_packages(recursive) discover
[1.197s] INFO:colcon.colcon_core.package_discovery:Crawling recursively for packages in '/home/johan/sllidar_ws'
[1.197s] Level 1:colcon.colcon_core.package_identification:_identify(.) by extensions ['ignore', 'ignore_ament_install']
[1.197s] Level 1:colcon.colcon_core.package_identification:_identify(.) by extension 'ignore'
[1.197s] Level 1:colcon.colcon_core.package_identification:_identify(.) by extension 'ignore_ament_install'
[1.197s] Level 1:colcon.colcon_core.package_identification:_identify(.) by extensions ['colcon_pkg']
[1.197s] Level 1:colcon.colcon_core.package_identification:_identify(.) by extension 'colcon_pkg'
[1.197s] Level 1:colcon.colcon_core.package_identification:_identify(.) by extensions ['colcon_meta']
[1.197s] Level 1:colcon.colcon_core.package_identification:_identify(.) by extension 'colcon_meta'
[1.197s] Level 1:colcon.colcon_core.package_identification:_identify(.) by extensions ['ros']
[1.197s] Level 1:colcon.colcon_core.package_identification:_identify(.) by extension 'ros'
[1.205s] Level 1:colcon.colcon_core.package_identification:_identify(.) by extensions ['cmake', 'python']
[1.205s] Level 1:colcon.colcon_core.package_identification:_identify(.) by extension 'cmake'
[1.205s] Level 1:colcon.colcon_core.package_identification:_identify(.) by extension 'python'
[1.205s] Level 1:colcon.colcon_core.package_identification:_identify(.) by extensions ['python_setup_py']
[1.205s] Level 1:colcon.colcon_core.package_identification:_identify(.) by extension 'python_setup_py'
[1.205s] Level 1:colcon.colcon_core.package_identification:_identify(build) by extensions ['ignore', 'ignore_ament_install']
[1.205s] Level 1:colcon.colcon_core.package_identification:_identify(build) by extension 'ignore'
[1.205s] Level 1:colcon.colcon_core.package_identification:_identify(build) ignored
[1.205s] Level 1:colcon.colcon_core.package_identification:_identify(install) by extensions ['ignore', 'ignore_ament_install']
[1.205s] Level 1:colcon.colcon_core.package_identification:_identify(install) by extension 'ignore'
[1.205s] Level 1:colcon.colcon_core.package_identification:_identify(install) ignored
[1.205s] Level 1:colcon.colcon_core.package_identification:_identify(log) by extensions ['ignore', 'ignore_ament_install']
[1.205s] Level 1:colcon.colcon_core.package_identification:_identify(log) by extension 'ignore'
[1.205s] Level 1:colcon.colcon_core.package_identification:_identify(log) ignored
[1.205s] Level 1:colcon.colcon_core.package_identification:_identify(src) by extensions ['ignore', 'ignore_ament_install']
[1.205s] Level 1:colcon.colcon_core.package_identification:_identify(src) by extension 'ignore'
[1.205s] Level 1:colcon.colcon_core.package_identification:_identify(src) by extension 'ignore_ament_install'
[1.205s] Level 1:colcon.colcon_core.package_identification:_identify(src) by extensions ['colcon_pkg']
[1.205s] Level 1:colcon.colcon_core.package_identification:_identify(src) by extension 'colcon_pkg'
[1.205s] Level 1:colcon.colcon_core.package_identification:_identify(src) by extensions ['colcon_meta']
[1.205s] Level 1:colcon.colcon_core.package_identification:_identify(src) by extension 'colcon_meta'
[1.205s] Level 1:colcon.colcon_core.package_identification:_identify(src) by extensions ['ros']
[1.205s] Level 1:colcon.colcon_core.package_identification:_identify(src) by extension 'ros'
[1.205s] Level 1:colcon.colcon_core.package_identification:_identify(src) by extensions ['cmake', 'python']
[1.205s] Level 1:colcon.colcon_core.package_identification:_identify(src) by extension 'cmake'
[1.205s] Level 1:colcon.colcon_core.package_identification:_identify(src) by extension 'python'
[1.205s] Level 1:colcon.colcon_core.package_identification:_identify(src) by extensions ['python_setup_py']
[1.205s] Level 1:colcon.colcon_core.package_identification:_identify(src) by extension 'python_setup_py'
[1.206s] Level 1:colcon.colcon_core.package_identification:_identify(src/fdilink_ahrs_ROS2) by extensions ['ignore', 'ignore_ament_install']
[1.206s] Level 1:colcon.colcon_core.package_identification:_identify(src/fdilink_ahrs_ROS2) by extension 'ignore'
[1.206s] Level 1:colcon.colcon_core.package_identification:_identify(src/fdilink_ahrs_ROS2) by extension 'ignore_ament_install'
[1.206s] Level 1:colcon.colcon_core.package_identification:_identify(src/fdilink_ahrs_ROS2) by extensions ['colcon_pkg']
[1.206s] Level 1:colcon.colcon_core.package_identification:_identify(src/fdilink_ahrs_ROS2) by extension 'colcon_pkg'
[1.206s] Level 1:colcon.colcon_core.package_identification:_identify(src/fdilink_ahrs_ROS2) by extensions ['colcon_meta']
[1.206s] Level 1:colcon.colcon_core.package_identification:_identify(src/fdilink_ahrs_ROS2) by extension 'colcon_meta'
[1.206s] Level 1:colcon.colcon_core.package_identification:_identify(src/fdilink_ahrs_ROS2) by extensions ['ros']
[1.206s] Level 1:colcon.colcon_core.package_identification:_identify(src/fdilink_ahrs_ROS2) by extension 'ros'
[1.208s] DEBUG:colcon.colcon_core.package_identification:Package 'src/fdilink_ahrs_ROS2' with type 'ros.ament_cmake' and name 'fdilink_ahrs'
[1.208s] Level 1:colcon.colcon_core.package_identification:_identify(src/nav2) by extensions ['ignore', 'ignore_ament_install']
[1.208s] Level 1:colcon.colcon_core.package_identification:_identify(src/nav2) by extension 'ignore'
[1.208s] Level 1:colcon.colcon_core.package_identification:_identify(src/nav2) by extension 'ignore_ament_install'
[1.208s] Level 1:colcon.colcon_core.package_identification:_identify(src/nav2) by extensions ['colcon_pkg']
[1.208s] Level 1:colcon.colcon_core.package_identification:_identify(src/nav2) by extension 'colcon_pkg'
[1.208s] Level 1:colcon.colcon_core.package_identification:_identify(src/nav2) by extensions ['colcon_meta']
[1.208s] Level 1:colcon.colcon_core.package_identification:_identify(src/nav2) by extension 'colcon_meta'
[1.208s] Level 1:colcon.colcon_core.package_identification:_identify(src/nav2) by extensions ['ros']
[1.208s] Level 1:colcon.colcon_core.package_identification:_identify(src/nav2) by extension 'ros'
[1.208s] Level 1:colcon.colcon_core.package_identification:_identify(src/nav2) by extensions ['cmake', 'python']
[1.208s] Level 1:colcon.colcon_core.package_identification:_identify(src/nav2) by extension 'cmake'
[1.208s] Level 1:colcon.colcon_core.package_identification:_identify(src/nav2) by extension 'python'
[1.208s] Level 1:colcon.colcon_core.package_identification:_identify(src/nav2) by extensions ['python_setup_py']
[1.208s] Level 1:colcon.colcon_core.package_identification:_identify(src/nav2) by extension 'python_setup_py'
[1.208s] Level 1:colcon.colcon_core.package_identification:_identify(src/sllidar_ros2) by extensions ['ignore', 'ignore_ament_install']
[1.208s] Level 1:colcon.colcon_core.package_identification:_identify(src/sllidar_ros2) by extension 'ignore'
[1.208s] Level 1:colcon.colcon_core.package_identification:_identify(src/sllidar_ros2) by extension 'ignore_ament_install'
[1.208s] Level 1:colcon.colcon_core.package_identification:_identify(src/sllidar_ros2) by extensions ['colcon_pkg']
[1.208s] Level 1:colcon.colcon_core.package_identification:_identify(src/sllidar_ros2) by extension 'colcon_pkg'
[1.208s] Level 1:colcon.colcon_core.package_identification:_identify(src/sllidar_ros2) by extensions ['colcon_meta']
[1.208s] Level 1:colcon.colcon_core.package_identification:_identify(src/sllidar_ros2) by extension 'colcon_meta'
[1.208s] Level 1:colcon.colcon_core.package_identification:_identify(src/sllidar_ros2) by extensions ['ros']
[1.208s] Level 1:colcon.colcon_core.package_identification:_identify(src/sllidar_ros2) by extension 'ros'
[1.209s] DEBUG:colcon.colcon_core.package_identification:Package 'src/sllidar_ros2' with type 'ros.ament_cmake' and name 'sllidar_ros2'
[1.209s] Level 1:colcon.colcon_core.package_discovery:discover_packages(recursive) using defaults
[1.209s] Level 1:colcon.colcon_core.package_discovery:discover_packages(ignore) discover
[1.209s] Level 1:colcon.colcon_core.package_discovery:discover_packages(ignore) using defaults
[1.209s] Level 1:colcon.colcon_core.package_discovery:discover_packages(path) discover
[1.209s] Level 1:colcon.colcon_core.package_discovery:discover_packages(path) using defaults
[1.314s] Level 1:colcon.colcon_core.package_discovery:discover_packages(prefix_path) check parameters
[1.314s] Level 1:colcon.colcon_core.package_discovery:discover_packages(prefix_path) discover
[1.340s] WARNING:colcon.colcon_ros.prefix_path.ament:The path '/home/johan/sllidar_ws/install/sllidar_ros2' in the environment variable AMENT_PREFIX_PATH doesn't exist
[1.340s] WARNING:colcon.colcon_ros.prefix_path.ament:The path '/home/johan/sllidar_ws/install/imu_forecast' in the environment variable AMENT_PREFIX_PATH doesn't exist
[1.340s] WARNING:colcon.colcon_ros.prefix_path.ament:The path '/home/johan/sllidar_ws/install/fdilink_ahrs' in the environment variable AMENT_PREFIX_PATH doesn't exist
[1.340s] WARNING:colcon.colcon_ros.prefix_path.ament:The path '/home/johan/sllidar_ws/install/cartographer' in the environment variable AMENT_PREFIX_PATH doesn't exist
[1.340s] WARNING:colcon.colcon_ros.prefix_path.catkin:The path '/home/johan/sllidar_ws/install/sllidar_ros2' in the environment variable CMAKE_PREFIX_PATH doesn't exist
[1.340s] WARNING:colcon.colcon_ros.prefix_path.catkin:The path '/home/johan/sllidar_ws/install/imu_forecast' in the environment variable CMAKE_PREFIX_PATH doesn't exist
[1.340s] WARNING:colcon.colcon_ros.prefix_path.catkin:The path '/home/johan/sllidar_ws/install/fdilink_ahrs' in the environment variable CMAKE_PREFIX_PATH doesn't exist
[1.340s] WARNING:colcon.colcon_ros.prefix_path.catkin:The path '/home/johan/sllidar_ws/install/cartographer' in the environment variable CMAKE_PREFIX_PATH doesn't exist
[1.360s] DEBUG:colcon.colcon_installed_package_information.package_discovery:Found 0 installed packages in /home/johan/sllidar_ws/install
[1.380s] DEBUG:colcon.colcon_installed_package_information.package_discovery:Found 380 installed packages in /opt/ros/foxy
[1.381s] Level 1:colcon.colcon_core.package_discovery:discover_packages(prefix_path) using defaults
[1.466s] Level 5:colcon.colcon_core.verb:set package 'fdilink_ahrs' build argument 'cmake_args' from command line to 'None'
[1.466s] Level 5:colcon.colcon_core.verb:set package 'fdilink_ahrs' build argument 'cmake_target' from command line to 'None'
[1.466s] Level 5:colcon.colcon_core.verb:set package 'fdilink_ahrs' build argument 'cmake_target_skip_unavailable' from command line to 'False'
[1.466s] Level 5:colcon.colcon_core.verb:set package 'fdilink_ahrs' build argument 'cmake_clean_cache' from command line to 'False'
[1.466s] Level 5:colcon.colcon_core.verb:set package 'fdilink_ahrs' build argument 'cmake_clean_first' from command line to 'False'
[1.466s] Level 5:colcon.colcon_core.verb:set package 'fdilink_ahrs' build argument 'cmake_force_configure' from command line to 'False'
[1.466s] Level 5:colcon.colcon_core.verb:set package 'fdilink_ahrs' build argument 'ament_cmake_args' from command line to 'None'
[1.466s] Level 5:colcon.colcon_core.verb:set package 'fdilink_ahrs' build argument 'catkin_cmake_args' from command line to 'None'
[1.466s] Level 5:colcon.colcon_core.verb:set package 'fdilink_ahrs' build argument 'catkin_skip_building_tests' from command line to 'False'
[1.466s] DEBUG:colcon.colcon_core.verb:Building package 'fdilink_ahrs' with the following arguments: {'ament_cmake_args': None, 'build_base': '/home/johan/sllidar_ws/build/fdilink_ahrs', 'catkin_cmake_args': None, 'catkin_skip_building_tests': False, 'cmake_args': None, 'cmake_clean_cache': False, 'cmake_clean_first': False, 'cmake_force_configure': False, 'cmake_target': None, 'cmake_target_skip_unavailable': False, 'install_base': '/home/johan/sllidar_ws/install/fdilink_ahrs', 'merge_install': False, 'path': '/home/johan/sllidar_ws/src/fdilink_ahrs_ROS2', 'symlink_install': False, 'test_result_base': None}
[1.484s] Level 5:colcon.colcon_core.verb:set package 'sllidar_ros2' build argument 'cmake_args' from command line to 'None'
[1.485s] Level 5:colcon.colcon_core.verb:set package 'sllidar_ros2' build argument 'cmake_target' from command line to 'None'
[1.485s] Level 5:colcon.colcon_core.verb:set package 'sllidar_ros2' build argument 'cmake_target_skip_unavailable' from command line to 'False'
[1.485s] Level 5:colcon.colcon_core.verb:set package 'sllidar_ros2' build argument 'cmake_clean_cache' from command line to 'False'
[1.485s] Level 5:colcon.colcon_core.verb:set package 'sllidar_ros2' build argument 'cmake_clean_first' from command line to 'False'
[1.485s] Level 5:colcon.colcon_core.verb:set package 'sllidar_ros2' build argument 'cmake_force_configure' from command line to 'False'
[1.485s] Level 5:colcon.colcon_core.verb:set package 'sllidar_ros2' build argument 'ament_cmake_args' from command line to 'None'
[1.485s] Level 5:colcon.colcon_core.verb:set package 'sllidar_ros2' build argument 'catkin_cmake_args' from command line to 'None'
[1.485s] Level 5:colcon.colcon_core.verb:set package 'sllidar_ros2' build argument 'catkin_skip_building_tests' from command line to 'False'
[1.485s] DEBUG:colcon.colcon_core.verb:Building package 'sllidar_ros2' with the following arguments: {'ament_cmake_args': None, 'build_base': '/home/johan/sllidar_ws/build/sllidar_ros2', 'catkin_cmake_args': None, 'catkin_skip_building_tests': False, 'cmake_args': None, 'cmake_clean_cache': False, 'cmake_clean_first': False, 'cmake_force_configure': False, 'cmake_target': None, 'cmake_target_skip_unavailable': False, 'install_base': '/home/johan/sllidar_ws/install/sllidar_ros2', 'merge_install': False, 'path': '/home/johan/sllidar_ws/src/sllidar_ros2', 'symlink_install': False, 'test_result_base': None}
[1.503s] INFO:colcon.colcon_core.executor:Executing jobs using 'parallel' executor
[1.522s] DEBUG:colcon.colcon_parallel_executor.executor.parallel:run_until_complete
[1.523s] INFO:colcon.colcon_ros.task.ament_cmake.build:Building ROS package in '/home/johan/sllidar_ws/src/fdilink_ahrs_ROS2' with build type 'ament_cmake'
[1.523s] INFO:colcon.colcon_cmake.task.cmake.build:Building CMake package in '/home/johan/sllidar_ws/src/fdilink_ahrs_ROS2'
[1.543s] INFO:colcon.colcon_core.plugin_system:Skipping extension 'colcon_core.shell.bat': Not used on non-Windows systems
[1.543s] INFO:colcon.colcon_core.shell:Skip shell extension 'powershell' for command environment: Not usable outside of PowerShell
[1.543s] DEBUG:colcon.colcon_core.shell:Skip shell extension 'dsv' for command environment
[1.612s] INFO:colcon.colcon_ros.task.ament_cmake.build:Building ROS package in '/home/johan/sllidar_ws/src/sllidar_ros2' with build type 'ament_cmake'
[1.613s] INFO:colcon.colcon_cmake.task.cmake.build:Building CMake package in '/home/johan/sllidar_ws/src/sllidar_ros2'
[1.642s] INFO:colcon.colcon_core.shell:Skip shell extension 'powershell' for command environment: Not usable outside of PowerShell
[1.642s] DEBUG:colcon.colcon_core.shell:Skip shell extension 'dsv' for command environment
[1.706s] DEBUG:colcon.colcon_core.event_handler.log_command:Invoking command in '/home/johan/sllidar_ws/build/fdilink_ahrs': CMAKE_PREFIX_PATH=${CMAKE_PREFIX_PATH}:/opt/ros/foxy /usr/bin/cmake /home/johan/sllidar_ws/src/fdilink_ahrs_ROS2 -DCMAKE_INSTALL_PREFIX=/home/johan/sllidar_ws/install/fdilink_ahrs
[1.710s] DEBUG:colcon.colcon_core.event_handler.log_command:Invoking command in '/home/johan/sllidar_ws/build/sllidar_ros2': CMAKE_PREFIX_PATH=${CMAKE_PREFIX_PATH}:/opt/ros/foxy /usr/bin/cmake /home/johan/sllidar_ws/src/sllidar_ros2 -DCMAKE_INSTALL_PREFIX=/home/johan/sllidar_ws/install/sllidar_ros2
[2.765s] DEBUG:colcon.colcon_core.event_handler.log_command:Invoked command in '/home/johan/sllidar_ws/build/sllidar_ros2' returned '0': CMAKE_PREFIX_PATH=${CMAKE_PREFIX_PATH}:/opt/ros/foxy /usr/bin/cmake /home/johan/sllidar_ws/src/sllidar_ros2 -DCMAKE_INSTALL_PREFIX=/home/johan/sllidar_ws/install/sllidar_ros2
[2.765s] DEBUG:colcon.colcon_core.event_handler.log_command:Invoking command in '/home/johan/sllidar_ws/build/sllidar_ros2': CMAKE_PREFIX_PATH=${CMAKE_PREFIX_PATH}:/opt/ros/foxy /usr/bin/cmake --build /home/johan/sllidar_ws/build/sllidar_ros2 -- -j16 -l16
[3.270s] DEBUG:colcon.colcon_core.event_handler.log_command:Invoked command in '/home/johan/sllidar_ws/build/fdilink_ahrs' returned '0': CMAKE_PREFIX_PATH=${CMAKE_PREFIX_PATH}:/opt/ros/foxy /usr/bin/cmake /home/johan/sllidar_ws/src/fdilink_ahrs_ROS2 -DCMAKE_INSTALL_PREFIX=/home/johan/sllidar_ws/install/fdilink_ahrs
[3.273s] DEBUG:colcon.colcon_core.event_handler.log_command:Invoking command in '/home/johan/sllidar_ws/build/fdilink_ahrs': CMAKE_PREFIX_PATH=${CMAKE_PREFIX_PATH}:/opt/ros/foxy /usr/bin/cmake --build /home/johan/sllidar_ws/build/fdilink_ahrs -- -j16 -l16
[6.092s] DEBUG:colcon.colcon_core.event_handler.log_command:Invoked command in '/home/johan/sllidar_ws/build/sllidar_ros2' returned '0': CMAKE_PREFIX_PATH=${CMAKE_PREFIX_PATH}:/opt/ros/foxy /usr/bin/cmake --build /home/johan/sllidar_ws/build/sllidar_ros2 -- -j16 -l16
[6.131s] DEBUG:colcon.colcon_core.event_handler.log_command:Invoking command in '/home/johan/sllidar_ws/build/sllidar_ros2': CMAKE_PREFIX_PATH=${CMAKE_PREFIX_PATH}:/opt/ros/foxy /usr/bin/cmake --install /home/johan/sllidar_ws/build/sllidar_ros2
[6.141s] Level 1:colcon.colcon_core.environment:create_environment_scripts_only(sllidar_ros2)
[6.142s] DEBUG:colcon.colcon_core.event_handler.log_command:Invoked command in '/home/johan/sllidar_ws/build/sllidar_ros2' returned '0': CMAKE_PREFIX_PATH=${CMAKE_PREFIX_PATH}:/opt/ros/foxy /usr/bin/cmake --install /home/johan/sllidar_ws/build/sllidar_ros2
[6.163s] Level 1:colcon.colcon_core.environment:checking '/home/johan/sllidar_ws/install/sllidar_ros2' for CMake module files
[6.164s] Level 1:colcon.colcon_core.environment:checking '/home/johan/sllidar_ws/install/sllidar_ros2' for CMake config files
[6.164s] Level 1:colcon.colcon_core.shell:create_environment_hook('sllidar_ros2', 'cmake_prefix_path')
[6.183s] INFO:colcon.colcon_core.shell:Creating environment hook '/home/johan/sllidar_ws/install/sllidar_ros2/share/sllidar_ros2/hook/cmake_prefix_path.ps1'
[6.184s] INFO:colcon.colcon_core.shell:Creating environment descriptor '/home/johan/sllidar_ws/install/sllidar_ros2/share/sllidar_ros2/hook/cmake_prefix_path.dsv'
[6.184s] INFO:colcon.colcon_core.shell:Creating environment hook '/home/johan/sllidar_ws/install/sllidar_ros2/share/sllidar_ros2/hook/cmake_prefix_path.sh'
[6.185s] Level 1:colcon.colcon_core.environment:checking '/home/johan/sllidar_ws/install/sllidar_ros2/lib'
[6.185s] Level 1:colcon.colcon_core.environment:checking '/home/johan/sllidar_ws/install/sllidar_ros2/bin'
[6.185s] Level 1:colcon.colcon_core.environment:checking '/home/johan/sllidar_ws/install/sllidar_ros2/lib/pkgconfig/sllidar_ros2.pc'
[6.185s] Level 1:colcon.colcon_core.environment:checking '/home/johan/sllidar_ws/install/sllidar_ros2/lib/python3.8/site-packages'
[6.185s] Level 1:colcon.colcon_core.environment:checking '/home/johan/sllidar_ws/install/sllidar_ros2/bin'
[6.205s] INFO:colcon.colcon_core.shell:Creating package script '/home/johan/sllidar_ws/install/sllidar_ros2/share/sllidar_ros2/package.ps1'
[6.205s] INFO:colcon.colcon_core.shell:Creating package descriptor '/home/johan/sllidar_ws/install/sllidar_ros2/share/sllidar_ros2/package.dsv'
[6.206s] INFO:colcon.colcon_core.shell:Creating package script '/home/johan/sllidar_ws/install/sllidar_ros2/share/sllidar_ros2/package.sh'
[6.206s] INFO:colcon.colcon_core.shell:Creating package script '/home/johan/sllidar_ws/install/sllidar_ros2/share/sllidar_ros2/package.bash'
[6.206s] INFO:colcon.colcon_core.shell:Creating package script '/home/johan/sllidar_ws/install/sllidar_ros2/share/sllidar_ros2/package.zsh'
[6.207s] Level 1:colcon.colcon_core.environment:create_file_with_runtime_dependencies(/home/johan/sllidar_ws/install/sllidar_ros2/share/colcon-core/packages/sllidar_ros2)
[6.269s] Level 1:colcon.colcon_core.environment:create_environment_scripts_only(sllidar_ros2)
[6.289s] Level 1:colcon.colcon_core.environment:checking '/home/johan/sllidar_ws/install/sllidar_ros2' for CMake module files
[6.289s] Level 1:colcon.colcon_core.environment:checking '/home/johan/sllidar_ws/install/sllidar_ros2' for CMake config files
[6.289s] Level 1:colcon.colcon_core.shell:create_environment_hook('sllidar_ros2', 'cmake_prefix_path')
[6.309s] INFO:colcon.colcon_core.shell:Creating environment hook '/home/johan/sllidar_ws/install/sllidar_ros2/share/sllidar_ros2/hook/cmake_prefix_path.ps1'
[6.309s] INFO:colcon.colcon_core.shell:Creating environment descriptor '/home/johan/sllidar_ws/install/sllidar_ros2/share/sllidar_ros2/hook/cmake_prefix_path.dsv'
[6.309s] INFO:colcon.colcon_core.shell:Creating environment hook '/home/johan/sllidar_ws/install/sllidar_ros2/share/sllidar_ros2/hook/cmake_prefix_path.sh'
[6.309s] Level 1:colcon.colcon_core.environment:checking '/home/johan/sllidar_ws/install/sllidar_ros2/lib'
[6.309s] Level 1:colcon.colcon_core.environment:checking '/home/johan/sllidar_ws/install/sllidar_ros2/bin'
[6.310s] Level 1:colcon.colcon_core.environment:checking '/home/johan/sllidar_ws/install/sllidar_ros2/lib/pkgconfig/sllidar_ros2.pc'
[6.310s] Level 1:colcon.colcon_core.environment:checking '/home/johan/sllidar_ws/install/sllidar_ros2/lib/python3.8/site-packages'
[6.310s] Level 1:colcon.colcon_core.environment:checking '/home/johan/sllidar_ws/install/sllidar_ros2/bin'
[6.329s] INFO:colcon.colcon_core.shell:Creating package script '/home/johan/sllidar_ws/install/sllidar_ros2/share/sllidar_ros2/package.ps1'
[6.330s] INFO:colcon.colcon_core.shell:Creating package descriptor '/home/johan/sllidar_ws/install/sllidar_ros2/share/sllidar_ros2/package.dsv'
[6.330s] INFO:colcon.colcon_core.shell:Creating package script '/home/johan/sllidar_ws/install/sllidar_ros2/share/sllidar_ros2/package.sh'
[6.330s] INFO:colcon.colcon_core.shell:Creating package script '/home/johan/sllidar_ws/install/sllidar_ros2/share/sllidar_ros2/package.bash'
[6.330s] INFO:colcon.colcon_core.shell:Creating package script '/home/johan/sllidar_ws/install/sllidar_ros2/share/sllidar_ros2/package.zsh'
[6.330s] Level 1:colcon.colcon_core.environment:create_file_with_runtime_dependencies(/home/johan/sllidar_ws/install/sllidar_ros2/share/colcon-core/packages/sllidar_ros2)
[7.191s] DEBUG:colcon.colcon_core.event_handler.log_command:Invoked command in '/home/johan/sllidar_ws/build/fdilink_ahrs' returned '0': CMAKE_PREFIX_PATH=${CMAKE_PREFIX_PATH}:/opt/ros/foxy /usr/bin/cmake --build /home/johan/sllidar_ws/build/fdilink_ahrs -- -j16 -l16
[7.212s] DEBUG:colcon.colcon_core.event_handler.log_command:Invoking command in '/home/johan/sllidar_ws/build/fdilink_ahrs': CMAKE_PREFIX_PATH=${CMAKE_PREFIX_PATH}:/opt/ros/foxy /usr/bin/cmake --install /home/johan/sllidar_ws/build/fdilink_ahrs
[7.223s] Level 1:colcon.colcon_core.environment:create_environment_scripts_only(fdilink_ahrs)
[7.223s] DEBUG:colcon.colcon_core.event_handler.log_command:Invoked command in '/home/johan/sllidar_ws/build/fdilink_ahrs' returned '0': CMAKE_PREFIX_PATH=${CMAKE_PREFIX_PATH}:/opt/ros/foxy /usr/bin/cmake --install /home/johan/sllidar_ws/build/fdilink_ahrs
[7.248s] Level 1:colcon.colcon_core.environment:checking '/home/johan/sllidar_ws/install/fdilink_ahrs' for CMake module files
[7.248s] Level 1:colcon.colcon_core.environment:checking '/home/johan/sllidar_ws/install/fdilink_ahrs' for CMake config files
[7.248s] Level 1:colcon.colcon_core.shell:create_environment_hook('fdilink_ahrs', 'cmake_prefix_path')
[7.268s] INFO:colcon.colcon_core.shell:Creating environment hook '/home/johan/sllidar_ws/install/fdilink_ahrs/share/fdilink_ahrs/hook/cmake_prefix_path.ps1'
[7.268s] INFO:colcon.colcon_core.shell:Creating environment descriptor '/home/johan/sllidar_ws/install/fdilink_ahrs/share/fdilink_ahrs/hook/cmake_prefix_path.dsv'
[7.268s] INFO:colcon.colcon_core.shell:Creating environment hook '/home/johan/sllidar_ws/install/fdilink_ahrs/share/fdilink_ahrs/hook/cmake_prefix_path.sh'
[7.268s] Level 1:colcon.colcon_core.environment:checking '/home/johan/sllidar_ws/install/fdilink_ahrs/lib'
[7.268s] Level 1:colcon.colcon_core.environment:checking '/home/johan/sllidar_ws/install/fdilink_ahrs/bin'
[7.268s] Level 1:colcon.colcon_core.environment:checking '/home/johan/sllidar_ws/install/fdilink_ahrs/lib/pkgconfig/fdilink_ahrs.pc'
[7.269s] Level 1:colcon.colcon_core.environment:checking '/home/johan/sllidar_ws/install/fdilink_ahrs/lib/python3.8/site-packages'
[7.269s] Level 1:colcon.colcon_core.environment:checking '/home/johan/sllidar_ws/install/fdilink_ahrs/bin'
[7.288s] INFO:colcon.colcon_core.shell:Creating package script '/home/johan/sllidar_ws/install/fdilink_ahrs/share/fdilink_ahrs/package.ps1'
[7.288s] INFO:colcon.colcon_core.shell:Creating package descriptor '/home/johan/sllidar_ws/install/fdilink_ahrs/share/fdilink_ahrs/package.dsv'
[7.288s] INFO:colcon.colcon_core.shell:Creating package script '/home/johan/sllidar_ws/install/fdilink_ahrs/share/fdilink_ahrs/package.sh'
[7.289s] INFO:colcon.colcon_core.shell:Creating package script '/home/johan/sllidar_ws/install/fdilink_ahrs/share/fdilink_ahrs/package.bash'
[7.289s] INFO:colcon.colcon_core.shell:Creating package script '/home/johan/sllidar_ws/install/fdilink_ahrs/share/fdilink_ahrs/package.zsh'
[7.289s] Level 1:colcon.colcon_core.environment:create_file_with_runtime_dependencies(/home/johan/sllidar_ws/install/fdilink_ahrs/share/colcon-core/packages/fdilink_ahrs)
[7.329s] Level 1:colcon.colcon_core.environment:create_environment_scripts_only(fdilink_ahrs)
[7.349s] Level 1:colcon.colcon_core.environment:checking '/home/johan/sllidar_ws/install/fdilink_ahrs' for CMake module files
[7.349s] Level 1:colcon.colcon_core.environment:checking '/home/johan/sllidar_ws/install/fdilink_ahrs' for CMake config files
[7.349s] Level 1:colcon.colcon_core.shell:create_environment_hook('fdilink_ahrs', 'cmake_prefix_path')
[7.368s] INFO:colcon.colcon_core.shell:Creating environment hook '/home/johan/sllidar_ws/install/fdilink_ahrs/share/fdilink_ahrs/hook/cmake_prefix_path.ps1'
[7.369s] INFO:colcon.colcon_core.shell:Creating environment descriptor '/home/johan/sllidar_ws/install/fdilink_ahrs/share/fdilink_ahrs/hook/cmake_prefix_path.dsv'
[7.369s] INFO:colcon.colcon_core.shell:Creating environment hook '/home/johan/sllidar_ws/install/fdilink_ahrs/share/fdilink_ahrs/hook/cmake_prefix_path.sh'
[7.369s] Level 1:colcon.colcon_core.environment:checking '/home/johan/sllidar_ws/install/fdilink_ahrs/lib'
[7.369s] Level 1:colcon.colcon_core.environment:checking '/home/johan/sllidar_ws/install/fdilink_ahrs/bin'
[7.369s] Level 1:colcon.colcon_core.environment:checking '/home/johan/sllidar_ws/install/fdilink_ahrs/lib/pkgconfig/fdilink_ahrs.pc'
[7.369s] Level 1:colcon.colcon_core.environment:checking '/home/johan/sllidar_ws/install/fdilink_ahrs/lib/python3.8/site-packages'
[7.370s] Level 1:colcon.colcon_core.environment:checking '/home/johan/sllidar_ws/install/fdilink_ahrs/bin'
[7.389s] INFO:colcon.colcon_core.shell:Creating package script '/home/johan/sllidar_ws/install/fdilink_ahrs/share/fdilink_ahrs/package.ps1'
[7.389s] INFO:colcon.colcon_core.shell:Creating package descriptor '/home/johan/sllidar_ws/install/fdilink_ahrs/share/fdilink_ahrs/package.dsv'
[7.389s] INFO:colcon.colcon_core.shell:Creating package script '/home/johan/sllidar_ws/install/fdilink_ahrs/share/fdilink_ahrs/package.sh'
[7.390s] INFO:colcon.colcon_core.shell:Creating package script '/home/johan/sllidar_ws/install/fdilink_ahrs/share/fdilink_ahrs/package.bash'
[7.390s] INFO:colcon.colcon_core.shell:Creating package script '/home/johan/sllidar_ws/install/fdilink_ahrs/share/fdilink_ahrs/package.zsh'
[7.390s] Level 1:colcon.colcon_core.environment:create_file_with_runtime_dependencies(/home/johan/sllidar_ws/install/fdilink_ahrs/share/colcon-core/packages/fdilink_ahrs)
[7.390s] DEBUG:colcon.colcon_parallel_executor.executor.parallel:closing loop
[7.390s] DEBUG:colcon.colcon_parallel_executor.executor.parallel:loop closed
[7.390s] DEBUG:colcon.colcon_parallel_executor.executor.parallel:run_until_complete finished with '0'
[7.390s] DEBUG:colcon.colcon_core.event_reactor:joining thread
[7.414s] INFO:colcon.colcon_core.plugin_system:Skipping extension 'colcon_notification.desktop_notification.terminal_notifier': Not used on non-Darwin systems
[7.414s] INFO:colcon.colcon_core.plugin_system:Skipping extension 'colcon_notification.desktop_notification.win32': Not used on non-Windows systems
[7.414s] INFO:colcon.colcon_notification.desktop_notification:Sending desktop notification using 'notify2'
[7.425s] DEBUG:colcon.colcon_core.event_reactor:joined thread
[7.446s] INFO:colcon.colcon_core.shell:Creating prefix script '/home/johan/sllidar_ws/install/local_setup.ps1'
[7.446s] INFO:colcon.colcon_core.shell:Creating prefix util module '/home/johan/sllidar_ws/install/_local_setup_util_ps1.py'
[7.447s] INFO:colcon.colcon_core.shell:Creating prefix chain script '/home/johan/sllidar_ws/install/setup.ps1'
[7.467s] INFO:colcon.colcon_core.shell:Creating prefix script '/home/johan/sllidar_ws/install/local_setup.sh'
[7.467s] INFO:colcon.colcon_core.shell:Creating prefix util module '/home/johan/sllidar_ws/install/_local_setup_util_sh.py'
[7.467s] INFO:colcon.colcon_core.shell:Creating prefix chain script '/home/johan/sllidar_ws/install/setup.sh'
[7.487s] INFO:colcon.colcon_core.shell:Creating prefix script '/home/johan/sllidar_ws/install/local_setup.bash'
[7.487s] INFO:colcon.colcon_core.shell:Creating prefix chain script '/home/johan/sllidar_ws/install/setup.bash'
[7.507s] INFO:colcon.colcon_core.shell:Creating prefix script '/home/johan/sllidar_ws/install/local_setup.zsh'
[7.507s] INFO:colcon.colcon_core.shell:Creating prefix chain script '/home/johan/sllidar_ws/install/setup.zsh'
