[0.176s] DEBUG:colcon:Command line arguments: ['/usr/bin/colcon', 'build']
[0.176s] DEBUG:colcon:Parsed command line arguments: Namespace(allow_overriding=[], ament_cmake_args=None, base_paths=['.'], build_base='build', catkin_cmake_args=None, catkin_skip_building_tests=False, cmake_args=None, cmake_clean_cache=False, cmake_clean_first=False, cmake_force_configure=False, cmake_target=None, cmake_target_skip_unavailable=False, continue_on_error=False, event_handlers=None, executor='parallel', ignore_user_meta=False, install_base='install', log_base=None, log_level=None, main=<bound method BuildVerb.main of <colcon_core.verb.build.BuildVerb object at 0x7f9f0b8a1b50>>, merge_install=False, metas=['./colcon.meta'], packages_above=None, packages_above_and_dependencies=None, packages_above_depth=None, packages_end=None, packages_ignore=None, packages_ignore_regex=None, packages_select=None, packages_select_build_failed=False, packages_select_by_dep=None, packages_select_regex=None, packages_select_test_failures=False, packages_skip=None, packages_skip_build_finished=False, packages_skip_by_dep=None, packages_skip_regex=None, packages_skip_test_passed=False, packages_skip_up_to=None, packages_start=None, packages_up_to=None, packages_up_to_regex=None, parallel_workers=16, paths=None, symlink_install=False, test_result_base=None, verb_extension=<colcon_core.verb.build.BuildVerb object at 0x7f9f0b8a1b50>, verb_name='build', verb_parser=<colcon_defaults.argument_parser.defaults.DefaultArgumentsDecorator object at 0x7f9f0b8ab100>)
[0.193s] Level 1:colcon.colcon_core.package_discovery:discover_packages(colcon_meta) check parameters
[0.193s] Level 1:colcon.colcon_core.package_discovery:discover_packages(recursive) check parameters
[0.193s] Level 1:colcon.colcon_core.package_discovery:discover_packages(ignore) check parameters
[0.193s] Level 1:colcon.colcon_core.package_discovery:discover_packages(path) check parameters
[0.193s] Level 1:colcon.colcon_core.package_discovery:discover_packages(colcon_meta) discover
[0.193s] Level 1:colcon.colcon_core.package_discovery:discover_packages(recursive) discover
[0.193s] INFO:colcon.colcon_core.package_discovery:Crawling recursively for packages in '/home/johan/fdilink_ahrs_ROS2'
[0.193s] Level 1:colcon.colcon_core.package_identification:_identify(.) by extensions ['ignore', 'ignore_ament_install']
[0.193s] Level 1:colcon.colcon_core.package_identification:_identify(.) by extension 'ignore'
[0.193s] Level 1:colcon.colcon_core.package_identification:_identify(.) by extension 'ignore_ament_install'
[0.193s] Level 1:colcon.colcon_core.package_identification:_identify(.) by extensions ['colcon_pkg']
[0.193s] Level 1:colcon.colcon_core.package_identification:_identify(.) by extension 'colcon_pkg'
[0.193s] Level 1:colcon.colcon_core.package_identification:_identify(.) by extensions ['colcon_meta']
[0.193s] Level 1:colcon.colcon_core.package_identification:_identify(.) by extension 'colcon_meta'
[0.193s] Level 1:colcon.colcon_core.package_identification:_identify(.) by extensions ['ros']
[0.193s] Level 1:colcon.colcon_core.package_identification:_identify(.) by extension 'ros'
[0.207s] DEBUG:colcon.colcon_core.package_identification:Package '.' with type 'ros.ament_cmake' and name 'fdilink_ahrs'
[0.207s] Level 1:colcon.colcon_core.package_discovery:discover_packages(recursive) using defaults
[0.208s] Level 1:colcon.colcon_core.package_discovery:discover_packages(ignore) discover
[0.208s] Level 1:colcon.colcon_core.package_discovery:discover_packages(ignore) using defaults
[0.208s] Level 1:colcon.colcon_core.package_discovery:discover_packages(path) discover
[0.208s] Level 1:colcon.colcon_core.package_discovery:discover_packages(path) using defaults
[0.220s] Level 1:colcon.colcon_core.package_discovery:discover_packages(prefix_path) check parameters
[0.220s] Level 1:colcon.colcon_core.package_discovery:discover_packages(prefix_path) discover
[0.222s] DEBUG:colcon.colcon_installed_package_information.package_discovery:Found 374 installed packages in /opt/ros/foxy
[0.223s] Level 1:colcon.colcon_core.package_discovery:discover_packages(prefix_path) using defaults
[0.267s] Level 5:colcon.colcon_core.verb:set package 'fdilink_ahrs' build argument 'cmake_args' from command line to 'None'
[0.267s] Level 5:colcon.colcon_core.verb:set package 'fdilink_ahrs' build argument 'cmake_target' from command line to 'None'
[0.267s] Level 5:colcon.colcon_core.verb:set package 'fdilink_ahrs' build argument 'cmake_target_skip_unavailable' from command line to 'False'
[0.267s] Level 5:colcon.colcon_core.verb:set package 'fdilink_ahrs' build argument 'cmake_clean_cache' from command line to 'False'
[0.267s] Level 5:colcon.colcon_core.verb:set package 'fdilink_ahrs' build argument 'cmake_clean_first' from command line to 'False'
[0.267s] Level 5:colcon.colcon_core.verb:set package 'fdilink_ahrs' build argument 'cmake_force_configure' from command line to 'False'
[0.267s] Level 5:colcon.colcon_core.verb:set package 'fdilink_ahrs' build argument 'ament_cmake_args' from command line to 'None'
[0.267s] Level 5:colcon.colcon_core.verb:set package 'fdilink_ahrs' build argument 'catkin_cmake_args' from command line to 'None'
[0.267s] Level 5:colcon.colcon_core.verb:set package 'fdilink_ahrs' build argument 'catkin_skip_building_tests' from command line to 'False'
[0.267s] DEBUG:colcon.colcon_core.verb:Building package 'fdilink_ahrs' with the following arguments: {'ament_cmake_args': None, 'build_base': '/home/johan/fdilink_ahrs_ROS2/build/fdilink_ahrs', 'catkin_cmake_args': None, 'catkin_skip_building_tests': False, 'cmake_args': None, 'cmake_clean_cache': False, 'cmake_clean_first': False, 'cmake_force_configure': False, 'cmake_target': None, 'cmake_target_skip_unavailable': False, 'install_base': '/home/johan/fdilink_ahrs_ROS2/install/fdilink_ahrs', 'merge_install': False, 'path': '/home/johan/fdilink_ahrs_ROS2', 'symlink_install': False, 'test_result_base': None}
[0.268s] INFO:colcon.colcon_core.executor:Executing jobs using 'parallel' executor
[0.270s] DEBUG:colcon.colcon_parallel_executor.executor.parallel:run_until_complete
[0.270s] INFO:colcon.colcon_ros.task.ament_cmake.build:Building ROS package in '/home/johan/fdilink_ahrs_ROS2' with build type 'ament_cmake'
[0.270s] INFO:colcon.colcon_cmake.task.cmake.build:Building CMake package in '/home/johan/fdilink_ahrs_ROS2'
[0.272s] INFO:colcon.colcon_core.plugin_system:Skipping extension 'colcon_core.shell.bat': Not used on non-Windows systems
[0.273s] INFO:colcon.colcon_core.shell:Skip shell extension 'powershell' for command environment: Not usable outside of PowerShell
[0.273s] DEBUG:colcon.colcon_core.shell:Skip shell extension 'dsv' for command environment
[0.280s] DEBUG:colcon.colcon_core.event_handler.log_command:Invoking command in '/home/johan/fdilink_ahrs_ROS2/build/fdilink_ahrs': CMAKE_PREFIX_PATH=/opt/ros/foxy /usr/bin/cmake /home/johan/fdilink_ahrs_ROS2 -DCMAKE_INSTALL_PREFIX=/home/johan/fdilink_ahrs_ROS2/install/fdilink_ahrs
[1.914s] DEBUG:colcon.colcon_core.event_handler.log_command:Invoked command in '/home/johan/fdilink_ahrs_ROS2/build/fdilink_ahrs' returned '0': CMAKE_PREFIX_PATH=/opt/ros/foxy /usr/bin/cmake /home/johan/fdilink_ahrs_ROS2 -DCMAKE_INSTALL_PREFIX=/home/johan/fdilink_ahrs_ROS2/install/fdilink_ahrs
[1.917s] DEBUG:colcon.colcon_core.event_handler.log_command:Invoking command in '/home/johan/fdilink_ahrs_ROS2/build/fdilink_ahrs': CMAKE_PREFIX_PATH=/opt/ros/foxy /usr/bin/cmake --build /home/johan/fdilink_ahrs_ROS2/build/fdilink_ahrs -- -j16 -l16
[5.754s] DEBUG:colcon.colcon_core.event_handler.log_command:Invoked command in '/home/johan/fdilink_ahrs_ROS2/build/fdilink_ahrs' returned '0': CMAKE_PREFIX_PATH=/opt/ros/foxy /usr/bin/cmake --build /home/johan/fdilink_ahrs_ROS2/build/fdilink_ahrs -- -j16 -l16
[5.789s] DEBUG:colcon.colcon_core.event_handler.log_command:Invoking command in '/home/johan/fdilink_ahrs_ROS2/build/fdilink_ahrs': CMAKE_PREFIX_PATH=/opt/ros/foxy /usr/bin/cmake --install /home/johan/fdilink_ahrs_ROS2/build/fdilink_ahrs
[5.800s] Level 1:colcon.colcon_core.environment:create_environment_scripts_only(fdilink_ahrs)
[5.800s] DEBUG:colcon.colcon_core.event_handler.log_command:Invoked command in '/home/johan/fdilink_ahrs_ROS2/build/fdilink_ahrs' returned '0': CMAKE_PREFIX_PATH=/opt/ros/foxy /usr/bin/cmake --install /home/johan/fdilink_ahrs_ROS2/build/fdilink_ahrs
[5.803s] Level 1:colcon.colcon_core.environment:checking '/home/johan/fdilink_ahrs_ROS2/install/fdilink_ahrs' for CMake module files
[5.804s] Level 1:colcon.colcon_core.environment:checking '/home/johan/fdilink_ahrs_ROS2/install/fdilink_ahrs' for CMake config files
[5.804s] Level 1:colcon.colcon_core.shell:create_environment_hook('fdilink_ahrs', 'cmake_prefix_path')
[5.805s] INFO:colcon.colcon_core.shell:Creating environment hook '/home/johan/fdilink_ahrs_ROS2/install/fdilink_ahrs/share/fdilink_ahrs/hook/cmake_prefix_path.ps1'
[5.805s] INFO:colcon.colcon_core.shell:Creating environment descriptor '/home/johan/fdilink_ahrs_ROS2/install/fdilink_ahrs/share/fdilink_ahrs/hook/cmake_prefix_path.dsv'
[5.806s] INFO:colcon.colcon_core.shell:Creating environment hook '/home/johan/fdilink_ahrs_ROS2/install/fdilink_ahrs/share/fdilink_ahrs/hook/cmake_prefix_path.sh'
[5.806s] Level 1:colcon.colcon_core.environment:checking '/home/johan/fdilink_ahrs_ROS2/install/fdilink_ahrs/lib'
[5.806s] Level 1:colcon.colcon_core.environment:checking '/home/johan/fdilink_ahrs_ROS2/install/fdilink_ahrs/bin'
[5.807s] Level 1:colcon.colcon_core.environment:checking '/home/johan/fdilink_ahrs_ROS2/install/fdilink_ahrs/lib/pkgconfig/fdilink_ahrs.pc'
[5.807s] Level 1:colcon.colcon_core.environment:checking '/home/johan/fdilink_ahrs_ROS2/install/fdilink_ahrs/lib/python3.8/site-packages'
[5.807s] Level 1:colcon.colcon_core.environment:checking '/home/johan/fdilink_ahrs_ROS2/install/fdilink_ahrs/bin'
[5.808s] INFO:colcon.colcon_core.shell:Creating package script '/home/johan/fdilink_ahrs_ROS2/install/fdilink_ahrs/share/fdilink_ahrs/package.ps1'
[5.809s] INFO:colcon.colcon_core.shell:Creating package descriptor '/home/johan/fdilink_ahrs_ROS2/install/fdilink_ahrs/share/fdilink_ahrs/package.dsv'
[5.809s] INFO:colcon.colcon_core.shell:Creating package script '/home/johan/fdilink_ahrs_ROS2/install/fdilink_ahrs/share/fdilink_ahrs/package.sh'
[5.809s] INFO:colcon.colcon_core.shell:Creating package script '/home/johan/fdilink_ahrs_ROS2/install/fdilink_ahrs/share/fdilink_ahrs/package.bash'
[5.810s] INFO:colcon.colcon_core.shell:Creating package script '/home/johan/fdilink_ahrs_ROS2/install/fdilink_ahrs/share/fdilink_ahrs/package.zsh'
[5.810s] Level 1:colcon.colcon_core.environment:create_file_with_runtime_dependencies(/home/johan/fdilink_ahrs_ROS2/install/fdilink_ahrs/share/colcon-core/packages/fdilink_ahrs)
[5.834s] Level 1:colcon.colcon_core.environment:create_environment_scripts_only(fdilink_ahrs)
[5.835s] Level 1:colcon.colcon_core.environment:checking '/home/johan/fdilink_ahrs_ROS2/install/fdilink_ahrs' for CMake module files
[5.836s] Level 1:colcon.colcon_core.environment:checking '/home/johan/fdilink_ahrs_ROS2/install/fdilink_ahrs' for CMake config files
[5.836s] Level 1:colcon.colcon_core.shell:create_environment_hook('fdilink_ahrs', 'cmake_prefix_path')
[5.838s] INFO:colcon.colcon_core.shell:Creating environment hook '/home/johan/fdilink_ahrs_ROS2/install/fdilink_ahrs/share/fdilink_ahrs/hook/cmake_prefix_path.ps1'
[5.838s] INFO:colcon.colcon_core.shell:Creating environment descriptor '/home/johan/fdilink_ahrs_ROS2/install/fdilink_ahrs/share/fdilink_ahrs/hook/cmake_prefix_path.dsv'
[5.839s] INFO:colcon.colcon_core.shell:Creating environment hook '/home/johan/fdilink_ahrs_ROS2/install/fdilink_ahrs/share/fdilink_ahrs/hook/cmake_prefix_path.sh'
[5.839s] Level 1:colcon.colcon_core.environment:checking '/home/johan/fdilink_ahrs_ROS2/install/fdilink_ahrs/lib'
[5.839s] Level 1:colcon.colcon_core.environment:checking '/home/johan/fdilink_ahrs_ROS2/install/fdilink_ahrs/bin'
[5.839s] Level 1:colcon.colcon_core.environment:checking '/home/johan/fdilink_ahrs_ROS2/install/fdilink_ahrs/lib/pkgconfig/fdilink_ahrs.pc'
[5.840s] Level 1:colcon.colcon_core.environment:checking '/home/johan/fdilink_ahrs_ROS2/install/fdilink_ahrs/lib/python3.8/site-packages'
[5.840s] Level 1:colcon.colcon_core.environment:checking '/home/johan/fdilink_ahrs_ROS2/install/fdilink_ahrs/bin'
[5.841s] INFO:colcon.colcon_core.shell:Creating package script '/home/johan/fdilink_ahrs_ROS2/install/fdilink_ahrs/share/fdilink_ahrs/package.ps1'
[5.842s] INFO:colcon.colcon_core.shell:Creating package descriptor '/home/johan/fdilink_ahrs_ROS2/install/fdilink_ahrs/share/fdilink_ahrs/package.dsv'
[5.842s] INFO:colcon.colcon_core.shell:Creating package script '/home/johan/fdilink_ahrs_ROS2/install/fdilink_ahrs/share/fdilink_ahrs/package.sh'
[5.843s] INFO:colcon.colcon_core.shell:Creating package script '/home/johan/fdilink_ahrs_ROS2/install/fdilink_ahrs/share/fdilink_ahrs/package.bash'
[5.843s] INFO:colcon.colcon_core.shell:Creating package script '/home/johan/fdilink_ahrs_ROS2/install/fdilink_ahrs/share/fdilink_ahrs/package.zsh'
[5.843s] Level 1:colcon.colcon_core.environment:create_file_with_runtime_dependencies(/home/johan/fdilink_ahrs_ROS2/install/fdilink_ahrs/share/colcon-core/packages/fdilink_ahrs)
[5.844s] DEBUG:colcon.colcon_parallel_executor.executor.parallel:closing loop
[5.844s] DEBUG:colcon.colcon_parallel_executor.executor.parallel:loop closed
[5.844s] DEBUG:colcon.colcon_parallel_executor.executor.parallel:run_until_complete finished with '0'
[5.844s] DEBUG:colcon.colcon_core.event_reactor:joining thread
[5.850s] INFO:colcon.colcon_core.plugin_system:Skipping extension 'colcon_notification.desktop_notification.terminal_notifier': Not used on non-Darwin systems
[5.850s] INFO:colcon.colcon_core.plugin_system:Skipping extension 'colcon_notification.desktop_notification.win32': Not used on non-Windows systems
[5.850s] INFO:colcon.colcon_notification.desktop_notification:Sending desktop notification using 'notify2'
[5.870s] DEBUG:colcon.colcon_core.event_reactor:joined thread
[5.872s] INFO:colcon.colcon_core.shell:Creating prefix script '/home/johan/fdilink_ahrs_ROS2/install/local_setup.ps1'
[5.872s] INFO:colcon.colcon_core.shell:Creating prefix util module '/home/johan/fdilink_ahrs_ROS2/install/_local_setup_util_ps1.py'
[5.873s] INFO:colcon.colcon_core.shell:Creating prefix chain script '/home/johan/fdilink_ahrs_ROS2/install/setup.ps1'
[5.874s] INFO:colcon.colcon_core.shell:Creating prefix script '/home/johan/fdilink_ahrs_ROS2/install/local_setup.sh'
[5.875s] INFO:colcon.colcon_core.shell:Creating prefix util module '/home/johan/fdilink_ahrs_ROS2/install/_local_setup_util_sh.py'
[5.875s] INFO:colcon.colcon_core.shell:Creating prefix chain script '/home/johan/fdilink_ahrs_ROS2/install/setup.sh'
[5.876s] INFO:colcon.colcon_core.shell:Creating prefix script '/home/johan/fdilink_ahrs_ROS2/install/local_setup.bash'
[5.877s] INFO:colcon.colcon_core.shell:Creating prefix chain script '/home/johan/fdilink_ahrs_ROS2/install/setup.bash'
[5.878s] INFO:colcon.colcon_core.shell:Creating prefix script '/home/johan/fdilink_ahrs_ROS2/install/local_setup.zsh'
[5.879s] INFO:colcon.colcon_core.shell:Creating prefix chain script '/home/johan/fdilink_ahrs_ROS2/install/setup.zsh'
