[0.353s] Invoking command in '/home/johan/sllidar_ws/build/sam_bot_description': CMAKE_PREFIX_PATH=/opt/ros/foxy /usr/bin/cmake --build /home/johan/sllidar_ws/build/sam_bot_description -- -j16 -l16
[0.394s] Invoked command in '/home/johan/sllidar_ws/build/sam_bot_description' returned '0': CMAKE_PREFIX_PATH=/opt/ros/foxy /usr/bin/cmake --build /home/johan/sllidar_ws/build/sam_bot_description -- -j16 -l16
[0.566s] Invoking command in '/home/johan/sllidar_ws/build/sam_bot_description': CMAKE_PREFIX_PATH=/opt/ros/foxy /usr/bin/cmake --install /home/johan/sllidar_ws/build/sam_bot_description
[0.661s] -- Install configuration: ""
[0.662s] -- Up-to-date: /home/johan/sllidar_ws/install/sam_bot_description/share/sam_bot_description/src
[0.662s] -- Up-to-date: /home/johan/sllidar_ws/install/sam_bot_description/share/sam_bot_description/src/description
[0.662s] -- Up-to-date: /home/johan/sllidar_ws/install/sam_bot_description/share/sam_bot_description/src/description/robot.urdf
[0.662s] -- Up-to-date: /home/johan/sllidar_ws/install/sam_bot_description/share/sam_bot_description/src/description/sam_bot_description.urdf
[0.662s] -- Up-to-date: /home/johan/sllidar_ws/install/sam_bot_description/share/sam_bot_description/launch
[0.662s] -- Up-to-date: /home/johan/sllidar_ws/install/sam_bot_description/share/sam_bot_description/launch/display.launch.py
[0.662s] -- Up-to-date: /home/johan/sllidar_ws/install/sam_bot_description/share/sam_bot_description/launch/display_rviz2.launch.py
[0.663s] -- Up-to-date: /home/johan/sllidar_ws/install/sam_bot_description/share/sam_bot_description/rviz
[0.663s] -- Up-to-date: /home/johan/sllidar_ws/install/sam_bot_description/share/sam_bot_description/rviz/urdf_config.rviz
[0.663s] -- Up-to-date: /home/johan/sllidar_ws/install/sam_bot_description/share/sam_bot_description/config
[0.663s] -- Up-to-date: /home/johan/sllidar_ws/install/sam_bot_description/share/sam_bot_description/config/static_tf.yaml
[0.663s] -- Up-to-date: /home/johan/sllidar_ws/install/sam_bot_description/share/sam_bot_description/config/ekf.yaml
[0.663s] -- Up-to-date: /home/johan/sllidar_ws/install/sam_bot_description/share/sam_bot_description/world
[0.663s] -- Up-to-date: /home/johan/sllidar_ws/install/sam_bot_description/share/sam_bot_description/world/my_world.sdf
[0.663s] -- Up-to-date: /home/johan/sllidar_ws/install/sam_bot_description/share/ament_index/resource_index/package_run_dependencies/sam_bot_description
[0.663s] -- Up-to-date: /home/johan/sllidar_ws/install/sam_bot_description/share/ament_index/resource_index/parent_prefix_path/sam_bot_description
[0.663s] -- Up-to-date: /home/johan/sllidar_ws/install/sam_bot_description/share/sam_bot_description/environment/ament_prefix_path.sh
[0.664s] -- Up-to-date: /home/johan/sllidar_ws/install/sam_bot_description/share/sam_bot_description/environment/ament_prefix_path.dsv
[0.664s] -- Up-to-date: /home/johan/sllidar_ws/install/sam_bot_description/share/sam_bot_description/environment/path.sh
[0.664s] -- Up-to-date: /home/johan/sllidar_ws/install/sam_bot_description/share/sam_bot_description/environment/path.dsv
[0.664s] -- Up-to-date: /home/johan/sllidar_ws/install/sam_bot_description/share/sam_bot_description/local_setup.bash
[0.664s] -- Up-to-date: /home/johan/sllidar_ws/install/sam_bot_description/share/sam_bot_description/local_setup.sh
[0.664s] -- Up-to-date: /home/johan/sllidar_ws/install/sam_bot_description/share/sam_bot_description/local_setup.zsh
[0.664s] -- Up-to-date: /home/johan/sllidar_ws/install/sam_bot_description/share/sam_bot_description/local_setup.dsv
[0.664s] -- Installing: /home/johan/sllidar_ws/install/sam_bot_description/share/sam_bot_description/package.dsv
[0.664s] -- Up-to-date: /home/johan/sllidar_ws/install/sam_bot_description/share/ament_index/resource_index/packages/sam_bot_description
[0.664s] -- Up-to-date: /home/johan/sllidar_ws/install/sam_bot_description/share/sam_bot_description/cmake/sam_bot_descriptionConfig.cmake
[0.664s] -- Up-to-date: /home/johan/sllidar_ws/install/sam_bot_description/share/sam_bot_description/cmake/sam_bot_descriptionConfig-version.cmake
[0.665s] -- Up-to-date: /home/johan/sllidar_ws/install/sam_bot_description/share/sam_bot_description/package.xml
[0.751s] Invoked command in '/home/johan/sllidar_ws/build/sam_bot_description' returned '0': CMAKE_PREFIX_PATH=/opt/ros/foxy /usr/bin/cmake --install /home/johan/sllidar_ws/build/sam_bot_description
