[0.009s] Invoking command in '/home/johan/fdilink_ahrs_ROS2/build/fdilink_ahrs': CMAKE_PREFIX_PATH=/opt/ros/foxy /usr/bin/cmake /home/johan/fdilink_ahrs_ROS2 -DCMAKE_INSTALL_PREFIX=/home/johan/fdilink_ahrs_ROS2/install/fdilink_ahrs
[0.058s] -- The C compiler identification is GNU 9.4.0
[0.112s] -- The CXX compiler identification is GNU 9.4.0
[0.115s] -- Check for working C compiler: /usr/bin/cc
[0.183s] -- Check for working C compiler: /usr/bin/cc -- works
[0.183s] -- Detecting C compiler ABI info
[0.238s] -- Detecting C compiler ABI info - done
[0.251s] -- Detecting C compile features
[0.251s] -- Detecting C compile features - done
[0.253s] -- Check for working CXX compiler: /usr/bin/c++
[0.316s] -- Check for working CXX compiler: /usr/bin/c++ -- works
[0.316s] -- Detecting CXX compiler ABI info
[0.397s] -- Detecting CXX compiler ABI info - done
[0.407s] -- Detecting CXX compile features
[0.408s] -- Detecting CXX compile features - done
[0.415s] -- Found ament_cmake: 0.9.12 (/opt/ros/foxy/share/ament_cmake/cmake)
[0.435s] -- Found PythonInterp: /usr/bin/python3 (found suitable version "3.8.10", minimum required is "3") 
[0.435s] -- Using PYTHON_EXECUTABLE: /usr/bin/python3
[0.555s] -- Found rclcpp: 2.4.3 (/opt/ros/foxy/share/rclcpp/cmake)
[0.586s] -- Using all available rosidl_typesupport_c: rosidl_typesupport_fastrtps_c;rosidl_typesupport_introspection_c
[0.590s] -- Found rosidl_adapter: 1.3.1 (/opt/ros/foxy/share/rosidl_adapter/cmake)
[0.659s] -- Found OpenSSL: /usr/lib/x86_64-linux-gnu/libcrypto.so (found version "1.1.1f")  
[0.683s] -- Found FastRTPS: /opt/ros/foxy/include  
[0.735s] -- Using all available rosidl_typesupport_cpp: rosidl_typesupport_fastrtps_cpp;rosidl_typesupport_introspection_cpp
[0.772s] -- Found rmw_implementation_cmake: 1.0.4 (/opt/ros/foxy/share/rmw_implementation_cmake/cmake)
[0.773s] -- Using RMW implementation 'rmw_fastrtps_cpp' as default
[0.773s] -- Looking for pthread.h
[0.839s] -- Looking for pthread.h - found
[0.839s] -- Performing Test CMAKE_HAVE_LIBC_PTHREAD
[0.925s] -- Performing Test CMAKE_HAVE_LIBC_PTHREAD - Failed
[0.925s] -- Looking for pthread_create in pthreads
[0.994s] -- Looking for pthread_create in pthreads - not found
[0.994s] -- Looking for pthread_create in pthread
[1.054s] -- Looking for pthread_create in pthread - found
[1.055s] -- Found Threads: TRUE  
[1.160s] -- Found rclpy: 1.0.13 (/opt/ros/foxy/share/rclpy/cmake)
[1.161s] -- Found sensor_msgs: 2.0.5 (/opt/ros/foxy/share/sensor_msgs/cmake)
[1.238s] -- Found tf2: 0.13.14 (/opt/ros/foxy/share/tf2/cmake)
[1.247s] -- Found tf2_ros: 0.13.14 (/opt/ros/foxy/share/tf2_ros/cmake)
[1.486s] -- Found nav_msgs: 2.0.5 (/opt/ros/foxy/share/nav_msgs/cmake)
[1.538s] -- Found tf2_geometry_msgs: 0.13.14 (/opt/ros/foxy/share/tf2_geometry_msgs/cmake)
[1.544s] -- Found eigen3_cmake_module: 0.1.1 (/opt/ros/foxy/share/eigen3_cmake_module/cmake)
[1.545s] -- Found Eigen3: TRUE (found version "3.3.7") 
[1.562s] -- Found ament_lint_auto: 0.9.8 (/opt/ros/foxy/share/ament_lint_auto/cmake)
[1.614s] -- Added test 'copyright' to check source files copyright and LICENSE
[1.615s] -- Added test 'cppcheck' to perform static code analysis on C / C++ code
[1.616s] -- Configured cppcheck include dirs: /home/johan/fdilink_ahrs_ROS2/include;/home/johan/fdilink_ahrs_ROS2/src
[1.616s] -- Configured cppcheck exclude dirs and/or files: 
[1.618s] -- Added test 'cpplint' to check C / C++ code against the Google style
[1.618s] -- Configured cpplint exclude dirs and/or files: 
[1.618s] -- Added test 'flake8' to check Python code syntax and style conventions
[1.619s] -- Added test 'lint_cmake' to check CMake code style
[1.619s] -- Added test 'pep257' to check Python code against some of the style conventions in PEP 257
[1.621s] -- Added test 'uncrustify' to check C / C++ code style
[1.621s] -- Configured uncrustify additional arguments: 
[1.621s] -- Added test 'xmllint' to check XML markup files
[1.623s] -- Configuring done
[1.636s] -- Generating done
[1.637s] -- Build files have been written to: /home/johan/fdilink_ahrs_ROS2/build/fdilink_ahrs
[1.643s] Invoked command in '/home/johan/fdilink_ahrs_ROS2/build/fdilink_ahrs' returned '0': CMAKE_PREFIX_PATH=/opt/ros/foxy /usr/bin/cmake /home/johan/fdilink_ahrs_ROS2 -DCMAKE_INSTALL_PREFIX=/home/johan/fdilink_ahrs_ROS2/install/fdilink_ahrs
[1.646s] Invoking command in '/home/johan/fdilink_ahrs_ROS2/build/fdilink_ahrs': CMAKE_PREFIX_PATH=/opt/ros/foxy /usr/bin/cmake --build /home/johan/fdilink_ahrs_ROS2/build/fdilink_ahrs -- -j16 -l16
[1.675s] [35m[1mScanning dependencies of target imu_tf_node[0m
[1.675s] [35m[1mScanning dependencies of target ahrs_driver_node[0m
[1.702s] [ 20%] [32mBuilding CXX object CMakeFiles/imu_tf_node.dir/src/imu_tf.cpp.o[0m
[1.723s] [ 40%] [32mBuilding CXX object CMakeFiles/ahrs_driver_node.dir/src/crc_table.cpp.o[0m
[1.723s] [ 60%] [32mBuilding CXX object CMakeFiles/ahrs_driver_node.dir/src/ahrs_driver.cpp.o[0m
[2.982s] [01m[K/home/johan/fdilink_ahrs_ROS2/src/ahrs_driver.cpp:[m[K In member function ‘[01m[Kvoid FDILink::ahrsBringup::processLoop()[m[K’:
[2.982s] [01m[K/home/johan/fdilink_ahrs_ROS2/src/ahrs_driver.cpp:171:14:[m[K [01;35m[Kwarning: [m[Kunused variable ‘[01m[Kground_sn_s[m[K’ [[01;35m[K-Wunused-variable[m[K]
[2.982s]   171 |       size_t [01;35m[Kground_sn_s[m[K = serial_.read(ground_sn, 1);
[2.982s]       |              [01;35m[K^~~~~~~~~~~[m[K
[2.982s] [01m[K/home/johan/fdilink_ahrs_ROS2/src/ahrs_driver.cpp:194:14:[m[K [01;35m[Kwarning: [m[Kunused variable ‘[01m[Kground_ignore_s[m[K’ [[01;35m[K-Wunused-variable[m[K]
[2.982s]   194 |       size_t [01;35m[Kground_ignore_s[m[K = serial_.read(ground_ignore, (check_len[0]+4));
[2.982s]       |              [01;35m[K^~~~~~~~~~~~~~~[m[K
[2.985s] [01m[K/home/johan/fdilink_ahrs_ROS2/src/ahrs_driver.cpp:308:14:[m[K [01;35m[Kwarning: [m[Kunused variable ‘[01m[Kdata_s[m[K’ [[01;35m[K-Wunused-variable[m[K]
[2.985s]   308 |       size_t [01;35m[Kdata_s[m[K = serial_.read(imu_frame_.read_buf.read_msg, (IMU_LEN + 1)); //48+1
[2.985s]       |              [01;35m[K^~~~~~[m[K
[2.986s] [01m[K/home/johan/fdilink_ahrs_ROS2/src/ahrs_driver.cpp:344:14:[m[K [01;35m[Kwarning: [m[Kunused variable ‘[01m[Kdata_s[m[K’ [[01;35m[K-Wunused-variable[m[K]
[2.986s]   344 |       size_t [01;35m[Kdata_s[m[K = serial_.read(ahrs_frame_.read_buf.read_msg, (AHRS_LEN + 1)); //48+1
[2.986s]       |              [01;35m[K^~~~~~[m[K
[2.987s] [01m[K/home/johan/fdilink_ahrs_ROS2/src/ahrs_driver.cpp:378:14:[m[K [01;35m[Kwarning: [m[Kunused variable ‘[01m[Kdata_s[m[K’ [[01;35m[K-Wunused-variable[m[K]
[2.987s]   378 |       size_t [01;35m[Kdata_s[m[K = serial_.read(insgps_frame_.read_buf.read_msg, (INSGPS_LEN + 1)); //48+1
[2.987s]       |              [01;35m[K^~~~~~[m[K
[2.988s] [01m[K/home/johan/fdilink_ahrs_ROS2/src/ahrs_driver.cpp:412:14:[m[K [01;35m[Kwarning: [m[Kunused variable ‘[01m[Kdata_s[m[K’ [[01;35m[K-Wunused-variable[m[K]
[2.988s]   412 |       size_t [01;35m[Kdata_s[m[K = serial_.read(Geodetic_Position_frame_.read_buf.read_msg, (GEODETIC_POS_LEN + 1)); //24+1
[2.988s]       |              [01;35m[K^~~~~~[m[K
[3.012s] [01m[K/home/johan/fdilink_ahrs_ROS2/src/ahrs_driver.cpp:462:26:[m[K [01;35m[Kwarning: [m[Kvariable ‘[01m[Kq_xiao_rr[m[K’ set but not used [[01;35m[K-Wunused-but-set-variable[m[K]
[3.012s]   462 |       Eigen::Quaterniond [01;35m[Kq_xiao_rr[m[K =
[3.012s]       |                          [01;35m[K^~~~~~~~~[m[K
[3.030s] [01m[K/home/johan/fdilink_ahrs_ROS2/src/ahrs_driver.cpp:136:12:[m[K [01;35m[Kwarning: [m[Kunused variable ‘[01m[Ktype_s[m[K’ [[01;35m[K-Wunused-variable[m[K]
[3.030s]   136 |     size_t [01;35m[Ktype_s[m[K = serial_.read(head_type, 1);
[3.030s]       |            [01;35m[K^~~~~~[m[K
[3.030s] [01m[K/home/johan/fdilink_ahrs_ROS2/src/ahrs_driver.cpp:147:12:[m[K [01;35m[Kwarning: [m[Kunused variable ‘[01m[Klen_s[m[K’ [[01;35m[K-Wunused-variable[m[K]
[3.030s]   147 |     size_t [01;35m[Klen_s[m[K = serial_.read(check_len, 1);
[3.030s]       |            [01;35m[K^~~~~[m[K
[3.030s] [01m[K/home/johan/fdilink_ahrs_ROS2/src/ahrs_driver.cpp:199:12:[m[K [01;35m[Kwarning: [m[Kunused variable ‘[01m[Ksn_s[m[K’ [[01;35m[K-Wunused-variable[m[K]
[3.030s]   199 |     size_t [01;35m[Ksn_s[m[K = serial_.read(check_sn, 1);
[3.030s]       |            [01;35m[K^~~~[m[K
[3.030s] [01m[K/home/johan/fdilink_ahrs_ROS2/src/ahrs_driver.cpp:201:12:[m[K [01;35m[Kwarning: [m[Kunused variable ‘[01m[Kcrc8_s[m[K’ [[01;35m[K-Wunused-variable[m[K]
[3.030s]   201 |     size_t [01;35m[Kcrc8_s[m[K = serial_.read(head_crc8, 1);
[3.030s]       |            [01;35m[K^~~~~~[m[K
[3.031s] [01m[K/home/johan/fdilink_ahrs_ROS2/src/ahrs_driver.cpp:204:12:[m[K [01;35m[Kwarning: [m[Kunused variable ‘[01m[Kcrc16_H_s[m[K’ [[01;35m[K-Wunused-variable[m[K]
[3.031s]   204 |     size_t [01;35m[Kcrc16_H_s[m[K = serial_.read(head_crc16_H, 1);
[3.031s]       |            [01;35m[K^~~~~~~~~[m[K
[3.031s] [01m[K/home/johan/fdilink_ahrs_ROS2/src/ahrs_driver.cpp:205:12:[m[K [01;35m[Kwarning: [m[Kunused variable ‘[01m[Kcrc16_L_s[m[K’ [[01;35m[K-Wunused-variable[m[K]
[3.031s]   205 |     size_t [01;35m[Kcrc16_L_s[m[K = serial_.read(head_crc16_L, 1);
[3.031s]       |            [01;35m[K^~~~~~~~~[m[K
[4.904s] [ 80%] [32m[1mLinking CXX executable imu_tf_node[0m
[5.086s] [ 80%] Built target imu_tf_node
[5.308s] [100%] [32m[1mLinking CXX executable ahrs_driver_node[0m
[5.473s] [100%] Built target ahrs_driver_node
[5.483s] Invoked command in '/home/johan/fdilink_ahrs_ROS2/build/fdilink_ahrs' returned '0': CMAKE_PREFIX_PATH=/opt/ros/foxy /usr/bin/cmake --build /home/johan/fdilink_ahrs_ROS2/build/fdilink_ahrs -- -j16 -l16
[5.518s] Invoking command in '/home/johan/fdilink_ahrs_ROS2/build/fdilink_ahrs': CMAKE_PREFIX_PATH=/opt/ros/foxy /usr/bin/cmake --install /home/johan/fdilink_ahrs_ROS2/build/fdilink_ahrs
[5.525s] -- Install configuration: ""
[5.525s] -- Installing: /home/johan/fdilink_ahrs_ROS2/install/fdilink_ahrs/lib/fdilink_ahrs/ahrs_driver_node
[5.526s] -- Set runtime path of "/home/johan/fdilink_ahrs_ROS2/install/fdilink_ahrs/lib/fdilink_ahrs/ahrs_driver_node" to ""
[5.526s] -- Installing: /home/johan/fdilink_ahrs_ROS2/install/fdilink_ahrs/lib/fdilink_ahrs/imu_tf_node
[5.527s] -- Set runtime path of "/home/johan/fdilink_ahrs_ROS2/install/fdilink_ahrs/lib/fdilink_ahrs/imu_tf_node" to ""
[5.527s] -- Installing: /home/johan/fdilink_ahrs_ROS2/install/fdilink_ahrs/share/fdilink_ahrs/launch
[5.527s] -- Installing: /home/johan/fdilink_ahrs_ROS2/install/fdilink_ahrs/share/fdilink_ahrs/launch/ahrs_driver.launch.py
[5.527s] -- Installing: /home/johan/fdilink_ahrs_ROS2/install/fdilink_ahrs/share/fdilink_ahrs/launch/imu_tf.launch.py
[5.527s] -- Installing: /home/johan/fdilink_ahrs_ROS2/install/fdilink_ahrs/share/ament_index/resource_index/package_run_dependencies/fdilink_ahrs
[5.527s] -- Installing: /home/johan/fdilink_ahrs_ROS2/install/fdilink_ahrs/share/ament_index/resource_index/parent_prefix_path/fdilink_ahrs
[5.528s] -- Installing: /home/johan/fdilink_ahrs_ROS2/install/fdilink_ahrs/share/fdilink_ahrs/environment/ament_prefix_path.sh
[5.528s] -- Installing: /home/johan/fdilink_ahrs_ROS2/install/fdilink_ahrs/share/fdilink_ahrs/environment/ament_prefix_path.dsv
[5.528s] -- Installing: /home/johan/fdilink_ahrs_ROS2/install/fdilink_ahrs/share/fdilink_ahrs/environment/path.sh
[5.528s] -- Installing: /home/johan/fdilink_ahrs_ROS2/install/fdilink_ahrs/share/fdilink_ahrs/environment/path.dsv
[5.528s] -- Installing: /home/johan/fdilink_ahrs_ROS2/install/fdilink_ahrs/share/fdilink_ahrs/local_setup.bash
[5.528s] -- Installing: /home/johan/fdilink_ahrs_ROS2/install/fdilink_ahrs/share/fdilink_ahrs/local_setup.sh
[5.528s] -- Installing: /home/johan/fdilink_ahrs_ROS2/install/fdilink_ahrs/share/fdilink_ahrs/local_setup.zsh
[5.528s] -- Installing: /home/johan/fdilink_ahrs_ROS2/install/fdilink_ahrs/share/fdilink_ahrs/local_setup.dsv
[5.528s] -- Installing: /home/johan/fdilink_ahrs_ROS2/install/fdilink_ahrs/share/fdilink_ahrs/package.dsv
[5.528s] -- Installing: /home/johan/fdilink_ahrs_ROS2/install/fdilink_ahrs/share/ament_index/resource_index/packages/fdilink_ahrs
[5.528s] -- Installing: /home/johan/fdilink_ahrs_ROS2/install/fdilink_ahrs/share/fdilink_ahrs/cmake/fdilink_ahrsConfig.cmake
[5.528s] -- Installing: /home/johan/fdilink_ahrs_ROS2/install/fdilink_ahrs/share/fdilink_ahrs/cmake/fdilink_ahrsConfig-version.cmake
[5.528s] -- Installing: /home/johan/fdilink_ahrs_ROS2/install/fdilink_ahrs/share/fdilink_ahrs/package.xml
[5.530s] Invoked command in '/home/johan/fdilink_ahrs_ROS2/build/fdilink_ahrs' returned '0': CMAKE_PREFIX_PATH=/opt/ros/foxy /usr/bin/cmake --install /home/johan/fdilink_ahrs_ROS2/build/fdilink_ahrs
