-- The C compiler identification is GNU 9.4.0
-- The CXX compiler identification is GNU 9.4.0
-- Check for working C compiler: /usr/bin/cc
-- Check for working C compiler: /usr/bin/cc -- works
-- Detecting C compiler ABI info
-- Detecting C compiler ABI info - done
-- Detecting C compile features
-- Detecting C compile features - done
-- Check for working CXX compiler: /usr/bin/c++
-- Check for working CXX compiler: /usr/bin/c++ -- works
-- Detecting CXX compiler ABI info
-- Detecting CXX compiler ABI info - done
-- Detecting CXX compile features
-- Detecting CXX compile features - done
-- Found ament_cmake: 0.9.12 (/opt/ros/foxy/share/ament_cmake/cmake)
-- Found PythonInterp: /usr/bin/python3 (found suitable version "3.8.10", minimum required is "3") 
-- Using PYTHON_EXECUTABLE: /usr/bin/python3
-- Found ament_lint_auto: 0.9.8 (/opt/ros/foxy/share/ament_lint_auto/cmake)
-- Added test 'flake8' to check Python code syntax and style conventions
-- Added test 'lint_cmake' to check CMake code style
-- Added test 'pep257' to check Python code against some of the style conventions in PEP 257
-- Added test 'xmllint' to check XML markup files
-- Configuring done
-- Generating done
-- Build files have been written to: /home/johan/sllidar_ws/build/sam_bot_description
-- Install configuration: ""
-- Installing: /home/johan/sllidar_ws/install/sam_bot_description/share/sam_bot_description/src
-- Installing: /home/johan/sllidar_ws/install/sam_bot_description/share/sam_bot_description/src/description
-- Installing: /home/johan/sllidar_ws/install/sam_bot_description/share/sam_bot_description/src/description/robot.urdf
-- Installing: /home/johan/sllidar_ws/install/sam_bot_description/share/sam_bot_description/src/description/sam_bot_description.urdf
-- Installing: /home/johan/sllidar_ws/install/sam_bot_description/share/sam_bot_description/launch
-- Installing: /home/johan/sllidar_ws/install/sam_bot_description/share/sam_bot_description/launch/display.launch.py
-- Installing: /home/johan/sllidar_ws/install/sam_bot_description/share/sam_bot_description/rviz
-- Installing: /home/johan/sllidar_ws/install/sam_bot_description/share/sam_bot_description/rviz/urdf_config.rviz
-- Installing: /home/johan/sllidar_ws/install/sam_bot_description/share/sam_bot_description/config
-- Installing: /home/johan/sllidar_ws/install/sam_bot_description/share/sam_bot_description/config/static_tf.yaml
-- Installing: /home/johan/sllidar_ws/install/sam_bot_description/share/sam_bot_description/config/ekf.yaml
-- Installing: /home/johan/sllidar_ws/install/sam_bot_description/share/sam_bot_description/world
-- Installing: /home/johan/sllidar_ws/install/sam_bot_description/share/sam_bot_description/world/my_world.sdf
-- Installing: /home/johan/sllidar_ws/install/sam_bot_description/share/ament_index/resource_index/package_run_dependencies/sam_bot_description
-- Installing: /home/johan/sllidar_ws/install/sam_bot_description/share/ament_index/resource_index/parent_prefix_path/sam_bot_description
-- Installing: /home/johan/sllidar_ws/install/sam_bot_description/share/sam_bot_description/environment/ament_prefix_path.sh
-- Installing: /home/johan/sllidar_ws/install/sam_bot_description/share/sam_bot_description/environment/ament_prefix_path.dsv
-- Installing: /home/johan/sllidar_ws/install/sam_bot_description/share/sam_bot_description/environment/path.sh
-- Installing: /home/johan/sllidar_ws/install/sam_bot_description/share/sam_bot_description/environment/path.dsv
-- Installing: /home/johan/sllidar_ws/install/sam_bot_description/share/sam_bot_description/local_setup.bash
-- Installing: /home/johan/sllidar_ws/install/sam_bot_description/share/sam_bot_description/local_setup.sh
-- Installing: /home/johan/sllidar_ws/install/sam_bot_description/share/sam_bot_description/local_setup.zsh
-- Installing: /home/johan/sllidar_ws/install/sam_bot_description/share/sam_bot_description/local_setup.dsv
-- Installing: /home/johan/sllidar_ws/install/sam_bot_description/share/sam_bot_description/package.dsv
-- Installing: /home/johan/sllidar_ws/install/sam_bot_description/share/ament_index/resource_index/packages/sam_bot_description
-- Installing: /home/johan/sllidar_ws/install/sam_bot_description/share/sam_bot_description/cmake/sam_bot_descriptionConfig.cmake
-- Installing: /home/johan/sllidar_ws/install/sam_bot_description/share/sam_bot_description/cmake/sam_bot_descriptionConfig-version.cmake
-- Installing: /home/johan/sllidar_ws/install/sam_bot_description/share/sam_bot_description/package.xml
