[0.329s] Invoking command in '/home/johan/sllidar_ws/build/sam_bot_description': CMAKE_PREFIX_PATH=/opt/ros/foxy /usr/bin/cmake /home/johan/sllidar_ws/src/sam_bot_description -DCMAKE_INSTALL_PREFIX=/home/johan/sllidar_ws/install/sam_bot_description
[0.368s] -- The C compiler identification is GNU 9.4.0
[0.409s] -- The CXX compiler identification is GNU 9.4.0
[0.411s] -- Check for working C compiler: /usr/bin/cc
[0.457s] -- Check for working C compiler: /usr/bin/cc -- works
[0.459s] -- Detecting C compiler ABI info
[0.507s] -- Detecting C compiler ABI info - done
[0.514s] -- Detecting C compile features
[0.516s] -- Detecting C compile features - done
[0.516s] -- Check for working CXX compiler: /usr/bin/c++
[0.571s] -- Check for working CXX compiler: /usr/bin/c++ -- works
[0.571s] -- Detecting CXX compiler ABI info
[0.628s] -- Detecting CXX compiler ABI info - done
[0.640s] -- Detecting CXX compile features
[0.641s] -- Detecting CXX compile features - done
[0.643s] -- Found ament_cmake: 0.9.12 (/opt/ros/foxy/share/ament_cmake/cmake)
[0.658s] -- Found PythonInterp: /usr/bin/python3 (found suitable version "3.8.10", minimum required is "3") 
[0.658s] -- Using PYTHON_EXECUTABLE: /usr/bin/python3
[0.775s] -- Found ament_lint_auto: 0.9.8 (/opt/ros/foxy/share/ament_lint_auto/cmake)
[0.824s] -- Added test 'flake8' to check Python code syntax and style conventions
[0.824s] -- Added test 'lint_cmake' to check CMake code style
[0.824s] -- Added test 'pep257' to check Python code against some of the style conventions in PEP 257
[0.826s] -- Added test 'xmllint' to check XML markup files
[0.826s] -- Configuring done
[0.828s] -- Generating done
[0.829s] -- Build files have been written to: /home/johan/sllidar_ws/build/sam_bot_description
[0.880s] Invoked command in '/home/johan/sllidar_ws/build/sam_bot_description' returned '0': CMAKE_PREFIX_PATH=/opt/ros/foxy /usr/bin/cmake /home/johan/sllidar_ws/src/sam_bot_description -DCMAKE_INSTALL_PREFIX=/home/johan/sllidar_ws/install/sam_bot_description
[0.882s] Invoking command in '/home/johan/sllidar_ws/build/sam_bot_description': CMAKE_PREFIX_PATH=/opt/ros/foxy /usr/bin/cmake --build /home/johan/sllidar_ws/build/sam_bot_description -- -j16 -l16
[0.910s] Invoked command in '/home/johan/sllidar_ws/build/sam_bot_description' returned '0': CMAKE_PREFIX_PATH=/opt/ros/foxy /usr/bin/cmake --build /home/johan/sllidar_ws/build/sam_bot_description -- -j16 -l16
[0.929s] Invoking command in '/home/johan/sllidar_ws/build/sam_bot_description': CMAKE_PREFIX_PATH=/opt/ros/foxy /usr/bin/cmake --install /home/johan/sllidar_ws/build/sam_bot_description
[0.937s] -- Install configuration: ""
[0.937s] -- Installing: /home/johan/sllidar_ws/install/sam_bot_description/share/sam_bot_description/src
[0.937s] -- Installing: /home/johan/sllidar_ws/install/sam_bot_description/share/sam_bot_description/src/description
[0.937s] -- Installing: /home/johan/sllidar_ws/install/sam_bot_description/share/sam_bot_description/src/description/robot.urdf
[0.937s] -- Installing: /home/johan/sllidar_ws/install/sam_bot_description/share/sam_bot_description/src/description/sam_bot_description.urdf
[0.937s] -- Installing: /home/johan/sllidar_ws/install/sam_bot_description/share/sam_bot_description/launch
[0.938s] -- Installing: /home/johan/sllidar_ws/install/sam_bot_description/share/sam_bot_description/launch/display.launch.py
[0.938s] -- Installing: /home/johan/sllidar_ws/install/sam_bot_description/share/sam_bot_description/rviz
[0.938s] -- Installing: /home/johan/sllidar_ws/install/sam_bot_description/share/sam_bot_description/rviz/urdf_config.rviz
[0.938s] -- Installing: /home/johan/sllidar_ws/install/sam_bot_description/share/sam_bot_description/config
[0.938s] -- Installing: /home/johan/sllidar_ws/install/sam_bot_description/share/sam_bot_description/config/static_tf.yaml
[0.938s] -- Installing: /home/johan/sllidar_ws/install/sam_bot_description/share/sam_bot_description/config/ekf.yaml
[0.938s] -- Installing: /home/johan/sllidar_ws/install/sam_bot_description/share/sam_bot_description/world
[0.938s] -- Installing: /home/johan/sllidar_ws/install/sam_bot_description/share/sam_bot_description/world/my_world.sdf
[0.938s] -- Installing: /home/johan/sllidar_ws/install/sam_bot_description/share/ament_index/resource_index/package_run_dependencies/sam_bot_description
[0.939s] -- Installing: /home/johan/sllidar_ws/install/sam_bot_description/share/ament_index/resource_index/parent_prefix_path/sam_bot_description
[0.939s] -- Installing: /home/johan/sllidar_ws/install/sam_bot_description/share/sam_bot_description/environment/ament_prefix_path.sh
[0.939s] -- Installing: /home/johan/sllidar_ws/install/sam_bot_description/share/sam_bot_description/environment/ament_prefix_path.dsv
[0.939s] -- Installing: /home/johan/sllidar_ws/install/sam_bot_description/share/sam_bot_description/environment/path.sh
[0.939s] -- Installing: /home/johan/sllidar_ws/install/sam_bot_description/share/sam_bot_description/environment/path.dsv
[0.940s] -- Installing: /home/johan/sllidar_ws/install/sam_bot_description/share/sam_bot_description/local_setup.bash
[0.940s] -- Installing: /home/johan/sllidar_ws/install/sam_bot_description/share/sam_bot_description/local_setup.sh
[0.940s] -- Installing: /home/johan/sllidar_ws/install/sam_bot_description/share/sam_bot_description/local_setup.zsh
[0.940s] -- Installing: /home/johan/sllidar_ws/install/sam_bot_description/share/sam_bot_description/local_setup.dsv
[0.940s] -- Installing: /home/johan/sllidar_ws/install/sam_bot_description/share/sam_bot_description/package.dsv
[0.940s] -- Installing: /home/johan/sllidar_ws/install/sam_bot_description/share/ament_index/resource_index/packages/sam_bot_description
[0.940s] -- Installing: /home/johan/sllidar_ws/install/sam_bot_description/share/sam_bot_description/cmake/sam_bot_descriptionConfig.cmake
[0.940s] -- Installing: /home/johan/sllidar_ws/install/sam_bot_description/share/sam_bot_description/cmake/sam_bot_descriptionConfig-version.cmake
[0.940s] -- Installing: /home/johan/sllidar_ws/install/sam_bot_description/share/sam_bot_description/package.xml
[0.941s] Invoked command in '/home/johan/sllidar_ws/build/sam_bot_description' returned '0': CMAKE_PREFIX_PATH=/opt/ros/foxy /usr/bin/cmake --install /home/johan/sllidar_ws/build/sam_bot_description
