[1.197s] DEBUG:colcon:Command line arguments: ['/usr/bin/colcon', 'build']
[1.197s] DEBUG:colcon:Parsed command line arguments: Namespace(allow_overriding=[], ament_cmake_args=None, base_paths=['.'], build_base='build', catkin_cmake_args=None, catkin_skip_building_tests=False, cmake_args=None, cmake_clean_cache=False, cmake_clean_first=False, cmake_force_configure=False, cmake_target=None, cmake_target_skip_unavailable=False, continue_on_error=False, event_handlers=None, executor='parallel', ignore_user_meta=False, install_base='install', log_base=None, log_level=None, main=<bound method BuildVerb.main of <colcon_core.verb.build.BuildVerb object at 0x7ff004751ee0>>, merge_install=False, metas=['./colcon.meta'], packages_above=None, packages_above_and_dependencies=None, packages_above_depth=None, packages_end=None, packages_ignore=None, packages_ignore_regex=None, packages_select=None, packages_select_build_failed=False, packages_select_by_dep=None, packages_select_regex=None, packages_select_test_failures=False, packages_skip=None, packages_skip_build_finished=False, packages_skip_by_dep=None, packages_skip_regex=None, packages_skip_test_passed=False, packages_skip_up_to=None, packages_start=None, packages_up_to=None, packages_up_to_regex=None, parallel_workers=16, paths=None, symlink_install=False, test_result_base=None, verb_extension=<colcon_core.verb.build.BuildVerb object at 0x7ff004751ee0>, verb_name='build', verb_parser=<colcon_defaults.argument_parser.defaults.DefaultArgumentsDecorator object at 0x7ff004751280>)
[1.250s] Level 1:colcon.colcon_core.package_discovery:discover_packages(colcon_meta) check parameters
[1.250s] Level 1:colcon.colcon_core.package_discovery:discover_packages(recursive) check parameters
[1.250s] Level 1:colcon.colcon_core.package_discovery:discover_packages(ignore) check parameters
[1.250s] Level 1:colcon.colcon_core.package_discovery:discover_packages(path) check parameters
[1.250s] Level 1:colcon.colcon_core.package_discovery:discover_packages(colcon_meta) discover
[1.250s] Level 1:colcon.colcon_core.package_discovery:discover_packages(recursive) discover
[1.250s] INFO:colcon.colcon_core.package_discovery:Crawling recursively for packages in '/home/johan/sllidar_ws'
[1.250s] Level 1:colcon.colcon_core.package_identification:_identify(.) by extensions ['ignore', 'ignore_ament_install']
[1.250s] Level 1:colcon.colcon_core.package_identification:_identify(.) by extension 'ignore'
[1.250s] Level 1:colcon.colcon_core.package_identification:_identify(.) by extension 'ignore_ament_install'
[1.250s] Level 1:colcon.colcon_core.package_identification:_identify(.) by extensions ['colcon_pkg']
[1.250s] Level 1:colcon.colcon_core.package_identification:_identify(.) by extension 'colcon_pkg'
[1.250s] Level 1:colcon.colcon_core.package_identification:_identify(.) by extensions ['colcon_meta']
[1.250s] Level 1:colcon.colcon_core.package_identification:_identify(.) by extension 'colcon_meta'
[1.250s] Level 1:colcon.colcon_core.package_identification:_identify(.) by extensions ['ros']
[1.250s] Level 1:colcon.colcon_core.package_identification:_identify(.) by extension 'ros'
[1.258s] Level 1:colcon.colcon_core.package_identification:_identify(.) by extensions ['cmake', 'python']
[1.258s] Level 1:colcon.colcon_core.package_identification:_identify(.) by extension 'cmake'
[1.258s] Level 1:colcon.colcon_core.package_identification:_identify(.) by extension 'python'
[1.258s] Level 1:colcon.colcon_core.package_identification:_identify(.) by extensions ['python_setup_py']
[1.258s] Level 1:colcon.colcon_core.package_identification:_identify(.) by extension 'python_setup_py'
[1.258s] Level 1:colcon.colcon_core.package_identification:_identify(build) by extensions ['ignore', 'ignore_ament_install']
[1.258s] Level 1:colcon.colcon_core.package_identification:_identify(build) by extension 'ignore'
[1.258s] Level 1:colcon.colcon_core.package_identification:_identify(build) ignored
[1.258s] Level 1:colcon.colcon_core.package_identification:_identify(install) by extensions ['ignore', 'ignore_ament_install']
[1.258s] Level 1:colcon.colcon_core.package_identification:_identify(install) by extension 'ignore'
[1.259s] Level 1:colcon.colcon_core.package_identification:_identify(install) ignored
[1.259s] Level 1:colcon.colcon_core.package_identification:_identify(log) by extensions ['ignore', 'ignore_ament_install']
[1.259s] Level 1:colcon.colcon_core.package_identification:_identify(log) by extension 'ignore'
[1.259s] Level 1:colcon.colcon_core.package_identification:_identify(log) ignored
[1.259s] Level 1:colcon.colcon_core.package_identification:_identify(src) by extensions ['ignore', 'ignore_ament_install']
[1.259s] Level 1:colcon.colcon_core.package_identification:_identify(src) by extension 'ignore'
[1.259s] Level 1:colcon.colcon_core.package_identification:_identify(src) by extension 'ignore_ament_install'
[1.259s] Level 1:colcon.colcon_core.package_identification:_identify(src) by extensions ['colcon_pkg']
[1.259s] Level 1:colcon.colcon_core.package_identification:_identify(src) by extension 'colcon_pkg'
[1.259s] Level 1:colcon.colcon_core.package_identification:_identify(src) by extensions ['colcon_meta']
[1.259s] Level 1:colcon.colcon_core.package_identification:_identify(src) by extension 'colcon_meta'
[1.259s] Level 1:colcon.colcon_core.package_identification:_identify(src) by extensions ['ros']
[1.259s] Level 1:colcon.colcon_core.package_identification:_identify(src) by extension 'ros'
[1.259s] Level 1:colcon.colcon_core.package_identification:_identify(src) by extensions ['cmake', 'python']
[1.259s] Level 1:colcon.colcon_core.package_identification:_identify(src) by extension 'cmake'
[1.259s] Level 1:colcon.colcon_core.package_identification:_identify(src) by extension 'python'
[1.259s] Level 1:colcon.colcon_core.package_identification:_identify(src) by extensions ['python_setup_py']
[1.259s] Level 1:colcon.colcon_core.package_identification:_identify(src) by extension 'python_setup_py'
[1.259s] Level 1:colcon.colcon_core.package_identification:_identify(src/fdilink_ahrs_ROS2) by extensions ['ignore', 'ignore_ament_install']
[1.259s] Level 1:colcon.colcon_core.package_identification:_identify(src/fdilink_ahrs_ROS2) by extension 'ignore'
[1.259s] Level 1:colcon.colcon_core.package_identification:_identify(src/fdilink_ahrs_ROS2) by extension 'ignore_ament_install'
[1.259s] Level 1:colcon.colcon_core.package_identification:_identify(src/fdilink_ahrs_ROS2) by extensions ['colcon_pkg']
[1.259s] Level 1:colcon.colcon_core.package_identification:_identify(src/fdilink_ahrs_ROS2) by extension 'colcon_pkg'
[1.259s] Level 1:colcon.colcon_core.package_identification:_identify(src/fdilink_ahrs_ROS2) by extensions ['colcon_meta']
[1.259s] Level 1:colcon.colcon_core.package_identification:_identify(src/fdilink_ahrs_ROS2) by extension 'colcon_meta'
[1.259s] Level 1:colcon.colcon_core.package_identification:_identify(src/fdilink_ahrs_ROS2) by extensions ['ros']
[1.259s] Level 1:colcon.colcon_core.package_identification:_identify(src/fdilink_ahrs_ROS2) by extension 'ros'
[1.261s] DEBUG:colcon.colcon_core.package_identification:Package 'src/fdilink_ahrs_ROS2' with type 'ros.ament_cmake' and name 'fdilink_ahrs'
[1.261s] Level 1:colcon.colcon_core.package_identification:_identify(src/robot_bringup) by extensions ['ignore', 'ignore_ament_install']
[1.261s] Level 1:colcon.colcon_core.package_identification:_identify(src/robot_bringup) by extension 'ignore'
[1.261s] Level 1:colcon.colcon_core.package_identification:_identify(src/robot_bringup) by extension 'ignore_ament_install'
[1.261s] Level 1:colcon.colcon_core.package_identification:_identify(src/robot_bringup) by extensions ['colcon_pkg']
[1.261s] Level 1:colcon.colcon_core.package_identification:_identify(src/robot_bringup) by extension 'colcon_pkg'
[1.261s] Level 1:colcon.colcon_core.package_identification:_identify(src/robot_bringup) by extensions ['colcon_meta']
[1.261s] Level 1:colcon.colcon_core.package_identification:_identify(src/robot_bringup) by extension 'colcon_meta'
[1.261s] Level 1:colcon.colcon_core.package_identification:_identify(src/robot_bringup) by extensions ['ros']
[1.261s] Level 1:colcon.colcon_core.package_identification:_identify(src/robot_bringup) by extension 'ros'
[1.262s] DEBUG:colcon.colcon_core.package_identification:Package 'src/robot_bringup' with type 'ros.ament_cmake' and name 'robot_bringup'
[1.262s] Level 1:colcon.colcon_core.package_identification:_identify(src/robot_cartographer) by extensions ['ignore', 'ignore_ament_install']
[1.262s] Level 1:colcon.colcon_core.package_identification:_identify(src/robot_cartographer) by extension 'ignore'
[1.262s] Level 1:colcon.colcon_core.package_identification:_identify(src/robot_cartographer) by extension 'ignore_ament_install'
[1.262s] Level 1:colcon.colcon_core.package_identification:_identify(src/robot_cartographer) by extensions ['colcon_pkg']
[1.262s] Level 1:colcon.colcon_core.package_identification:_identify(src/robot_cartographer) by extension 'colcon_pkg'
[1.262s] Level 1:colcon.colcon_core.package_identification:_identify(src/robot_cartographer) by extensions ['colcon_meta']
[1.262s] Level 1:colcon.colcon_core.package_identification:_identify(src/robot_cartographer) by extension 'colcon_meta'
[1.262s] Level 1:colcon.colcon_core.package_identification:_identify(src/robot_cartographer) by extensions ['ros']
[1.262s] Level 1:colcon.colcon_core.package_identification:_identify(src/robot_cartographer) by extension 'ros'
[1.262s] DEBUG:colcon.colcon_core.package_identification:Package 'src/robot_cartographer' with type 'ros.ament_cmake' and name 'robot_cartographer'
[1.262s] Level 1:colcon.colcon_core.package_identification:_identify(src/robot_navigation2) by extensions ['ignore', 'ignore_ament_install']
[1.262s] Level 1:colcon.colcon_core.package_identification:_identify(src/robot_navigation2) by extension 'ignore'
[1.262s] Level 1:colcon.colcon_core.package_identification:_identify(src/robot_navigation2) by extension 'ignore_ament_install'
[1.262s] Level 1:colcon.colcon_core.package_identification:_identify(src/robot_navigation2) by extensions ['colcon_pkg']
[1.263s] Level 1:colcon.colcon_core.package_identification:_identify(src/robot_navigation2) by extension 'colcon_pkg'
[1.263s] Level 1:colcon.colcon_core.package_identification:_identify(src/robot_navigation2) by extensions ['colcon_meta']
[1.263s] Level 1:colcon.colcon_core.package_identification:_identify(src/robot_navigation2) by extension 'colcon_meta'
[1.263s] Level 1:colcon.colcon_core.package_identification:_identify(src/robot_navigation2) by extensions ['ros']
[1.263s] Level 1:colcon.colcon_core.package_identification:_identify(src/robot_navigation2) by extension 'ros'
[1.263s] DEBUG:colcon.colcon_core.package_identification:Package 'src/robot_navigation2' with type 'ros.ament_cmake' and name 'robot_navigation2'
[1.263s] Level 1:colcon.colcon_core.package_identification:_identify(src/robot_template) by extensions ['ignore', 'ignore_ament_install']
[1.263s] Level 1:colcon.colcon_core.package_identification:_identify(src/robot_template) by extension 'ignore'
[1.263s] Level 1:colcon.colcon_core.package_identification:_identify(src/robot_template) by extension 'ignore_ament_install'
[1.263s] Level 1:colcon.colcon_core.package_identification:_identify(src/robot_template) by extensions ['colcon_pkg']
[1.263s] Level 1:colcon.colcon_core.package_identification:_identify(src/robot_template) by extension 'colcon_pkg'
[1.263s] Level 1:colcon.colcon_core.package_identification:_identify(src/robot_template) by extensions ['colcon_meta']
[1.263s] Level 1:colcon.colcon_core.package_identification:_identify(src/robot_template) by extension 'colcon_meta'
[1.263s] Level 1:colcon.colcon_core.package_identification:_identify(src/robot_template) by extensions ['ros']
[1.263s] Level 1:colcon.colcon_core.package_identification:_identify(src/robot_template) by extension 'ros'
[1.263s] DEBUG:colcon.colcon_core.package_identification:Package 'src/robot_template' with type 'ros.ament_python' and name 'robot_template'
[1.263s] Level 1:colcon.colcon_core.package_identification:_identify(src/sam_bot_description) by extensions ['ignore', 'ignore_ament_install']
[1.263s] Level 1:colcon.colcon_core.package_identification:_identify(src/sam_bot_description) by extension 'ignore'
[1.264s] Level 1:colcon.colcon_core.package_identification:_identify(src/sam_bot_description) by extension 'ignore_ament_install'
[1.264s] Level 1:colcon.colcon_core.package_identification:_identify(src/sam_bot_description) by extensions ['colcon_pkg']
[1.264s] Level 1:colcon.colcon_core.package_identification:_identify(src/sam_bot_description) by extension 'colcon_pkg'
[1.264s] Level 1:colcon.colcon_core.package_identification:_identify(src/sam_bot_description) by extensions ['colcon_meta']
[1.264s] Level 1:colcon.colcon_core.package_identification:_identify(src/sam_bot_description) by extension 'colcon_meta'
[1.264s] Level 1:colcon.colcon_core.package_identification:_identify(src/sam_bot_description) by extensions ['ros']
[1.264s] Level 1:colcon.colcon_core.package_identification:_identify(src/sam_bot_description) by extension 'ros'
[1.264s] DEBUG:colcon.colcon_core.package_identification:Package 'src/sam_bot_description' with type 'ros.ament_cmake' and name 'sam_bot_description'
[1.264s] Level 1:colcon.colcon_core.package_identification:_identify(src/sllidar_ros2) by extensions ['ignore', 'ignore_ament_install']
[1.264s] Level 1:colcon.colcon_core.package_identification:_identify(src/sllidar_ros2) by extension 'ignore'
[1.264s] Level 1:colcon.colcon_core.package_identification:_identify(src/sllidar_ros2) by extension 'ignore_ament_install'
[1.264s] Level 1:colcon.colcon_core.package_identification:_identify(src/sllidar_ros2) by extensions ['colcon_pkg']
[1.264s] Level 1:colcon.colcon_core.package_identification:_identify(src/sllidar_ros2) by extension 'colcon_pkg'
[1.264s] Level 1:colcon.colcon_core.package_identification:_identify(src/sllidar_ros2) by extensions ['colcon_meta']
[1.264s] Level 1:colcon.colcon_core.package_identification:_identify(src/sllidar_ros2) by extension 'colcon_meta'
[1.264s] Level 1:colcon.colcon_core.package_identification:_identify(src/sllidar_ros2) by extensions ['ros']
[1.264s] Level 1:colcon.colcon_core.package_identification:_identify(src/sllidar_ros2) by extension 'ros'
[1.265s] DEBUG:colcon.colcon_core.package_identification:Package 'src/sllidar_ros2' with type 'ros.ament_cmake' and name 'sllidar_ros2'
[1.265s] Level 1:colcon.colcon_core.package_discovery:discover_packages(recursive) using defaults
[1.265s] Level 1:colcon.colcon_core.package_discovery:discover_packages(ignore) discover
[1.265s] Level 1:colcon.colcon_core.package_discovery:discover_packages(ignore) using defaults
[1.265s] Level 1:colcon.colcon_core.package_discovery:discover_packages(path) discover
[1.265s] Level 1:colcon.colcon_core.package_discovery:discover_packages(path) using defaults
[1.373s] Level 1:colcon.colcon_core.package_discovery:discover_packages(prefix_path) check parameters
[1.373s] Level 1:colcon.colcon_core.package_discovery:discover_packages(prefix_path) discover
[1.420s] DEBUG:colcon.colcon_installed_package_information.package_discovery:Found 383 installed packages in /opt/ros/foxy
[1.421s] Level 1:colcon.colcon_core.package_discovery:discover_packages(prefix_path) using defaults
[1.509s] Level 5:colcon.colcon_core.verb:set package 'fdilink_ahrs' build argument 'cmake_args' from command line to 'None'
[1.509s] Level 5:colcon.colcon_core.verb:set package 'fdilink_ahrs' build argument 'cmake_target' from command line to 'None'
[1.509s] Level 5:colcon.colcon_core.verb:set package 'fdilink_ahrs' build argument 'cmake_target_skip_unavailable' from command line to 'False'
[1.509s] Level 5:colcon.colcon_core.verb:set package 'fdilink_ahrs' build argument 'cmake_clean_cache' from command line to 'False'
[1.509s] Level 5:colcon.colcon_core.verb:set package 'fdilink_ahrs' build argument 'cmake_clean_first' from command line to 'False'
[1.509s] Level 5:colcon.colcon_core.verb:set package 'fdilink_ahrs' build argument 'cmake_force_configure' from command line to 'False'
[1.509s] Level 5:colcon.colcon_core.verb:set package 'fdilink_ahrs' build argument 'ament_cmake_args' from command line to 'None'
[1.509s] Level 5:colcon.colcon_core.verb:set package 'fdilink_ahrs' build argument 'catkin_cmake_args' from command line to 'None'
[1.509s] Level 5:colcon.colcon_core.verb:set package 'fdilink_ahrs' build argument 'catkin_skip_building_tests' from command line to 'False'
[1.509s] DEBUG:colcon.colcon_core.verb:Building package 'fdilink_ahrs' with the following arguments: {'ament_cmake_args': None, 'build_base': '/home/johan/sllidar_ws/build/fdilink_ahrs', 'catkin_cmake_args': None, 'catkin_skip_building_tests': False, 'cmake_args': None, 'cmake_clean_cache': False, 'cmake_clean_first': False, 'cmake_force_configure': False, 'cmake_target': None, 'cmake_target_skip_unavailable': False, 'install_base': '/home/johan/sllidar_ws/install/fdilink_ahrs', 'merge_install': False, 'path': '/home/johan/sllidar_ws/src/fdilink_ahrs_ROS2', 'symlink_install': False, 'test_result_base': None}
[1.528s] Level 5:colcon.colcon_core.verb:set package 'robot_bringup' build argument 'cmake_args' from command line to 'None'
[1.528s] Level 5:colcon.colcon_core.verb:set package 'robot_bringup' build argument 'cmake_target' from command line to 'None'
[1.528s] Level 5:colcon.colcon_core.verb:set package 'robot_bringup' build argument 'cmake_target_skip_unavailable' from command line to 'False'
[1.528s] Level 5:colcon.colcon_core.verb:set package 'robot_bringup' build argument 'cmake_clean_cache' from command line to 'False'
[1.528s] Level 5:colcon.colcon_core.verb:set package 'robot_bringup' build argument 'cmake_clean_first' from command line to 'False'
[1.528s] Level 5:colcon.colcon_core.verb:set package 'robot_bringup' build argument 'cmake_force_configure' from command line to 'False'
[1.528s] Level 5:colcon.colcon_core.verb:set package 'robot_bringup' build argument 'ament_cmake_args' from command line to 'None'
[1.528s] Level 5:colcon.colcon_core.verb:set package 'robot_bringup' build argument 'catkin_cmake_args' from command line to 'None'
[1.528s] Level 5:colcon.colcon_core.verb:set package 'robot_bringup' build argument 'catkin_skip_building_tests' from command line to 'False'
[1.528s] DEBUG:colcon.colcon_core.verb:Building package 'robot_bringup' with the following arguments: {'ament_cmake_args': None, 'build_base': '/home/johan/sllidar_ws/build/robot_bringup', 'catkin_cmake_args': None, 'catkin_skip_building_tests': False, 'cmake_args': None, 'cmake_clean_cache': False, 'cmake_clean_first': False, 'cmake_force_configure': False, 'cmake_target': None, 'cmake_target_skip_unavailable': False, 'install_base': '/home/johan/sllidar_ws/install/robot_bringup', 'merge_install': False, 'path': '/home/johan/sllidar_ws/src/robot_bringup', 'symlink_install': False, 'test_result_base': None}
[1.547s] Level 5:colcon.colcon_core.verb:set package 'robot_cartographer' build argument 'cmake_args' from command line to 'None'
[1.548s] Level 5:colcon.colcon_core.verb:set package 'robot_cartographer' build argument 'cmake_target' from command line to 'None'
[1.548s] Level 5:colcon.colcon_core.verb:set package 'robot_cartographer' build argument 'cmake_target_skip_unavailable' from command line to 'False'
[1.548s] Level 5:colcon.colcon_core.verb:set package 'robot_cartographer' build argument 'cmake_clean_cache' from command line to 'False'
[1.548s] Level 5:colcon.colcon_core.verb:set package 'robot_cartographer' build argument 'cmake_clean_first' from command line to 'False'
[1.548s] Level 5:colcon.colcon_core.verb:set package 'robot_cartographer' build argument 'cmake_force_configure' from command line to 'False'
[1.548s] Level 5:colcon.colcon_core.verb:set package 'robot_cartographer' build argument 'ament_cmake_args' from command line to 'None'
[1.548s] Level 5:colcon.colcon_core.verb:set package 'robot_cartographer' build argument 'catkin_cmake_args' from command line to 'None'
[1.548s] Level 5:colcon.colcon_core.verb:set package 'robot_cartographer' build argument 'catkin_skip_building_tests' from command line to 'False'
[1.548s] DEBUG:colcon.colcon_core.verb:Building package 'robot_cartographer' with the following arguments: {'ament_cmake_args': None, 'build_base': '/home/johan/sllidar_ws/build/robot_cartographer', 'catkin_cmake_args': None, 'catkin_skip_building_tests': False, 'cmake_args': None, 'cmake_clean_cache': False, 'cmake_clean_first': False, 'cmake_force_configure': False, 'cmake_target': None, 'cmake_target_skip_unavailable': False, 'install_base': '/home/johan/sllidar_ws/install/robot_cartographer', 'merge_install': False, 'path': '/home/johan/sllidar_ws/src/robot_cartographer', 'symlink_install': False, 'test_result_base': None}
[1.567s] Level 5:colcon.colcon_core.verb:set package 'robot_navigation2' build argument 'cmake_args' from command line to 'None'
[1.567s] Level 5:colcon.colcon_core.verb:set package 'robot_navigation2' build argument 'cmake_target' from command line to 'None'
[1.567s] Level 5:colcon.colcon_core.verb:set package 'robot_navigation2' build argument 'cmake_target_skip_unavailable' from command line to 'False'
[1.567s] Level 5:colcon.colcon_core.verb:set package 'robot_navigation2' build argument 'cmake_clean_cache' from command line to 'False'
[1.567s] Level 5:colcon.colcon_core.verb:set package 'robot_navigation2' build argument 'cmake_clean_first' from command line to 'False'
[1.567s] Level 5:colcon.colcon_core.verb:set package 'robot_navigation2' build argument 'cmake_force_configure' from command line to 'False'
[1.567s] Level 5:colcon.colcon_core.verb:set package 'robot_navigation2' build argument 'ament_cmake_args' from command line to 'None'
[1.567s] Level 5:colcon.colcon_core.verb:set package 'robot_navigation2' build argument 'catkin_cmake_args' from command line to 'None'
[1.567s] Level 5:colcon.colcon_core.verb:set package 'robot_navigation2' build argument 'catkin_skip_building_tests' from command line to 'False'
[1.567s] DEBUG:colcon.colcon_core.verb:Building package 'robot_navigation2' with the following arguments: {'ament_cmake_args': None, 'build_base': '/home/johan/sllidar_ws/build/robot_navigation2', 'catkin_cmake_args': None, 'catkin_skip_building_tests': False, 'cmake_args': None, 'cmake_clean_cache': False, 'cmake_clean_first': False, 'cmake_force_configure': False, 'cmake_target': None, 'cmake_target_skip_unavailable': False, 'install_base': '/home/johan/sllidar_ws/install/robot_navigation2', 'merge_install': False, 'path': '/home/johan/sllidar_ws/src/robot_navigation2', 'symlink_install': False, 'test_result_base': None}
[1.586s] Level 5:colcon.colcon_core.verb:set package 'robot_template' build argument 'cmake_args' from command line to 'None'
[1.587s] Level 5:colcon.colcon_core.verb:set package 'robot_template' build argument 'cmake_target' from command line to 'None'
[1.587s] Level 5:colcon.colcon_core.verb:set package 'robot_template' build argument 'cmake_target_skip_unavailable' from command line to 'False'
[1.587s] Level 5:colcon.colcon_core.verb:set package 'robot_template' build argument 'cmake_clean_cache' from command line to 'False'
[1.587s] Level 5:colcon.colcon_core.verb:set package 'robot_template' build argument 'cmake_clean_first' from command line to 'False'
[1.587s] Level 5:colcon.colcon_core.verb:set package 'robot_template' build argument 'cmake_force_configure' from command line to 'False'
[1.587s] Level 5:colcon.colcon_core.verb:set package 'robot_template' build argument 'ament_cmake_args' from command line to 'None'
[1.587s] Level 5:colcon.colcon_core.verb:set package 'robot_template' build argument 'catkin_cmake_args' from command line to 'None'
[1.587s] Level 5:colcon.colcon_core.verb:set package 'robot_template' build argument 'catkin_skip_building_tests' from command line to 'False'
[1.587s] DEBUG:colcon.colcon_core.verb:Building package 'robot_template' with the following arguments: {'ament_cmake_args': None, 'build_base': '/home/johan/sllidar_ws/build/robot_template', 'catkin_cmake_args': None, 'catkin_skip_building_tests': False, 'cmake_args': None, 'cmake_clean_cache': False, 'cmake_clean_first': False, 'cmake_force_configure': False, 'cmake_target': None, 'cmake_target_skip_unavailable': False, 'install_base': '/home/johan/sllidar_ws/install/robot_template', 'merge_install': False, 'path': '/home/johan/sllidar_ws/src/robot_template', 'symlink_install': False, 'test_result_base': None}
[1.606s] Level 5:colcon.colcon_core.verb:set package 'sam_bot_description' build argument 'cmake_args' from command line to 'None'
[1.606s] Level 5:colcon.colcon_core.verb:set package 'sam_bot_description' build argument 'cmake_target' from command line to 'None'
[1.606s] Level 5:colcon.colcon_core.verb:set package 'sam_bot_description' build argument 'cmake_target_skip_unavailable' from command line to 'False'
[1.606s] Level 5:colcon.colcon_core.verb:set package 'sam_bot_description' build argument 'cmake_clean_cache' from command line to 'False'
[1.606s] Level 5:colcon.colcon_core.verb:set package 'sam_bot_description' build argument 'cmake_clean_first' from command line to 'False'
[1.606s] Level 5:colcon.colcon_core.verb:set package 'sam_bot_description' build argument 'cmake_force_configure' from command line to 'False'
[1.606s] Level 5:colcon.colcon_core.verb:set package 'sam_bot_description' build argument 'ament_cmake_args' from command line to 'None'
[1.606s] Level 5:colcon.colcon_core.verb:set package 'sam_bot_description' build argument 'catkin_cmake_args' from command line to 'None'
[1.606s] Level 5:colcon.colcon_core.verb:set package 'sam_bot_description' build argument 'catkin_skip_building_tests' from command line to 'False'
[1.606s] DEBUG:colcon.colcon_core.verb:Building package 'sam_bot_description' with the following arguments: {'ament_cmake_args': None, 'build_base': '/home/johan/sllidar_ws/build/sam_bot_description', 'catkin_cmake_args': None, 'catkin_skip_building_tests': False, 'cmake_args': None, 'cmake_clean_cache': False, 'cmake_clean_first': False, 'cmake_force_configure': False, 'cmake_target': None, 'cmake_target_skip_unavailable': False, 'install_base': '/home/johan/sllidar_ws/install/sam_bot_description', 'merge_install': False, 'path': '/home/johan/sllidar_ws/src/sam_bot_description', 'symlink_install': False, 'test_result_base': None}
[1.626s] Level 5:colcon.colcon_core.verb:set package 'sllidar_ros2' build argument 'cmake_args' from command line to 'None'
[1.626s] Level 5:colcon.colcon_core.verb:set package 'sllidar_ros2' build argument 'cmake_target' from command line to 'None'
[1.626s] Level 5:colcon.colcon_core.verb:set package 'sllidar_ros2' build argument 'cmake_target_skip_unavailable' from command line to 'False'
[1.626s] Level 5:colcon.colcon_core.verb:set package 'sllidar_ros2' build argument 'cmake_clean_cache' from command line to 'False'
[1.626s] Level 5:colcon.colcon_core.verb:set package 'sllidar_ros2' build argument 'cmake_clean_first' from command line to 'False'
[1.626s] Level 5:colcon.colcon_core.verb:set package 'sllidar_ros2' build argument 'cmake_force_configure' from command line to 'False'
[1.626s] Level 5:colcon.colcon_core.verb:set package 'sllidar_ros2' build argument 'ament_cmake_args' from command line to 'None'
[1.626s] Level 5:colcon.colcon_core.verb:set package 'sllidar_ros2' build argument 'catkin_cmake_args' from command line to 'None'
[1.626s] Level 5:colcon.colcon_core.verb:set package 'sllidar_ros2' build argument 'catkin_skip_building_tests' from command line to 'False'
[1.626s] DEBUG:colcon.colcon_core.verb:Building package 'sllidar_ros2' with the following arguments: {'ament_cmake_args': None, 'build_base': '/home/johan/sllidar_ws/build/sllidar_ros2', 'catkin_cmake_args': None, 'catkin_skip_building_tests': False, 'cmake_args': None, 'cmake_clean_cache': False, 'cmake_clean_first': False, 'cmake_force_configure': False, 'cmake_target': None, 'cmake_target_skip_unavailable': False, 'install_base': '/home/johan/sllidar_ws/install/sllidar_ros2', 'merge_install': False, 'path': '/home/johan/sllidar_ws/src/sllidar_ros2', 'symlink_install': False, 'test_result_base': None}
[1.652s] INFO:colcon.colcon_core.executor:Executing jobs using 'parallel' executor
[1.672s] DEBUG:colcon.colcon_parallel_executor.executor.parallel:run_until_complete
[1.672s] INFO:colcon.colcon_ros.task.ament_cmake.build:Building ROS package in '/home/johan/sllidar_ws/src/fdilink_ahrs_ROS2' with build type 'ament_cmake'
[1.672s] INFO:colcon.colcon_cmake.task.cmake.build:Building CMake package in '/home/johan/sllidar_ws/src/fdilink_ahrs_ROS2'
[1.693s] INFO:colcon.colcon_core.plugin_system:Skipping extension 'colcon_core.shell.bat': Not used on non-Windows systems
[1.693s] INFO:colcon.colcon_core.shell:Skip shell extension 'powershell' for command environment: Not usable outside of PowerShell
[1.693s] DEBUG:colcon.colcon_core.shell:Skip shell extension 'dsv' for command environment
[1.736s] INFO:colcon.colcon_ros.task.ament_cmake.build:Building ROS package in '/home/johan/sllidar_ws/src/robot_bringup' with build type 'ament_cmake'
[1.737s] INFO:colcon.colcon_cmake.task.cmake.build:Building CMake package in '/home/johan/sllidar_ws/src/robot_bringup'
[1.774s] INFO:colcon.colcon_core.shell:Skip shell extension 'powershell' for command environment: Not usable outside of PowerShell
[1.774s] DEBUG:colcon.colcon_core.shell:Skip shell extension 'dsv' for command environment
[1.816s] INFO:colcon.colcon_ros.task.ament_cmake.build:Building ROS package in '/home/johan/sllidar_ws/src/robot_cartographer' with build type 'ament_cmake'
[1.817s] INFO:colcon.colcon_cmake.task.cmake.build:Building CMake package in '/home/johan/sllidar_ws/src/robot_cartographer'
[1.838s] INFO:colcon.colcon_core.shell:Skip shell extension 'powershell' for command environment: Not usable outside of PowerShell
[1.838s] DEBUG:colcon.colcon_core.shell:Skip shell extension 'dsv' for command environment
[1.881s] INFO:colcon.colcon_ros.task.ament_cmake.build:Building ROS package in '/home/johan/sllidar_ws/src/robot_navigation2' with build type 'ament_cmake'
[1.881s] INFO:colcon.colcon_cmake.task.cmake.build:Building CMake package in '/home/johan/sllidar_ws/src/robot_navigation2'
[1.902s] INFO:colcon.colcon_core.shell:Skip shell extension 'powershell' for command environment: Not usable outside of PowerShell
[1.902s] DEBUG:colcon.colcon_core.shell:Skip shell extension 'dsv' for command environment
[1.944s] INFO:colcon.colcon_ros.task.ament_python.build:Building ROS package in '/home/johan/sllidar_ws/src/robot_template' with build type 'ament_python'
[1.945s] Level 1:colcon.colcon_core.shell:create_environment_hook('robot_template', 'ament_prefix_path')
[1.965s] INFO:colcon.colcon_core.shell:Creating environment hook '/home/johan/sllidar_ws/install/robot_template/share/robot_template/hook/ament_prefix_path.ps1'
[1.966s] INFO:colcon.colcon_core.shell:Creating environment descriptor '/home/johan/sllidar_ws/install/robot_template/share/robot_template/hook/ament_prefix_path.dsv'
[1.966s] INFO:colcon.colcon_core.shell:Creating environment hook '/home/johan/sllidar_ws/install/robot_template/share/robot_template/hook/ament_prefix_path.sh'
[1.986s] INFO:colcon.colcon_core.shell:Skip shell extension 'powershell' for command environment: Not usable outside of PowerShell
[1.986s] DEBUG:colcon.colcon_core.shell:Skip shell extension 'dsv' for command environment
[2.028s] INFO:colcon.colcon_ros.task.ament_cmake.build:Building ROS package in '/home/johan/sllidar_ws/src/sam_bot_description' with build type 'ament_cmake'
[2.028s] INFO:colcon.colcon_cmake.task.cmake.build:Building CMake package in '/home/johan/sllidar_ws/src/sam_bot_description'
[2.048s] INFO:colcon.colcon_core.shell:Skip shell extension 'powershell' for command environment: Not usable outside of PowerShell
[2.048s] DEBUG:colcon.colcon_core.shell:Skip shell extension 'dsv' for command environment
[2.093s] INFO:colcon.colcon_ros.task.ament_cmake.build:Building ROS package in '/home/johan/sllidar_ws/src/sllidar_ros2' with build type 'ament_cmake'
[2.094s] INFO:colcon.colcon_cmake.task.cmake.build:Building CMake package in '/home/johan/sllidar_ws/src/sllidar_ros2'
[2.115s] INFO:colcon.colcon_core.shell:Skip shell extension 'powershell' for command environment: Not usable outside of PowerShell
[2.115s] DEBUG:colcon.colcon_core.shell:Skip shell extension 'dsv' for command environment
[2.163s] DEBUG:colcon.colcon_core.event_handler.log_command:Invoking command in '/home/johan/sllidar_ws/build/fdilink_ahrs': CMAKE_PREFIX_PATH=/opt/ros/foxy /usr/bin/cmake --build /home/johan/sllidar_ws/build/fdilink_ahrs -- -j16 -l16
[2.169s] DEBUG:colcon.colcon_core.event_handler.log_command:Invoking command in '/home/johan/sllidar_ws/build/robot_bringup': CMAKE_PREFIX_PATH=/opt/ros/foxy /usr/bin/cmake --build /home/johan/sllidar_ws/build/robot_bringup -- -j16 -l16
[2.174s] DEBUG:colcon.colcon_core.event_handler.log_command:Invoking command in '/home/johan/sllidar_ws/build/robot_cartographer': CMAKE_PREFIX_PATH=/opt/ros/foxy /usr/bin/cmake --build /home/johan/sllidar_ws/build/robot_cartographer -- -j16 -l16
[2.177s] DEBUG:colcon.colcon_core.event_handler.log_command:Invoking command in '/home/johan/sllidar_ws/build/robot_navigation2': CMAKE_PREFIX_PATH=/opt/ros/foxy /usr/bin/cmake --build /home/johan/sllidar_ws/build/robot_navigation2 -- -j16 -l16
[2.310s] INFO:colcon.colcon_core.task.python.build:Building Python package in '/home/johan/sllidar_ws/src/robot_template'
[2.334s] INFO:colcon.colcon_core.shell:Skip shell extension 'powershell' for command environment: Not usable outside of PowerShell
[2.334s] DEBUG:colcon.colcon_core.shell:Skip shell extension 'dsv' for command environment
[2.380s] DEBUG:colcon.colcon_core.event_handler.log_command:Invoking command in '/home/johan/sllidar_ws/build/sam_bot_description': CMAKE_PREFIX_PATH=/opt/ros/foxy /usr/bin/cmake --build /home/johan/sllidar_ws/build/sam_bot_description -- -j16 -l16
[2.386s] DEBUG:colcon.colcon_core.event_handler.log_command:Invoking command in '/home/johan/sllidar_ws/build/sllidar_ros2': CMAKE_PREFIX_PATH=/opt/ros/foxy /usr/bin/cmake --build /home/johan/sllidar_ws/build/sllidar_ros2 -- -j16 -l16
[2.393s] DEBUG:colcon.colcon_core.event_handler.log_command:Invoked command in '/home/johan/sllidar_ws/build/fdilink_ahrs' returned '0': CMAKE_PREFIX_PATH=/opt/ros/foxy /usr/bin/cmake --build /home/johan/sllidar_ws/build/fdilink_ahrs -- -j16 -l16
[2.396s] DEBUG:colcon.colcon_core.event_handler.log_command:Invoked command in '/home/johan/sllidar_ws/build/robot_cartographer' returned '0': CMAKE_PREFIX_PATH=/opt/ros/foxy /usr/bin/cmake --build /home/johan/sllidar_ws/build/robot_cartographer -- -j16 -l16
[2.400s] DEBUG:colcon.colcon_core.event_handler.log_command:Invoked command in '/home/johan/sllidar_ws/build/robot_navigation2' returned '0': CMAKE_PREFIX_PATH=/opt/ros/foxy /usr/bin/cmake --build /home/johan/sllidar_ws/build/robot_navigation2 -- -j16 -l16
[2.409s] DEBUG:colcon.colcon_core.event_handler.log_command:Invoked command in '/home/johan/sllidar_ws/build/sam_bot_description' returned '0': CMAKE_PREFIX_PATH=/opt/ros/foxy /usr/bin/cmake --build /home/johan/sllidar_ws/build/sam_bot_description -- -j16 -l16
[2.427s] DEBUG:colcon.colcon_core.event_handler.log_command:Invoking command in '/home/johan/sllidar_ws/build/fdilink_ahrs': CMAKE_PREFIX_PATH=/opt/ros/foxy /usr/bin/cmake --install /home/johan/sllidar_ws/build/fdilink_ahrs
[2.431s] DEBUG:colcon.colcon_core.event_handler.log_command:Invoking command in '/home/johan/sllidar_ws/build/robot_cartographer': CMAKE_PREFIX_PATH=/opt/ros/foxy /usr/bin/cmake --install /home/johan/sllidar_ws/build/robot_cartographer
[2.435s] DEBUG:colcon.colcon_core.event_handler.log_command:Invoking command in '/home/johan/sllidar_ws/build/robot_navigation2': CMAKE_PREFIX_PATH=/opt/ros/foxy /usr/bin/cmake --install /home/johan/sllidar_ws/build/robot_navigation2
[2.443s] Level 1:colcon.colcon_core.environment:create_environment_scripts_only(robot_cartographer)
[2.446s] DEBUG:colcon.colcon_core.event_handler.log_command:Invoking command in '/home/johan/sllidar_ws/build/sam_bot_description': CMAKE_PREFIX_PATH=/opt/ros/foxy /usr/bin/cmake --install /home/johan/sllidar_ws/build/sam_bot_description
[2.449s] DEBUG:colcon.colcon_core.event_handler.log_command:Invoked command in '/home/johan/sllidar_ws/build/robot_cartographer' returned '0': CMAKE_PREFIX_PATH=/opt/ros/foxy /usr/bin/cmake --install /home/johan/sllidar_ws/build/robot_cartographer
[2.483s] Level 1:colcon.colcon_core.environment:checking '/home/johan/sllidar_ws/install/robot_cartographer' for CMake module files
[2.484s] Level 1:colcon.colcon_core.environment:checking '/home/johan/sllidar_ws/install/robot_cartographer' for CMake config files
[2.484s] Level 1:colcon.colcon_core.shell:create_environment_hook('robot_cartographer', 'cmake_prefix_path')
[2.504s] INFO:colcon.colcon_core.shell:Creating environment hook '/home/johan/sllidar_ws/install/robot_cartographer/share/robot_cartographer/hook/cmake_prefix_path.ps1'
[2.504s] INFO:colcon.colcon_core.shell:Creating environment descriptor '/home/johan/sllidar_ws/install/robot_cartographer/share/robot_cartographer/hook/cmake_prefix_path.dsv'
[2.504s] INFO:colcon.colcon_core.shell:Creating environment hook '/home/johan/sllidar_ws/install/robot_cartographer/share/robot_cartographer/hook/cmake_prefix_path.sh'
[2.505s] Level 1:colcon.colcon_core.environment:checking '/home/johan/sllidar_ws/install/robot_cartographer/bin'
[2.505s] Level 1:colcon.colcon_core.environment:checking '/home/johan/sllidar_ws/install/robot_cartographer/lib/pkgconfig/robot_cartographer.pc'
[2.505s] Level 1:colcon.colcon_core.environment:checking '/home/johan/sllidar_ws/install/robot_cartographer/lib/python3.8/site-packages'
[2.505s] Level 1:colcon.colcon_core.environment:checking '/home/johan/sllidar_ws/install/robot_cartographer/bin'
[2.525s] INFO:colcon.colcon_core.shell:Creating package script '/home/johan/sllidar_ws/install/robot_cartographer/share/robot_cartographer/package.ps1'
[2.526s] INFO:colcon.colcon_core.shell:Creating package descriptor '/home/johan/sllidar_ws/install/robot_cartographer/share/robot_cartographer/package.dsv'
[2.526s] INFO:colcon.colcon_core.shell:Creating package script '/home/johan/sllidar_ws/install/robot_cartographer/share/robot_cartographer/package.sh'
[2.526s] INFO:colcon.colcon_core.shell:Creating package script '/home/johan/sllidar_ws/install/robot_cartographer/share/robot_cartographer/package.bash'
[2.527s] INFO:colcon.colcon_core.shell:Creating package script '/home/johan/sllidar_ws/install/robot_cartographer/share/robot_cartographer/package.zsh'
[2.527s] Level 1:colcon.colcon_core.environment:create_file_with_runtime_dependencies(/home/johan/sllidar_ws/install/robot_cartographer/share/colcon-core/packages/robot_cartographer)
[2.530s] Level 1:colcon.colcon_core.environment:create_environment_scripts_only(robot_navigation2)
[2.530s] DEBUG:colcon.colcon_core.event_handler.log_command:Invoked command in '/home/johan/sllidar_ws/build/robot_navigation2' returned '0': CMAKE_PREFIX_PATH=/opt/ros/foxy /usr/bin/cmake --install /home/johan/sllidar_ws/build/robot_navigation2
[2.552s] Level 1:colcon.colcon_core.environment:checking '/home/johan/sllidar_ws/install/robot_navigation2' for CMake module files
[2.552s] Level 1:colcon.colcon_core.environment:checking '/home/johan/sllidar_ws/install/robot_navigation2' for CMake config files
[2.552s] Level 1:colcon.colcon_core.shell:create_environment_hook('robot_navigation2', 'cmake_prefix_path')
[2.572s] INFO:colcon.colcon_core.shell:Creating environment hook '/home/johan/sllidar_ws/install/robot_navigation2/share/robot_navigation2/hook/cmake_prefix_path.ps1'
[2.572s] INFO:colcon.colcon_core.shell:Creating environment descriptor '/home/johan/sllidar_ws/install/robot_navigation2/share/robot_navigation2/hook/cmake_prefix_path.dsv'
[2.572s] INFO:colcon.colcon_core.shell:Creating environment hook '/home/johan/sllidar_ws/install/robot_navigation2/share/robot_navigation2/hook/cmake_prefix_path.sh'
[2.573s] Level 1:colcon.colcon_core.environment:checking '/home/johan/sllidar_ws/install/robot_navigation2/bin'
[2.573s] Level 1:colcon.colcon_core.environment:checking '/home/johan/sllidar_ws/install/robot_navigation2/lib/pkgconfig/robot_navigation2.pc'
[2.573s] Level 1:colcon.colcon_core.environment:checking '/home/johan/sllidar_ws/install/robot_navigation2/lib/python3.8/site-packages'
[2.573s] Level 1:colcon.colcon_core.environment:checking '/home/johan/sllidar_ws/install/robot_navigation2/bin'
[2.594s] INFO:colcon.colcon_core.shell:Creating package script '/home/johan/sllidar_ws/install/robot_navigation2/share/robot_navigation2/package.ps1'
[2.595s] INFO:colcon.colcon_core.shell:Creating package descriptor '/home/johan/sllidar_ws/install/robot_navigation2/share/robot_navigation2/package.dsv'
[2.595s] INFO:colcon.colcon_core.shell:Creating package script '/home/johan/sllidar_ws/install/robot_navigation2/share/robot_navigation2/package.sh'
[2.595s] INFO:colcon.colcon_core.shell:Creating package script '/home/johan/sllidar_ws/install/robot_navigation2/share/robot_navigation2/package.bash'
[2.595s] INFO:colcon.colcon_core.shell:Creating package script '/home/johan/sllidar_ws/install/robot_navigation2/share/robot_navigation2/package.zsh'
[2.595s] Level 1:colcon.colcon_core.environment:create_file_with_runtime_dependencies(/home/johan/sllidar_ws/install/robot_navigation2/share/colcon-core/packages/robot_navigation2)
[2.597s] Level 1:colcon.colcon_core.environment:create_environment_scripts_only(fdilink_ahrs)
[2.598s] DEBUG:colcon.colcon_core.event_handler.log_command:Invoked command in '/home/johan/sllidar_ws/build/fdilink_ahrs' returned '0': CMAKE_PREFIX_PATH=/opt/ros/foxy /usr/bin/cmake --install /home/johan/sllidar_ws/build/fdilink_ahrs
[2.620s] Level 1:colcon.colcon_core.environment:checking '/home/johan/sllidar_ws/install/fdilink_ahrs' for CMake module files
[2.621s] Level 1:colcon.colcon_core.environment:checking '/home/johan/sllidar_ws/install/fdilink_ahrs' for CMake config files
[2.621s] Level 1:colcon.colcon_core.shell:create_environment_hook('fdilink_ahrs', 'cmake_prefix_path')
[2.641s] INFO:colcon.colcon_core.shell:Creating environment hook '/home/johan/sllidar_ws/install/fdilink_ahrs/share/fdilink_ahrs/hook/cmake_prefix_path.ps1'
[2.641s] INFO:colcon.colcon_core.shell:Creating environment descriptor '/home/johan/sllidar_ws/install/fdilink_ahrs/share/fdilink_ahrs/hook/cmake_prefix_path.dsv'
[2.642s] INFO:colcon.colcon_core.shell:Creating environment hook '/home/johan/sllidar_ws/install/fdilink_ahrs/share/fdilink_ahrs/hook/cmake_prefix_path.sh'
[2.642s] Level 1:colcon.colcon_core.environment:checking '/home/johan/sllidar_ws/install/fdilink_ahrs/lib'
[2.642s] Level 1:colcon.colcon_core.environment:checking '/home/johan/sllidar_ws/install/fdilink_ahrs/bin'
[2.642s] Level 1:colcon.colcon_core.environment:checking '/home/johan/sllidar_ws/install/fdilink_ahrs/lib/pkgconfig/fdilink_ahrs.pc'
[2.642s] Level 1:colcon.colcon_core.environment:checking '/home/johan/sllidar_ws/install/fdilink_ahrs/lib/python3.8/site-packages'
[2.642s] Level 1:colcon.colcon_core.environment:checking '/home/johan/sllidar_ws/install/fdilink_ahrs/bin'
[2.663s] INFO:colcon.colcon_core.shell:Creating package script '/home/johan/sllidar_ws/install/fdilink_ahrs/share/fdilink_ahrs/package.ps1'
[2.664s] INFO:colcon.colcon_core.shell:Creating package descriptor '/home/johan/sllidar_ws/install/fdilink_ahrs/share/fdilink_ahrs/package.dsv'
[2.664s] INFO:colcon.colcon_core.shell:Creating package script '/home/johan/sllidar_ws/install/fdilink_ahrs/share/fdilink_ahrs/package.sh'
[2.664s] INFO:colcon.colcon_core.shell:Creating package script '/home/johan/sllidar_ws/install/fdilink_ahrs/share/fdilink_ahrs/package.bash'
[2.664s] INFO:colcon.colcon_core.shell:Creating package script '/home/johan/sllidar_ws/install/fdilink_ahrs/share/fdilink_ahrs/package.zsh'
[2.665s] Level 1:colcon.colcon_core.environment:create_file_with_runtime_dependencies(/home/johan/sllidar_ws/install/fdilink_ahrs/share/colcon-core/packages/fdilink_ahrs)
[2.671s] DEBUG:colcon.colcon_core.event_handler.log_command:Invoking command in '/home/johan/sllidar_ws/src/robot_template': PYTHONPATH=/home/johan/sllidar_ws/build/robot_template/prefix_override:/home/johan/sllidar_ws/install/robot_template/lib/python3.8/site-packages:${PYTHONPATH} /usr/bin/python3 setup.py egg_info --egg-base ../../build/robot_template build --build-base /home/johan/sllidar_ws/build/robot_template/build install --record /home/johan/sllidar_ws/build/robot_template/install.log --install-scripts $base/lib/robot_template --single-version-externally-managed
[2.702s] Level 1:colcon.colcon_core.environment:create_environment_scripts_only(robot_cartographer)
[2.726s] Level 1:colcon.colcon_core.environment:checking '/home/johan/sllidar_ws/install/robot_cartographer' for CMake module files
[2.726s] Level 1:colcon.colcon_core.environment:checking '/home/johan/sllidar_ws/install/robot_cartographer' for CMake config files
[2.727s] Level 1:colcon.colcon_core.shell:create_environment_hook('robot_cartographer', 'cmake_prefix_path')
[2.747s] INFO:colcon.colcon_core.shell:Creating environment hook '/home/johan/sllidar_ws/install/robot_cartographer/share/robot_cartographer/hook/cmake_prefix_path.ps1'
[2.748s] INFO:colcon.colcon_core.shell:Creating environment descriptor '/home/johan/sllidar_ws/install/robot_cartographer/share/robot_cartographer/hook/cmake_prefix_path.dsv'
[2.748s] INFO:colcon.colcon_core.shell:Creating environment hook '/home/johan/sllidar_ws/install/robot_cartographer/share/robot_cartographer/hook/cmake_prefix_path.sh'
[2.748s] Level 1:colcon.colcon_core.environment:checking '/home/johan/sllidar_ws/install/robot_cartographer/bin'
[2.748s] Level 1:colcon.colcon_core.environment:checking '/home/johan/sllidar_ws/install/robot_cartographer/lib/pkgconfig/robot_cartographer.pc'
[2.748s] Level 1:colcon.colcon_core.environment:checking '/home/johan/sllidar_ws/install/robot_cartographer/lib/python3.8/site-packages'
[2.748s] Level 1:colcon.colcon_core.environment:checking '/home/johan/sllidar_ws/install/robot_cartographer/bin'
[2.769s] INFO:colcon.colcon_core.shell:Creating package script '/home/johan/sllidar_ws/install/robot_cartographer/share/robot_cartographer/package.ps1'
[2.769s] INFO:colcon.colcon_core.shell:Creating package descriptor '/home/johan/sllidar_ws/install/robot_cartographer/share/robot_cartographer/package.dsv'
[2.769s] INFO:colcon.colcon_core.shell:Creating package script '/home/johan/sllidar_ws/install/robot_cartographer/share/robot_cartographer/package.sh'
[2.770s] INFO:colcon.colcon_core.shell:Creating package script '/home/johan/sllidar_ws/install/robot_cartographer/share/robot_cartographer/package.bash'
[2.770s] INFO:colcon.colcon_core.shell:Creating package script '/home/johan/sllidar_ws/install/robot_cartographer/share/robot_cartographer/package.zsh'
[2.770s] Level 1:colcon.colcon_core.environment:create_file_with_runtime_dependencies(/home/johan/sllidar_ws/install/robot_cartographer/share/colcon-core/packages/robot_cartographer)
[2.791s] Level 1:colcon.colcon_core.environment:create_environment_scripts_only(robot_navigation2)
[2.812s] Level 1:colcon.colcon_core.environment:checking '/home/johan/sllidar_ws/install/robot_navigation2' for CMake module files
[2.813s] Level 1:colcon.colcon_core.environment:checking '/home/johan/sllidar_ws/install/robot_navigation2' for CMake config files
[2.813s] Level 1:colcon.colcon_core.shell:create_environment_hook('robot_navigation2', 'cmake_prefix_path')
[2.833s] INFO:colcon.colcon_core.shell:Creating environment hook '/home/johan/sllidar_ws/install/robot_navigation2/share/robot_navigation2/hook/cmake_prefix_path.ps1'
[2.833s] INFO:colcon.colcon_core.shell:Creating environment descriptor '/home/johan/sllidar_ws/install/robot_navigation2/share/robot_navigation2/hook/cmake_prefix_path.dsv'
[2.833s] INFO:colcon.colcon_core.shell:Creating environment hook '/home/johan/sllidar_ws/install/robot_navigation2/share/robot_navigation2/hook/cmake_prefix_path.sh'
[2.834s] Level 1:colcon.colcon_core.environment:checking '/home/johan/sllidar_ws/install/robot_navigation2/bin'
[2.834s] Level 1:colcon.colcon_core.environment:checking '/home/johan/sllidar_ws/install/robot_navigation2/lib/pkgconfig/robot_navigation2.pc'
[2.834s] Level 1:colcon.colcon_core.environment:checking '/home/johan/sllidar_ws/install/robot_navigation2/lib/python3.8/site-packages'
[2.834s] Level 1:colcon.colcon_core.environment:checking '/home/johan/sllidar_ws/install/robot_navigation2/bin'
[2.854s] INFO:colcon.colcon_core.shell:Creating package script '/home/johan/sllidar_ws/install/robot_navigation2/share/robot_navigation2/package.ps1'
[2.855s] INFO:colcon.colcon_core.shell:Creating package descriptor '/home/johan/sllidar_ws/install/robot_navigation2/share/robot_navigation2/package.dsv'
[2.855s] INFO:colcon.colcon_core.shell:Creating package script '/home/johan/sllidar_ws/install/robot_navigation2/share/robot_navigation2/package.sh'
[2.855s] INFO:colcon.colcon_core.shell:Creating package script '/home/johan/sllidar_ws/install/robot_navigation2/share/robot_navigation2/package.bash'
[2.856s] INFO:colcon.colcon_core.shell:Creating package script '/home/johan/sllidar_ws/install/robot_navigation2/share/robot_navigation2/package.zsh'
[2.856s] Level 1:colcon.colcon_core.environment:create_file_with_runtime_dependencies(/home/johan/sllidar_ws/install/robot_navigation2/share/colcon-core/packages/robot_navigation2)
[2.857s] Level 1:colcon.colcon_core.environment:create_environment_scripts_only(sam_bot_description)
[2.858s] DEBUG:colcon.colcon_core.event_handler.log_command:Invoked command in '/home/johan/sllidar_ws/build/sam_bot_description' returned '0': CMAKE_PREFIX_PATH=/opt/ros/foxy /usr/bin/cmake --install /home/johan/sllidar_ws/build/sam_bot_description
[2.882s] Level 1:colcon.colcon_core.environment:checking '/home/johan/sllidar_ws/install/sam_bot_description' for CMake module files
[2.883s] Level 1:colcon.colcon_core.environment:checking '/home/johan/sllidar_ws/install/sam_bot_description' for CMake config files
[2.883s] Level 1:colcon.colcon_core.shell:create_environment_hook('sam_bot_description', 'cmake_prefix_path')
[2.903s] INFO:colcon.colcon_core.shell:Creating environment hook '/home/johan/sllidar_ws/install/sam_bot_description/share/sam_bot_description/hook/cmake_prefix_path.ps1'
[2.904s] INFO:colcon.colcon_core.shell:Creating environment descriptor '/home/johan/sllidar_ws/install/sam_bot_description/share/sam_bot_description/hook/cmake_prefix_path.dsv'
[2.904s] INFO:colcon.colcon_core.shell:Creating environment hook '/home/johan/sllidar_ws/install/sam_bot_description/share/sam_bot_description/hook/cmake_prefix_path.sh'
[2.904s] Level 1:colcon.colcon_core.environment:checking '/home/johan/sllidar_ws/install/sam_bot_description/bin'
[2.904s] Level 1:colcon.colcon_core.environment:checking '/home/johan/sllidar_ws/install/sam_bot_description/lib/pkgconfig/sam_bot_description.pc'
[2.904s] Level 1:colcon.colcon_core.environment:checking '/home/johan/sllidar_ws/install/sam_bot_description/lib/python3.8/site-packages'
[2.904s] Level 1:colcon.colcon_core.environment:checking '/home/johan/sllidar_ws/install/sam_bot_description/bin'
[2.928s] INFO:colcon.colcon_core.shell:Creating package script '/home/johan/sllidar_ws/install/sam_bot_description/share/sam_bot_description/package.ps1'
[2.928s] INFO:colcon.colcon_core.shell:Creating package descriptor '/home/johan/sllidar_ws/install/sam_bot_description/share/sam_bot_description/package.dsv'
[2.928s] INFO:colcon.colcon_core.shell:Creating package script '/home/johan/sllidar_ws/install/sam_bot_description/share/sam_bot_description/package.sh'
[2.928s] INFO:colcon.colcon_core.shell:Creating package script '/home/johan/sllidar_ws/install/sam_bot_description/share/sam_bot_description/package.bash'
[2.929s] INFO:colcon.colcon_core.shell:Creating package script '/home/johan/sllidar_ws/install/sam_bot_description/share/sam_bot_description/package.zsh'
[2.929s] Level 1:colcon.colcon_core.environment:create_file_with_runtime_dependencies(/home/johan/sllidar_ws/install/sam_bot_description/share/colcon-core/packages/sam_bot_description)
[2.931s] DEBUG:colcon.colcon_core.event_handler.log_command:Invoked command in '/home/johan/sllidar_ws/build/sllidar_ros2' returned '0': CMAKE_PREFIX_PATH=/opt/ros/foxy /usr/bin/cmake --build /home/johan/sllidar_ws/build/sllidar_ros2 -- -j16 -l16
[2.960s] Level 1:colcon.colcon_core.environment:create_environment_scripts_only(fdilink_ahrs)
[2.980s] Level 1:colcon.colcon_core.environment:checking '/home/johan/sllidar_ws/install/fdilink_ahrs' for CMake module files
[2.981s] Level 1:colcon.colcon_core.environment:checking '/home/johan/sllidar_ws/install/fdilink_ahrs' for CMake config files
[2.981s] Level 1:colcon.colcon_core.shell:create_environment_hook('fdilink_ahrs', 'cmake_prefix_path')
[3.003s] INFO:colcon.colcon_core.shell:Creating environment hook '/home/johan/sllidar_ws/install/fdilink_ahrs/share/fdilink_ahrs/hook/cmake_prefix_path.ps1'
[3.004s] INFO:colcon.colcon_core.shell:Creating environment descriptor '/home/johan/sllidar_ws/install/fdilink_ahrs/share/fdilink_ahrs/hook/cmake_prefix_path.dsv'
[3.004s] INFO:colcon.colcon_core.shell:Creating environment hook '/home/johan/sllidar_ws/install/fdilink_ahrs/share/fdilink_ahrs/hook/cmake_prefix_path.sh'
[3.004s] Level 1:colcon.colcon_core.environment:checking '/home/johan/sllidar_ws/install/fdilink_ahrs/lib'
[3.004s] Level 1:colcon.colcon_core.environment:checking '/home/johan/sllidar_ws/install/fdilink_ahrs/bin'
[3.004s] Level 1:colcon.colcon_core.environment:checking '/home/johan/sllidar_ws/install/fdilink_ahrs/lib/pkgconfig/fdilink_ahrs.pc'
[3.004s] Level 1:colcon.colcon_core.environment:checking '/home/johan/sllidar_ws/install/fdilink_ahrs/lib/python3.8/site-packages'
[3.004s] Level 1:colcon.colcon_core.environment:checking '/home/johan/sllidar_ws/install/fdilink_ahrs/bin'
[3.024s] INFO:colcon.colcon_core.shell:Creating package script '/home/johan/sllidar_ws/install/fdilink_ahrs/share/fdilink_ahrs/package.ps1'
[3.025s] INFO:colcon.colcon_core.shell:Creating package descriptor '/home/johan/sllidar_ws/install/fdilink_ahrs/share/fdilink_ahrs/package.dsv'
[3.025s] INFO:colcon.colcon_core.shell:Creating package script '/home/johan/sllidar_ws/install/fdilink_ahrs/share/fdilink_ahrs/package.sh'
[3.025s] INFO:colcon.colcon_core.shell:Creating package script '/home/johan/sllidar_ws/install/fdilink_ahrs/share/fdilink_ahrs/package.bash'
[3.025s] INFO:colcon.colcon_core.shell:Creating package script '/home/johan/sllidar_ws/install/fdilink_ahrs/share/fdilink_ahrs/package.zsh'
[3.025s] Level 1:colcon.colcon_core.environment:create_file_with_runtime_dependencies(/home/johan/sllidar_ws/install/fdilink_ahrs/share/colcon-core/packages/fdilink_ahrs)
[3.027s] DEBUG:colcon.colcon_core.event_handler.log_command:Invoked command in '/home/johan/sllidar_ws/src/robot_template' returned '0': PYTHONPATH=/home/johan/sllidar_ws/build/robot_template/prefix_override:/home/johan/sllidar_ws/install/robot_template/lib/python3.8/site-packages:${PYTHONPATH} /usr/bin/python3 setup.py egg_info --egg-base ../../build/robot_template build --build-base /home/johan/sllidar_ws/build/robot_template/build install --record /home/johan/sllidar_ws/build/robot_template/install.log --install-scripts $base/lib/robot_template --single-version-externally-managed
[3.046s] Level 1:colcon.colcon_core.environment:checking '/home/johan/sllidar_ws/install/robot_template' for CMake module files
[3.047s] Level 1:colcon.colcon_core.environment:checking '/home/johan/sllidar_ws/install/robot_template' for CMake config files
[3.047s] Level 1:colcon.colcon_core.environment:checking '/home/johan/sllidar_ws/install/robot_template/lib'
[3.047s] Level 1:colcon.colcon_core.environment:checking '/home/johan/sllidar_ws/install/robot_template/bin'
[3.047s] Level 1:colcon.colcon_core.environment:checking '/home/johan/sllidar_ws/install/robot_template/lib/pkgconfig/robot_template.pc'
[3.047s] Level 1:colcon.colcon_core.environment:checking '/home/johan/sllidar_ws/install/robot_template/lib/python3.8/site-packages'
[3.047s] Level 1:colcon.colcon_core.shell:create_environment_hook('robot_template', 'pythonpath')
[3.067s] INFO:colcon.colcon_core.shell:Creating environment hook '/home/johan/sllidar_ws/install/robot_template/share/robot_template/hook/pythonpath.ps1'
[3.067s] INFO:colcon.colcon_core.shell:Creating environment descriptor '/home/johan/sllidar_ws/install/robot_template/share/robot_template/hook/pythonpath.dsv'
[3.068s] INFO:colcon.colcon_core.shell:Creating environment hook '/home/johan/sllidar_ws/install/robot_template/share/robot_template/hook/pythonpath.sh'
[3.068s] Level 1:colcon.colcon_core.environment:checking '/home/johan/sllidar_ws/install/robot_template/bin'
[3.068s] Level 1:colcon.colcon_core.environment:create_environment_scripts_only(robot_template)
[3.096s] INFO:colcon.colcon_core.shell:Creating package script '/home/johan/sllidar_ws/install/robot_template/share/robot_template/package.ps1'
[3.096s] INFO:colcon.colcon_core.shell:Creating package descriptor '/home/johan/sllidar_ws/install/robot_template/share/robot_template/package.dsv'
[3.096s] INFO:colcon.colcon_core.shell:Creating package script '/home/johan/sllidar_ws/install/robot_template/share/robot_template/package.sh'
[3.096s] INFO:colcon.colcon_core.shell:Creating package script '/home/johan/sllidar_ws/install/robot_template/share/robot_template/package.bash'
[3.097s] INFO:colcon.colcon_core.shell:Creating package script '/home/johan/sllidar_ws/install/robot_template/share/robot_template/package.zsh'
[3.097s] Level 1:colcon.colcon_core.environment:create_file_with_runtime_dependencies(/home/johan/sllidar_ws/install/robot_template/share/colcon-core/packages/robot_template)
[3.118s] Level 1:colcon.colcon_core.environment:create_environment_scripts_only(sam_bot_description)
[3.138s] Level 1:colcon.colcon_core.environment:checking '/home/johan/sllidar_ws/install/sam_bot_description' for CMake module files
[3.138s] Level 1:colcon.colcon_core.environment:checking '/home/johan/sllidar_ws/install/sam_bot_description' for CMake config files
[3.138s] Level 1:colcon.colcon_core.shell:create_environment_hook('sam_bot_description', 'cmake_prefix_path')
[3.158s] INFO:colcon.colcon_core.shell:Creating environment hook '/home/johan/sllidar_ws/install/sam_bot_description/share/sam_bot_description/hook/cmake_prefix_path.ps1'
[3.158s] INFO:colcon.colcon_core.shell:Creating environment descriptor '/home/johan/sllidar_ws/install/sam_bot_description/share/sam_bot_description/hook/cmake_prefix_path.dsv'
[3.158s] INFO:colcon.colcon_core.shell:Creating environment hook '/home/johan/sllidar_ws/install/sam_bot_description/share/sam_bot_description/hook/cmake_prefix_path.sh'
[3.159s] Level 1:colcon.colcon_core.environment:checking '/home/johan/sllidar_ws/install/sam_bot_description/bin'
[3.159s] Level 1:colcon.colcon_core.environment:checking '/home/johan/sllidar_ws/install/sam_bot_description/lib/pkgconfig/sam_bot_description.pc'
[3.159s] Level 1:colcon.colcon_core.environment:checking '/home/johan/sllidar_ws/install/sam_bot_description/lib/python3.8/site-packages'
[3.159s] Level 1:colcon.colcon_core.environment:checking '/home/johan/sllidar_ws/install/sam_bot_description/bin'
[3.179s] INFO:colcon.colcon_core.shell:Creating package script '/home/johan/sllidar_ws/install/sam_bot_description/share/sam_bot_description/package.ps1'
[3.179s] INFO:colcon.colcon_core.shell:Creating package descriptor '/home/johan/sllidar_ws/install/sam_bot_description/share/sam_bot_description/package.dsv'
[3.180s] INFO:colcon.colcon_core.shell:Creating package script '/home/johan/sllidar_ws/install/sam_bot_description/share/sam_bot_description/package.sh'
[3.180s] INFO:colcon.colcon_core.shell:Creating package script '/home/johan/sllidar_ws/install/sam_bot_description/share/sam_bot_description/package.bash'
[3.180s] INFO:colcon.colcon_core.shell:Creating package script '/home/johan/sllidar_ws/install/sam_bot_description/share/sam_bot_description/package.zsh'
[3.180s] Level 1:colcon.colcon_core.environment:create_file_with_runtime_dependencies(/home/johan/sllidar_ws/install/sam_bot_description/share/colcon-core/packages/sam_bot_description)
[3.184s] DEBUG:colcon.colcon_core.event_handler.log_command:Invoking command in '/home/johan/sllidar_ws/build/sllidar_ros2': CMAKE_PREFIX_PATH=/opt/ros/foxy /usr/bin/cmake --install /home/johan/sllidar_ws/build/sllidar_ros2
[3.191s] Level 1:colcon.colcon_core.environment:create_environment_scripts_only(sllidar_ros2)
[3.192s] DEBUG:colcon.colcon_core.event_handler.log_command:Invoked command in '/home/johan/sllidar_ws/build/sllidar_ros2' returned '0': CMAKE_PREFIX_PATH=/opt/ros/foxy /usr/bin/cmake --install /home/johan/sllidar_ws/build/sllidar_ros2
[3.221s] Level 1:colcon.colcon_core.environment:checking '/home/johan/sllidar_ws/install/sllidar_ros2' for CMake module files
[3.221s] Level 1:colcon.colcon_core.environment:checking '/home/johan/sllidar_ws/install/sllidar_ros2' for CMake config files
[3.221s] Level 1:colcon.colcon_core.shell:create_environment_hook('sllidar_ros2', 'cmake_prefix_path')
[3.241s] INFO:colcon.colcon_core.shell:Creating environment hook '/home/johan/sllidar_ws/install/sllidar_ros2/share/sllidar_ros2/hook/cmake_prefix_path.ps1'
[3.241s] INFO:colcon.colcon_core.shell:Creating environment descriptor '/home/johan/sllidar_ws/install/sllidar_ros2/share/sllidar_ros2/hook/cmake_prefix_path.dsv'
[3.241s] INFO:colcon.colcon_core.shell:Creating environment hook '/home/johan/sllidar_ws/install/sllidar_ros2/share/sllidar_ros2/hook/cmake_prefix_path.sh'
[3.242s] Level 1:colcon.colcon_core.environment:checking '/home/johan/sllidar_ws/install/sllidar_ros2/lib'
[3.242s] Level 1:colcon.colcon_core.environment:checking '/home/johan/sllidar_ws/install/sllidar_ros2/bin'
[3.242s] Level 1:colcon.colcon_core.environment:checking '/home/johan/sllidar_ws/install/sllidar_ros2/lib/pkgconfig/sllidar_ros2.pc'
[3.242s] Level 1:colcon.colcon_core.environment:checking '/home/johan/sllidar_ws/install/sllidar_ros2/lib/python3.8/site-packages'
[3.242s] Level 1:colcon.colcon_core.environment:checking '/home/johan/sllidar_ws/install/sllidar_ros2/bin'
[3.262s] INFO:colcon.colcon_core.shell:Creating package script '/home/johan/sllidar_ws/install/sllidar_ros2/share/sllidar_ros2/package.ps1'
[3.262s] INFO:colcon.colcon_core.shell:Creating package descriptor '/home/johan/sllidar_ws/install/sllidar_ros2/share/sllidar_ros2/package.dsv'
[3.262s] INFO:colcon.colcon_core.shell:Creating package script '/home/johan/sllidar_ws/install/sllidar_ros2/share/sllidar_ros2/package.sh'
[3.262s] INFO:colcon.colcon_core.shell:Creating package script '/home/johan/sllidar_ws/install/sllidar_ros2/share/sllidar_ros2/package.bash'
[3.262s] INFO:colcon.colcon_core.shell:Creating package script '/home/johan/sllidar_ws/install/sllidar_ros2/share/sllidar_ros2/package.zsh'
[3.263s] Level 1:colcon.colcon_core.environment:create_file_with_runtime_dependencies(/home/johan/sllidar_ws/install/sllidar_ros2/share/colcon-core/packages/sllidar_ros2)
[3.322s] Level 1:colcon.colcon_core.environment:create_environment_scripts_only(sllidar_ros2)
[3.342s] Level 1:colcon.colcon_core.environment:checking '/home/johan/sllidar_ws/install/sllidar_ros2' for CMake module files
[3.343s] Level 1:colcon.colcon_core.environment:checking '/home/johan/sllidar_ws/install/sllidar_ros2' for CMake config files
[3.343s] Level 1:colcon.colcon_core.shell:create_environment_hook('sllidar_ros2', 'cmake_prefix_path')
[3.363s] INFO:colcon.colcon_core.shell:Creating environment hook '/home/johan/sllidar_ws/install/sllidar_ros2/share/sllidar_ros2/hook/cmake_prefix_path.ps1'
[3.363s] INFO:colcon.colcon_core.shell:Creating environment descriptor '/home/johan/sllidar_ws/install/sllidar_ros2/share/sllidar_ros2/hook/cmake_prefix_path.dsv'
[3.363s] INFO:colcon.colcon_core.shell:Creating environment hook '/home/johan/sllidar_ws/install/sllidar_ros2/share/sllidar_ros2/hook/cmake_prefix_path.sh'
[3.363s] Level 1:colcon.colcon_core.environment:checking '/home/johan/sllidar_ws/install/sllidar_ros2/lib'
[3.363s] Level 1:colcon.colcon_core.environment:checking '/home/johan/sllidar_ws/install/sllidar_ros2/bin'
[3.364s] Level 1:colcon.colcon_core.environment:checking '/home/johan/sllidar_ws/install/sllidar_ros2/lib/pkgconfig/sllidar_ros2.pc'
[3.364s] Level 1:colcon.colcon_core.environment:checking '/home/johan/sllidar_ws/install/sllidar_ros2/lib/python3.8/site-packages'
[3.364s] Level 1:colcon.colcon_core.environment:checking '/home/johan/sllidar_ws/install/sllidar_ros2/bin'
[3.384s] INFO:colcon.colcon_core.shell:Creating package script '/home/johan/sllidar_ws/install/sllidar_ros2/share/sllidar_ros2/package.ps1'
[3.384s] INFO:colcon.colcon_core.shell:Creating package descriptor '/home/johan/sllidar_ws/install/sllidar_ros2/share/sllidar_ros2/package.dsv'
[3.384s] INFO:colcon.colcon_core.shell:Creating package script '/home/johan/sllidar_ws/install/sllidar_ros2/share/sllidar_ros2/package.sh'
[3.385s] INFO:colcon.colcon_core.shell:Creating package script '/home/johan/sllidar_ws/install/sllidar_ros2/share/sllidar_ros2/package.bash'
[3.385s] INFO:colcon.colcon_core.shell:Creating package script '/home/johan/sllidar_ws/install/sllidar_ros2/share/sllidar_ros2/package.zsh'
[3.385s] Level 1:colcon.colcon_core.environment:create_file_with_runtime_dependencies(/home/johan/sllidar_ws/install/sllidar_ros2/share/colcon-core/packages/sllidar_ros2)
[6.416s] DEBUG:colcon.colcon_core.event_handler.log_command:Invoked command in '/home/johan/sllidar_ws/build/robot_bringup' returned '0': CMAKE_PREFIX_PATH=/opt/ros/foxy /usr/bin/cmake --build /home/johan/sllidar_ws/build/robot_bringup -- -j16 -l16
[6.434s] DEBUG:colcon.colcon_core.event_handler.log_command:Invoking command in '/home/johan/sllidar_ws/build/robot_bringup': CMAKE_PREFIX_PATH=/opt/ros/foxy /usr/bin/cmake --install /home/johan/sllidar_ws/build/robot_bringup
[6.442s] Level 1:colcon.colcon_core.environment:create_environment_scripts_only(robot_bringup)
[6.442s] DEBUG:colcon.colcon_core.event_handler.log_command:Invoked command in '/home/johan/sllidar_ws/build/robot_bringup' returned '0': CMAKE_PREFIX_PATH=/opt/ros/foxy /usr/bin/cmake --install /home/johan/sllidar_ws/build/robot_bringup
[6.464s] Level 1:colcon.colcon_core.environment:checking '/home/johan/sllidar_ws/install/robot_bringup' for CMake module files
[6.464s] Level 1:colcon.colcon_core.environment:checking '/home/johan/sllidar_ws/install/robot_bringup' for CMake config files
[6.464s] Level 1:colcon.colcon_core.shell:create_environment_hook('robot_bringup', 'cmake_prefix_path')
[6.484s] INFO:colcon.colcon_core.shell:Creating environment hook '/home/johan/sllidar_ws/install/robot_bringup/share/robot_bringup/hook/cmake_prefix_path.ps1'
[6.485s] INFO:colcon.colcon_core.shell:Creating environment descriptor '/home/johan/sllidar_ws/install/robot_bringup/share/robot_bringup/hook/cmake_prefix_path.dsv'
[6.485s] INFO:colcon.colcon_core.shell:Creating environment hook '/home/johan/sllidar_ws/install/robot_bringup/share/robot_bringup/hook/cmake_prefix_path.sh'
[6.485s] Level 1:colcon.colcon_core.environment:checking '/home/johan/sllidar_ws/install/robot_bringup/lib'
[6.485s] Level 1:colcon.colcon_core.environment:checking '/home/johan/sllidar_ws/install/robot_bringup/bin'
[6.485s] Level 1:colcon.colcon_core.environment:checking '/home/johan/sllidar_ws/install/robot_bringup/lib/pkgconfig/robot_bringup.pc'
[6.485s] Level 1:colcon.colcon_core.environment:checking '/home/johan/sllidar_ws/install/robot_bringup/lib/python3.8/site-packages'
[6.486s] Level 1:colcon.colcon_core.environment:checking '/home/johan/sllidar_ws/install/robot_bringup/bin'
[6.506s] INFO:colcon.colcon_core.shell:Creating package script '/home/johan/sllidar_ws/install/robot_bringup/share/robot_bringup/package.ps1'
[6.506s] INFO:colcon.colcon_core.shell:Creating package descriptor '/home/johan/sllidar_ws/install/robot_bringup/share/robot_bringup/package.dsv'
[6.507s] INFO:colcon.colcon_core.shell:Creating package script '/home/johan/sllidar_ws/install/robot_bringup/share/robot_bringup/package.sh'
[6.507s] INFO:colcon.colcon_core.shell:Creating package script '/home/johan/sllidar_ws/install/robot_bringup/share/robot_bringup/package.bash'
[6.507s] INFO:colcon.colcon_core.shell:Creating package script '/home/johan/sllidar_ws/install/robot_bringup/share/robot_bringup/package.zsh'
[6.507s] Level 1:colcon.colcon_core.environment:create_file_with_runtime_dependencies(/home/johan/sllidar_ws/install/robot_bringup/share/colcon-core/packages/robot_bringup)
[6.546s] Level 1:colcon.colcon_core.environment:create_environment_scripts_only(robot_bringup)
[6.565s] Level 1:colcon.colcon_core.environment:checking '/home/johan/sllidar_ws/install/robot_bringup' for CMake module files
[6.566s] Level 1:colcon.colcon_core.environment:checking '/home/johan/sllidar_ws/install/robot_bringup' for CMake config files
[6.566s] Level 1:colcon.colcon_core.shell:create_environment_hook('robot_bringup', 'cmake_prefix_path')
[6.585s] INFO:colcon.colcon_core.shell:Creating environment hook '/home/johan/sllidar_ws/install/robot_bringup/share/robot_bringup/hook/cmake_prefix_path.ps1'
[6.586s] INFO:colcon.colcon_core.shell:Creating environment descriptor '/home/johan/sllidar_ws/install/robot_bringup/share/robot_bringup/hook/cmake_prefix_path.dsv'
[6.586s] INFO:colcon.colcon_core.shell:Creating environment hook '/home/johan/sllidar_ws/install/robot_bringup/share/robot_bringup/hook/cmake_prefix_path.sh'
[6.586s] Level 1:colcon.colcon_core.environment:checking '/home/johan/sllidar_ws/install/robot_bringup/lib'
[6.586s] Level 1:colcon.colcon_core.environment:checking '/home/johan/sllidar_ws/install/robot_bringup/bin'
[6.586s] Level 1:colcon.colcon_core.environment:checking '/home/johan/sllidar_ws/install/robot_bringup/lib/pkgconfig/robot_bringup.pc'
[6.586s] Level 1:colcon.colcon_core.environment:checking '/home/johan/sllidar_ws/install/robot_bringup/lib/python3.8/site-packages'
[6.587s] Level 1:colcon.colcon_core.environment:checking '/home/johan/sllidar_ws/install/robot_bringup/bin'
[6.607s] INFO:colcon.colcon_core.shell:Creating package script '/home/johan/sllidar_ws/install/robot_bringup/share/robot_bringup/package.ps1'
[6.607s] INFO:colcon.colcon_core.shell:Creating package descriptor '/home/johan/sllidar_ws/install/robot_bringup/share/robot_bringup/package.dsv'
[6.607s] INFO:colcon.colcon_core.shell:Creating package script '/home/johan/sllidar_ws/install/robot_bringup/share/robot_bringup/package.sh'
[6.607s] INFO:colcon.colcon_core.shell:Creating package script '/home/johan/sllidar_ws/install/robot_bringup/share/robot_bringup/package.bash'
[6.608s] INFO:colcon.colcon_core.shell:Creating package script '/home/johan/sllidar_ws/install/robot_bringup/share/robot_bringup/package.zsh'
[6.608s] Level 1:colcon.colcon_core.environment:create_file_with_runtime_dependencies(/home/johan/sllidar_ws/install/robot_bringup/share/colcon-core/packages/robot_bringup)
[6.608s] DEBUG:colcon.colcon_parallel_executor.executor.parallel:closing loop
[6.608s] DEBUG:colcon.colcon_parallel_executor.executor.parallel:loop closed
[6.608s] DEBUG:colcon.colcon_parallel_executor.executor.parallel:run_until_complete finished with '0'
[6.608s] DEBUG:colcon.colcon_core.event_reactor:joining thread
[6.633s] INFO:colcon.colcon_core.plugin_system:Skipping extension 'colcon_notification.desktop_notification.terminal_notifier': Not used on non-Darwin systems
[6.633s] INFO:colcon.colcon_core.plugin_system:Skipping extension 'colcon_notification.desktop_notification.win32': Not used on non-Windows systems
[6.633s] INFO:colcon.colcon_notification.desktop_notification:Sending desktop notification using 'notify2'
[6.650s] DEBUG:colcon.colcon_core.event_reactor:joined thread
[6.671s] INFO:colcon.colcon_core.shell:Creating prefix script '/home/johan/sllidar_ws/install/local_setup.ps1'
[6.671s] INFO:colcon.colcon_core.shell:Creating prefix util module '/home/johan/sllidar_ws/install/_local_setup_util_ps1.py'
[6.672s] INFO:colcon.colcon_core.shell:Creating prefix chain script '/home/johan/sllidar_ws/install/setup.ps1'
[6.693s] INFO:colcon.colcon_core.shell:Creating prefix script '/home/johan/sllidar_ws/install/local_setup.sh'
[6.694s] INFO:colcon.colcon_core.shell:Creating prefix util module '/home/johan/sllidar_ws/install/_local_setup_util_sh.py'
[6.694s] INFO:colcon.colcon_core.shell:Creating prefix chain script '/home/johan/sllidar_ws/install/setup.sh'
[6.715s] INFO:colcon.colcon_core.shell:Creating prefix script '/home/johan/sllidar_ws/install/local_setup.bash'
[6.715s] INFO:colcon.colcon_core.shell:Creating prefix chain script '/home/johan/sllidar_ws/install/setup.bash'
[6.735s] INFO:colcon.colcon_core.shell:Creating prefix script '/home/johan/sllidar_ws/install/local_setup.zsh'
[6.736s] INFO:colcon.colcon_core.shell:Creating prefix chain script '/home/johan/sllidar_ws/install/setup.zsh'
