[0.356s] Invoking command in '/home/johan/sllidar_ws/build/fdilink_ahrs': CMAKE_PREFIX_PATH=${CMAKE_PREFIX_PATH}:/home/johan/sllidar_ws/install/robot_template:/opt/ros/foxy /usr/bin/cmake --build /home/johan/sllidar_ws/build/fdilink_ahrs -- -j16 -l16
[0.569s] [ 40%] Built target imu_tf_node
[0.569s] [100%] Built target ahrs_driver_node
[0.576s] Invoked command in '/home/johan/sllidar_ws/build/fdilink_ahrs' returned '0': CMAKE_PREFIX_PATH=${CMAKE_PREFIX_PATH}:/home/johan/sllidar_ws/install/robot_template:/opt/ros/foxy /usr/bin/cmake --build /home/johan/sllidar_ws/build/fdilink_ahrs -- -j16 -l16
[0.601s] Invoking command in '/home/johan/sllidar_ws/build/fdilink_ahrs': CMAKE_PREFIX_PATH=${CMAKE_PREFIX_PATH}:/home/johan/sllidar_ws/install/robot_template:/opt/ros/foxy /usr/bin/cmake --install /home/johan/sllidar_ws/build/fdilink_ahrs
[0.607s] -- Install configuration: ""
[0.608s] -- Up-to-date: /home/johan/sllidar_ws/install/fdilink_ahrs/lib/fdilink_ahrs/ahrs_driver_node
[0.608s] -- Up-to-date: /home/johan/sllidar_ws/install/fdilink_ahrs/lib/fdilink_ahrs/imu_tf_node
[0.608s] -- Up-to-date: /home/johan/sllidar_ws/install/fdilink_ahrs/share/fdilink_ahrs/launch
[0.608s] -- Up-to-date: /home/johan/sllidar_ws/install/fdilink_ahrs/share/fdilink_ahrs/launch/ahrs_driver.launch.py
[0.608s] -- Up-to-date: /home/johan/sllidar_ws/install/fdilink_ahrs/share/fdilink_ahrs/launch/imu_tf.launch.py
[0.608s] -- Up-to-date: /home/johan/sllidar_ws/install/fdilink_ahrs/share/ament_index/resource_index/package_run_dependencies/fdilink_ahrs
[0.608s] -- Up-to-date: /home/johan/sllidar_ws/install/fdilink_ahrs/share/ament_index/resource_index/parent_prefix_path/fdilink_ahrs
[0.609s] -- Up-to-date: /home/johan/sllidar_ws/install/fdilink_ahrs/share/fdilink_ahrs/environment/ament_prefix_path.sh
[0.609s] -- Up-to-date: /home/johan/sllidar_ws/install/fdilink_ahrs/share/fdilink_ahrs/environment/ament_prefix_path.dsv
[0.609s] -- Up-to-date: /home/johan/sllidar_ws/install/fdilink_ahrs/share/fdilink_ahrs/environment/path.sh
[0.609s] -- Up-to-date: /home/johan/sllidar_ws/install/fdilink_ahrs/share/fdilink_ahrs/environment/path.dsv
[0.610s] -- Up-to-date: /home/johan/sllidar_ws/install/fdilink_ahrs/share/fdilink_ahrs/local_setup.bash
[0.610s] -- Up-to-date: /home/johan/sllidar_ws/install/fdilink_ahrs/share/fdilink_ahrs/local_setup.sh
[0.610s] -- Up-to-date: /home/johan/sllidar_ws/install/fdilink_ahrs/share/fdilink_ahrs/local_setup.zsh
[0.610s] -- Up-to-date: /home/johan/sllidar_ws/install/fdilink_ahrs/share/fdilink_ahrs/local_setup.dsv
[0.610s] -- Installing: /home/johan/sllidar_ws/install/fdilink_ahrs/share/fdilink_ahrs/package.dsv
[0.610s] -- Up-to-date: /home/johan/sllidar_ws/install/fdilink_ahrs/share/ament_index/resource_index/packages/fdilink_ahrs
[0.610s] -- Up-to-date: /home/johan/sllidar_ws/install/fdilink_ahrs/share/fdilink_ahrs/cmake/fdilink_ahrsConfig.cmake
[0.610s] -- Up-to-date: /home/johan/sllidar_ws/install/fdilink_ahrs/share/fdilink_ahrs/cmake/fdilink_ahrsConfig-version.cmake
[0.610s] -- Up-to-date: /home/johan/sllidar_ws/install/fdilink_ahrs/share/fdilink_ahrs/package.xml
[0.611s] Invoked command in '/home/johan/sllidar_ws/build/fdilink_ahrs' returned '0': CMAKE_PREFIX_PATH=${CMAKE_PREFIX_PATH}:/home/johan/sllidar_ws/install/robot_template:/opt/ros/foxy /usr/bin/cmake --install /home/johan/sllidar_ws/build/fdilink_ahrs
