[0.332s] Invoking command in '/home/johan/sllidar_ws/build/sllidar_ros2': CMAKE_PREFIX_PATH=${CMAKE_PREFIX_PATH}:/home/johan/sllidar_ws/install/robot_template:/opt/ros/foxy /usr/bin/cmake --build /home/johan/sllidar_ws/build/sllidar_ros2 -- -j16 -l16
[0.381s] [ 90%] Built target sllidar_node
[0.386s] [100%] Built target sllidar_client
[0.629s] Invoked command in '/home/johan/sllidar_ws/build/sllidar_ros2' returned '0': CMAKE_PREFIX_PATH=${CMAKE_PREFIX_PATH}:/home/johan/sllidar_ws/install/robot_template:/opt/ros/foxy /usr/bin/cmake --build /home/johan/sllidar_ws/build/sllidar_ros2 -- -j16 -l16
[1.021s] Invoking command in '/home/johan/sllidar_ws/build/sllidar_ros2': CMAKE_PREFIX_PATH=${CMAKE_PREFIX_PATH}:/home/johan/sllidar_ws/install/robot_template:/opt/ros/foxy /usr/bin/cmake --install /home/johan/sllidar_ws/build/sllidar_ros2
[1.110s] -- Install configuration: ""
[1.110s] -- Up-to-date: /home/johan/sllidar_ws/install/sllidar_ros2/share/sllidar_ros2/launch
[1.110s] -- Installing: /home/johan/sllidar_ws/install/sllidar_ros2/share/sllidar_ros2/launch/sllidar_s2_launch.py
[1.110s] -- Up-to-date: /home/johan/sllidar_ws/install/sllidar_ros2/share/sllidar_ros2/launch/view_sllidar_s2_launch.py
[1.110s] -- Up-to-date: /home/johan/sllidar_ws/install/sllidar_ros2/share/sllidar_ros2/rviz
[1.110s] -- Up-to-date: /home/johan/sllidar_ws/install/sllidar_ros2/share/sllidar_ros2/rviz/sllidar_ros2.rviz
[1.110s] -- Up-to-date: /home/johan/sllidar_ws/install/sllidar_ros2/lib/sllidar_ros2/sllidar_node
[1.110s] -- Up-to-date: /home/johan/sllidar_ws/install/sllidar_ros2/lib/sllidar_ros2/sllidar_client
[1.110s] -- Up-to-date: /home/johan/sllidar_ws/install/sllidar_ros2/share/ament_index/resource_index/package_run_dependencies/sllidar_ros2
[1.111s] -- Up-to-date: /home/johan/sllidar_ws/install/sllidar_ros2/share/ament_index/resource_index/parent_prefix_path/sllidar_ros2
[1.111s] -- Up-to-date: /home/johan/sllidar_ws/install/sllidar_ros2/share/sllidar_ros2/environment/ament_prefix_path.sh
[1.111s] -- Up-to-date: /home/johan/sllidar_ws/install/sllidar_ros2/share/sllidar_ros2/environment/ament_prefix_path.dsv
[1.111s] -- Up-to-date: /home/johan/sllidar_ws/install/sllidar_ros2/share/sllidar_ros2/environment/path.sh
[1.111s] -- Up-to-date: /home/johan/sllidar_ws/install/sllidar_ros2/share/sllidar_ros2/environment/path.dsv
[1.111s] -- Up-to-date: /home/johan/sllidar_ws/install/sllidar_ros2/share/sllidar_ros2/local_setup.bash
[1.112s] -- Up-to-date: /home/johan/sllidar_ws/install/sllidar_ros2/share/sllidar_ros2/local_setup.sh
[1.112s] -- Up-to-date: /home/johan/sllidar_ws/install/sllidar_ros2/share/sllidar_ros2/local_setup.zsh
[1.113s] -- Up-to-date: /home/johan/sllidar_ws/install/sllidar_ros2/share/sllidar_ros2/local_setup.dsv
[1.114s] -- Installing: /home/johan/sllidar_ws/install/sllidar_ros2/share/sllidar_ros2/package.dsv
[1.114s] -- Up-to-date: /home/johan/sllidar_ws/install/sllidar_ros2/share/ament_index/resource_index/packages/sllidar_ros2
[1.114s] -- Up-to-date: /home/johan/sllidar_ws/install/sllidar_ros2/share/sllidar_ros2/cmake/ament_cmake_export_dependencies-extras.cmake
[1.115s] -- Up-to-date: /home/johan/sllidar_ws/install/sllidar_ros2/share/sllidar_ros2/cmake/ament_cmake_export_include_directories-extras.cmake
[1.115s] -- Up-to-date: /home/johan/sllidar_ws/install/sllidar_ros2/share/sllidar_ros2/cmake/sllidar_ros2Config.cmake
[1.116s] -- Up-to-date: /home/johan/sllidar_ws/install/sllidar_ros2/share/sllidar_ros2/cmake/sllidar_ros2Config-version.cmake
[1.116s] -- Up-to-date: /home/johan/sllidar_ws/install/sllidar_ros2/share/sllidar_ros2/package.xml
[1.202s] Invoked command in '/home/johan/sllidar_ws/build/sllidar_ros2' returned '0': CMAKE_PREFIX_PATH=${CMAKE_PREFIX_PATH}:/home/johan/sllidar_ws/install/robot_template:/opt/ros/foxy /usr/bin/cmake --install /home/johan/sllidar_ws/build/sllidar_ros2
