[0.289s] Invoking command in '/home/johan/sllidar_ws/build/sllidar_ros2': CMAKE_PREFIX_PATH=/opt/ros/foxy /usr/bin/cmake --build /home/johan/sllidar_ws/build/sllidar_ros2 -- -j16 -l16
[0.338s] [ 90%] Built target sllidar_node
[0.340s] [100%] Built target sllidar_client
[0.447s] Invoked command in '/home/johan/sllidar_ws/build/sllidar_ros2' returned '0': CMAKE_PREFIX_PATH=/opt/ros/foxy /usr/bin/cmake --build /home/johan/sllidar_ws/build/sllidar_ros2 -- -j16 -l16
[0.657s] Invoking command in '/home/johan/sllidar_ws/build/sllidar_ros2': CMAKE_PREFIX_PATH=/opt/ros/foxy /usr/bin/cmake --install /home/johan/sllidar_ws/build/sllidar_ros2
[0.663s] -- Install configuration: ""
[0.664s] -- Up-to-date: /home/johan/sllidar_ws/install/sllidar_ros2/share/sllidar_ros2/launch
[0.664s] -- Up-to-date: /home/johan/sllidar_ws/install/sllidar_ros2/share/sllidar_ros2/launch/sllidar_s2_launch.py
[0.664s] -- Up-to-date: /home/johan/sllidar_ws/install/sllidar_ros2/share/sllidar_ros2/launch/view_sllidar_s2_launch.py
[0.664s] -- Up-to-date: /home/johan/sllidar_ws/install/sllidar_ros2/share/sllidar_ros2/rviz
[0.664s] -- Up-to-date: /home/johan/sllidar_ws/install/sllidar_ros2/share/sllidar_ros2/rviz/sllidar_ros2.rviz
[0.664s] -- Up-to-date: /home/johan/sllidar_ws/install/sllidar_ros2/lib/sllidar_ros2/sllidar_node
[0.665s] -- Up-to-date: /home/johan/sllidar_ws/install/sllidar_ros2/lib/sllidar_ros2/sllidar_client
[0.665s] -- Up-to-date: /home/johan/sllidar_ws/install/sllidar_ros2/share/ament_index/resource_index/package_run_dependencies/sllidar_ros2
[0.665s] -- Up-to-date: /home/johan/sllidar_ws/install/sllidar_ros2/share/ament_index/resource_index/parent_prefix_path/sllidar_ros2
[0.665s] -- Up-to-date: /home/johan/sllidar_ws/install/sllidar_ros2/share/sllidar_ros2/environment/ament_prefix_path.sh
[0.665s] -- Up-to-date: /home/johan/sllidar_ws/install/sllidar_ros2/share/sllidar_ros2/environment/ament_prefix_path.dsv
[0.666s] -- Up-to-date: /home/johan/sllidar_ws/install/sllidar_ros2/share/sllidar_ros2/environment/path.sh
[0.666s] -- Up-to-date: /home/johan/sllidar_ws/install/sllidar_ros2/share/sllidar_ros2/environment/path.dsv
[0.666s] -- Up-to-date: /home/johan/sllidar_ws/install/sllidar_ros2/share/sllidar_ros2/local_setup.bash
[0.666s] -- Up-to-date: /home/johan/sllidar_ws/install/sllidar_ros2/share/sllidar_ros2/local_setup.sh
[0.666s] -- Up-to-date: /home/johan/sllidar_ws/install/sllidar_ros2/share/sllidar_ros2/local_setup.zsh
[0.666s] -- Up-to-date: /home/johan/sllidar_ws/install/sllidar_ros2/share/sllidar_ros2/local_setup.dsv
[0.666s] -- Installing: /home/johan/sllidar_ws/install/sllidar_ros2/share/sllidar_ros2/package.dsv
[0.666s] -- Up-to-date: /home/johan/sllidar_ws/install/sllidar_ros2/share/ament_index/resource_index/packages/sllidar_ros2
[0.666s] -- Up-to-date: /home/johan/sllidar_ws/install/sllidar_ros2/share/sllidar_ros2/cmake/ament_cmake_export_dependencies-extras.cmake
[0.666s] -- Up-to-date: /home/johan/sllidar_ws/install/sllidar_ros2/share/sllidar_ros2/cmake/ament_cmake_export_include_directories-extras.cmake
[0.666s] -- Up-to-date: /home/johan/sllidar_ws/install/sllidar_ros2/share/sllidar_ros2/cmake/sllidar_ros2Config.cmake
[0.666s] -- Up-to-date: /home/johan/sllidar_ws/install/sllidar_ros2/share/sllidar_ros2/cmake/sllidar_ros2Config-version.cmake
[0.667s] -- Up-to-date: /home/johan/sllidar_ws/install/sllidar_ros2/share/sllidar_ros2/package.xml
[0.667s] Invoked command in '/home/johan/sllidar_ws/build/sllidar_ros2' returned '0': CMAKE_PREFIX_PATH=/opt/ros/foxy /usr/bin/cmake --install /home/johan/sllidar_ws/build/sllidar_ros2
