[0.295s] Invoking command in '/home/johan/sllidar_ws/build/robot_navigation2': CMAKE_PREFIX_PATH=/opt/ros/foxy /usr/bin/cmake --build /home/johan/sllidar_ws/build/robot_navigation2 -- -j16 -l16
[0.519s] Invoked command in '/home/johan/sllidar_ws/build/robot_navigation2' returned '0': CMAKE_PREFIX_PATH=/opt/ros/foxy /usr/bin/cmake --build /home/johan/sllidar_ws/build/robot_navigation2 -- -j16 -l16
[0.554s] Invoking command in '/home/johan/sllidar_ws/build/robot_navigation2': CMAKE_PREFIX_PATH=/opt/ros/foxy /usr/bin/cmake --install /home/johan/sllidar_ws/build/robot_navigation2
[0.566s] -- Install configuration: ""
[0.566s] -- Up-to-date: /home/johan/sllidar_ws/install/robot_navigation2/share/ament_index/resource_index/package_run_dependencies/robot_navigation2
[0.566s] -- Up-to-date: /home/johan/sllidar_ws/install/robot_navigation2/share/ament_index/resource_index/parent_prefix_path/robot_navigation2
[0.567s] -- Up-to-date: /home/johan/sllidar_ws/install/robot_navigation2/share/robot_navigation2/environment/ament_prefix_path.sh
[0.567s] -- Up-to-date: /home/johan/sllidar_ws/install/robot_navigation2/share/robot_navigation2/environment/ament_prefix_path.dsv
[0.567s] -- Up-to-date: /home/johan/sllidar_ws/install/robot_navigation2/share/robot_navigation2/environment/path.sh
[0.567s] -- Up-to-date: /home/johan/sllidar_ws/install/robot_navigation2/share/robot_navigation2/environment/path.dsv
[0.567s] -- Up-to-date: /home/johan/sllidar_ws/install/robot_navigation2/share/robot_navigation2/local_setup.bash
[0.567s] -- Up-to-date: /home/johan/sllidar_ws/install/robot_navigation2/share/robot_navigation2/local_setup.sh
[0.567s] -- Up-to-date: /home/johan/sllidar_ws/install/robot_navigation2/share/robot_navigation2/local_setup.zsh
[0.567s] -- Up-to-date: /home/johan/sllidar_ws/install/robot_navigation2/share/robot_navigation2/local_setup.dsv
[0.567s] -- Installing: /home/johan/sllidar_ws/install/robot_navigation2/share/robot_navigation2/package.dsv
[0.567s] -- Up-to-date: /home/johan/sllidar_ws/install/robot_navigation2/share/ament_index/resource_index/packages/robot_navigation2
[0.567s] -- Up-to-date: /home/johan/sllidar_ws/install/robot_navigation2/share/robot_navigation2/cmake/robot_navigation2Config.cmake
[0.568s] -- Up-to-date: /home/johan/sllidar_ws/install/robot_navigation2/share/robot_navigation2/cmake/robot_navigation2Config-version.cmake
[0.568s] -- Up-to-date: /home/johan/sllidar_ws/install/robot_navigation2/share/robot_navigation2/package.xml
[0.649s] Invoked command in '/home/johan/sllidar_ws/build/robot_navigation2' returned '0': CMAKE_PREFIX_PATH=/opt/ros/foxy /usr/bin/cmake --install /home/johan/sllidar_ws/build/robot_navigation2
