[0.545s] Invoking command in '/home/johan/sllidar_ws/build/robot_bringup': CMAKE_PREFIX_PATH=${CMAKE_PREFIX_PATH}:/home/johan/sllidar_ws/install/robot_template:/opt/ros/foxy /usr/bin/cmake --build /home/johan/sllidar_ws/build/robot_bringup -- -j16 -l16
[0.787s] [35m[1mScanning dependencies of target robot_bringup[0m
[0.788s] [ 50%] [32mBuilding CXX object CMakeFiles/robot_bringup.dir/src/robot_bringup.cpp.o[0m
[3.816s] [100%] [32m[1mLinking CXX executable robot_bringup[0m
[3.987s] [100%] Built target robot_bringup
[3.997s] Invoked command in '/home/johan/sllidar_ws/build/robot_bringup' returned '0': CMAKE_PREFIX_PATH=${CMAKE_PREFIX_PATH}:/home/johan/sllidar_ws/install/robot_template:/opt/ros/foxy /usr/bin/cmake --build /home/johan/sllidar_ws/build/robot_bringup -- -j16 -l16
[4.022s] Invoking command in '/home/johan/sllidar_ws/build/robot_bringup': CMAKE_PREFIX_PATH=${CMAKE_PREFIX_PATH}:/home/johan/sllidar_ws/install/robot_template:/opt/ros/foxy /usr/bin/cmake --install /home/johan/sllidar_ws/build/robot_bringup
[4.032s] -- Install configuration: ""
[4.032s] -- Installing: /home/johan/sllidar_ws/install/robot_bringup/lib/robot_bringup/robot_bringup
[4.034s] -- Set runtime path of "/home/johan/sllidar_ws/install/robot_bringup/lib/robot_bringup/robot_bringup" to ""
[4.034s] -- Up-to-date: /home/johan/sllidar_ws/install/robot_bringup/share/ament_index/resource_index/package_run_dependencies/robot_bringup
[4.034s] -- Up-to-date: /home/johan/sllidar_ws/install/robot_bringup/share/ament_index/resource_index/parent_prefix_path/robot_bringup
[4.034s] -- Up-to-date: /home/johan/sllidar_ws/install/robot_bringup/share/robot_bringup/environment/ament_prefix_path.sh
[4.034s] -- Up-to-date: /home/johan/sllidar_ws/install/robot_bringup/share/robot_bringup/environment/ament_prefix_path.dsv
[4.034s] -- Up-to-date: /home/johan/sllidar_ws/install/robot_bringup/share/robot_bringup/environment/path.sh
[4.034s] -- Up-to-date: /home/johan/sllidar_ws/install/robot_bringup/share/robot_bringup/environment/path.dsv
[4.034s] -- Up-to-date: /home/johan/sllidar_ws/install/robot_bringup/share/robot_bringup/local_setup.bash
[4.034s] -- Up-to-date: /home/johan/sllidar_ws/install/robot_bringup/share/robot_bringup/local_setup.sh
[4.035s] -- Up-to-date: /home/johan/sllidar_ws/install/robot_bringup/share/robot_bringup/local_setup.zsh
[4.035s] -- Up-to-date: /home/johan/sllidar_ws/install/robot_bringup/share/robot_bringup/local_setup.dsv
[4.036s] -- Installing: /home/johan/sllidar_ws/install/robot_bringup/share/robot_bringup/package.dsv
[4.036s] -- Up-to-date: /home/johan/sllidar_ws/install/robot_bringup/share/ament_index/resource_index/packages/robot_bringup
[4.036s] -- Up-to-date: /home/johan/sllidar_ws/install/robot_bringup/share/robot_bringup/cmake/robot_bringupConfig.cmake
[4.036s] -- Up-to-date: /home/johan/sllidar_ws/install/robot_bringup/share/robot_bringup/cmake/robot_bringupConfig-version.cmake
[4.036s] -- Up-to-date: /home/johan/sllidar_ws/install/robot_bringup/share/robot_bringup/package.xml
[4.037s] Invoked command in '/home/johan/sllidar_ws/build/robot_bringup' returned '0': CMAKE_PREFIX_PATH=${CMAKE_PREFIX_PATH}:/home/johan/sllidar_ws/install/robot_template:/opt/ros/foxy /usr/bin/cmake --install /home/johan/sllidar_ws/build/robot_bringup
