[0.415s] Invoking command in '/home/johan/sllidar_ws/build/robot_bringup': CMAKE_PREFIX_PATH=/opt/ros/foxy /usr/bin/cmake --build /home/johan/sllidar_ws/build/robot_bringup -- -j16 -l16
[0.639s] -- Found ament_cmake: 0.9.12 (/opt/ros/foxy/share/ament_cmake/cmake)
[0.639s] -- Using PYTHON_EXECUTABLE: /usr/bin/python3
[0.639s] -- Found rclcpp: 2.4.3 (/opt/ros/foxy/share/rclcpp/cmake)
[0.639s] -- Using all available rosidl_typesupport_c: rosidl_typesupport_fastrtps_c;rosidl_typesupport_introspection_c
[0.639s] -- Found rosidl_adapter: 1.3.1 (/opt/ros/foxy/share/rosidl_adapter/cmake)
[0.688s] -- Using all available rosidl_typesupport_cpp: rosidl_typesupport_fastrtps_cpp;rosidl_typesupport_introspection_cpp
[0.727s] -- Found rmw_implementation_cmake: 1.0.4 (/opt/ros/foxy/share/rmw_implementation_cmake/cmake)
[0.728s] -- Using RMW implementation 'rmw_fastrtps_cpp' as default
[0.822s] -- Found geometry_msgs: 2.0.5 (/opt/ros/foxy/share/geometry_msgs/cmake)
[0.844s] -- Found nav_msgs: 2.0.5 (/opt/ros/foxy/share/nav_msgs/cmake)
[0.893s] -- Found tf2: 0.13.14 (/opt/ros/foxy/share/tf2/cmake)
[0.898s] -- Found tf2_ros: 0.13.14 (/opt/ros/foxy/share/tf2_ros/cmake)
[1.114s] -- Found ament_lint_auto: 0.9.8 (/opt/ros/foxy/share/ament_lint_auto/cmake)
[1.157s] -- Added test 'copyright' to check source files copyright and LICENSE
[1.158s] -- Added test 'cppcheck' to perform static code analysis on C / C++ code
[1.158s] -- Configured cppcheck include dirs: $<BUILD_INTERFACE:/home/johan/sllidar_ws/src/robot_bringup/include>
[1.158s] -- Configured cppcheck exclude dirs and/or files: 
[1.159s] -- Added test 'cpplint' to check C / C++ code against the Google style
[1.159s] -- Configured cpplint exclude dirs and/or files: 
[1.160s] -- Added test 'lint_cmake' to check CMake code style
[1.160s] -- Added test 'uncrustify' to check C / C++ code style
[1.160s] -- Configured uncrustify additional arguments: 
[1.161s] -- Added test 'xmllint' to check XML markup files
[1.161s] -- Configuring done
[1.163s] CMake Error at CMakeLists.txt:37 (add_executable):
[1.163s]   Cannot find source file:
[1.165s] 
[1.165s]     src/robot_bringup.cpp
[1.166s] 
[1.166s]   Tried extensions .c .C .c++ .cc .cpp .cxx .cu .m .M .mm .h .hh .h++ .hm
[1.169s]   .hpp .hxx .in .txx
[1.169s] 
[1.169s] 
[1.170s] CMake Error at CMakeLists.txt:37 (add_executable):
[1.171s]   No SOURCES given to target: robot_bringup
[1.171s] 
[1.172s] 
[1.173s] CMake Generate step failed.  Build files cannot be regenerated correctly.
[1.175s] make: *** [Makefile:222：cmake_check_build_system] 错误 1
[1.299s] Invoked command in '/home/johan/sllidar_ws/build/robot_bringup' returned '2': CMAKE_PREFIX_PATH=/opt/ros/foxy /usr/bin/cmake --build /home/johan/sllidar_ws/build/robot_bringup -- -j16 -l16
