running egg_info
writing ../../build/robot_template/robot_template.egg-info/PKG-INFO
writing dependency_links to ../../build/robot_template/robot_template.egg-info/dependency_links.txt
writing entry points to ../../build/robot_template/robot_template.egg-info/entry_points.txt
writing requirements to ../../build/robot_template/robot_template.egg-info/requires.txt
writing top-level names to ../../build/robot_template/robot_template.egg-info/top_level.txt
reading manifest file '../../build/robot_template/robot_template.egg-info/SOURCES.txt'
writing manifest file '../../build/robot_template/robot_template.egg-info/SOURCES.txt'
running build
running build_py
running install
running install_lib
running install_data
creating /home/johan/sllidar_ws/install/robot_template/share/robot_template/launch
copying launch/display_rviz2.launch.py -> /home/johan/sllidar_ws/install/robot_template/share/robot_template/launch
creating /home/johan/sllidar_ws/install/robot_template/share/robot_template/urdf
copying urdf/robot.urdf -> /home/johan/sllidar_ws/install/robot_template/share/robot_template/urdf
running install_egg_info
removing '/home/johan/sllidar_ws/install/robot_template/lib/python3.8/site-packages/robot_template-0.0.0-py3.8.egg-info' (and everything under it)
Copying ../../build/robot_template/robot_template.egg-info to /home/johan/sllidar_ws/install/robot_template/lib/python3.8/site-packages/robot_template-0.0.0-py3.8.egg-info
running install_scripts
writing list of installed files to '/home/johan/sllidar_ws/build/robot_template/install.log'
