-- Found ament_cmake: 0.9.12 (/opt/ros/foxy/share/ament_cmake/cmake)
-- Using PYTHON_EXECUTABLE: /usr/bin/python3
-- Found rclcpp: 2.4.3 (/opt/ros/foxy/share/rclcpp/cmake)
-- Using all available rosidl_typesupport_c: rosidl_typesupport_fastrtps_c;rosidl_typesupport_introspection_c
-- Found rosidl_adapter: 1.3.1 (/opt/ros/foxy/share/rosidl_adapter/cmake)
-- Using all available rosidl_typesupport_cpp: rosidl_typesupport_fastrtps_cpp;rosidl_typesupport_introspection_cpp
-- Found rmw_implementation_cmake: 1.0.4 (/opt/ros/foxy/share/rmw_implementation_cmake/cmake)
-- Using RMW implementation 'rmw_fastrtps_cpp' as default
-- Found geometry_msgs: 2.0.5 (/opt/ros/foxy/share/geometry_msgs/cmake)
-- Found nav_msgs: 2.0.5 (/opt/ros/foxy/share/nav_msgs/cmake)
-- Found tf2: 0.13.14 (/opt/ros/foxy/share/tf2/cmake)
-- Found tf2_ros: 0.13.14 (/opt/ros/foxy/share/tf2_ros/cmake)
-- Found ament_lint_auto: 0.9.8 (/opt/ros/foxy/share/ament_lint_auto/cmake)
-- Added test 'cppcheck' to perform static code analysis on C / C++ code
-- Configured cppcheck include dirs: $<BUILD_INTERFACE:/home/johan/sllidar_ws/src/robot_bringup/include>
-- Configured cppcheck exclude dirs and/or files: 
-- Added test 'lint_cmake' to check CMake code style
-- Added test 'uncrustify' to check C / C++ code style
-- Configured uncrustify additional arguments: 
-- Added test 'xmllint' to check XML markup files
-- Configuring done
-- Generating done
-- Build files have been written to: /home/johan/sllidar_ws/build/robot_bringup
[35m[1mScanning dependencies of target robot_bringup[0m
[ 50%] [32mBuilding CXX object CMakeFiles/robot_bringup.dir/src/robot_bringup.cpp.o[0m
[100%] [32m[1mLinking CXX executable robot_bringup[0m
[100%] Built target robot_bringup
-- Install configuration: ""
-- Installing: /home/johan/sllidar_ws/install/robot_bringup/lib/robot_bringup/robot_bringup
-- Set runtime path of "/home/johan/sllidar_ws/install/robot_bringup/lib/robot_bringup/robot_bringup" to ""
-- Up-to-date: /home/johan/sllidar_ws/install/robot_bringup/share/ament_index/resource_index/package_run_dependencies/robot_bringup
-- Up-to-date: /home/johan/sllidar_ws/install/robot_bringup/share/ament_index/resource_index/parent_prefix_path/robot_bringup
-- Up-to-date: /home/johan/sllidar_ws/install/robot_bringup/share/robot_bringup/environment/ament_prefix_path.sh
-- Installing: /home/johan/sllidar_ws/install/robot_bringup/share/robot_bringup/environment/ament_prefix_path.dsv
-- Up-to-date: /home/johan/sllidar_ws/install/robot_bringup/share/robot_bringup/environment/path.sh
-- Installing: /home/johan/sllidar_ws/install/robot_bringup/share/robot_bringup/environment/path.dsv
-- Up-to-date: /home/johan/sllidar_ws/install/robot_bringup/share/robot_bringup/local_setup.bash
-- Up-to-date: /home/johan/sllidar_ws/install/robot_bringup/share/robot_bringup/local_setup.sh
-- Up-to-date: /home/johan/sllidar_ws/install/robot_bringup/share/robot_bringup/local_setup.zsh
-- Installing: /home/johan/sllidar_ws/install/robot_bringup/share/robot_bringup/local_setup.dsv
-- Installing: /home/johan/sllidar_ws/install/robot_bringup/share/robot_bringup/package.dsv
-- Up-to-date: /home/johan/sllidar_ws/install/robot_bringup/share/ament_index/resource_index/packages/robot_bringup
-- Up-to-date: /home/johan/sllidar_ws/install/robot_bringup/share/robot_bringup/cmake/robot_bringupConfig.cmake
-- Up-to-date: /home/johan/sllidar_ws/install/robot_bringup/share/robot_bringup/cmake/robot_bringupConfig-version.cmake
-- Installing: /home/johan/sllidar_ws/install/robot_bringup/share/robot_bringup/package.xml
