[0.432s] Invoking command in '/home/johan/sllidar_ws/build/robot_bringup': CMAKE_PREFIX_PATH=/opt/ros/foxy /usr/bin/cmake --build /home/johan/sllidar_ws/build/robot_bringup -- -j16 -l16
[0.653s] -- Found ament_cmake: 0.9.12 (/opt/ros/foxy/share/ament_cmake/cmake)
[0.653s] -- Using PYTHON_EXECUTABLE: /usr/bin/python3
[0.653s] -- Found rclcpp: 2.4.3 (/opt/ros/foxy/share/rclcpp/cmake)
[0.653s] -- Using all available rosidl_typesupport_c: rosidl_typesupport_fastrtps_c;rosidl_typesupport_introspection_c
[0.653s] -- Found rosidl_adapter: 1.3.1 (/opt/ros/foxy/share/rosidl_adapter/cmake)
[0.699s] -- Using all available rosidl_typesupport_cpp: rosidl_typesupport_fastrtps_cpp;rosidl_typesupport_introspection_cpp
[0.746s] -- Found rmw_implementation_cmake: 1.0.4 (/opt/ros/foxy/share/rmw_implementation_cmake/cmake)
[0.746s] -- Using RMW implementation 'rmw_fastrtps_cpp' as default
[0.842s] -- Found geometry_msgs: 2.0.5 (/opt/ros/foxy/share/geometry_msgs/cmake)
[0.866s] -- Found nav_msgs: 2.0.5 (/opt/ros/foxy/share/nav_msgs/cmake)
[0.913s] -- Found tf2: 0.13.14 (/opt/ros/foxy/share/tf2/cmake)
[0.919s] -- Found tf2_ros: 0.13.14 (/opt/ros/foxy/share/tf2_ros/cmake)
[1.137s] -- Found ament_lint_auto: 0.9.8 (/opt/ros/foxy/share/ament_lint_auto/cmake)
[1.180s] -- Added test 'cppcheck' to perform static code analysis on C / C++ code
[1.181s] -- Configured cppcheck include dirs: $<BUILD_INTERFACE:/home/johan/sllidar_ws/src/robot_bringup/include>
[1.181s] -- Configured cppcheck exclude dirs and/or files: 
[1.181s] -- Added test 'lint_cmake' to check CMake code style
[1.182s] -- Added test 'uncrustify' to check C / C++ code style
[1.183s] -- Configured uncrustify additional arguments: 
[1.183s] -- Added test 'xmllint' to check XML markup files
[1.184s] -- Configuring done
[1.187s] -- Generating done
[1.188s] -- Build files have been written to: /home/johan/sllidar_ws/build/robot_bringup
[1.205s] [35m[1mScanning dependencies of target robot_bringup[0m
[1.233s] [ 50%] [32mBuilding CXX object CMakeFiles/robot_bringup.dir/src/robot_bringup.cpp.o[0m
[4.502s] [100%] [32m[1mLinking CXX executable robot_bringup[0m
[4.668s] [100%] Built target robot_bringup
[4.679s] Invoked command in '/home/johan/sllidar_ws/build/robot_bringup' returned '0': CMAKE_PREFIX_PATH=/opt/ros/foxy /usr/bin/cmake --build /home/johan/sllidar_ws/build/robot_bringup -- -j16 -l16
[4.697s] Invoking command in '/home/johan/sllidar_ws/build/robot_bringup': CMAKE_PREFIX_PATH=/opt/ros/foxy /usr/bin/cmake --install /home/johan/sllidar_ws/build/robot_bringup
[4.703s] -- Install configuration: ""
[4.703s] -- Installing: /home/johan/sllidar_ws/install/robot_bringup/lib/robot_bringup/robot_bringup
[4.704s] -- Set runtime path of "/home/johan/sllidar_ws/install/robot_bringup/lib/robot_bringup/robot_bringup" to ""
[4.704s] -- Up-to-date: /home/johan/sllidar_ws/install/robot_bringup/share/ament_index/resource_index/package_run_dependencies/robot_bringup
[4.704s] -- Up-to-date: /home/johan/sllidar_ws/install/robot_bringup/share/ament_index/resource_index/parent_prefix_path/robot_bringup
[4.704s] -- Up-to-date: /home/johan/sllidar_ws/install/robot_bringup/share/robot_bringup/environment/ament_prefix_path.sh
[4.704s] -- Installing: /home/johan/sllidar_ws/install/robot_bringup/share/robot_bringup/environment/ament_prefix_path.dsv
[4.704s] -- Up-to-date: /home/johan/sllidar_ws/install/robot_bringup/share/robot_bringup/environment/path.sh
[4.704s] -- Installing: /home/johan/sllidar_ws/install/robot_bringup/share/robot_bringup/environment/path.dsv
[4.704s] -- Up-to-date: /home/johan/sllidar_ws/install/robot_bringup/share/robot_bringup/local_setup.bash
[4.704s] -- Up-to-date: /home/johan/sllidar_ws/install/robot_bringup/share/robot_bringup/local_setup.sh
[4.704s] -- Up-to-date: /home/johan/sllidar_ws/install/robot_bringup/share/robot_bringup/local_setup.zsh
[4.705s] -- Installing: /home/johan/sllidar_ws/install/robot_bringup/share/robot_bringup/local_setup.dsv
[4.705s] -- Installing: /home/johan/sllidar_ws/install/robot_bringup/share/robot_bringup/package.dsv
[4.705s] -- Up-to-date: /home/johan/sllidar_ws/install/robot_bringup/share/ament_index/resource_index/packages/robot_bringup
[4.705s] -- Up-to-date: /home/johan/sllidar_ws/install/robot_bringup/share/robot_bringup/cmake/robot_bringupConfig.cmake
[4.705s] -- Up-to-date: /home/johan/sllidar_ws/install/robot_bringup/share/robot_bringup/cmake/robot_bringupConfig-version.cmake
[4.705s] -- Installing: /home/johan/sllidar_ws/install/robot_bringup/share/robot_bringup/package.xml
[4.706s] Invoked command in '/home/johan/sllidar_ws/build/robot_bringup' returned '0': CMAKE_PREFIX_PATH=/opt/ros/foxy /usr/bin/cmake --install /home/johan/sllidar_ws/build/robot_bringup
