[0.410s] Invoking command in '/home/johan/sllidar_ws/build/robot_bringup': CMAKE_PREFIX_PATH=/opt/ros/foxy /usr/bin/cmake /home/johan/sllidar_ws/src/robot_bringup -DCMAKE_INSTALL_PREFIX=/home/johan/sllidar_ws/install/robot_bringup
[0.672s] -- The C compiler identification is GNU 9.4.0
[0.673s] -- The CXX compiler identification is GNU 9.4.0
[0.674s] -- Check for working C compiler: /usr/bin/cc
[0.674s] -- Check for working C compiler: /usr/bin/cc -- works
[0.674s] -- Detecting C compiler ABI info
[0.674s] -- Detecting C compiler ABI info - done
[0.675s] -- Detecting C compile features
[0.675s] -- Detecting C compile features - done
[0.675s] -- Check for working CXX compiler: /usr/bin/c++
[0.675s] -- Check for working CXX compiler: /usr/bin/c++ -- works
[0.675s] -- Detecting CXX compiler ABI info
[0.726s] -- Detecting CXX compiler ABI info - done
[0.738s] -- Detecting CXX compile features
[0.738s] -- Detecting CXX compile features - done
[0.742s] -- Found ament_cmake: 0.9.12 (/opt/ros/foxy/share/ament_cmake/cmake)
[0.765s] -- Found PythonInterp: /usr/bin/python3 (found suitable version "3.8.10", minimum required is "3") 
[0.766s] -- Using PYTHON_EXECUTABLE: /usr/bin/python3
[0.887s] -- Found rclcpp: 2.4.3 (/opt/ros/foxy/share/rclcpp/cmake)
[0.945s] -- Using all available rosidl_typesupport_c: rosidl_typesupport_fastrtps_c;rosidl_typesupport_introspection_c
[0.953s] -- Found rosidl_adapter: 1.3.1 (/opt/ros/foxy/share/rosidl_adapter/cmake)
[1.016s] -- Found OpenSSL: /usr/lib/x86_64-linux-gnu/libcrypto.so (found version "1.1.1f")  
[1.037s] -- Found FastRTPS: /opt/ros/foxy/include  
[1.091s] -- Using all available rosidl_typesupport_cpp: rosidl_typesupport_fastrtps_cpp;rosidl_typesupport_introspection_cpp
[1.129s] -- Found rmw_implementation_cmake: 1.0.4 (/opt/ros/foxy/share/rmw_implementation_cmake/cmake)
[1.129s] -- Using RMW implementation 'rmw_fastrtps_cpp' as default
[1.130s] -- Looking for pthread.h
[1.186s] -- Looking for pthread.h - found
[1.186s] -- Performing Test CMAKE_HAVE_LIBC_PTHREAD
[1.237s] -- Performing Test CMAKE_HAVE_LIBC_PTHREAD - Failed
[1.238s] -- Looking for pthread_create in pthreads
[1.280s] -- Looking for pthread_create in pthreads - not found
[1.280s] -- Looking for pthread_create in pthread
[1.330s] -- Looking for pthread_create in pthread - found
[1.331s] -- Found Threads: TRUE  
[1.483s] -- Found geometry_msgs: 2.0.5 (/opt/ros/foxy/share/geometry_msgs/cmake)
[1.506s] -- Found nav_msgs: 2.0.5 (/opt/ros/foxy/share/nav_msgs/cmake)
[1.555s] -- Found tf2: 0.13.14 (/opt/ros/foxy/share/tf2/cmake)
[1.563s] -- Found tf2_ros: 0.13.14 (/opt/ros/foxy/share/tf2_ros/cmake)
[1.788s] -- Found ament_lint_auto: 0.9.8 (/opt/ros/foxy/share/ament_lint_auto/cmake)
[1.838s] -- Added test 'copyright' to check source files copyright and LICENSE
[1.839s] -- Added test 'cppcheck' to perform static code analysis on C / C++ code
[1.839s] -- Configured cppcheck include dirs: 
[1.839s] -- Configured cppcheck exclude dirs and/or files: 
[1.839s] -- Added test 'cpplint' to check C / C++ code against the Google style
[1.839s] -- Configured cpplint exclude dirs and/or files: 
[1.840s] -- Added test 'lint_cmake' to check CMake code style
[1.840s] -- Added test 'uncrustify' to check C / C++ code style
[1.840s] -- Configured uncrustify additional arguments: 
[1.840s] -- Added test 'xmllint' to check XML markup files
[1.842s] -- Configuring done
[1.844s] -- Generating done
[1.845s] -- Build files have been written to: /home/johan/sllidar_ws/build/robot_bringup
[1.851s] Invoked command in '/home/johan/sllidar_ws/build/robot_bringup' returned '0': CMAKE_PREFIX_PATH=/opt/ros/foxy /usr/bin/cmake /home/johan/sllidar_ws/src/robot_bringup -DCMAKE_INSTALL_PREFIX=/home/johan/sllidar_ws/install/robot_bringup
[1.854s] Invoking command in '/home/johan/sllidar_ws/build/robot_bringup': CMAKE_PREFIX_PATH=/opt/ros/foxy /usr/bin/cmake --build /home/johan/sllidar_ws/build/robot_bringup -- -j16 -l16
[1.890s] Invoked command in '/home/johan/sllidar_ws/build/robot_bringup' returned '0': CMAKE_PREFIX_PATH=/opt/ros/foxy /usr/bin/cmake --build /home/johan/sllidar_ws/build/robot_bringup -- -j16 -l16
[1.909s] Invoking command in '/home/johan/sllidar_ws/build/robot_bringup': CMAKE_PREFIX_PATH=/opt/ros/foxy /usr/bin/cmake --install /home/johan/sllidar_ws/build/robot_bringup
[1.915s] -- Install configuration: ""
[1.915s] -- Installing: /home/johan/sllidar_ws/install/robot_bringup/share/ament_index/resource_index/package_run_dependencies/robot_bringup
[1.915s] -- Installing: /home/johan/sllidar_ws/install/robot_bringup/share/ament_index/resource_index/parent_prefix_path/robot_bringup
[1.916s] -- Installing: /home/johan/sllidar_ws/install/robot_bringup/share/robot_bringup/environment/ament_prefix_path.sh
[1.916s] -- Installing: /home/johan/sllidar_ws/install/robot_bringup/share/robot_bringup/environment/ament_prefix_path.dsv
[1.916s] -- Installing: /home/johan/sllidar_ws/install/robot_bringup/share/robot_bringup/environment/path.sh
[1.916s] -- Installing: /home/johan/sllidar_ws/install/robot_bringup/share/robot_bringup/environment/path.dsv
[1.916s] -- Installing: /home/johan/sllidar_ws/install/robot_bringup/share/robot_bringup/local_setup.bash
[1.916s] -- Installing: /home/johan/sllidar_ws/install/robot_bringup/share/robot_bringup/local_setup.sh
[1.916s] -- Installing: /home/johan/sllidar_ws/install/robot_bringup/share/robot_bringup/local_setup.zsh
[1.916s] -- Installing: /home/johan/sllidar_ws/install/robot_bringup/share/robot_bringup/local_setup.dsv
[1.916s] -- Installing: /home/johan/sllidar_ws/install/robot_bringup/share/robot_bringup/package.dsv
[1.916s] -- Installing: /home/johan/sllidar_ws/install/robot_bringup/share/ament_index/resource_index/packages/robot_bringup
[1.917s] -- Installing: /home/johan/sllidar_ws/install/robot_bringup/share/robot_bringup/cmake/robot_bringupConfig.cmake
[1.917s] -- Installing: /home/johan/sllidar_ws/install/robot_bringup/share/robot_bringup/cmake/robot_bringupConfig-version.cmake
[1.917s] -- Installing: /home/johan/sllidar_ws/install/robot_bringup/share/robot_bringup/package.xml
[1.918s] Invoked command in '/home/johan/sllidar_ws/build/robot_bringup' returned '0': CMAKE_PREFIX_PATH=/opt/ros/foxy /usr/bin/cmake --install /home/johan/sllidar_ws/build/robot_bringup
