-- The C compiler identification is GNU 9.4.0
-- The CXX compiler identification is GNU 9.4.0
-- Check for working C compiler: /usr/bin/cc
-- Check for working C compiler: /usr/bin/cc -- works
-- Detecting C compiler ABI info
-- Detecting C compiler ABI info - done
-- Detecting C compile features
-- Detecting C compile features - done
-- Check for working CXX compiler: /usr/bin/c++
-- Check for working CXX compiler: /usr/bin/c++ -- works
-- Detecting CXX compiler ABI info
-- Detecting CXX compiler ABI info - done
-- Detecting CXX compile features
-- Detecting CXX compile features - done
-- Build type: Release
文件 /home/johan/sllidar_ws/build/cartographer/AllFiles.cmake 和 - 不同
-- Looking for pthread.h
-- Looking for pthread.h - found
-- Performing Test CMAKE_HAVE_LIBC_PTHREAD
-- Performing Test CMAKE_HAVE_LIBC_PTHREAD - Failed
-- Looking for pthread_create in pthreads
-- Looking for pthread_create in pthreads - not found
-- Looking for pthread_create in pthread
-- Looking for pthread_create in pthread - found
-- Found Threads: TRUE  
-- Found GMock: /usr/lib/x86_64-linux-gnu/libgmock_main.a;/usr/lib/x86_64-linux-gnu/libgmock.a;/usr/lib/x86_64-linux-gnu/libgtest.a;-lpthread  
-- Configuring incomplete, errors occurred!
See also "/home/johan/sllidar_ws/build/cartographer/CMakeFiles/CMakeOutput.log".
See also "/home/johan/sllidar_ws/build/cartographer/CMakeFiles/CMakeError.log".
